

================================================================
== Vitis HLS Report for 'AXIvideo2MultiPixStream_Pipeline_loop_width'
================================================================
* Date:           Wed Sep 10 15:21:45 2025

* Version:        2024.1 (Build 5069499 on May 21 2024)
* Project:        prj
* Solution:       sol (Vivado IP Flow Target)
* Product family: zynq
* Target device:  xc7z020-clg484-1


================================================================
== Performance Estimates
================================================================
+ Timing: 
    * Summary: 
    +--------+---------+----------+------------+
    |  Clock |  Target | Estimated| Uncertainty|
    +--------+---------+----------+------------+
    |ap_clk  |  6.73 ns|  5.302 ns|     1.82 ns|
    +--------+---------+----------+------------+

+ Latency: 
    * Summary: 
    +---------+---------+----------+-----------+-----+------+-----------------------------------------------+
    |  Latency (cycles) |  Latency (absolute)  |  Interval  |                    Pipeline                   |
    |   min   |   max   |    min   |    max    | min |  max |                      Type                     |
    +---------+---------+----------+-----------+-----+------+-----------------------------------------------+
    |       66|     1922|  0.444 us|  12.943 us|   65|  1921|  loop auto-rewind stp(delay=0 clock cycles(s))|
    +---------+---------+----------+-----------+-----+------+-----------------------------------------------+

    + Detail: 
        * Instance: 
        N/A

        * Loop: 
        +--------------+---------+---------+----------+-----------+-----------+-----------+----------+
        |              |  Latency (cycles) | Iteration|  Initiation Interval  |    Trip   |          |
        |   Loop Name  |   min   |   max   |  Latency |  achieved |   target  |   Count   | Pipelined|
        +--------------+---------+---------+----------+-----------+-----------+-----------+----------+
        |- loop_width  |       64|     1920|         2|          1|          1|  64 ~ 1920|       yes|
        +--------------+---------+---------+----------+-----------+-----------+-----------+----------+



================================================================
== Utilization Estimates
================================================================
* Summary: 
+-----------------+---------+-----+--------+-------+-----+
|       Name      | BRAM_18K| DSP |   FF   |  LUT  | URAM|
+-----------------+---------+-----+--------+-------+-----+
|DSP              |        -|    -|       -|      -|    -|
|Expression       |        -|    -|       0|     66|    -|
|FIFO             |        -|    -|       -|      -|    -|
|Instance         |        -|    -|       -|      -|    -|
|Memory           |        -|    -|       -|      -|    -|
|Multiplexer      |        -|    -|       0|    104|    -|
|Register         |        -|    -|      41|      -|    -|
+-----------------+---------+-----+--------+-------+-----+
|Total            |        0|    0|      41|    170|    0|
+-----------------+---------+-----+--------+-------+-----+
|Available        |      280|  220|  106400|  53200|    0|
+-----------------+---------+-----+--------+-------+-----+
|Utilization (%)  |        0|    0|      ~0|     ~0|    0|
+-----------------+---------+-----+--------+-------+-----+

+ Detail: 
    * Instance: 
    N/A

    * DSP: 
    N/A

    * Memory: 
    N/A

    * FIFO: 
    N/A

    * Expression: 
    +----------------------------------+----------+----+---+----+------------+------------+
    |           Variable Name          | Operation| DSP| FF| LUT| Bitwidth P0| Bitwidth P1|
    +----------------------------------+----------+----+---+----+------------+------------+
    |j_4_fu_223_p2                     |         +|   0|  0|  12|          11|           1|
    |ap_block_state1_pp0_stage0_iter0  |       and|   0|  0|   2|           1|           1|
    |ap_block_state2_pp0_stage0_iter1  |       and|   0|  0|   2|           1|           1|
    |ap_condition_275                  |       and|   0|  0|   2|           1|           1|
    |ap_condition_278                  |       and|   0|  0|   2|           1|           1|
    |ap_condition_283                  |       and|   0|  0|   2|           1|           1|
    |ap_predicate_op37_read_state1     |       and|   0|  0|   2|           1|           1|
    |icmp_ln545_fu_217_p2              |      icmp|   0|  0|  12|          11|          11|
    |ap_block_pp0_stage0_01001         |        or|   0|  0|   2|           1|           1|
    |or_ln549_fu_229_p2                |        or|   0|  0|   2|           1|           1|
    |select_ln574_1_fu_295_p3          |    select|   0|  0|   8|           1|           8|
    |select_ln574_2_fu_302_p3          |    select|   0|  0|   8|           1|           8|
    |select_ln574_fu_278_p3            |    select|   0|  0|   8|           1|           8|
    |ap_enable_pp0                     |       xor|   0|  0|   2|           1|           2|
    +----------------------------------+----------+----+---+----+------------+------------+
    |Total                             |          |   0|  0|  66|          34|          46|
    +----------------------------------+----------+----+---+----+------------+------------+

    * Multiplexer: 
    +------------------------------+----+-----------+-----+-----------+
    |             Name             | LUT| Input Size| Bits| Total Bits|
    +------------------------------+----+-----------+-----+-----------+
    |ap_done_int                   |   9|          2|    1|          2|
    |ap_enable_reg_pp0_iter1       |   9|          2|    1|          2|
    |ap_phi_mux_eol_phi_fu_180_p4  |  14|          3|    1|          3|
    |ap_phi_mux_sof_phi_fu_191_p4  |   9|          2|    1|          2|
    |ap_sig_allocacmp_j_3          |   9|          2|   11|         22|
    |axi_data_fu_100               |   9|          2|   24|         48|
    |axi_last_fu_104               |   9|          2|    1|          2|
    |eol_reg_177                   |   9|          2|    1|          2|
    |j_fu_96                       |   9|          2|   11|         22|
    |s_axis_video_TDATA_blk_n      |   9|          2|    1|          2|
    |stream_in_blk_n               |   9|          2|    1|          2|
    +------------------------------+----+-----------+-----+-----------+
    |Total                         | 104|         23|   54|        109|
    +------------------------------+----+-----------+-----+-----------+

    * Register: 
    +-------------------------+----+----+-----+-----------+
    |           Name          | FF | LUT| Bits| Const Bits|
    +-------------------------+----+----+-----+-----------+
    |ap_CS_fsm                |   1|   0|    1|          0|
    |ap_done_reg              |   1|   0|    1|          0|
    |ap_enable_reg_pp0_iter1  |   1|   0|    1|          0|
    |axi_data_fu_100          |  24|   0|   24|          0|
    |axi_last_fu_104          |   1|   0|    1|          0|
    |eol_reg_177              |   1|   0|    1|          0|
    |icmp_ln545_reg_353       |   1|   0|    1|          0|
    |j_fu_96                  |  11|   0|   11|          0|
    +-------------------------+----+----+-----+-----------+
    |Total                    |  41|   0|   41|          0|
    +-------------------------+----+----+-----+-----------+



================================================================
== Interface
================================================================
* Summary: 
+--------------------------+-----+-----+------------+---------------------------------------------+--------------+
|         RTL Ports        | Dir | Bits|  Protocol  |                Source Object                |    C Type    |
+--------------------------+-----+-----+------------+---------------------------------------------+--------------+
|ap_clk                    |   in|    1|  ap_ctrl_hs|  AXIvideo2MultiPixStream_Pipeline_loop_width|  return value|
|ap_rst                    |   in|    1|  ap_ctrl_hs|  AXIvideo2MultiPixStream_Pipeline_loop_width|  return value|
|ap_start                  |   in|    1|  ap_ctrl_hs|  AXIvideo2MultiPixStream_Pipeline_loop_width|  return value|
|ap_done                   |  out|    1|  ap_ctrl_hs|  AXIvideo2MultiPixStream_Pipeline_loop_width|  return value|
|ap_idle                   |  out|    1|  ap_ctrl_hs|  AXIvideo2MultiPixStream_Pipeline_loop_width|  return value|
|ap_ready                  |  out|    1|  ap_ctrl_hs|  AXIvideo2MultiPixStream_Pipeline_loop_width|  return value|
|s_axis_video_TVALID       |   in|    1|        axis|                        s_axis_video_V_data_V|       pointer|
|s_axis_video_TDATA        |   in|   24|        axis|                        s_axis_video_V_data_V|       pointer|
|stream_in_din             |  out|   24|     ap_fifo|                                    stream_in|       pointer|
|stream_in_num_data_valid  |   in|    5|     ap_fifo|                                    stream_in|       pointer|
|stream_in_fifo_cap        |   in|    5|     ap_fifo|                                    stream_in|       pointer|
|stream_in_full_n          |   in|    1|     ap_fifo|                                    stream_in|       pointer|
|stream_in_write           |  out|    1|     ap_fifo|                                    stream_in|       pointer|
|sof_4                     |   in|    1|     ap_none|                                        sof_4|        scalar|
|axi_last_2                |   in|    1|     ap_none|                                   axi_last_2|        scalar|
|axi_data_13               |   in|   24|     ap_none|                                  axi_data_13|        scalar|
|cols                      |   in|   11|     ap_none|                                         cols|        scalar|
|cond                      |   in|    1|     ap_none|                                         cond|        scalar|
|s_axis_video_TREADY       |  out|    1|        axis|                        s_axis_video_V_dest_V|       pointer|
|s_axis_video_TDEST        |   in|    1|        axis|                        s_axis_video_V_dest_V|       pointer|
|s_axis_video_TKEEP        |   in|    3|        axis|                        s_axis_video_V_keep_V|       pointer|
|s_axis_video_TSTRB        |   in|    3|        axis|                        s_axis_video_V_strb_V|       pointer|
|s_axis_video_TUSER        |   in|    1|        axis|                        s_axis_video_V_user_V|       pointer|
|s_axis_video_TLAST        |   in|    1|        axis|                        s_axis_video_V_last_V|       pointer|
|s_axis_video_TID          |   in|    1|        axis|                          s_axis_video_V_id_V|       pointer|
|eol_out                   |  out|    1|      ap_vld|                                      eol_out|       pointer|
|eol_out_ap_vld            |  out|    1|      ap_vld|                                      eol_out|       pointer|
|axi_data_14_out           |  out|   24|      ap_vld|                              axi_data_14_out|       pointer|
|axi_data_14_out_ap_vld    |  out|    1|      ap_vld|                              axi_data_14_out|       pointer|
+--------------------------+-----+-----+------------+---------------------------------------------+--------------+

