================================================================
== Design Size Report
================================================================

* Total Instructions per Compilation Phase
+---------------+-----------------------------+--------------+----------------------------------------------------------------------------------------+
| Phase         | Step                        | Instructions | Description                                                                            |
+---------------+-----------------------------+--------------+----------------------------------------------------------------------------------------+
| Compile/Link  |                             | 1,985        | After all functions are compiled and linked into a single design                       |
|               |                             |              |                                                                                        |
| Unroll/Inline |                             |              | After user unroll and inline pragmas are applied                                       |
|               | (1) unroll                  |   876        | user unroll pragmas are applied                                                        |
|               | (2) simplification          |   631        | simplification of applied user unroll pragmas                                          |
|               | (3) inline                  |   644        | user inline pragmas are applied                                                        |
|               | (4) simplification          |   643        | simplification of applied user inline pragmas                                          |
|               |                             |              |                                                                                        |
| Array/Struct  |                             |              | After user array partition and struct aggregate/disaggregate pragmas are applied       |
|               | (1) array partition         |   499        | user array partition pragmas are applied                                               |
|               | (2) simplification          |   499        | simplification of applied user array partition & struct aggregate/disaggregate pragmas |
|               | (3) aggregate/disaggregate  |   505        | user struct aggregate/disaggregate pragmas are applied                                 |
|               | (4) array reshape           |   579        | apply array reshape pragmas                                                            |
|               | (5) access patterns         |   635        | array access pattern optmizations                                                      |
|               |                             |              |                                                                                        |
| Performance   |                             |              | After transformations are applied to meet performance pragma targets                   |
|               | (1) loop simplification     |   649        | loop and instruction simplification                                                    |
|               | (2) parallelization         |   628        | loops are unrolled or pipelined to meet performance targets                            |
|               | (3) array partition         |   550        | arrays are partitioned to meet performance targets                                     |
|               | (4) simplification          |   550        | simplification of design after performance transformations                             |
|               |                             |              |                                                                                        |
| HW Transforms |                             |              | After hardware transfomations                                                          |
|               | (1) lowering                |   519        | initial conversion to HW specific instructions                                         |
|               | (2) optimizations           |   531        | high level synthesis optimizations                                                     |
+---------------+-----------------------------+--------------+----------------------------------------------------------------------------------------+

* Instructions per Function for each Compilation Phase
+--------------------------------------+----------------------+----------------+---------------+---------------+---------------+---------------+
| Function                             | Location             | Compile/Link   | Unroll/Inline | Array/Struct  | Performance   | HW Transforms |
+--------------------------------------+----------------------+----------------+---------------+---------------+---------------+---------------+
| + v_csc                              | v_csc.cpp:220        | 1,985          | 643           | 635           | 550           | 531           |
|  + AXIvideo2MultiPixStream           | v_csc.cpp:512        |  621           | 213           | 211           | 147           | 129           |
|     Scalar                           | hls_video_core.h:196 |    5           |               |               |               |               |
|     reg<unsigned short>              | x_hls_utils.h:222    |    2 (2 calls) |   2 (2 calls) |   2 (2 calls) |   2 (2 calls) |   8 (2 calls) |
|   + AXIGetBitFields<24, ap_uint<...  | hls_axi_io.h:83      |  222 (3 calls) |               |               |               |               |
|      AXIGetBitFields<24, ap_uint<... | hls_axi_io.h:60      |  204 (3 calls) |               |               |               |               |
|  + v_csc_core                        | v_csc.cpp:91         |  326           | 133           | 143           | 141           | 130           |
|     Scalar                           | hls_video_core.h:196 |   10 (2 calls) |               |               |               |               |
|  + MultiPixStream2AXIvideo           | v_csc.cpp:611        |  743           | 111           | 149           | 130           | 105           |
|     Scalar                           | hls_video_core.h:196 |    5           |               |               |               |               |
|     reg<unsigned short>              | x_hls_utils.h:222    |    2 (2 calls) |   2 (2 calls) |   2 (2 calls) |   2 (2 calls) |   8 (2 calls) |
+--------------------------------------+----------------------+----------------+---------------+---------------+---------------+---------------+

* Design Size Message Settings
+---------------------------------------------+--------+------------------------------------------------------------------+
| Message Setting                             | Value  | Description                                                      |
+---------------------------------------------+--------+------------------------------------------------------------------+
| config_compile -design_size_maximum_warning | 100000 | Show a warning when total design instructions exceeds this value |
+---------------------------------------------+--------+------------------------------------------------------------------+


