

================================================================
== Vitis HLS Report for 'MultiPixStream2AXIvideo_Pipeline_VITIS_LOOP_664_2'
================================================================
* Date:           Wed Sep 10 15:21:47 2025

* Version:        2024.1 (Build 5069499 on May 21 2024)
* Project:        prj
* Solution:       sol (Vivado IP Flow Target)
* Product family: zynq
* Target device:  xc7z020-clg484-1


================================================================
== Performance Estimates
================================================================
+ Timing: 
    * Summary: 
    +--------+---------+----------+------------+
    |  Clock |  Target | Estimated| Uncertainty|
    +--------+---------+----------+------------+
    |ap_clk  |  6.73 ns|  4.815 ns|     1.82 ns|
    +--------+---------+----------+------------+

+ Latency: 
    * Summary: 
    +---------+---------+----------+-----------+-----+------+-----------------------------------------------+
    |  Latency (cycles) |  Latency (absolute)  |  Interval  |                    Pipeline                   |
    |   min   |   max   |    min   |    max    | min |  max |                      Type                     |
    +---------+---------+----------+-----------+-----+------+-----------------------------------------------+
    |       68|     1924|  0.458 us|  12.956 us|   65|  1921|  loop auto-rewind stp(delay=0 clock cycles(s))|
    +---------+---------+----------+-----------+-----+------+-----------------------------------------------+

    + Detail: 
        * Instance: 
        N/A

        * Loop: 
        +--------------------+---------+---------+----------+-----------+-----------+-----------+----------+
        |                    |  Latency (cycles) | Iteration|  Initiation Interval  |    Trip   |          |
        |      Loop Name     |   min   |   max   |  Latency |  achieved |   target  |   Count   | Pipelined|
        +--------------------+---------+---------+----------+-----------+-----------+-----------+----------+
        |- VITIS_LOOP_664_2  |       66|     1922|         3|          1|          1|  64 ~ 1920|       yes|
        +--------------------+---------+---------+----------+-----------+-----------+-----------+----------+



================================================================
== Utilization Estimates
================================================================
* Summary: 
+-----------------+---------+-----+--------+-------+-----+
|       Name      | BRAM_18K| DSP |   FF   |  LUT  | URAM|
+-----------------+---------+-----+--------+-------+-----+
|DSP              |        -|    -|       -|      -|    -|
|Expression       |        -|    -|       0|     50|    -|
|FIFO             |        -|    -|       -|      -|    -|
|Instance         |        -|    -|       -|      -|    -|
|Memory           |        -|    -|       -|      -|    -|
|Multiplexer      |        -|    -|       0|    123|    -|
|Register         |        -|    -|      64|      -|    -|
+-----------------+---------+-----+--------+-------+-----+
|Total            |        0|    0|      64|    173|    0|
+-----------------+---------+-----+--------+-------+-----+
|Available        |      280|  220|  106400|  53200|    0|
+-----------------+---------+-----+--------+-------+-----+
|Utilization (%)  |        0|    0|      ~0|     ~0|    0|
+-----------------+---------+-----+--------+-------+-----+

+ Detail: 
    * Instance: 
    N/A

    * DSP: 
    N/A

    * Memory: 
    N/A

    * FIFO: 
    N/A

    * Expression: 
    +----------------------------------+----------+----+---+----+------------+------------+
    |           Variable Name          | Operation| DSP| FF| LUT| Bitwidth P0| Bitwidth P1|
    +----------------------------------+----------+----+---+----+------------+------------+
    |j_2_fu_223_p2                     |         +|   0|  0|  12|          11|           1|
    |ap_block_state2_pp0_stage0_iter1  |       and|   0|  0|   2|           1|           1|
    |ap_block_state3_io                |       and|   0|  0|   2|           1|           1|
    |ap_condition_148                  |       and|   0|  0|   2|           1|           1|
    |ap_condition_156                  |       and|   0|  0|   2|           1|           1|
    |axi_last_fu_229_p2                |      icmp|   0|  0|  12|          11|          11|
    |icmp_ln664_fu_217_p2              |      icmp|   0|  0|  12|          11|          11|
    |ap_block_pp0_stage0_01001         |        or|   0|  0|   2|           1|           1|
    |ap_block_pp0_stage0_11001         |        or|   0|  0|   2|           1|           1|
    |ap_enable_pp0                     |       xor|   0|  0|   2|           1|           2|
    +----------------------------------+----------+----+---+----+------------+------------+
    |Total                             |          |   0|  0|  50|          40|          31|
    +----------------------------------+----------+----+---+----+------------+------------+

    * Multiplexer: 
    +-----------------------------------------+----+-----------+-----+-----------+
    |                   Name                  | LUT| Input Size| Bits| Total Bits|
    +-----------------------------------------+----+-----------+-----+-----------+
    |ap_done_int                              |   9|          2|    1|          2|
    |ap_loop_exit_ready_pp0_iter2_reg         |   9|          2|    1|          2|
    |ap_phi_mux_axi_data_11_phi_fu_200_p6     |  20|          4|   24|         96|
    |ap_phi_mux_axi_data_7_phi_fu_189_p6      |  20|          4|   24|         96|
    |ap_phi_reg_pp0_iter2_axi_data_2_reg_175  |  20|          4|    9|         36|
    |ap_sig_allocacmp_j_1                     |   9|          2|   11|         22|
    |j_fu_100                                 |   9|          2|   11|         22|
    |m_axis_video_TDATA_blk_n                 |   9|          2|    1|          2|
    |sof_2_reg_163                            |   9|          2|    1|          2|
    |stream_csc_blk_n                         |   9|          2|    1|          2|
    +-----------------------------------------+----+-----------+-----+-----------+
    |Total                                    | 123|         26|   84|        282|
    +-----------------------------------------+----+-----------+-----+-----------+

    * Register: 
    +-----------------------------------------+----+----+-----+-----------+
    |                   Name                  | FF | LUT| Bits| Const Bits|
    +-----------------------------------------+----+----+-----+-----------+
    |ap_CS_fsm                                |   1|   0|    1|          0|
    |ap_done_reg                              |   1|   0|    1|          0|
    |ap_enable_reg_pp0_iter1                  |   1|   0|    1|          0|
    |ap_enable_reg_pp0_iter2                  |   1|   0|    1|          0|
    |ap_loop_exit_ready_pp0_iter1_reg         |   1|   0|    1|          0|
    |ap_loop_exit_ready_pp0_iter2_reg         |   1|   0|    1|          0|
    |ap_phi_reg_pp0_iter1_axi_data_2_reg_175  |   9|   0|    9|          0|
    |ap_phi_reg_pp0_iter2_axi_data_2_reg_175  |   9|   0|    9|          0|
    |axi_last_reg_384                         |   1|   0|    1|          0|
    |axi_last_reg_384_pp0_iter1_reg           |   1|   0|    1|          0|
    |icmp_ln664_reg_380                       |   1|   0|    1|          0|
    |icmp_ln664_reg_380_pp0_iter1_reg         |   1|   0|    1|          0|
    |j_fu_100                                 |  11|   0|   11|          0|
    |pix_444_1_reg_394                        |   8|   0|    8|          0|
    |pix_444_reg_400                          |   8|   0|    8|          0|
    |pix_rgb_reg_389                          |   8|   0|    8|          0|
    |sof_2_reg_163                            |   1|   0|    1|          0|
    +-----------------------------------------+----+----+-----+-----------+
    |Total                                    |  64|   0|   64|          0|
    +-----------------------------------------+----+----+-----+-----------+



================================================================
== Interface
================================================================
* Summary: 
+---------------------------+-----+-----+------------+---------------------------------------------------+--------------+
|         RTL Ports         | Dir | Bits|  Protocol  |                   Source Object                   |    C Type    |
+---------------------------+-----+-----+------------+---------------------------------------------------+--------------+
|ap_clk                     |   in|    1|  ap_ctrl_hs|  MultiPixStream2AXIvideo_Pipeline_VITIS_LOOP_664_2|  return value|
|ap_rst                     |   in|    1|  ap_ctrl_hs|  MultiPixStream2AXIvideo_Pipeline_VITIS_LOOP_664_2|  return value|
|ap_start                   |   in|    1|  ap_ctrl_hs|  MultiPixStream2AXIvideo_Pipeline_VITIS_LOOP_664_2|  return value|
|ap_done                    |  out|    1|  ap_ctrl_hs|  MultiPixStream2AXIvideo_Pipeline_VITIS_LOOP_664_2|  return value|
|ap_idle                    |  out|    1|  ap_ctrl_hs|  MultiPixStream2AXIvideo_Pipeline_VITIS_LOOP_664_2|  return value|
|ap_ready                   |  out|    1|  ap_ctrl_hs|  MultiPixStream2AXIvideo_Pipeline_VITIS_LOOP_664_2|  return value|
|stream_csc_dout            |   in|   24|     ap_fifo|                                         stream_csc|       pointer|
|stream_csc_num_data_valid  |   in|    5|     ap_fifo|                                         stream_csc|       pointer|
|stream_csc_fifo_cap        |   in|    5|     ap_fifo|                                         stream_csc|       pointer|
|stream_csc_empty_n         |   in|    1|     ap_fifo|                                         stream_csc|       pointer|
|stream_csc_read            |  out|    1|     ap_fifo|                                         stream_csc|       pointer|
|m_axis_video_TREADY        |   in|    1|        axis|                              m_axis_video_V_data_V|       pointer|
|m_axis_video_TDATA         |  out|   24|        axis|                              m_axis_video_V_data_V|       pointer|
|sof                        |   in|    1|     ap_none|                                                sof|        scalar|
|cols                       |   in|   11|     ap_none|                                               cols|        scalar|
|m_axis_video_TVALID        |  out|    1|        axis|                              m_axis_video_V_dest_V|       pointer|
|m_axis_video_TDEST         |  out|    1|        axis|                              m_axis_video_V_dest_V|       pointer|
|m_axis_video_TKEEP         |  out|    3|        axis|                              m_axis_video_V_keep_V|       pointer|
|m_axis_video_TSTRB         |  out|    3|        axis|                              m_axis_video_V_strb_V|       pointer|
|m_axis_video_TUSER         |  out|    1|        axis|                              m_axis_video_V_user_V|       pointer|
|m_axis_video_TLAST         |  out|    1|        axis|                              m_axis_video_V_last_V|       pointer|
|m_axis_video_TID           |  out|    1|        axis|                                m_axis_video_V_id_V|       pointer|
|p_read                     |   in|    8|     ap_none|                                             p_read|        scalar|
|sub                        |   in|   11|     ap_none|                                                sub|        scalar|
+---------------------------+-----+-----+------------+---------------------------------------------------+--------------+

