

================================================================
== Vitis HLS Report for 'v_csc'
================================================================
* Date:           Wed Sep 10 15:21:49 2025

* Version:        2024.1 (Build 5069499 on May 21 2024)
* Project:        prj
* Solution:       sol (Vivado IP Flow Target)
* Product family: zynq
* Target device:  xc7z020-clg484-1


================================================================
== Performance Estimates
================================================================
+ Timing: 
    * Summary: 
    +--------+---------+----------+------------+
    |  Clock |  Target | Estimated| Uncertainty|
    +--------+---------+----------+------------+
    |ap_clk  |  6.73 ns|  5.302 ns|     1.82 ns|
    +--------+---------+----------+------------+

+ Latency: 
    * Summary: 
    +---------+---------+-----------+-----------+------+---------+----------+
    |  Latency (cycles) |   Latency (absolute)  |    Interval    | Pipeline |
    |   min   |   max   |    min    |    max    |  min |   max   |   Type   |
    +---------+---------+-----------+-----------+------+---------+----------+
    |     4743|  4208638|  31.939 us|  28.341 ms|  4743|  4208634|  dataflow|
    +---------+---------+-----------+-----------+------+---------+----------+

    + Detail: 
        * Instance: 
        +----------------------------+-------------------------+---------+---------+-----------+-----------+------+---------+---------+
        |                            |                         |  Latency (cycles) |   Latency (absolute)  |    Interval    | Pipeline|
        |          Instance          |          Module         |   min   |   max   |    min    |    max    |  min |   max   |   Type  |
        +----------------------------+-------------------------+---------+---------+-----------+-----------+------+---------+---------+
        |Block_entry_split_proc_U0   |Block_entry_split_proc   |        0|        0|       0 ns|       0 ns|     0|        0|       no|
        |AXIvideo2MultiPixStream_U0  |AXIvideo2MultiPixStream  |     4742|  2084406|  31.933 us|  14.036 ms|  4742|  2084406|       no|
        |v_csc_core_U0               |v_csc_core               |        1|  4208633|   6.734 ns|  28.341 ms|     1|  4208633|       no|
        |MultiPixStream2AXIvideo_U0  |MultiPixStream2AXIvideo  |     4547|  2081163|  30.619 us|  14.015 ms|  4547|  2081163|       no|
        +----------------------------+-------------------------+---------+---------+-----------+-----------+------+---------+---------+

        * Loop: 
        N/A



================================================================
== Utilization Estimates
================================================================
* Summary: 
+-----------------+---------+-----+--------+-------+-----+
|       Name      | BRAM_18K| DSP |   FF   |  LUT  | URAM|
+-----------------+---------+-----+--------+-------+-----+
|DSP              |        -|    -|       -|      -|    -|
|Expression       |        -|    -|       0|     80|    -|
|FIFO             |        -|    -|    2376|   1632|    -|
|Instance         |        0|    9|    2078|   2181|    -|
|Memory           |        -|    -|       -|      -|    -|
|Multiplexer      |        -|    -|       0|    162|    -|
|Register         |        -|    -|      18|      -|    -|
+-----------------+---------+-----+--------+-------+-----+
|Total            |        0|    9|    4472|   4055|    0|
+-----------------+---------+-----+--------+-------+-----+
|Available        |      280|  220|  106400|  53200|    0|
+-----------------+---------+-----+--------+-------+-----+
|Utilization (%)  |        0|    4|       4|      7|    0|
+-----------------+---------+-----+--------+-------+-----+

+ Detail: 
    * Instance: 
    +----------------------------+-------------------------+---------+----+------+-----+-----+
    |          Instance          |          Module         | BRAM_18K| DSP|  FF  | LUT | URAM|
    +----------------------------+-------------------------+---------+----+------+-----+-----+
    |AXIvideo2MultiPixStream_U0  |AXIvideo2MultiPixStream  |        0|   0|   161|  438|    0|
    |Block_entry_split_proc_U0   |Block_entry_split_proc   |        0|   0|   230|  173|    0|
    |CTRL_s_axi_U                |CTRL_s_axi               |        0|   0|   382|  516|    0|
    |MultiPixStream2AXIvideo_U0  |MultiPixStream2AXIvideo  |        0|   0|   154|  299|    0|
    |v_csc_core_U0               |v_csc_core               |        0|   9|  1151|  755|    0|
    +----------------------------+-------------------------+---------+----+------+-----+-----+
    |Total                       |                         |        0|   9|  2078| 2181|    0|
    +----------------------------+-------------------------+---------+----+------+-----+-----+

    * DSP: 
    N/A

    * Memory: 
    N/A

    * FIFO: 
    +--------------------------------+---------+----+----+-----+------+-----+---------+
    |              Name              | BRAM_18K| FF | LUT| URAM| Depth| Bits| Size:D*B|
    +--------------------------------+---------+----+----+-----+------+-----+---------+
    |HwReg_BOffset_channel_U         |        0|  99|   0|    -|     3|   10|       30|
    |HwReg_ClampMin_channel_U        |        0|  99|   0|    -|     3|    8|       24|
    |HwReg_ClipMax_channel_U         |        0|  99|   0|    -|     3|    8|       24|
    |HwReg_GOffset_channel_U         |        0|  99|   0|    -|     3|   10|       30|
    |HwReg_InVideoFormat_channel_U   |        0|  99|   0|    -|     2|    8|       16|
    |HwReg_K11_channel_U             |        0|  99|   0|    -|     3|   16|       48|
    |HwReg_K12_channel_U             |        0|  99|   0|    -|     3|   16|       48|
    |HwReg_K13_channel_U             |        0|  99|   0|    -|     3|   16|       48|
    |HwReg_K21_channel_U             |        0|  99|   0|    -|     3|   16|       48|
    |HwReg_K22_channel_U             |        0|  99|   0|    -|     3|   16|       48|
    |HwReg_K23_channel_U             |        0|  99|   0|    -|     3|   16|       48|
    |HwReg_K31_channel_U             |        0|  99|   0|    -|     3|   16|       48|
    |HwReg_K32_channel_U             |        0|  99|   0|    -|     3|   16|       48|
    |HwReg_K33_channel_U             |        0|  99|   0|    -|     3|   16|       48|
    |HwReg_OutVideoFormat_channel_U  |        0|  99|   0|    -|     4|    8|       32|
    |HwReg_ROffset_channel_U         |        0|  99|   0|    -|     3|   10|       30|
    |HwReg_height_c5_U               |        0|  99|   0|    -|     2|   11|       22|
    |HwReg_height_c6_channel_U       |        0|  99|   0|    -|     2|   11|       22|
    |HwReg_height_c_U                |        0|  99|   0|    -|     2|   11|       22|
    |HwReg_width_c3_U                |        0|  99|   0|    -|     2|   11|       22|
    |HwReg_width_c4_channel_U        |        0|  99|   0|    -|     2|   11|       22|
    |HwReg_width_c_U                 |        0|  99|   0|    -|     2|   11|       22|
    |stream_csc_U                    |        0|  99|   0|    -|    16|   24|      384|
    |stream_in_U                     |        0|  99|   0|    -|    16|   24|      384|
    +--------------------------------+---------+----+----+-----+------+-----+---------+
    |Total                           |        0|2376|   0|    0|    92|  320|     1518|
    +--------------------------------+---------+----+----+-----+------+-----+---------+

    * Expression: 
    +----------------------------------------------------+----------+----+---+----+------------+------------+
    |                    Variable Name                   | Operation| DSP| FF| LUT| Bitwidth P0| Bitwidth P1|
    +----------------------------------------------------+----------+----+---+----+------------+------------+
    |AXIvideo2MultiPixStream_U0_ap_start                 |       and|   0|  0|   2|           1|           1|
    |Block_entry_split_proc_U0_ap_continue               |       and|   0|  0|   2|           1|           1|
    |ap_channel_done_HwReg_BOffset_channel               |       and|   0|  0|   2|           1|           1|
    |ap_channel_done_HwReg_ClampMin_channel              |       and|   0|  0|   2|           1|           1|
    |ap_channel_done_HwReg_ClipMax_channel               |       and|   0|  0|   2|           1|           1|
    |ap_channel_done_HwReg_GOffset_channel               |       and|   0|  0|   2|           1|           1|
    |ap_channel_done_HwReg_InVideoFormat_channel         |       and|   0|  0|   2|           1|           1|
    |ap_channel_done_HwReg_K11_channel                   |       and|   0|  0|   2|           1|           1|
    |ap_channel_done_HwReg_K12_channel                   |       and|   0|  0|   2|           1|           1|
    |ap_channel_done_HwReg_K13_channel                   |       and|   0|  0|   2|           1|           1|
    |ap_channel_done_HwReg_K21_channel                   |       and|   0|  0|   2|           1|           1|
    |ap_channel_done_HwReg_K22_channel                   |       and|   0|  0|   2|           1|           1|
    |ap_channel_done_HwReg_K23_channel                   |       and|   0|  0|   2|           1|           1|
    |ap_channel_done_HwReg_K31_channel                   |       and|   0|  0|   2|           1|           1|
    |ap_channel_done_HwReg_K32_channel                   |       and|   0|  0|   2|           1|           1|
    |ap_channel_done_HwReg_K33_channel                   |       and|   0|  0|   2|           1|           1|
    |ap_channel_done_HwReg_OutVideoFormat_channel        |       and|   0|  0|   2|           1|           1|
    |ap_channel_done_HwReg_ROffset_channel               |       and|   0|  0|   2|           1|           1|
    |ap_channel_done_HwReg_height_c6_channel             |       and|   0|  0|   2|           1|           1|
    |ap_channel_done_HwReg_width_c4_channel              |       and|   0|  0|   2|           1|           1|
    |ap_idle                                             |       and|   0|  0|   2|           1|           1|
    |v_csc_core_U0_ap_start                              |       and|   0|  0|   2|           1|           1|
    |ap_sync_channel_write_HwReg_BOffset_channel         |        or|   0|  0|   2|           1|           1|
    |ap_sync_channel_write_HwReg_ClampMin_channel        |        or|   0|  0|   2|           1|           1|
    |ap_sync_channel_write_HwReg_ClipMax_channel         |        or|   0|  0|   2|           1|           1|
    |ap_sync_channel_write_HwReg_GOffset_channel         |        or|   0|  0|   2|           1|           1|
    |ap_sync_channel_write_HwReg_InVideoFormat_channel   |        or|   0|  0|   2|           1|           1|
    |ap_sync_channel_write_HwReg_K11_channel             |        or|   0|  0|   2|           1|           1|
    |ap_sync_channel_write_HwReg_K12_channel             |        or|   0|  0|   2|           1|           1|
    |ap_sync_channel_write_HwReg_K13_channel             |        or|   0|  0|   2|           1|           1|
    |ap_sync_channel_write_HwReg_K21_channel             |        or|   0|  0|   2|           1|           1|
    |ap_sync_channel_write_HwReg_K22_channel             |        or|   0|  0|   2|           1|           1|
    |ap_sync_channel_write_HwReg_K23_channel             |        or|   0|  0|   2|           1|           1|
    |ap_sync_channel_write_HwReg_K31_channel             |        or|   0|  0|   2|           1|           1|
    |ap_sync_channel_write_HwReg_K32_channel             |        or|   0|  0|   2|           1|           1|
    |ap_sync_channel_write_HwReg_K33_channel             |        or|   0|  0|   2|           1|           1|
    |ap_sync_channel_write_HwReg_OutVideoFormat_channel  |        or|   0|  0|   2|           1|           1|
    |ap_sync_channel_write_HwReg_ROffset_channel         |        or|   0|  0|   2|           1|           1|
    |ap_sync_channel_write_HwReg_height_c6_channel       |        or|   0|  0|   2|           1|           1|
    |ap_sync_channel_write_HwReg_width_c4_channel        |        or|   0|  0|   2|           1|           1|
    +----------------------------------------------------+----------+----+---+----+------------+------------+
    |Total                                               |          |   0|  0|  80|          40|          40|
    +----------------------------------------------------+----------+----+---+----+------------+------------+

    * Multiplexer: 
    +--------------------------------------------------------+----+-----------+-----+-----------+
    |                          Name                          | LUT| Input Size| Bits| Total Bits|
    +--------------------------------------------------------+----+-----------+-----+-----------+
    |ap_sync_reg_channel_write_HwReg_BOffset_channel         |   9|          2|    1|          2|
    |ap_sync_reg_channel_write_HwReg_ClampMin_channel        |   9|          2|    1|          2|
    |ap_sync_reg_channel_write_HwReg_ClipMax_channel         |   9|          2|    1|          2|
    |ap_sync_reg_channel_write_HwReg_GOffset_channel         |   9|          2|    1|          2|
    |ap_sync_reg_channel_write_HwReg_InVideoFormat_channel   |   9|          2|    1|          2|
    |ap_sync_reg_channel_write_HwReg_K11_channel             |   9|          2|    1|          2|
    |ap_sync_reg_channel_write_HwReg_K12_channel             |   9|          2|    1|          2|
    |ap_sync_reg_channel_write_HwReg_K13_channel             |   9|          2|    1|          2|
    |ap_sync_reg_channel_write_HwReg_K21_channel             |   9|          2|    1|          2|
    |ap_sync_reg_channel_write_HwReg_K22_channel             |   9|          2|    1|          2|
    |ap_sync_reg_channel_write_HwReg_K23_channel             |   9|          2|    1|          2|
    |ap_sync_reg_channel_write_HwReg_K31_channel             |   9|          2|    1|          2|
    |ap_sync_reg_channel_write_HwReg_K32_channel             |   9|          2|    1|          2|
    |ap_sync_reg_channel_write_HwReg_K33_channel             |   9|          2|    1|          2|
    |ap_sync_reg_channel_write_HwReg_OutVideoFormat_channel  |   9|          2|    1|          2|
    |ap_sync_reg_channel_write_HwReg_ROffset_channel         |   9|          2|    1|          2|
    |ap_sync_reg_channel_write_HwReg_height_c6_channel       |   9|          2|    1|          2|
    |ap_sync_reg_channel_write_HwReg_width_c4_channel        |   9|          2|    1|          2|
    +--------------------------------------------------------+----+-----------+-----+-----------+
    |Total                                                   | 162|         36|   18|         36|
    +--------------------------------------------------------+----+-----------+-----+-----------+

    * Register: 
    +--------------------------------------------------------+---+----+-----+-----------+
    |                          Name                          | FF| LUT| Bits| Const Bits|
    +--------------------------------------------------------+---+----+-----+-----------+
    |ap_sync_reg_channel_write_HwReg_BOffset_channel         |  1|   0|    1|          0|
    |ap_sync_reg_channel_write_HwReg_ClampMin_channel        |  1|   0|    1|          0|
    |ap_sync_reg_channel_write_HwReg_ClipMax_channel         |  1|   0|    1|          0|
    |ap_sync_reg_channel_write_HwReg_GOffset_channel         |  1|   0|    1|          0|
    |ap_sync_reg_channel_write_HwReg_InVideoFormat_channel   |  1|   0|    1|          0|
    |ap_sync_reg_channel_write_HwReg_K11_channel             |  1|   0|    1|          0|
    |ap_sync_reg_channel_write_HwReg_K12_channel             |  1|   0|    1|          0|
    |ap_sync_reg_channel_write_HwReg_K13_channel             |  1|   0|    1|          0|
    |ap_sync_reg_channel_write_HwReg_K21_channel             |  1|   0|    1|          0|
    |ap_sync_reg_channel_write_HwReg_K22_channel             |  1|   0|    1|          0|
    |ap_sync_reg_channel_write_HwReg_K23_channel             |  1|   0|    1|          0|
    |ap_sync_reg_channel_write_HwReg_K31_channel             |  1|   0|    1|          0|
    |ap_sync_reg_channel_write_HwReg_K32_channel             |  1|   0|    1|          0|
    |ap_sync_reg_channel_write_HwReg_K33_channel             |  1|   0|    1|          0|
    |ap_sync_reg_channel_write_HwReg_OutVideoFormat_channel  |  1|   0|    1|          0|
    |ap_sync_reg_channel_write_HwReg_ROffset_channel         |  1|   0|    1|          0|
    |ap_sync_reg_channel_write_HwReg_height_c6_channel       |  1|   0|    1|          0|
    |ap_sync_reg_channel_write_HwReg_width_c4_channel        |  1|   0|    1|          0|
    +--------------------------------------------------------+---+----+-----+-----------+
    |Total                                                   | 18|   0|   18|          0|
    +--------------------------------------------------------+---+----+-----+-----------+



================================================================
== Interface
================================================================
* Summary: 
+---------------------+-----+-----+------------+-----------------------+--------------+
|      RTL Ports      | Dir | Bits|  Protocol  |     Source Object     |    C Type    |
+---------------------+-----+-----+------------+-----------------------+--------------+
|s_axi_CTRL_AWVALID   |   in|    1|       s_axi|                   CTRL|       pointer|
|s_axi_CTRL_AWREADY   |  out|    1|       s_axi|                   CTRL|       pointer|
|s_axi_CTRL_AWADDR    |   in|    8|       s_axi|                   CTRL|       pointer|
|s_axi_CTRL_WVALID    |   in|    1|       s_axi|                   CTRL|       pointer|
|s_axi_CTRL_WREADY    |  out|    1|       s_axi|                   CTRL|       pointer|
|s_axi_CTRL_WDATA     |   in|   32|       s_axi|                   CTRL|       pointer|
|s_axi_CTRL_WSTRB     |   in|    4|       s_axi|                   CTRL|       pointer|
|s_axi_CTRL_ARVALID   |   in|    1|       s_axi|                   CTRL|       pointer|
|s_axi_CTRL_ARREADY   |  out|    1|       s_axi|                   CTRL|       pointer|
|s_axi_CTRL_ARADDR    |   in|    8|       s_axi|                   CTRL|       pointer|
|s_axi_CTRL_RVALID    |  out|    1|       s_axi|                   CTRL|       pointer|
|s_axi_CTRL_RREADY    |   in|    1|       s_axi|                   CTRL|       pointer|
|s_axi_CTRL_RDATA     |  out|   32|       s_axi|                   CTRL|       pointer|
|s_axi_CTRL_RRESP     |  out|    2|       s_axi|                   CTRL|       pointer|
|s_axi_CTRL_BVALID    |  out|    1|       s_axi|                   CTRL|       pointer|
|s_axi_CTRL_BREADY    |   in|    1|       s_axi|                   CTRL|       pointer|
|s_axi_CTRL_BRESP     |  out|    2|       s_axi|                   CTRL|       pointer|
|ap_clk               |   in|    1|  ap_ctrl_hs|                  v_csc|  return value|
|ap_rst_n             |   in|    1|  ap_ctrl_hs|                  v_csc|  return value|
|interrupt            |  out|    1|  ap_ctrl_hs|                  v_csc|  return value|
|s_axis_video_TDATA   |   in|   24|        axis|  s_axis_video_V_data_V|       pointer|
|s_axis_video_TKEEP   |   in|    3|        axis|  s_axis_video_V_keep_V|       pointer|
|s_axis_video_TSTRB   |   in|    3|        axis|  s_axis_video_V_strb_V|       pointer|
|s_axis_video_TUSER   |   in|    1|        axis|  s_axis_video_V_user_V|       pointer|
|s_axis_video_TLAST   |   in|    1|        axis|  s_axis_video_V_last_V|       pointer|
|s_axis_video_TID     |   in|    1|        axis|    s_axis_video_V_id_V|       pointer|
|s_axis_video_TDEST   |   in|    1|        axis|  s_axis_video_V_dest_V|       pointer|
|s_axis_video_TVALID  |   in|    1|        axis|  s_axis_video_V_dest_V|       pointer|
|s_axis_video_TREADY  |  out|    1|        axis|  s_axis_video_V_dest_V|       pointer|
|m_axis_video_TDATA   |  out|   24|        axis|  m_axis_video_V_data_V|       pointer|
|m_axis_video_TKEEP   |  out|    3|        axis|  m_axis_video_V_keep_V|       pointer|
|m_axis_video_TSTRB   |  out|    3|        axis|  m_axis_video_V_strb_V|       pointer|
|m_axis_video_TUSER   |  out|    1|        axis|  m_axis_video_V_user_V|       pointer|
|m_axis_video_TLAST   |  out|    1|        axis|  m_axis_video_V_last_V|       pointer|
|m_axis_video_TID     |  out|    1|        axis|    m_axis_video_V_id_V|       pointer|
|m_axis_video_TDEST   |  out|    1|        axis|  m_axis_video_V_dest_V|       pointer|
|m_axis_video_TVALID  |  out|    1|        axis|  m_axis_video_V_dest_V|       pointer|
|m_axis_video_TREADY  |   in|    1|        axis|  m_axis_video_V_dest_V|       pointer|
+---------------------+-----+-----+------------+-----------------------+--------------+

