

================================================================
== Vitis HLS Report for 'AXIvideo2MultiPixStream_Pipeline_loop_width'
================================================================
* Date:           Wed Sep 10 15:21:45 2025

* Version:        2024.1 (Build 5069499 on May 21 2024)
* Project:        prj
* Solution:       sol (Vivado IP Flow Target)
* Product family: zynq
* Target device:  xc7z020-clg484-1


================================================================
== Performance Estimates
================================================================
+ Timing: 
    * Summary: 
    +--------+---------+----------+------------+
    |  Clock |  Target | Estimated| Uncertainty|
    +--------+---------+----------+------------+
    |ap_clk  |  6.73 ns|  5.302 ns|     1.82 ns|
    +--------+---------+----------+------------+

+ Latency: 
    * Summary: 
    +---------+---------+----------+-----------+-----+------+-----------------------------------------------+
    |  Latency (cycles) |  Latency (absolute)  |  Interval  |                    Pipeline                   |
    |   min   |   max   |    min   |    max    | min |  max |                      Type                     |
    +---------+---------+----------+-----------+-----+------+-----------------------------------------------+
    |       66|     1922|  0.444 us|  12.943 us|   65|  1921|  loop auto-rewind stp(delay=0 clock cycles(s))|
    +---------+---------+----------+-----------+-----+------+-----------------------------------------------+

    + Detail: 
        * Instance: 
        N/A

        * Loop: 
        +--------------+---------+---------+----------+-----------+-----------+-----------+----------+
        |              |  Latency (cycles) | Iteration|  Initiation Interval  |    Trip   |          |
        |   Loop Name  |   min   |   max   |  Latency |  achieved |   target  |   Count   | Pipelined|
        +--------------+---------+---------+----------+-----------+-----------+-----------+----------+
        |- loop_width  |       64|     1920|         2|          1|          1|  64 ~ 1920|       yes|
        +--------------+---------+---------+----------+-----------+-----------+-----------+----------+



================================================================
== Utilization Estimates
================================================================
* Summary: 
+-----------------+---------+-----+--------+-------+-----+
|       Name      | BRAM_18K| DSP |   FF   |  LUT  | URAM|
+-----------------+---------+-----+--------+-------+-----+
|DSP              |        -|    -|       -|      -|    -|
|Expression       |        -|    -|       0|     66|    -|
|FIFO             |        -|    -|       -|      -|    -|
|Instance         |        -|    -|       -|      -|    -|
|Memory           |        -|    -|       -|      -|    -|
|Multiplexer      |        -|    -|       0|    104|    -|
|Register         |        -|    -|      41|      -|    -|
+-----------------+---------+-----+--------+-------+-----+
|Total            |        0|    0|      41|    170|    0|
+-----------------+---------+-----+--------+-------+-----+
|Available        |      280|  220|  106400|  53200|    0|
+-----------------+---------+-----+--------+-------+-----+
|Utilization (%)  |        0|    0|      ~0|     ~0|    0|
+-----------------+---------+-----+--------+-------+-----+

+ Detail: 
    * Instance: 
    N/A

    * DSP: 
    N/A

    * Memory: 
    N/A

    * FIFO: 
    N/A

    * Expression: 
    +----------------------------------+----------+----+---+----+------------+------------+
    |           Variable Name          | Operation| DSP| FF| LUT| Bitwidth P0| Bitwidth P1|
    +----------------------------------+----------+----+---+----+------------+------------+
    |j_4_fu_223_p2                     |         +|   0|  0|  12|          11|           1|
    |ap_block_state1_pp0_stage0_iter0  |       and|   0|  0|   2|           1|           1|
    |ap_block_state2_pp0_stage0_iter1  |       and|   0|  0|   2|           1|           1|
    |ap_condition_275                  |       and|   0|  0|   2|           1|           1|
    |ap_condition_278                  |       and|   0|  0|   2|           1|           1|
    |ap_condition_283                  |       and|   0|  0|   2|           1|           1|
    |ap_predicate_op37_read_state1     |       and|   0|  0|   2|           1|           1|
    |icmp_ln545_fu_217_p2              |      icmp|   0|  0|  12|          11|          11|
    |ap_block_pp0_stage0_01001         |        or|   0|  0|   2|           1|           1|
    |or_ln549_fu_229_p2                |        or|   0|  0|   2|           1|           1|
    |select_ln574_1_fu_295_p3          |    select|   0|  0|   8|           1|           8|
    |select_ln574_2_fu_302_p3          |    select|   0|  0|   8|           1|           8|
    |select_ln574_fu_278_p3            |    select|   0|  0|   8|           1|           8|
    |ap_enable_pp0                     |       xor|   0|  0|   2|           1|           2|
    +----------------------------------+----------+----+---+----+------------+------------+
    |Total                             |          |   0|  0|  66|          34|          46|
    +----------------------------------+----------+----+---+----+------------+------------+

    * Multiplexer: 
    +------------------------------+----+-----------+-----+-----------+
    |             Name             | LUT| Input Size| Bits| Total Bits|
    +------------------------------+----+-----------+-----+-----------+
    |ap_done_int                   |   9|          2|    1|          2|
    |ap_enable_reg_pp0_iter1       |   9|          2|    1|          2|
    |ap_phi_mux_eol_phi_fu_180_p4  |  14|          3|    1|          3|
    |ap_phi_mux_sof_phi_fu_191_p4  |   9|          2|    1|          2|
    |ap_sig_allocacmp_j_3          |   9|          2|   11|         22|
    |axi_data_fu_100               |   9|          2|   24|         48|
    |axi_last_fu_104               |   9|          2|    1|          2|
    |eol_reg_177                   |   9|          2|    1|          2|
    |j_fu_96                       |   9|          2|   11|         22|
    |s_axis_video_TDATA_blk_n      |   9|          2|    1|          2|
    |stream_in_blk_n               |   9|          2|    1|          2|
    +------------------------------+----+-----------+-----+-----------+
    |Total                         | 104|         23|   54|        109|
    +------------------------------+----+-----------+-----+-----------+

    * Register: 
    +-------------------------+----+----+-----+-----------+
    |           Name          | FF | LUT| Bits| Const Bits|
    +-------------------------+----+----+-----+-----------+
    |ap_CS_fsm                |   1|   0|    1|          0|
    |ap_done_reg              |   1|   0|    1|          0|
    |ap_enable_reg_pp0_iter1  |   1|   0|    1|          0|
    |axi_data_fu_100          |  24|   0|   24|          0|
    |axi_last_fu_104          |   1|   0|    1|          0|
    |eol_reg_177              |   1|   0|    1|          0|
    |icmp_ln545_reg_353       |   1|   0|    1|          0|
    |j_fu_96                  |  11|   0|   11|          0|
    +-------------------------+----+----+-----+-----------+
    |Total                    |  41|   0|   41|          0|
    +-------------------------+----+----+-----+-----------+



================================================================
== Interface
================================================================
* Summary: 
+--------------------------+-----+-----+------------+---------------------------------------------+--------------+
|         RTL Ports        | Dir | Bits|  Protocol  |                Source Object                |    C Type    |
+--------------------------+-----+-----+------------+---------------------------------------------+--------------+
|ap_clk                    |   in|    1|  ap_ctrl_hs|  AXIvideo2MultiPixStream_Pipeline_loop_width|  return value|
|ap_rst                    |   in|    1|  ap_ctrl_hs|  AXIvideo2MultiPixStream_Pipeline_loop_width|  return value|
|ap_start                  |   in|    1|  ap_ctrl_hs|  AXIvideo2MultiPixStream_Pipeline_loop_width|  return value|
|ap_done                   |  out|    1|  ap_ctrl_hs|  AXIvideo2MultiPixStream_Pipeline_loop_width|  return value|
|ap_idle                   |  out|    1|  ap_ctrl_hs|  AXIvideo2MultiPixStream_Pipeline_loop_width|  return value|
|ap_ready                  |  out|    1|  ap_ctrl_hs|  AXIvideo2MultiPixStream_Pipeline_loop_width|  return value|
|s_axis_video_TVALID       |   in|    1|        axis|                        s_axis_video_V_data_V|       pointer|
|s_axis_video_TDATA        |   in|   24|        axis|                        s_axis_video_V_data_V|       pointer|
|stream_in_din             |  out|   24|     ap_fifo|                                    stream_in|       pointer|
|stream_in_num_data_valid  |   in|    5|     ap_fifo|                                    stream_in|       pointer|
|stream_in_fifo_cap        |   in|    5|     ap_fifo|                                    stream_in|       pointer|
|stream_in_full_n          |   in|    1|     ap_fifo|                                    stream_in|       pointer|
|stream_in_write           |  out|    1|     ap_fifo|                                    stream_in|       pointer|
|sof_4                     |   in|    1|     ap_none|                                        sof_4|        scalar|
|axi_last_2                |   in|    1|     ap_none|                                   axi_last_2|        scalar|
|axi_data_13               |   in|   24|     ap_none|                                  axi_data_13|        scalar|
|cols                      |   in|   11|     ap_none|                                         cols|        scalar|
|cond                      |   in|    1|     ap_none|                                         cond|        scalar|
|s_axis_video_TREADY       |  out|    1|        axis|                        s_axis_video_V_dest_V|       pointer|
|s_axis_video_TDEST        |   in|    1|        axis|                        s_axis_video_V_dest_V|       pointer|
|s_axis_video_TKEEP        |   in|    3|        axis|                        s_axis_video_V_keep_V|       pointer|
|s_axis_video_TSTRB        |   in|    3|        axis|                        s_axis_video_V_strb_V|       pointer|
|s_axis_video_TUSER        |   in|    1|        axis|                        s_axis_video_V_user_V|       pointer|
|s_axis_video_TLAST        |   in|    1|        axis|                        s_axis_video_V_last_V|       pointer|
|s_axis_video_TID          |   in|    1|        axis|                          s_axis_video_V_id_V|       pointer|
|eol_out                   |  out|    1|      ap_vld|                                      eol_out|       pointer|
|eol_out_ap_vld            |  out|    1|      ap_vld|                                      eol_out|       pointer|
|axi_data_14_out           |  out|   24|      ap_vld|                              axi_data_14_out|       pointer|
|axi_data_14_out_ap_vld    |  out|    1|      ap_vld|                              axi_data_14_out|       pointer|
+--------------------------+-----+-----+------------+---------------------------------------------+--------------+

============================================================
+ Verbose Summary: Synthesis Manager
============================================================
InlineROM: 1
ExposeGlobal: 0
============================================================
+ Verbose Summary: CDFG Model
============================================================
IsTopModel: 0
ResetActiveHigh: 1
IsCombinational: 2
IsDatapathOnly: 2
HasWiredReturn: 1
HasMFsm: 2
HasVarLatency: 1
IsPipeline: 0
IsRtlPipelined: 0
IsInstanceOverlapped: 0
IsDontTouch: 0
HasImplIP: 0
IsGatedGlobalClock: 0

+ Individual pipeline summary: 
  * Pipeline-0: initiation interval (II) = 1, depth = 2


============================================================
+ Verbose Summary: Schedule
============================================================
* Number of FSM states : 2
* Pipeline : 1
  Pipeline-0 : II = 1, D = 2, States = { 1 2 }
* Dataflow Pipeline: 0

* FSM state transitions: 
1 --> 2 
2 --> 

* FSM state operations: 

State 1 <SV = 0> <Delay = 5.30>
ST_1 : Operation 5 [1/1] (0.00ns)   --->   "%j = alloca i32 1" [C:/Vivado_Projects/zed_hdmi/zed_hdmi.runs/synth_1/prj/sol/.autopilot/db/v_csc.cpp:545]   --->   Operation 5 'alloca' 'j' <Predicate = true> <Delay = 0.00>
ST_1 : Operation 6 [1/1] (0.00ns)   --->   "%axi_data = alloca i32 1" [C:/Vivado_Projects/zed_hdmi/zed_hdmi.runs/synth_1/prj/sol/.autopilot/db/v_csc.cpp:516]   --->   Operation 6 'alloca' 'axi_data' <Predicate = true> <Delay = 0.00>
ST_1 : Operation 7 [1/1] (0.00ns)   --->   "%axi_last = alloca i32 1" [C:/Vivado_Projects/zed_hdmi/zed_hdmi.runs/synth_1/prj/sol/.autopilot/db/v_csc.cpp:516]   --->   Operation 7 'alloca' 'axi_last' <Predicate = true> <Delay = 0.00>
ST_1 : Operation 8 [1/1] (0.00ns)   --->   "%specaxissidechannel_ln0 = specaxissidechannel void @_ssdm_op_SpecAXISSideChannel, i24 %s_axis_video_V_data_V, i3 %s_axis_video_V_keep_V, i3 %s_axis_video_V_strb_V, i1 %s_axis_video_V_user_V, i1 %s_axis_video_V_last_V, i1 %s_axis_video_V_id_V, i1 %s_axis_video_V_dest_V, void @empty_14"   --->   Operation 8 'specaxissidechannel' 'specaxissidechannel_ln0' <Predicate = true> <Delay = 0.00>
ST_1 : Operation 9 [1/1] (0.00ns)   --->   "%specinterface_ln0 = specinterface void @_ssdm_op_SpecInterface, i24 %s_axis_video_V_data_V, void @empty_24, i32 0, i32 0, void @empty_25, i32 0, i32 0, void @empty_26, void @empty_26, void @empty_26, i32 0, i32 0, i32 0, i32 0, void @empty_26, void @empty_26, i32 4294967295, i32 0, i32 0"   --->   Operation 9 'specinterface' 'specinterface_ln0' <Predicate = true> <Delay = 0.00>
ST_1 : Operation 10 [1/1] (0.00ns)   --->   "%specinterface_ln0 = specinterface void @_ssdm_op_SpecInterface, i3 %s_axis_video_V_keep_V, void @empty_24, i32 0, i32 0, void @empty_25, i32 0, i32 0, void @empty_26, void @empty_26, void @empty_26, i32 0, i32 0, i32 0, i32 0, void @empty_26, void @empty_26, i32 4294967295, i32 0, i32 0"   --->   Operation 10 'specinterface' 'specinterface_ln0' <Predicate = true> <Delay = 0.00>
ST_1 : Operation 11 [1/1] (0.00ns)   --->   "%specinterface_ln0 = specinterface void @_ssdm_op_SpecInterface, i3 %s_axis_video_V_strb_V, void @empty_24, i32 0, i32 0, void @empty_25, i32 0, i32 0, void @empty_26, void @empty_26, void @empty_26, i32 0, i32 0, i32 0, i32 0, void @empty_26, void @empty_26, i32 4294967295, i32 0, i32 0"   --->   Operation 11 'specinterface' 'specinterface_ln0' <Predicate = true> <Delay = 0.00>
ST_1 : Operation 12 [1/1] (0.00ns)   --->   "%specinterface_ln0 = specinterface void @_ssdm_op_SpecInterface, i1 %s_axis_video_V_user_V, void @empty_24, i32 0, i32 0, void @empty_25, i32 0, i32 0, void @empty_26, void @empty_26, void @empty_26, i32 0, i32 0, i32 0, i32 0, void @empty_26, void @empty_26, i32 4294967295, i32 0, i32 0"   --->   Operation 12 'specinterface' 'specinterface_ln0' <Predicate = true> <Delay = 0.00>
ST_1 : Operation 13 [1/1] (0.00ns)   --->   "%specinterface_ln0 = specinterface void @_ssdm_op_SpecInterface, i1 %s_axis_video_V_last_V, void @empty_24, i32 0, i32 0, void @empty_25, i32 0, i32 0, void @empty_26, void @empty_26, void @empty_26, i32 0, i32 0, i32 0, i32 0, void @empty_26, void @empty_26, i32 4294967295, i32 0, i32 0"   --->   Operation 13 'specinterface' 'specinterface_ln0' <Predicate = true> <Delay = 0.00>
ST_1 : Operation 14 [1/1] (0.00ns)   --->   "%specinterface_ln0 = specinterface void @_ssdm_op_SpecInterface, i1 %s_axis_video_V_id_V, void @empty_24, i32 0, i32 0, void @empty_25, i32 0, i32 0, void @empty_26, void @empty_26, void @empty_26, i32 0, i32 0, i32 0, i32 0, void @empty_26, void @empty_26, i32 4294967295, i32 0, i32 0"   --->   Operation 14 'specinterface' 'specinterface_ln0' <Predicate = true> <Delay = 0.00>
ST_1 : Operation 15 [1/1] (0.00ns)   --->   "%specinterface_ln0 = specinterface void @_ssdm_op_SpecInterface, i1 %s_axis_video_V_dest_V, void @empty_24, i32 0, i32 0, void @empty_25, i32 0, i32 0, void @empty_26, void @empty_26, void @empty_26, i32 0, i32 0, i32 0, i32 0, void @empty_26, void @empty_26, i32 4294967295, i32 0, i32 0"   --->   Operation 15 'specinterface' 'specinterface_ln0' <Predicate = true> <Delay = 0.00>
ST_1 : Operation 16 [1/1] (0.00ns)   --->   "%specinterface_ln0 = specinterface void @_ssdm_op_SpecInterface, i24 %stream_in, void @empty_12, i32 0, i32 0, void @empty_26, i32 0, i32 0, void @empty_26, void @empty_26, void @empty_26, i32 0, i32 0, i32 0, i32 0, void @empty_26, void @empty_26, i32 4294967295, i32 0, i32 0"   --->   Operation 16 'specinterface' 'specinterface_ln0' <Predicate = true> <Delay = 0.00>
ST_1 : Operation 17 [1/1] (0.00ns)   --->   "%cond_read = read i1 @_ssdm_op_Read.ap_auto.i1, i1 %cond"   --->   Operation 17 'read' 'cond_read' <Predicate = true> <Delay = 0.00>
ST_1 : Operation 18 [1/1] (0.00ns)   --->   "%cols_read = read i11 @_ssdm_op_Read.ap_auto.i11, i11 %cols"   --->   Operation 18 'read' 'cols_read' <Predicate = true> <Delay = 0.00>
ST_1 : Operation 19 [1/1] (0.00ns)   --->   "%axi_data_13_read = read i24 @_ssdm_op_Read.ap_auto.i24, i24 %axi_data_13"   --->   Operation 19 'read' 'axi_data_13_read' <Predicate = true> <Delay = 0.00>
ST_1 : Operation 20 [1/1] (0.00ns)   --->   "%axi_last_2_read = read i1 @_ssdm_op_Read.ap_auto.i1, i1 %axi_last_2"   --->   Operation 20 'read' 'axi_last_2_read' <Predicate = true> <Delay = 0.00>
ST_1 : Operation 21 [1/1] (0.00ns)   --->   "%sof_4_read = read i1 @_ssdm_op_Read.ap_auto.i1, i1 %sof_4"   --->   Operation 21 'read' 'sof_4_read' <Predicate = true> <Delay = 0.00>
ST_1 : Operation 22 [1/1] (1.58ns)   --->   "%store_ln516 = store i1 %axi_last_2_read, i1 %axi_last" [C:/Vivado_Projects/zed_hdmi/zed_hdmi.runs/synth_1/prj/sol/.autopilot/db/v_csc.cpp:516]   --->   Operation 22 'store' 'store_ln516' <Predicate = true> <Delay = 1.58>
ST_1 : Operation 23 [1/1] (1.58ns)   --->   "%store_ln516 = store i24 %axi_data_13_read, i24 %axi_data" [C:/Vivado_Projects/zed_hdmi/zed_hdmi.runs/synth_1/prj/sol/.autopilot/db/v_csc.cpp:516]   --->   Operation 23 'store' 'store_ln516' <Predicate = true> <Delay = 1.58>
ST_1 : Operation 24 [1/1] (1.58ns)   --->   "%store_ln545 = store i11 0, i11 %j" [C:/Vivado_Projects/zed_hdmi/zed_hdmi.runs/synth_1/prj/sol/.autopilot/db/v_csc.cpp:545]   --->   Operation 24 'store' 'store_ln545' <Predicate = true> <Delay = 1.58>
ST_1 : Operation 25 [1/1] (1.58ns)   --->   "%br_ln545 = br void %for.body16" [C:/Vivado_Projects/zed_hdmi/zed_hdmi.runs/synth_1/prj/sol/.autopilot/db/v_csc.cpp:545]   --->   Operation 25 'br' 'br_ln545' <Predicate = true> <Delay = 1.58>
ST_1 : Operation 26 [1/1] (0.00ns)   --->   "%eol = phi i1 0, void %newFuncRoot, i1 %axi_last_4, void %if.end"   --->   Operation 26 'phi' 'eol' <Predicate = true> <Delay = 0.00>
ST_1 : Operation 27 [1/1] (0.00ns)   --->   "%sof = phi i1 %sof_4_read, void %newFuncRoot, i1 0, void %if.end"   --->   Operation 27 'phi' 'sof' <Predicate = true> <Delay = 0.00>
ST_1 : Operation 28 [1/1] (0.00ns)   --->   "%j_3 = load i11 %j" [C:/Vivado_Projects/zed_hdmi/zed_hdmi.runs/synth_1/prj/sol/.autopilot/db/v_csc.cpp:545]   --->   Operation 28 'load' 'j_3' <Predicate = true> <Delay = 0.00>
ST_1 : Operation 29 [1/1] (1.63ns)   --->   "%icmp_ln545 = icmp_eq  i11 %j_3, i11 %cols_read" [C:/Vivado_Projects/zed_hdmi/zed_hdmi.runs/synth_1/prj/sol/.autopilot/db/v_csc.cpp:545]   --->   Operation 29 'icmp' 'icmp_ln545' <Predicate = true> <Delay = 1.63> <CoreInst = "Cmp">   --->   Core 9 'Cmp' <Latency = 0> <II = 1> <Delay = 1.63> <FuncUnit> <Opcode : 'seteq' 'setne' 'setle' 'setge' 'setlt' 'setgt'> <InPorts = 2> <OutPorts = 1>
ST_1 : Operation 30 [1/1] (0.00ns)   --->   "%speclooptripcount_ln0 = speclooptripcount void @_ssdm_op_SpecLoopTripCount, i64 64, i64 1920, i64 0"   --->   Operation 30 'speclooptripcount' 'speclooptripcount_ln0' <Predicate = true> <Delay = 0.00>
ST_1 : Operation 31 [1/1] (1.63ns)   --->   "%j_4 = add i11 %j_3, i11 1" [C:/Vivado_Projects/zed_hdmi/zed_hdmi.runs/synth_1/prj/sol/.autopilot/db/v_csc.cpp:545]   --->   Operation 31 'add' 'j_4' <Predicate = true> <Delay = 1.63> <CoreInst = "Adder">   --->   Core 1 'Adder' <Latency = 0> <II = 1> <Delay = 1.63> <FuncUnit> <Opcode : 'add' 'sub'> <InPorts = 2> <OutPorts = 1>
ST_1 : Operation 32 [1/1] (0.00ns)   --->   "%br_ln545 = br i1 %icmp_ln545, void %for.body16.split, void %while.cond65.preheader.exitStub" [C:/Vivado_Projects/zed_hdmi/zed_hdmi.runs/synth_1/prj/sol/.autopilot/db/v_csc.cpp:545]   --->   Operation 32 'br' 'br_ln545' <Predicate = true> <Delay = 0.00>
ST_1 : Operation 33 [1/1] (0.00ns)   --->   "%specpipeline_ln548 = specpipeline void @_ssdm_op_SpecPipeline, i32 1, i32 0, i32 0, i32 0, void @empty_26" [C:/Vivado_Projects/zed_hdmi/zed_hdmi.runs/synth_1/prj/sol/.autopilot/db/v_csc.cpp:548]   --->   Operation 33 'specpipeline' 'specpipeline_ln548' <Predicate = (!icmp_ln545)> <Delay = 0.00>
ST_1 : Operation 34 [1/1] (0.00ns)   --->   "%specloopname_ln545 = specloopname void @_ssdm_op_SpecLoopName, void @empty_16" [C:/Vivado_Projects/zed_hdmi/zed_hdmi.runs/synth_1/prj/sol/.autopilot/db/v_csc.cpp:545]   --->   Operation 34 'specloopname' 'specloopname_ln545' <Predicate = (!icmp_ln545)> <Delay = 0.00>
ST_1 : Operation 35 [1/1] (0.97ns)   --->   "%or_ln549 = or i1 %sof, i1 %eol" [C:/Vivado_Projects/zed_hdmi/zed_hdmi.runs/synth_1/prj/sol/.autopilot/db/v_csc.cpp:549]   --->   Operation 35 'or' 'or_ln549' <Predicate = (!icmp_ln545)> <Delay = 0.97> <CoreInst = "LogicGate">   --->   Core 74 'LogicGate' <Latency = 0> <II = 1> <Delay = 0.97> <FuncUnit> <Opcode : 'and' 'or' 'xor'> <InPorts = 2> <OutPorts = 1>
ST_1 : Operation 36 [1/1] (0.00ns)   --->   "%br_ln549 = br i1 %or_ln549, void %if.else, void %if.end" [C:/Vivado_Projects/zed_hdmi/zed_hdmi.runs/synth_1/prj/sol/.autopilot/db/v_csc.cpp:549]   --->   Operation 36 'br' 'br_ln549' <Predicate = (!icmp_ln545)> <Delay = 0.00>
ST_1 : Operation 37 [1/1] (0.48ns)   --->   "%empty = read i34 @_ssdm_op_Read.axis.volatile.i24P0A.i3P0A.i3P0A.i1P0A.i1P0A.i1P0A.i1P0A, i24 %s_axis_video_V_data_V, i3 %s_axis_video_V_keep_V, i3 %s_axis_video_V_strb_V, i1 %s_axis_video_V_user_V, i1 %s_axis_video_V_last_V, i1 %s_axis_video_V_id_V, i1 %s_axis_video_V_dest_V" [C:/Vivado_Projects/zed_hdmi/zed_hdmi.runs/synth_1/prj/sol/.autopilot/db/v_csc.cpp:556]   --->   Operation 37 'read' 'empty' <Predicate = (!icmp_ln545 & !or_ln549)> <Delay = 0.48> <CoreInst = "regslice">   --->   Core 136 'regslice' <Latency = 0> <II = 1> <Delay = 1.86> <Adapter> <Opcode : 'read' 'write'>
ST_1 : Operation 38 [1/1] (0.00ns)   --->   "%axi_data_12 = extractvalue i34 %empty" [C:/Vivado_Projects/zed_hdmi/zed_hdmi.runs/synth_1/prj/sol/.autopilot/db/v_csc.cpp:556]   --->   Operation 38 'extractvalue' 'axi_data_12' <Predicate = (!icmp_ln545 & !or_ln549)> <Delay = 0.00>
ST_1 : Operation 39 [1/1] (0.00ns)   --->   "%axi_last_5 = extractvalue i34 %empty" [C:/Vivado_Projects/zed_hdmi/zed_hdmi.runs/synth_1/prj/sol/.autopilot/db/v_csc.cpp:556]   --->   Operation 39 'extractvalue' 'axi_last_5' <Predicate = (!icmp_ln545 & !or_ln549)> <Delay = 0.00>
ST_1 : Operation 40 [1/1] (1.58ns)   --->   "%store_ln516 = store i1 %axi_last_5, i1 %axi_last" [C:/Vivado_Projects/zed_hdmi/zed_hdmi.runs/synth_1/prj/sol/.autopilot/db/v_csc.cpp:516]   --->   Operation 40 'store' 'store_ln516' <Predicate = (!icmp_ln545 & !or_ln549)> <Delay = 1.58>
ST_1 : Operation 41 [1/1] (1.58ns)   --->   "%store_ln516 = store i24 %axi_data_12, i24 %axi_data" [C:/Vivado_Projects/zed_hdmi/zed_hdmi.runs/synth_1/prj/sol/.autopilot/db/v_csc.cpp:516]   --->   Operation 41 'store' 'store_ln516' <Predicate = (!icmp_ln545 & !or_ln549)> <Delay = 1.58>
ST_1 : Operation 42 [1/1] (0.00ns)   --->   "%br_ln0 = br void %if.end"   --->   Operation 42 'br' 'br_ln0' <Predicate = (!icmp_ln545 & !or_ln549)> <Delay = 0.00>
ST_1 : Operation 43 [1/1] (1.58ns)   --->   "%store_ln545 = store i11 %j_4, i11 %j" [C:/Vivado_Projects/zed_hdmi/zed_hdmi.runs/synth_1/prj/sol/.autopilot/db/v_csc.cpp:545]   --->   Operation 43 'store' 'store_ln545' <Predicate = (!icmp_ln545)> <Delay = 1.58>
ST_1 : Operation 44 [1/1] (0.00ns)   --->   "%br_ln545 = br void %for.body16" [C:/Vivado_Projects/zed_hdmi/zed_hdmi.runs/synth_1/prj/sol/.autopilot/db/v_csc.cpp:545]   --->   Operation 44 'br' 'br_ln545' <Predicate = (!icmp_ln545)> <Delay = 0.00>
ST_1 : Operation 55 [1/1] (0.00ns)   --->   "%axi_data_load = load i24 %axi_data"   --->   Operation 55 'load' 'axi_data_load' <Predicate = (icmp_ln545)> <Delay = 0.00>
ST_1 : Operation 56 [1/1] (0.00ns)   --->   "%write_ln0 = write void @_ssdm_op_Write.ap_auto.i1P0A, i1 %eol_out, i1 %eol"   --->   Operation 56 'write' 'write_ln0' <Predicate = (icmp_ln545)> <Delay = 0.00>
ST_1 : Operation 57 [1/1] (0.00ns)   --->   "%write_ln0 = write void @_ssdm_op_Write.ap_auto.i24P0A, i24 %axi_data_14_out, i24 %axi_data_load"   --->   Operation 57 'write' 'write_ln0' <Predicate = (icmp_ln545)> <Delay = 0.00>
ST_1 : Operation 58 [1/1] (1.58ns)   --->   "%ret_ln0 = ret"   --->   Operation 58 'ret' 'ret_ln0' <Predicate = (icmp_ln545)> <Delay = 1.58>

State 2 <SV = 1> <Delay = 4.64>
ST_2 : Operation 45 [1/1] (0.00ns)   --->   "%axi_data_15 = load i24 %axi_data" [c:/Vivado_Projects/zed_hdmi/zed_hdmi.srcs/sources_1/bd/design_1/ip/design_1_v_proc_ss_0_1/bd_0/ip/ip_0/src/hls/hls_axi_io.h:63->c:/Vivado_Projects/zed_hdmi/zed_hdmi.srcs/sources_1/bd/design_1/ip/design_1_v_proc_ss_0_1/bd_0/ip/ip_0/src/hls/hls_axi_io.h:85->C:/Vivado_Projects/zed_hdmi/zed_hdmi.runs/synth_1/prj/sol/.autopilot/db/v_csc.cpp:572]   --->   Operation 45 'load' 'axi_data_15' <Predicate = (!icmp_ln545)> <Delay = 0.00>
ST_2 : Operation 46 [1/1] (0.00ns)   --->   "%axi_last_4 = load i1 %axi_last"   --->   Operation 46 'load' 'axi_last_4' <Predicate = (!icmp_ln545)> <Delay = 0.00>
ST_2 : Operation 47 [1/1] (0.00ns)   --->   "%tmp_s = partselect i8 @_ssdm_op_PartSelect.i8.i24.i32.i32, i24 %axi_data_15, i32 16, i32 23" [c:/Vivado_Projects/zed_hdmi/zed_hdmi.srcs/sources_1/bd/design_1/ip/design_1_v_proc_ss_0_1/bd_0/ip/ip_0/src/hls/hls_axi_io.h:63->c:/Vivado_Projects/zed_hdmi/zed_hdmi.srcs/sources_1/bd/design_1/ip/design_1_v_proc_ss_0_1/bd_0/ip/ip_0/src/hls/hls_axi_io.h:85->C:/Vivado_Projects/zed_hdmi/zed_hdmi.runs/synth_1/prj/sol/.autopilot/db/v_csc.cpp:571]   --->   Operation 47 'partselect' 'tmp_s' <Predicate = (!icmp_ln545)> <Delay = 0.00>
ST_2 : Operation 48 [1/1] (0.00ns)   --->   "%trunc_ln63 = trunc i24 %axi_data_15" [c:/Vivado_Projects/zed_hdmi/zed_hdmi.srcs/sources_1/bd/design_1/ip/design_1_v_proc_ss_0_1/bd_0/ip/ip_0/src/hls/hls_axi_io.h:63->c:/Vivado_Projects/zed_hdmi/zed_hdmi.srcs/sources_1/bd/design_1/ip/design_1_v_proc_ss_0_1/bd_0/ip/ip_0/src/hls/hls_axi_io.h:85->C:/Vivado_Projects/zed_hdmi/zed_hdmi.runs/synth_1/prj/sol/.autopilot/db/v_csc.cpp:572]   --->   Operation 48 'trunc' 'trunc_ln63' <Predicate = (!icmp_ln545)> <Delay = 0.00>
ST_2 : Operation 49 [1/1] (1.24ns)   --->   "%select_ln574 = select i1 %cond_read, i8 %tmp_s, i8 %trunc_ln63" [C:/Vivado_Projects/zed_hdmi/zed_hdmi.runs/synth_1/prj/sol/.autopilot/db/v_csc.cpp:574]   --->   Operation 49 'select' 'select_ln574' <Predicate = (!icmp_ln545)> <Delay = 1.24> <CoreInst = "Sel">   --->   Core 73 'Sel' <Latency = 0> <II = 1> <Delay = 1.24> <FuncUnit> <Opcode : 'select'> <InPorts = 3> <OutPorts = 1>
ST_2 : Operation 50 [1/1] (0.00ns)   --->   "%tmp_1 = partselect i8 @_ssdm_op_PartSelect.i8.i24.i32.i32, i24 %axi_data_15, i32 8, i32 15" [c:/Vivado_Projects/zed_hdmi/zed_hdmi.srcs/sources_1/bd/design_1/ip/design_1_v_proc_ss_0_1/bd_0/ip/ip_0/src/hls/hls_axi_io.h:63->c:/Vivado_Projects/zed_hdmi/zed_hdmi.srcs/sources_1/bd/design_1/ip/design_1_v_proc_ss_0_1/bd_0/ip/ip_0/src/hls/hls_axi_io.h:85->C:/Vivado_Projects/zed_hdmi/zed_hdmi.runs/synth_1/prj/sol/.autopilot/db/v_csc.cpp:572]   --->   Operation 50 'partselect' 'tmp_1' <Predicate = (!icmp_ln545)> <Delay = 0.00>
ST_2 : Operation 51 [1/1] (1.24ns)   --->   "%select_ln574_1 = select i1 %cond_read, i8 %trunc_ln63, i8 %tmp_1" [C:/Vivado_Projects/zed_hdmi/zed_hdmi.runs/synth_1/prj/sol/.autopilot/db/v_csc.cpp:574]   --->   Operation 51 'select' 'select_ln574_1' <Predicate = (!icmp_ln545)> <Delay = 1.24> <CoreInst = "Sel">   --->   Core 73 'Sel' <Latency = 0> <II = 1> <Delay = 1.24> <FuncUnit> <Opcode : 'select'> <InPorts = 3> <OutPorts = 1>
ST_2 : Operation 52 [1/1] (1.24ns)   --->   "%select_ln574_2 = select i1 %cond_read, i8 %tmp_1, i8 %tmp_s" [C:/Vivado_Projects/zed_hdmi/zed_hdmi.runs/synth_1/prj/sol/.autopilot/db/v_csc.cpp:574]   --->   Operation 52 'select' 'select_ln574_2' <Predicate = (!icmp_ln545)> <Delay = 1.24> <CoreInst = "Sel">   --->   Core 73 'Sel' <Latency = 0> <II = 1> <Delay = 1.24> <FuncUnit> <Opcode : 'select'> <InPorts = 3> <OutPorts = 1>
ST_2 : Operation 53 [1/1] (0.00ns)   --->   "%or_ln587_3 = bitconcatenate i24 @_ssdm_op_BitConcatenate.i24.i8.i8.i8, i8 %select_ln574_2, i8 %select_ln574_1, i8 %select_ln574" [C:/Vivado_Projects/zed_hdmi/zed_hdmi.runs/synth_1/prj/sol/.autopilot/db/v_csc.cpp:587]   --->   Operation 53 'bitconcatenate' 'or_ln587_3' <Predicate = (!icmp_ln545)> <Delay = 0.00>
ST_2 : Operation 54 [1/1] (2.45ns)   --->   "%write_ln587 = write void @_ssdm_op_Write.ap_fifo.volatile.i24P0A, i24 %stream_in, i24 %or_ln587_3" [C:/Vivado_Projects/zed_hdmi/zed_hdmi.runs/synth_1/prj/sol/.autopilot/db/v_csc.cpp:587]   --->   Operation 54 'write' 'write_ln587' <Predicate = (!icmp_ln545)> <Delay = 2.45> <CoreInst = "FIFO_SRL">   --->   Core 80 'FIFO_SRL' <Latency = 0> <II = 1> <Delay = 3.80> <Storage> <Opcode : 'read' 'write' 'nbread' 'nbwrite'> <Ports = 0> <Width = 24> <Depth = 16> <FIFO>


============================================================
+ Verbose Summary: Binding
============================================================
STG Binding: 
---------------- STG Properties BEGIN ----------------
- Is combinational: 0
- Is one-state seq: 0
- Is datapath-only: 0
- Is pipelined: 0
- Is top level: 0
Port [ Return ] is wired: 1; IO mode=ap_ctrl_hs:ce=0
Port [ sof_4]:  wired=1; compound=0; hidden=0; nouse=0; global=0; static=0; extern=0; dir=0; type=0; pingpong=0; private_global=0; IO mode=ap_none:ce=0
Port [ axi_last_2]:  wired=1; compound=0; hidden=0; nouse=0; global=0; static=0; extern=0; dir=0; type=0; pingpong=0; private_global=0; IO mode=ap_none:ce=0
Port [ axi_data_13]:  wired=1; compound=0; hidden=0; nouse=0; global=0; static=0; extern=0; dir=0; type=0; pingpong=0; private_global=0; IO mode=ap_none:ce=0
Port [ cols]:  wired=1; compound=0; hidden=0; nouse=0; global=0; static=0; extern=0; dir=0; type=0; pingpong=0; private_global=0; IO mode=ap_none:ce=0
Port [ cond]:  wired=1; compound=0; hidden=0; nouse=0; global=0; static=0; extern=0; dir=0; type=0; pingpong=0; private_global=0; IO mode=ap_none:ce=0
Port [ stream_in]:  wired=1; compound=1; hidden=0; nouse=0; global=0; static=0; extern=0; dir=1; type=3; pingpong=0; private_global=0; IO mode=ap_fifo:ce=0
Port [ s_axis_video_V_data_V]:  wired=1; compound=1; hidden=0; nouse=0; global=0; static=0; extern=0; dir=0; type=0; pingpong=0; private_global=0; IO mode=axis:ce=0
Port [ s_axis_video_V_keep_V]:  wired=1; compound=1; hidden=0; nouse=0; global=0; static=0; extern=0; dir=0; type=0; pingpong=0; private_global=0; IO mode=axis:ce=0
Port [ s_axis_video_V_strb_V]:  wired=1; compound=1; hidden=0; nouse=0; global=0; static=0; extern=0; dir=0; type=0; pingpong=0; private_global=0; IO mode=axis:ce=0
Port [ s_axis_video_V_user_V]:  wired=1; compound=1; hidden=0; nouse=0; global=0; static=0; extern=0; dir=0; type=0; pingpong=0; private_global=0; IO mode=axis:ce=0
Port [ s_axis_video_V_last_V]:  wired=1; compound=1; hidden=0; nouse=0; global=0; static=0; extern=0; dir=0; type=0; pingpong=0; private_global=0; IO mode=axis:ce=0
Port [ s_axis_video_V_id_V]:  wired=1; compound=1; hidden=0; nouse=0; global=0; static=0; extern=0; dir=0; type=0; pingpong=0; private_global=0; IO mode=axis:ce=0
Port [ s_axis_video_V_dest_V]:  wired=1; compound=1; hidden=0; nouse=0; global=0; static=0; extern=0; dir=0; type=0; pingpong=0; private_global=0; IO mode=axis:ce=0
Port [ eol_out]:  wired=1; compound=0; hidden=0; nouse=0; global=0; static=0; extern=0; dir=1; type=0; pingpong=0; private_global=0; IO mode=ap_vld:ce=0
Port [ axi_data_14_out]:  wired=1; compound=0; hidden=0; nouse=0; global=0; static=0; extern=0; dir=1; type=0; pingpong=0; private_global=0; IO mode=ap_vld:ce=0
---------------- STG Properties END ------------------

---------------- Datapath Model BEGIN ----------------

<LifeTime>
<method=bitvector/>
j                       (alloca             ) [ 010]
axi_data                (alloca             ) [ 011]
axi_last                (alloca             ) [ 011]
specaxissidechannel_ln0 (specaxissidechannel) [ 000]
specinterface_ln0       (specinterface      ) [ 000]
specinterface_ln0       (specinterface      ) [ 000]
specinterface_ln0       (specinterface      ) [ 000]
specinterface_ln0       (specinterface      ) [ 000]
specinterface_ln0       (specinterface      ) [ 000]
specinterface_ln0       (specinterface      ) [ 000]
specinterface_ln0       (specinterface      ) [ 000]
specinterface_ln0       (specinterface      ) [ 000]
cond_read               (read               ) [ 011]
cols_read               (read               ) [ 000]
axi_data_13_read        (read               ) [ 000]
axi_last_2_read         (read               ) [ 000]
sof_4_read              (read               ) [ 000]
store_ln516             (store              ) [ 000]
store_ln516             (store              ) [ 000]
store_ln545             (store              ) [ 000]
br_ln545                (br                 ) [ 000]
eol                     (phi                ) [ 010]
sof                     (phi                ) [ 010]
j_3                     (load               ) [ 000]
icmp_ln545              (icmp               ) [ 011]
speclooptripcount_ln0   (speclooptripcount  ) [ 000]
j_4                     (add                ) [ 000]
br_ln545                (br                 ) [ 000]
specpipeline_ln548      (specpipeline       ) [ 000]
specloopname_ln545      (specloopname       ) [ 000]
or_ln549                (or                 ) [ 010]
br_ln549                (br                 ) [ 000]
empty                   (read               ) [ 000]
axi_data_12             (extractvalue       ) [ 000]
axi_last_5              (extractvalue       ) [ 000]
store_ln516             (store              ) [ 000]
store_ln516             (store              ) [ 000]
br_ln0                  (br                 ) [ 000]
store_ln545             (store              ) [ 000]
br_ln545                (br                 ) [ 010]
axi_data_15             (load               ) [ 000]
axi_last_4              (load               ) [ 010]
tmp_s                   (partselect         ) [ 000]
trunc_ln63              (trunc              ) [ 000]
select_ln574            (select             ) [ 000]
tmp_1                   (partselect         ) [ 000]
select_ln574_1          (select             ) [ 000]
select_ln574_2          (select             ) [ 000]
or_ln587_3              (bitconcatenate     ) [ 000]
write_ln587             (write              ) [ 000]
axi_data_load           (load               ) [ 000]
write_ln0               (write              ) [ 000]
write_ln0               (write              ) [ 000]
ret_ln0                 (ret                ) [ 000]
</LifeTime>

<model>

<comp_list>
<comp id="0" class="1000" name="sof_4">
<pin_list>
<pin id="1" dir="1" index="0" bw="1" slack="0"/>
</pin_list>
<bind>
<StgValue><ssdm name="sof_4"/></StgValue>
</bind>
</comp>

<comp id="2" class="1000" name="axi_last_2">
<pin_list>
<pin id="3" dir="1" index="0" bw="1" slack="0"/>
</pin_list>
<bind>
<StgValue><ssdm name="axi_last_2"/></StgValue>
</bind>
</comp>

<comp id="4" class="1000" name="axi_data_13">
<pin_list>
<pin id="5" dir="1" index="0" bw="1" slack="0"/>
</pin_list>
<bind>
<StgValue><ssdm name="axi_data_13"/></StgValue>
</bind>
</comp>

<comp id="6" class="1000" name="cols">
<pin_list>
<pin id="7" dir="1" index="0" bw="1" slack="0"/>
</pin_list>
<bind>
<StgValue><ssdm name="cols"/></StgValue>
</bind>
</comp>

<comp id="8" class="1000" name="cond">
<pin_list>
<pin id="9" dir="1" index="0" bw="1" slack="0"/>
</pin_list>
<bind>
<StgValue><ssdm name="cond"/></StgValue>
</bind>
</comp>

<comp id="10" class="1000" name="stream_in">
<pin_list>
<pin id="11" dir="1" index="0" bw="1" slack="0"/>
</pin_list>
<bind>
<StgValue><ssdm name="stream_in"/></StgValue>
</bind>
</comp>

<comp id="12" class="1000" name="s_axis_video_V_data_V">
<pin_list>
<pin id="13" dir="1" index="0" bw="1" slack="0"/>
</pin_list>
<bind>
<StgValue><ssdm name="s_axis_video_V_data_V"/></StgValue>
</bind>
</comp>

<comp id="14" class="1000" name="s_axis_video_V_keep_V">
<pin_list>
<pin id="15" dir="1" index="0" bw="1" slack="0"/>
</pin_list>
<bind>
<StgValue><ssdm name="s_axis_video_V_keep_V"/></StgValue>
</bind>
</comp>

<comp id="16" class="1000" name="s_axis_video_V_strb_V">
<pin_list>
<pin id="17" dir="1" index="0" bw="1" slack="0"/>
</pin_list>
<bind>
<StgValue><ssdm name="s_axis_video_V_strb_V"/></StgValue>
</bind>
</comp>

<comp id="18" class="1000" name="s_axis_video_V_user_V">
<pin_list>
<pin id="19" dir="1" index="0" bw="1" slack="0"/>
</pin_list>
<bind>
<StgValue><ssdm name="s_axis_video_V_user_V"/></StgValue>
</bind>
</comp>

<comp id="20" class="1000" name="s_axis_video_V_last_V">
<pin_list>
<pin id="21" dir="1" index="0" bw="1" slack="0"/>
</pin_list>
<bind>
<StgValue><ssdm name="s_axis_video_V_last_V"/></StgValue>
</bind>
</comp>

<comp id="22" class="1000" name="s_axis_video_V_id_V">
<pin_list>
<pin id="23" dir="1" index="0" bw="1" slack="0"/>
</pin_list>
<bind>
<StgValue><ssdm name="s_axis_video_V_id_V"/></StgValue>
</bind>
</comp>

<comp id="24" class="1000" name="s_axis_video_V_dest_V">
<pin_list>
<pin id="25" dir="1" index="0" bw="1" slack="0"/>
</pin_list>
<bind>
<StgValue><ssdm name="s_axis_video_V_dest_V"/></StgValue>
</bind>
</comp>

<comp id="26" class="1000" name="eol_out">
<pin_list>
<pin id="27" dir="1" index="0" bw="1" slack="0"/>
</pin_list>
<bind>
<StgValue><ssdm name="eol_out"/></StgValue>
</bind>
</comp>

<comp id="28" class="1000" name="axi_data_14_out">
<pin_list>
<pin id="29" dir="1" index="0" bw="1" slack="0"/>
</pin_list>
<bind>
<StgValue><ssdm name="axi_data_14_out"/></StgValue>
</bind>
</comp>

<comp id="30" class="1001" name="const_30">
<pin_list>
<pin id="31" dir="1" index="0" bw="1" slack="0"/>
</pin_list>
<bind>
<StgValue><ssdm name=""/></StgValue>
</bind>
</comp>

<comp id="32" class="1001" name="const_32">
<pin_list>
<pin id="33" dir="1" index="0" bw="1" slack="2147483647"/>
</pin_list>
<bind>
<StgValue><ssdm name="_ssdm_op_SpecAXISSideChannel"/></StgValue>
</bind>
</comp>

<comp id="34" class="1001" name="const_34">
<pin_list>
<pin id="35" dir="1" index="0" bw="1" slack="2147483647"/>
</pin_list>
<bind>
<StgValue><ssdm name="empty_14"/></StgValue>
</bind>
</comp>

<comp id="36" class="1001" name="const_36">
<pin_list>
<pin id="37" dir="1" index="0" bw="1" slack="2147483647"/>
</pin_list>
<bind>
<StgValue><ssdm name="_ssdm_op_SpecInterface"/></StgValue>
</bind>
</comp>

<comp id="38" class="1001" name="const_38">
<pin_list>
<pin id="39" dir="1" index="0" bw="1" slack="2147483647"/>
</pin_list>
<bind>
<StgValue><ssdm name="empty_24"/></StgValue>
</bind>
</comp>

<comp id="40" class="1001" name="const_40">
<pin_list>
<pin id="41" dir="1" index="0" bw="1" slack="2147483647"/>
</pin_list>
<bind>
<StgValue><ssdm name=""/></StgValue>
</bind>
</comp>

<comp id="42" class="1001" name="const_42">
<pin_list>
<pin id="43" dir="1" index="0" bw="1" slack="2147483647"/>
</pin_list>
<bind>
<StgValue><ssdm name="empty_25"/></StgValue>
</bind>
</comp>

<comp id="44" class="1001" name="const_44">
<pin_list>
<pin id="45" dir="1" index="0" bw="1" slack="2147483647"/>
</pin_list>
<bind>
<StgValue><ssdm name="empty_26"/></StgValue>
</bind>
</comp>

<comp id="46" class="1001" name="const_46">
<pin_list>
<pin id="47" dir="1" index="0" bw="1" slack="2147483647"/>
</pin_list>
<bind>
<StgValue><ssdm name=""/></StgValue>
</bind>
</comp>

<comp id="48" class="1001" name="const_48">
<pin_list>
<pin id="49" dir="1" index="0" bw="1" slack="2147483647"/>
</pin_list>
<bind>
<StgValue><ssdm name="empty_12"/></StgValue>
</bind>
</comp>

<comp id="50" class="1001" name="const_50">
<pin_list>
<pin id="51" dir="1" index="0" bw="1" slack="0"/>
</pin_list>
<bind>
<StgValue><ssdm name="_ssdm_op_Read.ap_auto.i1"/></StgValue>
</bind>
</comp>

<comp id="52" class="1001" name="const_52">
<pin_list>
<pin id="53" dir="1" index="0" bw="1" slack="0"/>
</pin_list>
<bind>
<StgValue><ssdm name="_ssdm_op_Read.ap_auto.i11"/></StgValue>
</bind>
</comp>

<comp id="54" class="1001" name="const_54">
<pin_list>
<pin id="55" dir="1" index="0" bw="1" slack="0"/>
</pin_list>
<bind>
<StgValue><ssdm name="_ssdm_op_Read.ap_auto.i24"/></StgValue>
</bind>
</comp>

<comp id="56" class="1001" name="const_56">
<pin_list>
<pin id="57" dir="1" index="0" bw="1" slack="0"/>
</pin_list>
<bind>
<StgValue><ssdm name=""/></StgValue>
</bind>
</comp>

<comp id="58" class="1001" name="const_58">
<pin_list>
<pin id="59" dir="1" index="0" bw="1" slack="0"/>
</pin_list>
<bind>
<StgValue><ssdm name=""/></StgValue>
</bind>
</comp>

<comp id="60" class="1001" name="const_60">
<pin_list>
<pin id="61" dir="1" index="0" bw="1" slack="2147483647"/>
</pin_list>
<bind>
<StgValue><ssdm name="_ssdm_op_SpecLoopTripCount"/></StgValue>
</bind>
</comp>

<comp id="62" class="1001" name="const_62">
<pin_list>
<pin id="63" dir="1" index="0" bw="1" slack="2147483647"/>
</pin_list>
<bind>
<StgValue><ssdm name=""/></StgValue>
</bind>
</comp>

<comp id="64" class="1001" name="const_64">
<pin_list>
<pin id="65" dir="1" index="0" bw="1" slack="2147483647"/>
</pin_list>
<bind>
<StgValue><ssdm name=""/></StgValue>
</bind>
</comp>

<comp id="66" class="1001" name="const_66">
<pin_list>
<pin id="67" dir="1" index="0" bw="1" slack="2147483647"/>
</pin_list>
<bind>
<StgValue><ssdm name=""/></StgValue>
</bind>
</comp>

<comp id="68" class="1001" name="const_68">
<pin_list>
<pin id="69" dir="1" index="0" bw="1" slack="0"/>
</pin_list>
<bind>
<StgValue><ssdm name=""/></StgValue>
</bind>
</comp>

<comp id="70" class="1001" name="const_70">
<pin_list>
<pin id="71" dir="1" index="0" bw="1" slack="2147483647"/>
</pin_list>
<bind>
<StgValue><ssdm name="_ssdm_op_SpecPipeline"/></StgValue>
</bind>
</comp>

<comp id="72" class="1001" name="const_72">
<pin_list>
<pin id="73" dir="1" index="0" bw="1" slack="2147483647"/>
</pin_list>
<bind>
<StgValue><ssdm name="_ssdm_op_SpecLoopName"/></StgValue>
</bind>
</comp>

<comp id="74" class="1001" name="const_74">
<pin_list>
<pin id="75" dir="1" index="0" bw="1" slack="2147483647"/>
</pin_list>
<bind>
<StgValue><ssdm name="empty_16"/></StgValue>
</bind>
</comp>

<comp id="76" class="1001" name="const_76">
<pin_list>
<pin id="77" dir="1" index="0" bw="1" slack="0"/>
</pin_list>
<bind>
<StgValue><ssdm name="_ssdm_op_Read.axis.volatile.i24P0A.i3P0A.i3P0A.i1P0A.i1P0A.i1P0A.i1P0A"/></StgValue>
</bind>
</comp>

<comp id="78" class="1001" name="const_78">
<pin_list>
<pin id="79" dir="1" index="0" bw="1" slack="0"/>
</pin_list>
<bind>
<StgValue><ssdm name="_ssdm_op_PartSelect.i8.i24.i32.i32"/></StgValue>
</bind>
</comp>

<comp id="80" class="1001" name="const_80">
<pin_list>
<pin id="81" dir="1" index="0" bw="1" slack="0"/>
</pin_list>
<bind>
<StgValue><ssdm name=""/></StgValue>
</bind>
</comp>

<comp id="82" class="1001" name="const_82">
<pin_list>
<pin id="83" dir="1" index="0" bw="1" slack="0"/>
</pin_list>
<bind>
<StgValue><ssdm name=""/></StgValue>
</bind>
</comp>

<comp id="84" class="1001" name="const_84">
<pin_list>
<pin id="85" dir="1" index="0" bw="1" slack="0"/>
</pin_list>
<bind>
<StgValue><ssdm name=""/></StgValue>
</bind>
</comp>

<comp id="86" class="1001" name="const_86">
<pin_list>
<pin id="87" dir="1" index="0" bw="1" slack="0"/>
</pin_list>
<bind>
<StgValue><ssdm name=""/></StgValue>
</bind>
</comp>

<comp id="88" class="1001" name="const_88">
<pin_list>
<pin id="89" dir="1" index="0" bw="1" slack="0"/>
</pin_list>
<bind>
<StgValue><ssdm name="_ssdm_op_BitConcatenate.i24.i8.i8.i8"/></StgValue>
</bind>
</comp>

<comp id="90" class="1001" name="const_90">
<pin_list>
<pin id="91" dir="1" index="0" bw="1" slack="0"/>
</pin_list>
<bind>
<StgValue><ssdm name="_ssdm_op_Write.ap_fifo.volatile.i24P0A"/></StgValue>
</bind>
</comp>

<comp id="92" class="1001" name="const_92">
<pin_list>
<pin id="93" dir="1" index="0" bw="1" slack="0"/>
</pin_list>
<bind>
<StgValue><ssdm name="_ssdm_op_Write.ap_auto.i1P0A"/></StgValue>
</bind>
</comp>

<comp id="94" class="1001" name="const_94">
<pin_list>
<pin id="95" dir="1" index="0" bw="1" slack="0"/>
</pin_list>
<bind>
<StgValue><ssdm name="_ssdm_op_Write.ap_auto.i24P0A"/></StgValue>
</bind>
</comp>

<comp id="96" class="1004" name="j_fu_96">
<pin_list>
<pin id="97" dir="0" index="0" bw="1" slack="0"/>
<pin id="98" dir="1" index="1" bw="11" slack="0"/>
</pin_list>
<bind>
<opcode="alloca(26) " fcode="alloca"/>
<opset="j/1 "/>
</bind>
</comp>

<comp id="100" class="1004" name="axi_data_fu_100">
<pin_list>
<pin id="101" dir="0" index="0" bw="1" slack="0"/>
<pin id="102" dir="1" index="1" bw="24" slack="0"/>
</pin_list>
<bind>
<opcode="alloca(26) " fcode="alloca"/>
<opset="axi_data/1 "/>
</bind>
</comp>

<comp id="104" class="1004" name="axi_last_fu_104">
<pin_list>
<pin id="105" dir="0" index="0" bw="1" slack="0"/>
<pin id="106" dir="1" index="1" bw="1" slack="0"/>
</pin_list>
<bind>
<opcode="alloca(26) " fcode="alloca"/>
<opset="axi_last/1 "/>
</bind>
</comp>

<comp id="108" class="1004" name="cond_read_read_fu_108">
<pin_list>
<pin id="109" dir="0" index="0" bw="1" slack="0"/>
<pin id="110" dir="0" index="1" bw="1" slack="0"/>
<pin id="111" dir="1" index="2" bw="1" slack="1"/>
</pin_list>
<bind>
<opcode="read(1150) " fcode="read"/>
<opset="cond_read/1 "/>
</bind>
</comp>

<comp id="114" class="1004" name="cols_read_read_fu_114">
<pin_list>
<pin id="115" dir="0" index="0" bw="11" slack="0"/>
<pin id="116" dir="0" index="1" bw="11" slack="0"/>
<pin id="117" dir="1" index="2" bw="11" slack="0"/>
</pin_list>
<bind>
<opcode="read(1150) " fcode="read"/>
<opset="cols_read/1 "/>
</bind>
</comp>

<comp id="120" class="1004" name="axi_data_13_read_read_fu_120">
<pin_list>
<pin id="121" dir="0" index="0" bw="24" slack="0"/>
<pin id="122" dir="0" index="1" bw="24" slack="0"/>
<pin id="123" dir="1" index="2" bw="24" slack="0"/>
</pin_list>
<bind>
<opcode="read(1150) " fcode="read"/>
<opset="axi_data_13_read/1 "/>
</bind>
</comp>

<comp id="126" class="1004" name="axi_last_2_read_read_fu_126">
<pin_list>
<pin id="127" dir="0" index="0" bw="1" slack="0"/>
<pin id="128" dir="0" index="1" bw="1" slack="0"/>
<pin id="129" dir="1" index="2" bw="1" slack="0"/>
</pin_list>
<bind>
<opcode="read(1150) " fcode="read"/>
<opset="axi_last_2_read/1 "/>
</bind>
</comp>

<comp id="132" class="1004" name="sof_4_read_read_fu_132">
<pin_list>
<pin id="133" dir="0" index="0" bw="1" slack="0"/>
<pin id="134" dir="0" index="1" bw="1" slack="0"/>
<pin id="135" dir="1" index="2" bw="1" slack="0"/>
</pin_list>
<bind>
<opcode="read(1150) " fcode="read"/>
<opset="sof_4_read/1 "/>
</bind>
</comp>

<comp id="138" class="1004" name="empty_read_fu_138">
<pin_list>
<pin id="139" dir="0" index="0" bw="34" slack="0"/>
<pin id="140" dir="0" index="1" bw="24" slack="0"/>
<pin id="141" dir="0" index="2" bw="3" slack="0"/>
<pin id="142" dir="0" index="3" bw="3" slack="0"/>
<pin id="143" dir="0" index="4" bw="1" slack="0"/>
<pin id="144" dir="0" index="5" bw="1" slack="0"/>
<pin id="145" dir="0" index="6" bw="1" slack="0"/>
<pin id="146" dir="0" index="7" bw="1" slack="0"/>
<pin id="147" dir="1" index="8" bw="34" slack="0"/>
</pin_list>
<bind>
<opcode="read(1150) " fcode="read"/>
<opset="empty/1 "/>
</bind>
</comp>

<comp id="156" class="1004" name="write_ln587_write_fu_156">
<pin_list>
<pin id="157" dir="0" index="0" bw="0" slack="0"/>
<pin id="158" dir="0" index="1" bw="24" slack="0"/>
<pin id="159" dir="0" index="2" bw="24" slack="0"/>
<pin id="160" dir="1" index="3" bw="0" slack="2147483647"/>
</pin_list>
<bind>
<opcode="write(1151) " fcode="write"/>
<opset="write_ln587/2 "/>
</bind>
</comp>

<comp id="163" class="1004" name="write_ln0_write_fu_163">
<pin_list>
<pin id="164" dir="0" index="0" bw="0" slack="0"/>
<pin id="165" dir="0" index="1" bw="1" slack="0"/>
<pin id="166" dir="0" index="2" bw="1" slack="0"/>
<pin id="167" dir="1" index="3" bw="0" slack="2147483647"/>
</pin_list>
<bind>
<opcode="write(1151) " fcode="write"/>
<opset="write_ln0/1 "/>
</bind>
</comp>

<comp id="170" class="1004" name="write_ln0_write_fu_170">
<pin_list>
<pin id="171" dir="0" index="0" bw="0" slack="0"/>
<pin id="172" dir="0" index="1" bw="24" slack="0"/>
<pin id="173" dir="0" index="2" bw="24" slack="0"/>
<pin id="174" dir="1" index="3" bw="0" slack="2147483647"/>
</pin_list>
<bind>
<opcode="write(1151) " fcode="write"/>
<opset="write_ln0/1 "/>
</bind>
</comp>

<comp id="177" class="1005" name="eol_reg_177">
<pin_list>
<pin id="178" dir="0" index="0" bw="1" slack="2147483647"/>
<pin id="179" dir="1" index="1" bw="1" slack="2147483647"/>
</pin_list>
<bind>
<opset="eol (phireg) "/>
</bind>
</comp>

<comp id="180" class="1004" name="eol_phi_fu_180">
<pin_list>
<pin id="181" dir="0" index="0" bw="1" slack="0"/>
<pin id="182" dir="0" index="1" bw="0" slack="2147483647"/>
<pin id="183" dir="0" index="2" bw="1" slack="1"/>
<pin id="184" dir="0" index="3" bw="0" slack="2147483647"/>
<pin id="185" dir="1" index="4" bw="1" slack="0"/>
</pin_list>
<bind>
<opcode="phi(47) " fcode="phi"/>
<opset="eol/1 "/>
</bind>
</comp>

<comp id="188" class="1005" name="sof_reg_188">
<pin_list>
<pin id="189" dir="0" index="0" bw="1" slack="2147483647"/>
<pin id="190" dir="1" index="1" bw="1" slack="2147483647"/>
</pin_list>
<bind>
<opset="sof (phireg) "/>
</bind>
</comp>

<comp id="191" class="1004" name="sof_phi_fu_191">
<pin_list>
<pin id="192" dir="0" index="0" bw="1" slack="0"/>
<pin id="193" dir="0" index="1" bw="0" slack="2147483647"/>
<pin id="194" dir="0" index="2" bw="1" slack="0"/>
<pin id="195" dir="0" index="3" bw="0" slack="2147483647"/>
<pin id="196" dir="1" index="4" bw="1" slack="0"/>
</pin_list>
<bind>
<opcode="phi(47) " fcode="phi"/>
<opset="sof/1 "/>
</bind>
</comp>

<comp id="199" class="1004" name="store_ln516_store_fu_199">
<pin_list>
<pin id="200" dir="0" index="0" bw="1" slack="0"/>
<pin id="201" dir="0" index="1" bw="1" slack="0"/>
<pin id="202" dir="1" index="2" bw="0" slack="2147483647"/>
</pin_list>
<bind>
<opcode="store(28) " fcode="store"/>
<opset="store_ln516/1 "/>
</bind>
</comp>

<comp id="204" class="1004" name="store_ln516_store_fu_204">
<pin_list>
<pin id="205" dir="0" index="0" bw="24" slack="0"/>
<pin id="206" dir="0" index="1" bw="24" slack="0"/>
<pin id="207" dir="1" index="2" bw="0" slack="2147483647"/>
</pin_list>
<bind>
<opcode="store(28) " fcode="store"/>
<opset="store_ln516/1 "/>
</bind>
</comp>

<comp id="209" class="1004" name="store_ln545_store_fu_209">
<pin_list>
<pin id="210" dir="0" index="0" bw="1" slack="0"/>
<pin id="211" dir="0" index="1" bw="11" slack="0"/>
<pin id="212" dir="1" index="2" bw="0" slack="2147483647"/>
</pin_list>
<bind>
<opcode="store(28) " fcode="store"/>
<opset="store_ln545/1 "/>
</bind>
</comp>

<comp id="214" class="1004" name="j_3_load_fu_214">
<pin_list>
<pin id="215" dir="0" index="0" bw="11" slack="0"/>
<pin id="216" dir="1" index="1" bw="11" slack="0"/>
</pin_list>
<bind>
<opcode="load(27) " fcode="load"/>
<opset="j_3/1 "/>
</bind>
</comp>

<comp id="217" class="1004" name="icmp_ln545_fu_217">
<pin_list>
<pin id="218" dir="0" index="0" bw="11" slack="0"/>
<pin id="219" dir="0" index="1" bw="11" slack="0"/>
<pin id="220" dir="1" index="2" bw="1" slack="1"/>
</pin_list>
<bind>
<opcode="icmp(45) " fcode="icmp"/>
<opset="icmp_ln545/1 "/>
</bind>
</comp>

<comp id="223" class="1004" name="j_4_fu_223">
<pin_list>
<pin id="224" dir="0" index="0" bw="11" slack="0"/>
<pin id="225" dir="0" index="1" bw="1" slack="0"/>
<pin id="226" dir="1" index="2" bw="11" slack="0"/>
</pin_list>
<bind>
<opcode="add(8) " fcode="add"/>
<opset="j_4/1 "/>
</bind>
</comp>

<comp id="229" class="1004" name="or_ln549_fu_229">
<pin_list>
<pin id="230" dir="0" index="0" bw="1" slack="0"/>
<pin id="231" dir="0" index="1" bw="1" slack="0"/>
<pin id="232" dir="1" index="2" bw="1" slack="2147483647"/>
</pin_list>
<bind>
<opcode="or(24) " fcode="or"/>
<opset="or_ln549/1 "/>
</bind>
</comp>

<comp id="235" class="1004" name="axi_data_12_fu_235">
<pin_list>
<pin id="236" dir="0" index="0" bw="34" slack="0"/>
<pin id="237" dir="1" index="1" bw="24" slack="0"/>
</pin_list>
<bind>
<opcode="extractvalue(56) " fcode="extractvalue"/>
<opset="axi_data_12/1 "/>
</bind>
</comp>

<comp id="239" class="1004" name="axi_last_5_fu_239">
<pin_list>
<pin id="240" dir="0" index="0" bw="34" slack="0"/>
<pin id="241" dir="1" index="1" bw="1" slack="0"/>
</pin_list>
<bind>
<opcode="extractvalue(56) " fcode="extractvalue"/>
<opset="axi_last_5/1 "/>
</bind>
</comp>

<comp id="243" class="1004" name="store_ln516_store_fu_243">
<pin_list>
<pin id="244" dir="0" index="0" bw="1" slack="0"/>
<pin id="245" dir="0" index="1" bw="1" slack="0"/>
<pin id="246" dir="1" index="2" bw="0" slack="2147483647"/>
</pin_list>
<bind>
<opcode="store(28) " fcode="store"/>
<opset="store_ln516/1 "/>
</bind>
</comp>

<comp id="248" class="1004" name="store_ln516_store_fu_248">
<pin_list>
<pin id="249" dir="0" index="0" bw="24" slack="0"/>
<pin id="250" dir="0" index="1" bw="24" slack="0"/>
<pin id="251" dir="1" index="2" bw="0" slack="2147483647"/>
</pin_list>
<bind>
<opcode="store(28) " fcode="store"/>
<opset="store_ln516/1 "/>
</bind>
</comp>

<comp id="253" class="1004" name="store_ln545_store_fu_253">
<pin_list>
<pin id="254" dir="0" index="0" bw="11" slack="0"/>
<pin id="255" dir="0" index="1" bw="11" slack="0"/>
<pin id="256" dir="1" index="2" bw="0" slack="2147483647"/>
</pin_list>
<bind>
<opcode="store(28) " fcode="store"/>
<opset="store_ln545/1 "/>
</bind>
</comp>

<comp id="258" class="1004" name="axi_data_15_load_fu_258">
<pin_list>
<pin id="259" dir="0" index="0" bw="24" slack="1"/>
<pin id="260" dir="1" index="1" bw="24" slack="0"/>
</pin_list>
<bind>
<opcode="load(27) " fcode="load"/>
<opset="axi_data_15/2 "/>
</bind>
</comp>

<comp id="261" class="1004" name="axi_last_4_load_fu_261">
<pin_list>
<pin id="262" dir="0" index="0" bw="1" slack="1"/>
<pin id="263" dir="1" index="1" bw="1" slack="1"/>
</pin_list>
<bind>
<opcode="load(27) " fcode="load"/>
<opset="axi_last_4/2 "/>
</bind>
</comp>

<comp id="264" class="1004" name="tmp_s_fu_264">
<pin_list>
<pin id="265" dir="0" index="0" bw="8" slack="0"/>
<pin id="266" dir="0" index="1" bw="24" slack="0"/>
<pin id="267" dir="0" index="2" bw="6" slack="0"/>
<pin id="268" dir="0" index="3" bw="6" slack="0"/>
<pin id="269" dir="1" index="4" bw="8" slack="0"/>
</pin_list>
<bind>
<opcode="partselect(1002) " fcode="partselect"/>
<opset="tmp_s/2 "/>
</bind>
</comp>

<comp id="274" class="1004" name="trunc_ln63_fu_274">
<pin_list>
<pin id="275" dir="0" index="0" bw="24" slack="0"/>
<pin id="276" dir="1" index="1" bw="8" slack="0"/>
</pin_list>
<bind>
<opcode="trunc(33) " fcode="trunc"/>
<opset="trunc_ln63/2 "/>
</bind>
</comp>

<comp id="278" class="1004" name="select_ln574_fu_278">
<pin_list>
<pin id="279" dir="0" index="0" bw="1" slack="1"/>
<pin id="280" dir="0" index="1" bw="8" slack="0"/>
<pin id="281" dir="0" index="2" bw="8" slack="0"/>
<pin id="282" dir="1" index="3" bw="8" slack="0"/>
</pin_list>
<bind>
<opcode="select(49) " fcode="select"/>
<opset="select_ln574/2 "/>
</bind>
</comp>

<comp id="285" class="1004" name="tmp_1_fu_285">
<pin_list>
<pin id="286" dir="0" index="0" bw="8" slack="0"/>
<pin id="287" dir="0" index="1" bw="24" slack="0"/>
<pin id="288" dir="0" index="2" bw="5" slack="0"/>
<pin id="289" dir="0" index="3" bw="5" slack="0"/>
<pin id="290" dir="1" index="4" bw="8" slack="0"/>
</pin_list>
<bind>
<opcode="partselect(1002) " fcode="partselect"/>
<opset="tmp_1/2 "/>
</bind>
</comp>

<comp id="295" class="1004" name="select_ln574_1_fu_295">
<pin_list>
<pin id="296" dir="0" index="0" bw="1" slack="1"/>
<pin id="297" dir="0" index="1" bw="8" slack="0"/>
<pin id="298" dir="0" index="2" bw="8" slack="0"/>
<pin id="299" dir="1" index="3" bw="8" slack="0"/>
</pin_list>
<bind>
<opcode="select(49) " fcode="select"/>
<opset="select_ln574_1/2 "/>
</bind>
</comp>

<comp id="302" class="1004" name="select_ln574_2_fu_302">
<pin_list>
<pin id="303" dir="0" index="0" bw="1" slack="1"/>
<pin id="304" dir="0" index="1" bw="8" slack="0"/>
<pin id="305" dir="0" index="2" bw="8" slack="0"/>
<pin id="306" dir="1" index="3" bw="8" slack="0"/>
</pin_list>
<bind>
<opcode="select(49) " fcode="select"/>
<opset="select_ln574_2/2 "/>
</bind>
</comp>

<comp id="309" class="1004" name="or_ln587_3_fu_309">
<pin_list>
<pin id="310" dir="0" index="0" bw="24" slack="0"/>
<pin id="311" dir="0" index="1" bw="8" slack="0"/>
<pin id="312" dir="0" index="2" bw="8" slack="0"/>
<pin id="313" dir="0" index="3" bw="8" slack="0"/>
<pin id="314" dir="1" index="4" bw="24" slack="0"/>
</pin_list>
<bind>
<opcode="bitconcatenate(1004) " fcode="bitconcatenate"/>
<opset="or_ln587_3/2 "/>
</bind>
</comp>

<comp id="320" class="1004" name="axi_data_load_load_fu_320">
<pin_list>
<pin id="321" dir="0" index="0" bw="24" slack="0"/>
<pin id="322" dir="1" index="1" bw="24" slack="0"/>
</pin_list>
<bind>
<opcode="load(27) " fcode="load"/>
<opset="axi_data_load/1 "/>
</bind>
</comp>

<comp id="324" class="1005" name="j_reg_324">
<pin_list>
<pin id="325" dir="0" index="0" bw="11" slack="0"/>
<pin id="326" dir="1" index="1" bw="11" slack="0"/>
</pin_list>
<bind>
<opset="j "/>
</bind>
</comp>

<comp id="331" class="1005" name="axi_data_reg_331">
<pin_list>
<pin id="332" dir="0" index="0" bw="24" slack="0"/>
<pin id="333" dir="1" index="1" bw="24" slack="0"/>
</pin_list>
<bind>
<opset="axi_data "/>
</bind>
</comp>

<comp id="339" class="1005" name="axi_last_reg_339">
<pin_list>
<pin id="340" dir="0" index="0" bw="1" slack="0"/>
<pin id="341" dir="1" index="1" bw="1" slack="0"/>
</pin_list>
<bind>
<opset="axi_last "/>
</bind>
</comp>

<comp id="346" class="1005" name="cond_read_reg_346">
<pin_list>
<pin id="347" dir="0" index="0" bw="1" slack="1"/>
<pin id="348" dir="1" index="1" bw="1" slack="1"/>
</pin_list>
<bind>
<opset="cond_read "/>
</bind>
</comp>

<comp id="353" class="1005" name="icmp_ln545_reg_353">
<pin_list>
<pin id="354" dir="0" index="0" bw="1" slack="1"/>
<pin id="355" dir="1" index="1" bw="1" slack="2147483647"/>
</pin_list>
<bind>
<opset="icmp_ln545 "/>
</bind>
</comp>

<comp id="360" class="1005" name="axi_last_4_reg_360">
<pin_list>
<pin id="361" dir="0" index="0" bw="1" slack="1"/>
<pin id="362" dir="1" index="1" bw="1" slack="1"/>
</pin_list>
<bind>
<opset="axi_last_4 "/>
</bind>
</comp>

</comp_list>

<net_list>
<net id="99"><net_src comp="30" pin="0"/><net_sink comp="96" pin=0"/></net>

<net id="103"><net_src comp="30" pin="0"/><net_sink comp="100" pin=0"/></net>

<net id="107"><net_src comp="30" pin="0"/><net_sink comp="104" pin=0"/></net>

<net id="112"><net_src comp="50" pin="0"/><net_sink comp="108" pin=0"/></net>

<net id="113"><net_src comp="8" pin="0"/><net_sink comp="108" pin=1"/></net>

<net id="118"><net_src comp="52" pin="0"/><net_sink comp="114" pin=0"/></net>

<net id="119"><net_src comp="6" pin="0"/><net_sink comp="114" pin=1"/></net>

<net id="124"><net_src comp="54" pin="0"/><net_sink comp="120" pin=0"/></net>

<net id="125"><net_src comp="4" pin="0"/><net_sink comp="120" pin=1"/></net>

<net id="130"><net_src comp="50" pin="0"/><net_sink comp="126" pin=0"/></net>

<net id="131"><net_src comp="2" pin="0"/><net_sink comp="126" pin=1"/></net>

<net id="136"><net_src comp="50" pin="0"/><net_sink comp="132" pin=0"/></net>

<net id="137"><net_src comp="0" pin="0"/><net_sink comp="132" pin=1"/></net>

<net id="148"><net_src comp="76" pin="0"/><net_sink comp="138" pin=0"/></net>

<net id="149"><net_src comp="12" pin="0"/><net_sink comp="138" pin=1"/></net>

<net id="150"><net_src comp="14" pin="0"/><net_sink comp="138" pin=2"/></net>

<net id="151"><net_src comp="16" pin="0"/><net_sink comp="138" pin=3"/></net>

<net id="152"><net_src comp="18" pin="0"/><net_sink comp="138" pin=4"/></net>

<net id="153"><net_src comp="20" pin="0"/><net_sink comp="138" pin=5"/></net>

<net id="154"><net_src comp="22" pin="0"/><net_sink comp="138" pin=6"/></net>

<net id="155"><net_src comp="24" pin="0"/><net_sink comp="138" pin=7"/></net>

<net id="161"><net_src comp="90" pin="0"/><net_sink comp="156" pin=0"/></net>

<net id="162"><net_src comp="10" pin="0"/><net_sink comp="156" pin=1"/></net>

<net id="168"><net_src comp="92" pin="0"/><net_sink comp="163" pin=0"/></net>

<net id="169"><net_src comp="26" pin="0"/><net_sink comp="163" pin=1"/></net>

<net id="175"><net_src comp="94" pin="0"/><net_sink comp="170" pin=0"/></net>

<net id="176"><net_src comp="28" pin="0"/><net_sink comp="170" pin=1"/></net>

<net id="186"><net_src comp="58" pin="0"/><net_sink comp="180" pin=0"/></net>

<net id="187"><net_src comp="180" pin="4"/><net_sink comp="163" pin=2"/></net>

<net id="197"><net_src comp="132" pin="2"/><net_sink comp="191" pin=0"/></net>

<net id="198"><net_src comp="58" pin="0"/><net_sink comp="191" pin=2"/></net>

<net id="203"><net_src comp="126" pin="2"/><net_sink comp="199" pin=0"/></net>

<net id="208"><net_src comp="120" pin="2"/><net_sink comp="204" pin=0"/></net>

<net id="213"><net_src comp="56" pin="0"/><net_sink comp="209" pin=0"/></net>

<net id="221"><net_src comp="214" pin="1"/><net_sink comp="217" pin=0"/></net>

<net id="222"><net_src comp="114" pin="2"/><net_sink comp="217" pin=1"/></net>

<net id="227"><net_src comp="214" pin="1"/><net_sink comp="223" pin=0"/></net>

<net id="228"><net_src comp="68" pin="0"/><net_sink comp="223" pin=1"/></net>

<net id="233"><net_src comp="191" pin="4"/><net_sink comp="229" pin=0"/></net>

<net id="234"><net_src comp="180" pin="4"/><net_sink comp="229" pin=1"/></net>

<net id="238"><net_src comp="138" pin="8"/><net_sink comp="235" pin=0"/></net>

<net id="242"><net_src comp="138" pin="8"/><net_sink comp="239" pin=0"/></net>

<net id="247"><net_src comp="239" pin="1"/><net_sink comp="243" pin=0"/></net>

<net id="252"><net_src comp="235" pin="1"/><net_sink comp="248" pin=0"/></net>

<net id="257"><net_src comp="223" pin="2"/><net_sink comp="253" pin=0"/></net>

<net id="270"><net_src comp="78" pin="0"/><net_sink comp="264" pin=0"/></net>

<net id="271"><net_src comp="258" pin="1"/><net_sink comp="264" pin=1"/></net>

<net id="272"><net_src comp="80" pin="0"/><net_sink comp="264" pin=2"/></net>

<net id="273"><net_src comp="82" pin="0"/><net_sink comp="264" pin=3"/></net>

<net id="277"><net_src comp="258" pin="1"/><net_sink comp="274" pin=0"/></net>

<net id="283"><net_src comp="264" pin="4"/><net_sink comp="278" pin=1"/></net>

<net id="284"><net_src comp="274" pin="1"/><net_sink comp="278" pin=2"/></net>

<net id="291"><net_src comp="78" pin="0"/><net_sink comp="285" pin=0"/></net>

<net id="292"><net_src comp="258" pin="1"/><net_sink comp="285" pin=1"/></net>

<net id="293"><net_src comp="84" pin="0"/><net_sink comp="285" pin=2"/></net>

<net id="294"><net_src comp="86" pin="0"/><net_sink comp="285" pin=3"/></net>

<net id="300"><net_src comp="274" pin="1"/><net_sink comp="295" pin=1"/></net>

<net id="301"><net_src comp="285" pin="4"/><net_sink comp="295" pin=2"/></net>

<net id="307"><net_src comp="285" pin="4"/><net_sink comp="302" pin=1"/></net>

<net id="308"><net_src comp="264" pin="4"/><net_sink comp="302" pin=2"/></net>

<net id="315"><net_src comp="88" pin="0"/><net_sink comp="309" pin=0"/></net>

<net id="316"><net_src comp="302" pin="3"/><net_sink comp="309" pin=1"/></net>

<net id="317"><net_src comp="295" pin="3"/><net_sink comp="309" pin=2"/></net>

<net id="318"><net_src comp="278" pin="3"/><net_sink comp="309" pin=3"/></net>

<net id="319"><net_src comp="309" pin="4"/><net_sink comp="156" pin=2"/></net>

<net id="323"><net_src comp="320" pin="1"/><net_sink comp="170" pin=2"/></net>

<net id="327"><net_src comp="96" pin="1"/><net_sink comp="324" pin=0"/></net>

<net id="328"><net_src comp="324" pin="1"/><net_sink comp="209" pin=1"/></net>

<net id="329"><net_src comp="324" pin="1"/><net_sink comp="214" pin=0"/></net>

<net id="330"><net_src comp="324" pin="1"/><net_sink comp="253" pin=1"/></net>

<net id="334"><net_src comp="100" pin="1"/><net_sink comp="331" pin=0"/></net>

<net id="335"><net_src comp="331" pin="1"/><net_sink comp="204" pin=1"/></net>

<net id="336"><net_src comp="331" pin="1"/><net_sink comp="248" pin=1"/></net>

<net id="337"><net_src comp="331" pin="1"/><net_sink comp="258" pin=0"/></net>

<net id="338"><net_src comp="331" pin="1"/><net_sink comp="320" pin=0"/></net>

<net id="342"><net_src comp="104" pin="1"/><net_sink comp="339" pin=0"/></net>

<net id="343"><net_src comp="339" pin="1"/><net_sink comp="199" pin=1"/></net>

<net id="344"><net_src comp="339" pin="1"/><net_sink comp="243" pin=1"/></net>

<net id="345"><net_src comp="339" pin="1"/><net_sink comp="261" pin=0"/></net>

<net id="349"><net_src comp="108" pin="2"/><net_sink comp="346" pin=0"/></net>

<net id="350"><net_src comp="346" pin="1"/><net_sink comp="278" pin=0"/></net>

<net id="351"><net_src comp="346" pin="1"/><net_sink comp="295" pin=0"/></net>

<net id="352"><net_src comp="346" pin="1"/><net_sink comp="302" pin=0"/></net>

<net id="356"><net_src comp="217" pin="2"/><net_sink comp="353" pin=0"/></net>

<net id="363"><net_src comp="261" pin="1"/><net_sink comp="360" pin=0"/></net>

<net id="364"><net_src comp="360" pin="1"/><net_sink comp="180" pin=2"/></net>

</net_list>

</model> 
---------------- Datapath Model END ------------------

* FSMD analyzer results:
  - Output states:
	Port: stream_in | {2 }
	Port: s_axis_video_V_data_V | {}
	Port: s_axis_video_V_keep_V | {}
	Port: s_axis_video_V_strb_V | {}
	Port: s_axis_video_V_user_V | {}
	Port: s_axis_video_V_last_V | {}
	Port: s_axis_video_V_id_V | {}
	Port: s_axis_video_V_dest_V | {}
	Port: eol_out | {1 }
	Port: axi_data_14_out | {1 }
 - Input state : 
	Port: AXIvideo2MultiPixStream_Pipeline_loop_width : sof_4 | {1 }
	Port: AXIvideo2MultiPixStream_Pipeline_loop_width : axi_last_2 | {1 }
	Port: AXIvideo2MultiPixStream_Pipeline_loop_width : axi_data_13 | {1 }
	Port: AXIvideo2MultiPixStream_Pipeline_loop_width : cols | {1 }
	Port: AXIvideo2MultiPixStream_Pipeline_loop_width : cond | {1 }
	Port: AXIvideo2MultiPixStream_Pipeline_loop_width : stream_in | {}
	Port: AXIvideo2MultiPixStream_Pipeline_loop_width : s_axis_video_V_data_V | {1 }
	Port: AXIvideo2MultiPixStream_Pipeline_loop_width : s_axis_video_V_keep_V | {1 }
	Port: AXIvideo2MultiPixStream_Pipeline_loop_width : s_axis_video_V_strb_V | {1 }
	Port: AXIvideo2MultiPixStream_Pipeline_loop_width : s_axis_video_V_user_V | {1 }
	Port: AXIvideo2MultiPixStream_Pipeline_loop_width : s_axis_video_V_last_V | {1 }
	Port: AXIvideo2MultiPixStream_Pipeline_loop_width : s_axis_video_V_id_V | {1 }
	Port: AXIvideo2MultiPixStream_Pipeline_loop_width : s_axis_video_V_dest_V | {1 }
  - Chain level:
	State 1
		store_ln545 : 1
		eol : 1
		sof : 1
		j_3 : 1
		icmp_ln545 : 2
		j_4 : 2
		br_ln545 : 3
		or_ln549 : 2
		br_ln549 : 2
		store_ln516 : 1
		store_ln516 : 1
		store_ln545 : 3
		axi_data_load : 1
		write_ln0 : 2
		write_ln0 : 2
	State 2
		tmp_s : 1
		trunc_ln63 : 1
		select_ln574 : 2
		tmp_1 : 1
		select_ln574_1 : 2
		select_ln574_2 : 2
		or_ln587_3 : 3
		write_ln587 : 4


============================================================
+ Verbose Summary: Datapath Resource usage 
============================================================

* Functional unit list:
|----------|------------------------------|---------|---------|
| Operation|        Functional Unit       |    FF   |   LUT   |
|----------|------------------------------|---------|---------|
|          |      select_ln574_fu_278     |    0    |    8    |
|  select  |     select_ln574_1_fu_295    |    0    |    8    |
|          |     select_ln574_2_fu_302    |    0    |    8    |
|----------|------------------------------|---------|---------|
|   icmp   |       icmp_ln545_fu_217      |    0    |    12   |
|----------|------------------------------|---------|---------|
|    add   |          j_4_fu_223          |    0    |    12   |
|----------|------------------------------|---------|---------|
|    or    |        or_ln549_fu_229       |    0    |    2    |
|----------|------------------------------|---------|---------|
|          |     cond_read_read_fu_108    |    0    |    0    |
|          |     cols_read_read_fu_114    |    0    |    0    |
|   read   | axi_data_13_read_read_fu_120 |    0    |    0    |
|          |  axi_last_2_read_read_fu_126 |    0    |    0    |
|          |    sof_4_read_read_fu_132    |    0    |    0    |
|          |       empty_read_fu_138      |    0    |    0    |
|----------|------------------------------|---------|---------|
|          |   write_ln587_write_fu_156   |    0    |    0    |
|   write  |    write_ln0_write_fu_163    |    0    |    0    |
|          |    write_ln0_write_fu_170    |    0    |    0    |
|----------|------------------------------|---------|---------|
|extractvalue|      axi_data_12_fu_235      |    0    |    0    |
|          |       axi_last_5_fu_239      |    0    |    0    |
|----------|------------------------------|---------|---------|
|partselect|         tmp_s_fu_264         |    0    |    0    |
|          |         tmp_1_fu_285         |    0    |    0    |
|----------|------------------------------|---------|---------|
|   trunc  |       trunc_ln63_fu_274      |    0    |    0    |
|----------|------------------------------|---------|---------|
|bitconcatenate|       or_ln587_3_fu_309      |    0    |    0    |
|----------|------------------------------|---------|---------|
|   Total  |                              |    0    |    50   |
|----------|------------------------------|---------|---------|

Memories:
N/A

* Register list:
+------------------+--------+
|                  |   FF   |
+------------------+--------+
| axi_data_reg_331 |   24   |
|axi_last_4_reg_360|    1   |
| axi_last_reg_339 |    1   |
| cond_read_reg_346|    1   |
|    eol_reg_177   |    1   |
|icmp_ln545_reg_353|    1   |
|     j_reg_324    |   11   |
|    sof_reg_188   |    1   |
+------------------+--------+
|       Total      |   41   |
+------------------+--------+

* Multiplexer (MUX) list: 
|--------|------|------|------|--------|
|  Comp  |  Pin | Size |  BW  | S x BW |
|--------|------|------|------|--------|
|  Total |      |      |      |    0   |
|--------|------|------|------|--------|



* Summary:
+-----------+--------+--------+
|           |   FF   |   LUT  |
+-----------+--------+--------+
|  Function |    0   |   50   |
|   Memory  |    -   |    -   |
|Multiplexer|    -   |    -   |
|  Register |   41   |    -   |
+-----------+--------+--------+
|   Total   |   41   |   50   |
+-----------+--------+--------+
