

================================================================
== Vitis HLS Report for 'AXIvideo2MultiPixStream'
================================================================
* Date:           Wed Sep 10 15:21:46 2025

* Version:        2024.1 (Build 5069499 on May 21 2024)
* Project:        prj
* Solution:       sol (Vivado IP Flow Target)
* Product family: zynq
* Target device:  xc7z020-clg484-1


================================================================
== Performance Estimates
================================================================
+ Timing: 
    * Summary: 
    +--------+---------+----------+------------+
    |  Clock |  Target | Estimated| Uncertainty|
    +--------+---------+----------+------------+
    |ap_clk  |  6.73 ns|  5.302 ns|     1.82 ns|
    +--------+---------+----------+------------+

+ Latency: 
    * Summary: 
    +---------+---------+-----------+-----------+------+---------+---------+
    |  Latency (cycles) |   Latency (absolute)  |    Interval    | Pipeline|
    |   min   |   max   |    min    |    max    |  min |   max   |   Type  |
    +---------+---------+-----------+-----------+------+---------+---------+
    |     4742|  2084406|  31.933 us|  14.036 ms|  4742|  2084406|       no|
    +---------+---------+-----------+-----------+------+---------+---------+

    + Detail: 
        * Instance: 
        +-----------------------------------------------------------------+------------------------------------------------------+---------+---------+-----------+-----------+-----+------+-----------------------------------------------+
        |                                                                 |                                                      |  Latency (cycles) |   Latency (absolute)  |  Interval  |                    Pipeline                   |
        |                             Instance                            |                        Module                        |   min   |   max   |    min    |    max    | min |  max |                      Type                     |
        +-----------------------------------------------------------------+------------------------------------------------------+---------+---------+-----------+-----------+-----+------+-----------------------------------------------+
        |grp_AXIvideo2MultiPixStream_Pipeline_loop_wait_for_start_fu_176  |AXIvideo2MultiPixStream_Pipeline_loop_wait_for_start  |        2|        2|  13.468 ns|  13.468 ns|    1|     1|  loop auto-rewind stp(delay=0 clock cycles(s))|
        |grp_AXIvideo2MultiPixStream_Pipeline_loop_width_fu_196           |AXIvideo2MultiPixStream_Pipeline_loop_width           |       66|     1922|   0.444 us|  12.943 us|   65|  1921|  loop auto-rewind stp(delay=0 clock cycles(s))|
        |grp_AXIvideo2MultiPixStream_Pipeline_loop_wait_for_eol_fu_225    |AXIvideo2MultiPixStream_Pipeline_loop_wait_for_eol    |        2|        2|  13.468 ns|  13.468 ns|    1|     1|  loop auto-rewind stp(delay=0 clock cycles(s))|
        |grp_reg_unsigned_short_s_fu_257                                  |reg_unsigned_short_s                                  |        1|        1|   6.734 ns|   6.734 ns|    1|     1|                                            yes|
        |grp_reg_unsigned_short_s_fu_262                                  |reg_unsigned_short_s                                  |        1|        1|   6.734 ns|   6.734 ns|    1|     1|                                            yes|
        +-----------------------------------------------------------------+------------------------------------------------------+---------+---------+-----------+-----------+-----+------+-----------------------------------------------+

        * Loop: 
        +---------------+---------+---------+-----------+-----------+-----------+-----------+----------+
        |               |  Latency (cycles) | Iteration |  Initiation Interval  |    Trip   |          |
        |   Loop Name   |   min   |   max   |  Latency  |  achieved |   target  |   Count   | Pipelined|
        +---------------+---------+---------+-----------+-----------+-----------+-----------+----------+
        |- loop_height  |     4736|  2084400|  74 ~ 1930|          -|          -|  64 ~ 1080|        no|
        +---------------+---------+---------+-----------+-----------+-----------+-----------+----------+



================================================================
== Utilization Estimates
================================================================
* Summary: 
+-----------------+---------+-----+--------+-------+-----+
|       Name      | BRAM_18K| DSP |   FF   |  LUT  | URAM|
+-----------------+---------+-----+--------+-------+-----+
|DSP              |        -|    -|       -|      -|    -|
|Expression       |        -|    -|       0|     41|    -|
|FIFO             |        -|    -|       -|      -|    -|
|Instance         |        -|    -|      74|    255|    -|
|Memory           |        -|    -|       -|      -|    -|
|Multiplexer      |        -|    -|       0|    142|    -|
|Register         |        -|    -|      87|      -|    -|
+-----------------+---------+-----+--------+-------+-----+
|Total            |        0|    0|     161|    438|    0|
+-----------------+---------+-----+--------+-------+-----+
|Available        |      280|  220|  106400|  53200|    0|
+-----------------+---------+-----+--------+-------+-----+
|Utilization (%)  |        0|    0|      ~0|     ~0|    0|
+-----------------+---------+-----+--------+-------+-----+

+ Detail: 
    * Instance: 
    +-----------------------------------------------------------------+------------------------------------------------------+---------+----+----+-----+-----+
    |                             Instance                            |                        Module                        | BRAM_18K| DSP| FF | LUT | URAM|
    +-----------------------------------------------------------------+------------------------------------------------------+---------+----+----+-----+-----+
    |grp_AXIvideo2MultiPixStream_Pipeline_loop_wait_for_eol_fu_225    |AXIvideo2MultiPixStream_Pipeline_loop_wait_for_eol    |        0|   0|   3|   43|    0|
    |grp_AXIvideo2MultiPixStream_Pipeline_loop_wait_for_start_fu_176  |AXIvideo2MultiPixStream_Pipeline_loop_wait_for_start  |        0|   0|   4|   38|    0|
    |grp_AXIvideo2MultiPixStream_Pipeline_loop_width_fu_196           |AXIvideo2MultiPixStream_Pipeline_loop_width           |        0|   0|  41|  170|    0|
    |grp_reg_unsigned_short_s_fu_257                                  |reg_unsigned_short_s                                  |        0|   0|  13|    2|    0|
    |grp_reg_unsigned_short_s_fu_262                                  |reg_unsigned_short_s                                  |        0|   0|  13|    2|    0|
    +-----------------------------------------------------------------+------------------------------------------------------+---------+----+----+-----+-----+
    |Total                                                            |                                                      |        0|   0|  74|  255|    0|
    +-----------------------------------------------------------------+------------------------------------------------------+---------+----+----+-----+-----+

    * DSP: 
    N/A

    * Memory: 
    N/A

    * FIFO: 
    N/A

    * Expression: 
    +----------------------+----------+----+---+----+------------+------------+
    |     Variable Name    | Operation| DSP| FF| LUT| Bitwidth P0| Bitwidth P1|
    +----------------------+----------+----+---+----+------------+------------+
    |i_4_fu_278_p2         |         +|   0|  0|  12|          11|           1|
    |cond_fu_246_p2        |      icmp|   0|  0|  15|           8|           1|
    |icmp_ln541_fu_273_p2  |      icmp|   0|  0|  12|          11|          11|
    |ap_block_state1       |        or|   0|  0|   2|           1|           1|
    +----------------------+----------+----+---+----+------------+------------+
    |Total                 |          |   0|  0|  41|          31|          14|
    +----------------------+----------+----+---+----+------------+------------+

    * Multiplexer: 
    +----------------------------------+----+-----------+-----+-----------+
    |               Name               | LUT| Input Size| Bits| Total Bits|
    +----------------------------------+----+-----------+-----+-----------+
    |HwReg_height_c5_blk_n             |   9|          2|    1|          2|
    |HwReg_width_c3_blk_n              |   9|          2|    1|          2|
    |ap_NS_fsm                         |  59|         11|    1|         11|
    |ap_done                           |   9|          2|    1|          2|
    |axi_data_13_fu_96                 |   9|          2|   24|         48|
    |axi_last_2_reg_164                |   9|          2|    1|          2|
    |i_fu_100                          |   9|          2|   11|         22|
    |s_axis_video_TREADY_int_regslice  |  20|          4|    1|          4|
    |stream_in_write                   |   9|          2|    1|          2|
    +----------------------------------+----+-----------+-----+-----------+
    |Total                             | 142|         29|   42|         95|
    +----------------------------------+----+-----------+-----+-----------+

    * Register: 
    +------------------------------------------------------------------------------+----+----+-----+-----------+
    |                                     Name                                     | FF | LUT| Bits| Const Bits|
    +------------------------------------------------------------------------------+----+----+-----+-----------+
    |ap_CS_fsm                                                                     |  10|   0|   10|          0|
    |ap_done_reg                                                                   |   1|   0|    1|          0|
    |axi_data_13_fu_96                                                             |  24|   0|   24|          0|
    |axi_last_2_reg_164                                                            |   1|   0|    1|          0|
    |cols_reg_352                                                                  |  11|   0|   11|          0|
    |cond_reg_342                                                                  |   1|   0|    1|          0|
    |grp_AXIvideo2MultiPixStream_Pipeline_loop_wait_for_eol_fu_225_ap_start_reg    |   1|   0|    1|          0|
    |grp_AXIvideo2MultiPixStream_Pipeline_loop_wait_for_start_fu_176_ap_start_reg  |   1|   0|    1|          0|
    |grp_AXIvideo2MultiPixStream_Pipeline_loop_width_fu_196_ap_start_reg           |   1|   0|    1|          0|
    |grp_reg_unsigned_short_s_fu_257_ap_start_reg                                  |   1|   0|    1|          0|
    |grp_reg_unsigned_short_s_fu_262_ap_start_reg                                  |   1|   0|    1|          0|
    |i_4_reg_363                                                                   |  11|   0|   11|          0|
    |i_fu_100                                                                      |  11|   0|   11|          0|
    |rows_reg_347                                                                  |  11|   0|   11|          0|
    |sof_reg_150                                                                   |   1|   0|    1|          0|
    +------------------------------------------------------------------------------+----+----+-----+-----------+
    |Total                                                                         |  87|   0|   87|          0|
    +------------------------------------------------------------------------------+----+----+-----+-----------+



================================================================
== Interface
================================================================
* Summary: 
+--------------------------------+-----+-----+------------+-------------------------+--------------+
|            RTL Ports           | Dir | Bits|  Protocol  |      Source Object      |    C Type    |
+--------------------------------+-----+-----+------------+-------------------------+--------------+
|ap_clk                          |   in|    1|  ap_ctrl_hs|  AXIvideo2MultiPixStream|  return value|
|ap_rst                          |   in|    1|  ap_ctrl_hs|  AXIvideo2MultiPixStream|  return value|
|ap_start                        |   in|    1|  ap_ctrl_hs|  AXIvideo2MultiPixStream|  return value|
|ap_done                         |  out|    1|  ap_ctrl_hs|  AXIvideo2MultiPixStream|  return value|
|ap_continue                     |   in|    1|  ap_ctrl_hs|  AXIvideo2MultiPixStream|  return value|
|ap_idle                         |  out|    1|  ap_ctrl_hs|  AXIvideo2MultiPixStream|  return value|
|ap_ready                        |  out|    1|  ap_ctrl_hs|  AXIvideo2MultiPixStream|  return value|
|s_axis_video_TDATA              |   in|   24|        axis|    s_axis_video_V_data_V|       pointer|
|s_axis_video_TVALID             |   in|    1|        axis|    s_axis_video_V_dest_V|       pointer|
|s_axis_video_TREADY             |  out|    1|        axis|    s_axis_video_V_dest_V|       pointer|
|s_axis_video_TDEST              |   in|    1|        axis|    s_axis_video_V_dest_V|       pointer|
|s_axis_video_TKEEP              |   in|    3|        axis|    s_axis_video_V_keep_V|       pointer|
|s_axis_video_TSTRB              |   in|    3|        axis|    s_axis_video_V_strb_V|       pointer|
|s_axis_video_TUSER              |   in|    1|        axis|    s_axis_video_V_user_V|       pointer|
|s_axis_video_TLAST              |   in|    1|        axis|    s_axis_video_V_last_V|       pointer|
|s_axis_video_TID                |   in|    1|        axis|      s_axis_video_V_id_V|       pointer|
|stream_in_din                   |  out|   24|     ap_fifo|                stream_in|       pointer|
|stream_in_num_data_valid        |   in|    5|     ap_fifo|                stream_in|       pointer|
|stream_in_fifo_cap              |   in|    5|     ap_fifo|                stream_in|       pointer|
|stream_in_full_n                |   in|    1|     ap_fifo|                stream_in|       pointer|
|stream_in_write                 |  out|    1|     ap_fifo|                stream_in|       pointer|
|p_read                          |   in|   11|     ap_none|                   p_read|        scalar|
|p_read1                         |   in|   11|     ap_none|                  p_read1|        scalar|
|p_read2                         |   in|    8|     ap_none|                  p_read2|        scalar|
|HwReg_width_c3_din              |  out|   11|     ap_fifo|           HwReg_width_c3|       pointer|
|HwReg_width_c3_num_data_valid   |   in|    3|     ap_fifo|           HwReg_width_c3|       pointer|
|HwReg_width_c3_fifo_cap         |   in|    3|     ap_fifo|           HwReg_width_c3|       pointer|
|HwReg_width_c3_full_n           |   in|    1|     ap_fifo|           HwReg_width_c3|       pointer|
|HwReg_width_c3_write            |  out|    1|     ap_fifo|           HwReg_width_c3|       pointer|
|HwReg_height_c5_din             |  out|   11|     ap_fifo|          HwReg_height_c5|       pointer|
|HwReg_height_c5_num_data_valid  |   in|    3|     ap_fifo|          HwReg_height_c5|       pointer|
|HwReg_height_c5_fifo_cap        |   in|    3|     ap_fifo|          HwReg_height_c5|       pointer|
|HwReg_height_c5_full_n          |   in|    1|     ap_fifo|          HwReg_height_c5|       pointer|
|HwReg_height_c5_write           |  out|    1|     ap_fifo|          HwReg_height_c5|       pointer|
+--------------------------------+-----+-----+------------+-------------------------+--------------+

============================================================
+ Verbose Summary: Synthesis Manager
============================================================
InlineROM: 1
ExposeGlobal: 0
============================================================
+ Verbose Summary: CDFG Model
============================================================
IsTopModel: 0
ResetActiveHigh: 1
IsCombinational: 2
IsDatapathOnly: 0
HasWiredReturn: 1
HasMFsm: 0
HasVarLatency: 1
IsPipeline: 0
IsRtlPipelined: 0
IsInstanceOverlapped: 0
IsDontTouch: 0
HasImplIP: 0
IsGatedGlobalClock: 0


============================================================
+ Verbose Summary: Schedule
============================================================
* Number of FSM states : 10
* Pipeline : 0
* Dataflow Pipeline: 0

* FSM state transitions: 
1 --> 2 
2 --> 3 
3 --> 4 
4 --> 5 
5 --> 6 
6 --> 7 
7 --> 8 
8 --> 9 
9 --> 10 
10 --> 5 

* FSM state operations: 

State 1 <SV = 0> <Delay = 4.91>
ST_1 : Operation 11 [1/1] (0.00ns)   --->   "%axi_data_13 = alloca i32 1" [C:/Vivado_Projects/zed_hdmi/zed_hdmi.runs/synth_1/prj/sol/.autopilot/db/v_csc.cpp:516]   --->   Operation 11 'alloca' 'axi_data_13' <Predicate = true> <Delay = 0.00>
ST_1 : Operation 12 [1/1] (0.00ns)   --->   "%i = alloca i32 1" [C:/Vivado_Projects/zed_hdmi/zed_hdmi.runs/synth_1/prj/sol/.autopilot/db/v_csc.cpp:541]   --->   Operation 12 'alloca' 'i' <Predicate = true> <Delay = 0.00>
ST_1 : Operation 13 [1/1] (2.45ns)   --->   "%p_read_4 = read i8 @_ssdm_op_Read.ap_auto.i8, i8 %p_read2"   --->   Operation 13 'read' 'p_read_4' <Predicate = true> <Delay = 2.45> <CoreInst = "FIFO_SRL">   --->   Core 80 'FIFO_SRL' <Latency = 0> <II = 1> <Delay = 3.63> <Storage> <Opcode : 'read' 'write' 'nbread' 'nbwrite'> <Ports = 0> <Width = -1> <Depth = -1> <FIFO>
ST_1 : Operation 14 [1/1] (2.45ns)   --->   "%p_read_5 = read i11 @_ssdm_op_Read.ap_auto.i11, i11 %p_read1"   --->   Operation 14 'read' 'p_read_5' <Predicate = true> <Delay = 2.45> <CoreInst = "FIFO_SRL">   --->   Core 80 'FIFO_SRL' <Latency = 0> <II = 1> <Delay = 3.63> <Storage> <Opcode : 'read' 'write' 'nbread' 'nbwrite'> <Ports = 0> <Width = -1> <Depth = -1> <FIFO>
ST_1 : Operation 15 [1/1] (2.45ns)   --->   "%p_read_6 = read i11 @_ssdm_op_Read.ap_auto.i11, i11 %p_read"   --->   Operation 15 'read' 'p_read_6' <Predicate = true> <Delay = 2.45> <CoreInst = "FIFO_SRL">   --->   Core 80 'FIFO_SRL' <Latency = 0> <II = 1> <Delay = 3.63> <Storage> <Opcode : 'read' 'write' 'nbread' 'nbwrite'> <Ports = 0> <Width = -1> <Depth = -1> <FIFO>
ST_1 : Operation 16 [1/1] (0.00ns)   --->   "%axi_data_14_loc = alloca i64 1"   --->   Operation 16 'alloca' 'axi_data_14_loc' <Predicate = true> <Delay = 0.00>
ST_1 : Operation 17 [1/1] (0.00ns)   --->   "%eol_loc = alloca i64 1"   --->   Operation 17 'alloca' 'eol_loc' <Predicate = true> <Delay = 0.00>
ST_1 : Operation 18 [1/1] (0.00ns)   --->   "%axi_last_loc = alloca i64 1"   --->   Operation 18 'alloca' 'axi_last_loc' <Predicate = true> <Delay = 0.00>
ST_1 : Operation 19 [1/1] (2.45ns)   --->   "%write_ln0 = write void @_ssdm_op_Write.ap_fifo.i11P0A, i11 %HwReg_height_c5, i11 %p_read_6"   --->   Operation 19 'write' 'write_ln0' <Predicate = true> <Delay = 2.45> <CoreInst = "FIFO_SRL">   --->   Core 80 'FIFO_SRL' <Latency = 0> <II = 1> <Delay = 3.63> <Storage> <Opcode : 'read' 'write' 'nbread' 'nbwrite'> <Ports = 0> <Width = 11> <Depth = 2> <FIFO>
ST_1 : Operation 20 [1/1] (2.45ns)   --->   "%write_ln0 = write void @_ssdm_op_Write.ap_fifo.i11P0A, i11 %HwReg_width_c3, i11 %p_read_5"   --->   Operation 20 'write' 'write_ln0' <Predicate = true> <Delay = 2.45> <CoreInst = "FIFO_SRL">   --->   Core 80 'FIFO_SRL' <Latency = 0> <II = 1> <Delay = 3.63> <Storage> <Opcode : 'read' 'write' 'nbread' 'nbwrite'> <Ports = 0> <Width = 11> <Depth = 2> <FIFO>
ST_1 : Operation 21 [1/1] (1.91ns)   --->   "%cond = icmp_eq  i8 %p_read_4, i8 0"   --->   Operation 21 'icmp' 'cond' <Predicate = true> <Delay = 1.91> <CoreInst = "Cmp">   --->   Core 9 'Cmp' <Latency = 0> <II = 1> <Delay = 1.91> <FuncUnit> <Opcode : 'seteq' 'setne' 'setle' 'setge' 'setlt' 'setgt'> <InPorts = 2> <OutPorts = 1>
ST_1 : Operation 22 [1/1] (1.58ns)   --->   "%store_ln541 = store i11 0, i11 %i" [C:/Vivado_Projects/zed_hdmi/zed_hdmi.runs/synth_1/prj/sol/.autopilot/db/v_csc.cpp:541]   --->   Operation 22 'store' 'store_ln541' <Predicate = true> <Delay = 1.58>

State 2 <SV = 1> <Delay = 2.07>
ST_2 : Operation 23 [1/1] (0.00ns)   --->   "%empty = wait i32 @_ssdm_op_Wait"   --->   Operation 23 'wait' 'empty' <Predicate = true> <Delay = 0.00>
ST_2 : Operation 24 [2/2] (2.07ns)   --->   "%call_ln0 = call void @AXIvideo2MultiPixStream_Pipeline_loop_wait_for_start, i24 %s_axis_video_V_data_V, i3 %s_axis_video_V_keep_V, i3 %s_axis_video_V_strb_V, i1 %s_axis_video_V_user_V, i1 %s_axis_video_V_last_V, i1 %s_axis_video_V_id_V, i1 %s_axis_video_V_dest_V, i24 %axi_data_13, i1 %axi_last_loc"   --->   Operation 24 'call' 'call_ln0' <Predicate = true> <Delay = 2.07> <CoreType = "Generic">   --->   Core 0 '' <Latency = 0> <II = 1> <Delay = 1.00> <Generic> <Opcode : >

State 3 <SV = 2> <Delay = 3.17>
ST_3 : Operation 25 [2/2] (0.00ns)   --->   "%rows = call i11 @reg<unsigned short>, i11 %p_read_6" [C:/Vivado_Projects/zed_hdmi/zed_hdmi.runs/synth_1/prj/sol/.autopilot/db/v_csc.cpp:520]   --->   Operation 25 'call' 'rows' <Predicate = true> <Delay = 0.00> <CoreType = "Generic">   --->   Core 0 '' <Latency = 0> <II = 1> <Delay = 1.00> <Generic> <Opcode : >
ST_3 : Operation 26 [2/2] (0.00ns)   --->   "%cols = call i11 @reg<unsigned short>, i11 %p_read_5" [C:/Vivado_Projects/zed_hdmi/zed_hdmi.runs/synth_1/prj/sol/.autopilot/db/v_csc.cpp:521]   --->   Operation 26 'call' 'cols' <Predicate = true> <Delay = 0.00> <CoreType = "Generic">   --->   Core 0 '' <Latency = 0> <II = 1> <Delay = 1.00> <Generic> <Opcode : >
ST_3 : Operation 27 [1/2] (3.17ns)   --->   "%call_ln0 = call void @AXIvideo2MultiPixStream_Pipeline_loop_wait_for_start, i24 %s_axis_video_V_data_V, i3 %s_axis_video_V_keep_V, i3 %s_axis_video_V_strb_V, i1 %s_axis_video_V_user_V, i1 %s_axis_video_V_last_V, i1 %s_axis_video_V_id_V, i1 %s_axis_video_V_dest_V, i24 %axi_data_13, i1 %axi_last_loc"   --->   Operation 27 'call' 'call_ln0' <Predicate = true> <Delay = 3.17> <CoreType = "Generic">   --->   Core 0 '' <Latency = 0> <II = 1> <Delay = 1.00> <Generic> <Opcode : >

State 4 <SV = 3> <Delay = 1.58>
ST_4 : Operation 28 [1/1] (0.00ns)   --->   "%specinterface_ln0 = specinterface void @_ssdm_op_SpecInterface, i11 %HwReg_height_c5, void @ap_fifo_str, i32 0, i32 0, void @p_str, i32 0, i32 0, void @p_str, void @p_str, void @p_str, i32 2, i32 2, i32 16, i32 16, void @p_str, void @ScalarProp_str, i32 4294967295, i32 0, i32 0"   --->   Operation 28 'specinterface' 'specinterface_ln0' <Predicate = true> <Delay = 0.00>
ST_4 : Operation 29 [1/1] (0.00ns)   --->   "%specinterface_ln0 = specinterface void @_ssdm_op_SpecInterface, i11 %HwReg_width_c3, void @ap_fifo_str, i32 0, i32 0, void @p_str, i32 0, i32 0, void @p_str, void @p_str, void @p_str, i32 2, i32 2, i32 16, i32 16, void @p_str, void @ScalarProp_str, i32 4294967295, i32 0, i32 0"   --->   Operation 29 'specinterface' 'specinterface_ln0' <Predicate = true> <Delay = 0.00>
ST_4 : Operation 30 [1/1] (0.00ns)   --->   "%specaxissidechannel_ln0 = specaxissidechannel void @_ssdm_op_SpecAXISSideChannel, i24 %s_axis_video_V_data_V, i3 %s_axis_video_V_keep_V, i3 %s_axis_video_V_strb_V, i1 %s_axis_video_V_user_V, i1 %s_axis_video_V_last_V, i1 %s_axis_video_V_id_V, i1 %s_axis_video_V_dest_V, void @empty_14"   --->   Operation 30 'specaxissidechannel' 'specaxissidechannel_ln0' <Predicate = true> <Delay = 0.00>
ST_4 : Operation 31 [1/1] (0.00ns)   --->   "%specinterface_ln0 = specinterface void @_ssdm_op_SpecInterface, i24 %stream_in, void @empty_12, i32 0, i32 0, void @empty_26, i32 0, i32 0, void @empty_26, void @empty_26, void @empty_26, i32 0, i32 0, i32 0, i32 0, void @empty_26, void @empty_26, i32 4294967295, i32 0, i32 0"   --->   Operation 31 'specinterface' 'specinterface_ln0' <Predicate = true> <Delay = 0.00>
ST_4 : Operation 32 [1/1] (0.00ns)   --->   "%specinterface_ln0 = specinterface void @_ssdm_op_SpecInterface, i1 %s_axis_video_V_dest_V, i1 %s_axis_video_V_id_V, i1 %s_axis_video_V_last_V, i1 %s_axis_video_V_user_V, i3 %s_axis_video_V_strb_V, i3 %s_axis_video_V_keep_V, i24 %s_axis_video_V_data_V, void @empty_24, i32 1, i32 1, void @empty_25, i32 0, i32 0, void @empty_26, void @empty_26, void @empty_26, i32 0, i32 0, i32 0, i32 0, void @empty_26, void @empty_26, i32 4294967295, i32 0, i32 0"   --->   Operation 32 'specinterface' 'specinterface_ln0' <Predicate = true> <Delay = 0.00>
ST_4 : Operation 33 [1/2] (0.00ns)   --->   "%rows = call i11 @reg<unsigned short>, i11 %p_read_6" [C:/Vivado_Projects/zed_hdmi/zed_hdmi.runs/synth_1/prj/sol/.autopilot/db/v_csc.cpp:520]   --->   Operation 33 'call' 'rows' <Predicate = true> <Delay = 0.00> <CoreType = "Generic">   --->   Core 0 '' <Latency = 0> <II = 1> <Delay = 1.00> <Generic> <Opcode : >
ST_4 : Operation 34 [1/2] (0.00ns)   --->   "%cols = call i11 @reg<unsigned short>, i11 %p_read_5" [C:/Vivado_Projects/zed_hdmi/zed_hdmi.runs/synth_1/prj/sol/.autopilot/db/v_csc.cpp:521]   --->   Operation 34 'call' 'cols' <Predicate = true> <Delay = 0.00> <CoreType = "Generic">   --->   Core 0 '' <Latency = 0> <II = 1> <Delay = 1.00> <Generic> <Opcode : >
ST_4 : Operation 35 [1/1] (0.00ns)   --->   "%axi_last_loc_load = load i1 %axi_last_loc"   --->   Operation 35 'load' 'axi_last_loc_load' <Predicate = true> <Delay = 0.00>
ST_4 : Operation 36 [1/1] (0.00ns)   --->   "%empty_82 = wait i32 @_ssdm_op_Wait"   --->   Operation 36 'wait' 'empty_82' <Predicate = true> <Delay = 0.00>
ST_4 : Operation 37 [1/1] (1.58ns)   --->   "%br_ln541 = br void %loop_width" [C:/Vivado_Projects/zed_hdmi/zed_hdmi.runs/synth_1/prj/sol/.autopilot/db/v_csc.cpp:541]   --->   Operation 37 'br' 'br_ln541' <Predicate = true> <Delay = 1.58>

State 5 <SV = 4> <Delay = 1.63>
ST_5 : Operation 38 [1/1] (0.00ns)   --->   "%sof = phi i1 1, void %entry, i1 0, void %loop_width.split"   --->   Operation 38 'phi' 'sof' <Predicate = true> <Delay = 0.00>
ST_5 : Operation 39 [1/1] (0.00ns)   --->   "%axi_last_2 = phi i1 %axi_last_loc_load, void %entry, i1 1, void %loop_width.split"   --->   Operation 39 'phi' 'axi_last_2' <Predicate = true> <Delay = 0.00>
ST_5 : Operation 40 [1/1] (0.00ns)   --->   "%i_3 = load i11 %i" [C:/Vivado_Projects/zed_hdmi/zed_hdmi.runs/synth_1/prj/sol/.autopilot/db/v_csc.cpp:541]   --->   Operation 40 'load' 'i_3' <Predicate = true> <Delay = 0.00>
ST_5 : Operation 41 [1/1] (1.63ns)   --->   "%icmp_ln541 = icmp_eq  i11 %i_3, i11 %rows" [C:/Vivado_Projects/zed_hdmi/zed_hdmi.runs/synth_1/prj/sol/.autopilot/db/v_csc.cpp:541]   --->   Operation 41 'icmp' 'icmp_ln541' <Predicate = true> <Delay = 1.63> <CoreInst = "Cmp">   --->   Core 9 'Cmp' <Latency = 0> <II = 1> <Delay = 1.63> <FuncUnit> <Opcode : 'seteq' 'setne' 'setle' 'setge' 'setlt' 'setgt'> <InPorts = 2> <OutPorts = 1>
ST_5 : Operation 42 [1/1] (0.00ns)   --->   "%speclooptripcount_ln0 = speclooptripcount void @_ssdm_op_SpecLoopTripCount, i64 64, i64 1080, i64 0"   --->   Operation 42 'speclooptripcount' 'speclooptripcount_ln0' <Predicate = true> <Delay = 0.00>
ST_5 : Operation 43 [1/1] (1.63ns)   --->   "%i_4 = add i11 %i_3, i11 1" [C:/Vivado_Projects/zed_hdmi/zed_hdmi.runs/synth_1/prj/sol/.autopilot/db/v_csc.cpp:541]   --->   Operation 43 'add' 'i_4' <Predicate = true> <Delay = 1.63> <CoreInst = "Adder">   --->   Core 1 'Adder' <Latency = 0> <II = 1> <Delay = 1.63> <FuncUnit> <Opcode : 'add' 'sub'> <InPorts = 2> <OutPorts = 1>
ST_5 : Operation 44 [1/1] (0.00ns)   --->   "%br_ln541 = br i1 %icmp_ln541, void %loop_width.split, void %for.end75.loopexit" [C:/Vivado_Projects/zed_hdmi/zed_hdmi.runs/synth_1/prj/sol/.autopilot/db/v_csc.cpp:541]   --->   Operation 44 'br' 'br_ln541' <Predicate = true> <Delay = 0.00>
ST_5 : Operation 45 [1/1] (0.00ns)   --->   "%ret_ln0 = ret"   --->   Operation 45 'ret' 'ret_ln0' <Predicate = (icmp_ln541)> <Delay = 0.00>

State 6 <SV = 5> <Delay = 3.71>
ST_6 : Operation 46 [1/1] (0.00ns)   --->   "%axi_data_13_load = load i24 %axi_data_13"   --->   Operation 46 'load' 'axi_data_13_load' <Predicate = true> <Delay = 0.00>
ST_6 : Operation 47 [1/1] (0.00ns)   --->   "%empty_83 = wait i32 @_ssdm_op_Wait"   --->   Operation 47 'wait' 'empty_83' <Predicate = true> <Delay = 0.00>
ST_6 : Operation 48 [2/2] (3.71ns)   --->   "%call_ln521 = call void @AXIvideo2MultiPixStream_Pipeline_loop_width, i1 %sof, i1 %axi_last_2, i24 %axi_data_13_load, i11 %cols, i1 %cond, i24 %stream_in, i24 %s_axis_video_V_data_V, i3 %s_axis_video_V_keep_V, i3 %s_axis_video_V_strb_V, i1 %s_axis_video_V_user_V, i1 %s_axis_video_V_last_V, i1 %s_axis_video_V_id_V, i1 %s_axis_video_V_dest_V, i1 %eol_loc, i24 %axi_data_14_loc" [C:/Vivado_Projects/zed_hdmi/zed_hdmi.runs/synth_1/prj/sol/.autopilot/db/v_csc.cpp:521]   --->   Operation 48 'call' 'call_ln521' <Predicate = true> <Delay = 3.71> <CoreType = "Generic">   --->   Core 0 '' <Latency = 0> <II = 1> <Delay = 1.00> <Generic> <Opcode : >

State 7 <SV = 6> <Delay = 4.81>
ST_7 : Operation 49 [1/2] (4.81ns)   --->   "%call_ln521 = call void @AXIvideo2MultiPixStream_Pipeline_loop_width, i1 %sof, i1 %axi_last_2, i24 %axi_data_13_load, i11 %cols, i1 %cond, i24 %stream_in, i24 %s_axis_video_V_data_V, i3 %s_axis_video_V_keep_V, i3 %s_axis_video_V_strb_V, i1 %s_axis_video_V_user_V, i1 %s_axis_video_V_last_V, i1 %s_axis_video_V_id_V, i1 %s_axis_video_V_dest_V, i1 %eol_loc, i24 %axi_data_14_loc" [C:/Vivado_Projects/zed_hdmi/zed_hdmi.runs/synth_1/prj/sol/.autopilot/db/v_csc.cpp:521]   --->   Operation 49 'call' 'call_ln521' <Predicate = true> <Delay = 4.81> <CoreType = "Generic">   --->   Core 0 '' <Latency = 0> <II = 1> <Delay = 1.00> <Generic> <Opcode : >

State 8 <SV = 7> <Delay = 1.58>
ST_8 : Operation 50 [1/1] (0.00ns)   --->   "%empty_84 = wait i32 @_ssdm_op_Wait"   --->   Operation 50 'wait' 'empty_84' <Predicate = true> <Delay = 0.00>
ST_8 : Operation 51 [1/1] (1.58ns)   --->   "%store_ln541 = store i11 %i_4, i11 %i" [C:/Vivado_Projects/zed_hdmi/zed_hdmi.runs/synth_1/prj/sol/.autopilot/db/v_csc.cpp:541]   --->   Operation 51 'store' 'store_ln541' <Predicate = true> <Delay = 1.58>

State 9 <SV = 8> <Delay = 2.07>
ST_9 : Operation 52 [1/1] (0.00ns)   --->   "%eol_loc_load = load i1 %eol_loc"   --->   Operation 52 'load' 'eol_loc_load' <Predicate = true> <Delay = 0.00>
ST_9 : Operation 53 [1/1] (0.00ns)   --->   "%axi_data_14_loc_load = load i24 %axi_data_14_loc"   --->   Operation 53 'load' 'axi_data_14_loc_load' <Predicate = true> <Delay = 0.00>
ST_9 : Operation 54 [1/1] (0.00ns)   --->   "%empty_85 = wait i32 @_ssdm_op_Wait"   --->   Operation 54 'wait' 'empty_85' <Predicate = true> <Delay = 0.00>
ST_9 : Operation 55 [2/2] (2.07ns)   --->   "%call_ln0 = call void @AXIvideo2MultiPixStream_Pipeline_loop_wait_for_eol, i24 %axi_data_14_loc_load, i1 %eol_loc_load, i24 %s_axis_video_V_data_V, i3 %s_axis_video_V_keep_V, i3 %s_axis_video_V_strb_V, i1 %s_axis_video_V_user_V, i1 %s_axis_video_V_last_V, i1 %s_axis_video_V_id_V, i1 %s_axis_video_V_dest_V, i24 %axi_data_13"   --->   Operation 55 'call' 'call_ln0' <Predicate = true> <Delay = 2.07> <CoreType = "Generic">   --->   Core 0 '' <Latency = 0> <II = 1> <Delay = 1.00> <Generic> <Opcode : >

State 10 <SV = 9> <Delay = 3.17>
ST_10 : Operation 56 [1/1] (0.00ns)   --->   "%specloopname_ln541 = specloopname void @_ssdm_op_SpecLoopName, void @empty_18" [C:/Vivado_Projects/zed_hdmi/zed_hdmi.runs/synth_1/prj/sol/.autopilot/db/v_csc.cpp:541]   --->   Operation 56 'specloopname' 'specloopname_ln541' <Predicate = true> <Delay = 0.00>
ST_10 : Operation 57 [1/2] (3.17ns)   --->   "%call_ln0 = call void @AXIvideo2MultiPixStream_Pipeline_loop_wait_for_eol, i24 %axi_data_14_loc_load, i1 %eol_loc_load, i24 %s_axis_video_V_data_V, i3 %s_axis_video_V_keep_V, i3 %s_axis_video_V_strb_V, i1 %s_axis_video_V_user_V, i1 %s_axis_video_V_last_V, i1 %s_axis_video_V_id_V, i1 %s_axis_video_V_dest_V, i24 %axi_data_13"   --->   Operation 57 'call' 'call_ln0' <Predicate = true> <Delay = 3.17> <CoreType = "Generic">   --->   Core 0 '' <Latency = 0> <II = 1> <Delay = 1.00> <Generic> <Opcode : >
ST_10 : Operation 58 [1/1] (0.00ns)   --->   "%br_ln541 = br void %loop_width" [C:/Vivado_Projects/zed_hdmi/zed_hdmi.runs/synth_1/prj/sol/.autopilot/db/v_csc.cpp:541]   --->   Operation 58 'br' 'br_ln541' <Predicate = true> <Delay = 0.00>


============================================================
+ Verbose Summary: Binding
============================================================
STG Binding: 
---------------- STG Properties BEGIN ----------------
- Is combinational: 0
- Is one-state seq: 0
- Is datapath-only: 0
- Is pipelined: 0
- Is top level: 0
Port [ Return ] is wired: 1; IO mode=ap_ctrl_hs:ce=0
Port [ s_axis_video_V_data_V]:  wired=1; compound=1; hidden=0; nouse=0; global=0; static=0; extern=0; dir=0; type=0; pingpong=0; private_global=0; IO mode=axis:ce=0
Port [ s_axis_video_V_keep_V]:  wired=1; compound=1; hidden=0; nouse=0; global=0; static=0; extern=0; dir=0; type=0; pingpong=0; private_global=0; IO mode=axis:ce=0
Port [ s_axis_video_V_strb_V]:  wired=1; compound=1; hidden=0; nouse=0; global=0; static=0; extern=0; dir=0; type=0; pingpong=0; private_global=0; IO mode=axis:ce=0
Port [ s_axis_video_V_user_V]:  wired=1; compound=1; hidden=0; nouse=0; global=0; static=0; extern=0; dir=0; type=0; pingpong=0; private_global=0; IO mode=axis:ce=0
Port [ s_axis_video_V_last_V]:  wired=1; compound=1; hidden=0; nouse=0; global=0; static=0; extern=0; dir=0; type=0; pingpong=0; private_global=0; IO mode=axis:ce=0
Port [ s_axis_video_V_id_V]:  wired=1; compound=1; hidden=0; nouse=0; global=0; static=0; extern=0; dir=0; type=0; pingpong=0; private_global=0; IO mode=axis:ce=0
Port [ s_axis_video_V_dest_V]:  wired=1; compound=1; hidden=0; nouse=0; global=0; static=0; extern=0; dir=0; type=0; pingpong=0; private_global=0; IO mode=axis:ce=0
Port [ stream_in]:  wired=1; compound=1; hidden=0; nouse=0; global=0; static=0; extern=0; dir=1; type=3; pingpong=0; private_global=0; IO mode=ap_fifo:ce=0
Port [ p_read]:  wired=1; compound=0; hidden=0; nouse=0; global=0; static=0; extern=0; dir=0; type=0; pingpong=0; private_global=0; IO mode=ap_none:ce=0
Port [ p_read1]:  wired=1; compound=0; hidden=0; nouse=0; global=0; static=0; extern=0; dir=0; type=0; pingpong=0; private_global=0; IO mode=ap_none:ce=0
Port [ p_read2]:  wired=1; compound=0; hidden=0; nouse=0; global=0; static=0; extern=0; dir=0; type=0; pingpong=0; private_global=0; IO mode=ap_none:ce=0
Port [ HwReg_width_c3]:  wired=1; compound=1; hidden=0; nouse=0; global=0; static=0; extern=0; dir=1; type=3; pingpong=0; private_global=0; IO mode=ap_fifo:ce=0
Port [ HwReg_height_c5]:  wired=1; compound=1; hidden=0; nouse=0; global=0; static=0; extern=0; dir=1; type=3; pingpong=0; private_global=0; IO mode=ap_fifo:ce=0
---------------- STG Properties END ------------------

---------------- Datapath Model BEGIN ----------------

<LifeTime>
<method=bitvector/>
axi_data_13             (alloca             ) [ 00111111111]
i                       (alloca             ) [ 01111111111]
p_read_4                (read               ) [ 00000000000]
p_read_5                (read               ) [ 00110000000]
p_read_6                (read               ) [ 00110000000]
axi_data_14_loc         (alloca             ) [ 00111111111]
eol_loc                 (alloca             ) [ 00111111111]
axi_last_loc            (alloca             ) [ 00111000000]
write_ln0               (write              ) [ 00000000000]
write_ln0               (write              ) [ 00000000000]
cond                    (icmp               ) [ 00111111111]
store_ln541             (store              ) [ 00000000000]
empty                   (wait               ) [ 00000000000]
call_ln0                (call               ) [ 00000000000]
specinterface_ln0       (specinterface      ) [ 00000000000]
specinterface_ln0       (specinterface      ) [ 00000000000]
specaxissidechannel_ln0 (specaxissidechannel) [ 00000000000]
specinterface_ln0       (specinterface      ) [ 00000000000]
specinterface_ln0       (specinterface      ) [ 00000000000]
rows                    (call               ) [ 00000111111]
cols                    (call               ) [ 00000111111]
axi_last_loc_load       (load               ) [ 00001111111]
empty_82                (wait               ) [ 00000000000]
br_ln541                (br                 ) [ 00001111111]
sof                     (phi                ) [ 00000111000]
axi_last_2              (phi                ) [ 00000111000]
i_3                     (load               ) [ 00000000000]
icmp_ln541              (icmp               ) [ 00000111111]
speclooptripcount_ln0   (speclooptripcount  ) [ 00000000000]
i_4                     (add                ) [ 00000011100]
br_ln541                (br                 ) [ 00000000000]
ret_ln0                 (ret                ) [ 00000000000]
axi_data_13_load        (load               ) [ 00000001000]
empty_83                (wait               ) [ 00000000000]
call_ln521              (call               ) [ 00000000000]
empty_84                (wait               ) [ 00000000000]
store_ln541             (store              ) [ 00000000000]
eol_loc_load            (load               ) [ 00000000001]
axi_data_14_loc_load    (load               ) [ 00000000001]
empty_85                (wait               ) [ 00000000000]
specloopname_ln541      (specloopname       ) [ 00000000000]
call_ln0                (call               ) [ 00000000000]
br_ln541                (br                 ) [ 00001111111]
</LifeTime>

<model>

<comp_list>
<comp id="0" class="1000" name="s_axis_video_V_data_V">
<pin_list>
<pin id="1" dir="1" index="0" bw="1" slack="0"/>
</pin_list>
<bind>
<StgValue><ssdm name="s_axis_video_V_data_V"/></StgValue>
</bind>
</comp>

<comp id="2" class="1000" name="s_axis_video_V_keep_V">
<pin_list>
<pin id="3" dir="1" index="0" bw="1" slack="0"/>
</pin_list>
<bind>
<StgValue><ssdm name="s_axis_video_V_keep_V"/></StgValue>
</bind>
</comp>

<comp id="4" class="1000" name="s_axis_video_V_strb_V">
<pin_list>
<pin id="5" dir="1" index="0" bw="1" slack="0"/>
</pin_list>
<bind>
<StgValue><ssdm name="s_axis_video_V_strb_V"/></StgValue>
</bind>
</comp>

<comp id="6" class="1000" name="s_axis_video_V_user_V">
<pin_list>
<pin id="7" dir="1" index="0" bw="1" slack="0"/>
</pin_list>
<bind>
<StgValue><ssdm name="s_axis_video_V_user_V"/></StgValue>
</bind>
</comp>

<comp id="8" class="1000" name="s_axis_video_V_last_V">
<pin_list>
<pin id="9" dir="1" index="0" bw="1" slack="0"/>
</pin_list>
<bind>
<StgValue><ssdm name="s_axis_video_V_last_V"/></StgValue>
</bind>
</comp>

<comp id="10" class="1000" name="s_axis_video_V_id_V">
<pin_list>
<pin id="11" dir="1" index="0" bw="1" slack="0"/>
</pin_list>
<bind>
<StgValue><ssdm name="s_axis_video_V_id_V"/></StgValue>
</bind>
</comp>

<comp id="12" class="1000" name="s_axis_video_V_dest_V">
<pin_list>
<pin id="13" dir="1" index="0" bw="1" slack="0"/>
</pin_list>
<bind>
<StgValue><ssdm name="s_axis_video_V_dest_V"/></StgValue>
</bind>
</comp>

<comp id="14" class="1000" name="stream_in">
<pin_list>
<pin id="15" dir="1" index="0" bw="1" slack="0"/>
</pin_list>
<bind>
<StgValue><ssdm name="stream_in"/></StgValue>
</bind>
</comp>

<comp id="16" class="1000" name="p_read">
<pin_list>
<pin id="17" dir="1" index="0" bw="1" slack="0"/>
</pin_list>
<bind>
<StgValue><ssdm name="p_read"/></StgValue>
</bind>
</comp>

<comp id="18" class="1000" name="p_read1">
<pin_list>
<pin id="19" dir="1" index="0" bw="1" slack="0"/>
</pin_list>
<bind>
<StgValue><ssdm name="p_read1"/></StgValue>
</bind>
</comp>

<comp id="20" class="1000" name="p_read2">
<pin_list>
<pin id="21" dir="1" index="0" bw="1" slack="0"/>
</pin_list>
<bind>
<StgValue><ssdm name="p_read2"/></StgValue>
</bind>
</comp>

<comp id="22" class="1000" name="HwReg_width_c3">
<pin_list>
<pin id="23" dir="1" index="0" bw="1" slack="0"/>
</pin_list>
<bind>
<StgValue><ssdm name="HwReg_width_c3"/></StgValue>
</bind>
</comp>

<comp id="24" class="1000" name="HwReg_height_c5">
<pin_list>
<pin id="25" dir="1" index="0" bw="1" slack="0"/>
</pin_list>
<bind>
<StgValue><ssdm name="HwReg_height_c5"/></StgValue>
</bind>
</comp>

<comp id="26" class="1001" name="const_26">
<pin_list>
<pin id="27" dir="1" index="0" bw="1" slack="0"/>
</pin_list>
<bind>
<StgValue><ssdm name=""/></StgValue>
</bind>
</comp>

<comp id="28" class="1001" name="const_28">
<pin_list>
<pin id="29" dir="1" index="0" bw="1" slack="0"/>
</pin_list>
<bind>
<StgValue><ssdm name="_ssdm_op_Read.ap_auto.i8"/></StgValue>
</bind>
</comp>

<comp id="30" class="1001" name="const_30">
<pin_list>
<pin id="31" dir="1" index="0" bw="1" slack="0"/>
</pin_list>
<bind>
<StgValue><ssdm name="_ssdm_op_Read.ap_auto.i11"/></StgValue>
</bind>
</comp>

<comp id="32" class="1001" name="const_32">
<pin_list>
<pin id="33" dir="1" index="0" bw="1" slack="0"/>
</pin_list>
<bind>
<StgValue><ssdm name=""/></StgValue>
</bind>
</comp>

<comp id="34" class="1001" name="const_34">
<pin_list>
<pin id="35" dir="1" index="0" bw="1" slack="0"/>
</pin_list>
<bind>
<StgValue><ssdm name="_ssdm_op_Write.ap_fifo.i11P0A"/></StgValue>
</bind>
</comp>

<comp id="36" class="1001" name="const_36">
<pin_list>
<pin id="37" dir="1" index="0" bw="1" slack="0"/>
</pin_list>
<bind>
<StgValue><ssdm name=""/></StgValue>
</bind>
</comp>

<comp id="38" class="1001" name="const_38">
<pin_list>
<pin id="39" dir="1" index="0" bw="1" slack="0"/>
</pin_list>
<bind>
<StgValue><ssdm name=""/></StgValue>
</bind>
</comp>

<comp id="40" class="1001" name="const_40">
<pin_list>
<pin id="41" dir="1" index="0" bw="1" slack="2147483647"/>
</pin_list>
<bind>
<StgValue><ssdm name="_ssdm_op_Wait"/></StgValue>
</bind>
</comp>

<comp id="42" class="1001" name="const_42">
<pin_list>
<pin id="43" dir="1" index="0" bw="1" slack="0"/>
</pin_list>
<bind>
<StgValue><ssdm name="AXIvideo2MultiPixStream_Pipeline_loop_wait_for_start"/></StgValue>
</bind>
</comp>

<comp id="44" class="1001" name="const_44">
<pin_list>
<pin id="45" dir="1" index="0" bw="1" slack="0"/>
</pin_list>
<bind>
<StgValue><ssdm name="reg<unsigned short>"/></StgValue>
</bind>
</comp>

<comp id="46" class="1001" name="const_46">
<pin_list>
<pin id="47" dir="1" index="0" bw="1" slack="2147483647"/>
</pin_list>
<bind>
<StgValue><ssdm name="_ssdm_op_SpecInterface"/></StgValue>
</bind>
</comp>

<comp id="48" class="1001" name="const_48">
<pin_list>
<pin id="49" dir="1" index="0" bw="1" slack="2147483647"/>
</pin_list>
<bind>
<StgValue><ssdm name="ap_fifo_str"/></StgValue>
</bind>
</comp>

<comp id="50" class="1001" name="const_50">
<pin_list>
<pin id="51" dir="1" index="0" bw="1" slack="2147483647"/>
</pin_list>
<bind>
<StgValue><ssdm name=""/></StgValue>
</bind>
</comp>

<comp id="52" class="1001" name="const_52">
<pin_list>
<pin id="53" dir="1" index="0" bw="1" slack="2147483647"/>
</pin_list>
<bind>
<StgValue><ssdm name="p_str"/></StgValue>
</bind>
</comp>

<comp id="54" class="1001" name="const_54">
<pin_list>
<pin id="55" dir="1" index="0" bw="1" slack="2147483647"/>
</pin_list>
<bind>
<StgValue><ssdm name=""/></StgValue>
</bind>
</comp>

<comp id="56" class="1001" name="const_56">
<pin_list>
<pin id="57" dir="1" index="0" bw="1" slack="2147483647"/>
</pin_list>
<bind>
<StgValue><ssdm name=""/></StgValue>
</bind>
</comp>

<comp id="58" class="1001" name="const_58">
<pin_list>
<pin id="59" dir="1" index="0" bw="1" slack="2147483647"/>
</pin_list>
<bind>
<StgValue><ssdm name="ScalarProp_str"/></StgValue>
</bind>
</comp>

<comp id="60" class="1001" name="const_60">
<pin_list>
<pin id="61" dir="1" index="0" bw="1" slack="2147483647"/>
</pin_list>
<bind>
<StgValue><ssdm name=""/></StgValue>
</bind>
</comp>

<comp id="62" class="1001" name="const_62">
<pin_list>
<pin id="63" dir="1" index="0" bw="1" slack="2147483647"/>
</pin_list>
<bind>
<StgValue><ssdm name="_ssdm_op_SpecAXISSideChannel"/></StgValue>
</bind>
</comp>

<comp id="64" class="1001" name="const_64">
<pin_list>
<pin id="65" dir="1" index="0" bw="1" slack="2147483647"/>
</pin_list>
<bind>
<StgValue><ssdm name="empty_14"/></StgValue>
</bind>
</comp>

<comp id="66" class="1001" name="const_66">
<pin_list>
<pin id="67" dir="1" index="0" bw="1" slack="2147483647"/>
</pin_list>
<bind>
<StgValue><ssdm name="empty_12"/></StgValue>
</bind>
</comp>

<comp id="68" class="1001" name="const_68">
<pin_list>
<pin id="69" dir="1" index="0" bw="1" slack="2147483647"/>
</pin_list>
<bind>
<StgValue><ssdm name="empty_26"/></StgValue>
</bind>
</comp>

<comp id="70" class="1001" name="const_70">
<pin_list>
<pin id="71" dir="1" index="0" bw="1" slack="2147483647"/>
</pin_list>
<bind>
<StgValue><ssdm name="empty_24"/></StgValue>
</bind>
</comp>

<comp id="72" class="1001" name="const_72">
<pin_list>
<pin id="73" dir="1" index="0" bw="1" slack="2147483647"/>
</pin_list>
<bind>
<StgValue><ssdm name="empty_25"/></StgValue>
</bind>
</comp>

<comp id="74" class="1001" name="const_74">
<pin_list>
<pin id="75" dir="1" index="0" bw="1" slack="1"/>
</pin_list>
<bind>
<StgValue><ssdm name=""/></StgValue>
</bind>
</comp>

<comp id="76" class="1001" name="const_76">
<pin_list>
<pin id="77" dir="1" index="0" bw="1" slack="1"/>
</pin_list>
<bind>
<StgValue><ssdm name=""/></StgValue>
</bind>
</comp>

<comp id="78" class="1001" name="const_78">
<pin_list>
<pin id="79" dir="1" index="0" bw="1" slack="2147483647"/>
</pin_list>
<bind>
<StgValue><ssdm name="_ssdm_op_SpecLoopTripCount"/></StgValue>
</bind>
</comp>

<comp id="80" class="1001" name="const_80">
<pin_list>
<pin id="81" dir="1" index="0" bw="1" slack="2147483647"/>
</pin_list>
<bind>
<StgValue><ssdm name=""/></StgValue>
</bind>
</comp>

<comp id="82" class="1001" name="const_82">
<pin_list>
<pin id="83" dir="1" index="0" bw="1" slack="2147483647"/>
</pin_list>
<bind>
<StgValue><ssdm name=""/></StgValue>
</bind>
</comp>

<comp id="84" class="1001" name="const_84">
<pin_list>
<pin id="85" dir="1" index="0" bw="1" slack="2147483647"/>
</pin_list>
<bind>
<StgValue><ssdm name=""/></StgValue>
</bind>
</comp>

<comp id="86" class="1001" name="const_86">
<pin_list>
<pin id="87" dir="1" index="0" bw="1" slack="0"/>
</pin_list>
<bind>
<StgValue><ssdm name=""/></StgValue>
</bind>
</comp>

<comp id="88" class="1001" name="const_88">
<pin_list>
<pin id="89" dir="1" index="0" bw="1" slack="0"/>
</pin_list>
<bind>
<StgValue><ssdm name="AXIvideo2MultiPixStream_Pipeline_loop_width"/></StgValue>
</bind>
</comp>

<comp id="90" class="1001" name="const_90">
<pin_list>
<pin id="91" dir="1" index="0" bw="1" slack="0"/>
</pin_list>
<bind>
<StgValue><ssdm name="AXIvideo2MultiPixStream_Pipeline_loop_wait_for_eol"/></StgValue>
</bind>
</comp>

<comp id="92" class="1001" name="const_92">
<pin_list>
<pin id="93" dir="1" index="0" bw="1" slack="2147483647"/>
</pin_list>
<bind>
<StgValue><ssdm name="_ssdm_op_SpecLoopName"/></StgValue>
</bind>
</comp>

<comp id="94" class="1001" name="const_94">
<pin_list>
<pin id="95" dir="1" index="0" bw="1" slack="2147483647"/>
</pin_list>
<bind>
<StgValue><ssdm name="empty_18"/></StgValue>
</bind>
</comp>

<comp id="96" class="1004" name="axi_data_13_fu_96">
<pin_list>
<pin id="97" dir="0" index="0" bw="1" slack="0"/>
<pin id="98" dir="1" index="1" bw="24" slack="1"/>
</pin_list>
<bind>
<opcode="alloca(26) " fcode="alloca"/>
<opset="axi_data_13/1 "/>
</bind>
</comp>

<comp id="100" class="1004" name="i_fu_100">
<pin_list>
<pin id="101" dir="0" index="0" bw="1" slack="0"/>
<pin id="102" dir="1" index="1" bw="11" slack="0"/>
</pin_list>
<bind>
<opcode="alloca(26) " fcode="alloca"/>
<opset="i/1 "/>
</bind>
</comp>

<comp id="104" class="1004" name="axi_data_14_loc_fu_104">
<pin_list>
<pin id="105" dir="0" index="0" bw="1" slack="0"/>
<pin id="106" dir="1" index="1" bw="24" slack="5"/>
</pin_list>
<bind>
<opcode="alloca(26) " fcode="alloca"/>
<opset="axi_data_14_loc/1 "/>
</bind>
</comp>

<comp id="108" class="1004" name="eol_loc_fu_108">
<pin_list>
<pin id="109" dir="0" index="0" bw="1" slack="0"/>
<pin id="110" dir="1" index="1" bw="1" slack="5"/>
</pin_list>
<bind>
<opcode="alloca(26) " fcode="alloca"/>
<opset="eol_loc/1 "/>
</bind>
</comp>

<comp id="112" class="1004" name="axi_last_loc_fu_112">
<pin_list>
<pin id="113" dir="0" index="0" bw="1" slack="0"/>
<pin id="114" dir="1" index="1" bw="1" slack="1"/>
</pin_list>
<bind>
<opcode="alloca(26) " fcode="alloca"/>
<opset="axi_last_loc/1 "/>
</bind>
</comp>

<comp id="116" class="1004" name="p_read_4_read_fu_116">
<pin_list>
<pin id="117" dir="0" index="0" bw="8" slack="0"/>
<pin id="118" dir="0" index="1" bw="8" slack="0"/>
<pin id="119" dir="1" index="2" bw="8" slack="0"/>
</pin_list>
<bind>
<opcode="read(1150) " fcode="read"/>
<opset="p_read_4/1 "/>
</bind>
</comp>

<comp id="122" class="1004" name="p_read_5_read_fu_122">
<pin_list>
<pin id="123" dir="0" index="0" bw="11" slack="0"/>
<pin id="124" dir="0" index="1" bw="11" slack="0"/>
<pin id="125" dir="1" index="2" bw="11" slack="0"/>
</pin_list>
<bind>
<opcode="read(1150) " fcode="read"/>
<opset="p_read_5/1 "/>
</bind>
</comp>

<comp id="128" class="1004" name="p_read_6_read_fu_128">
<pin_list>
<pin id="129" dir="0" index="0" bw="11" slack="0"/>
<pin id="130" dir="0" index="1" bw="11" slack="0"/>
<pin id="131" dir="1" index="2" bw="11" slack="0"/>
</pin_list>
<bind>
<opcode="read(1150) " fcode="read"/>
<opset="p_read_6/1 "/>
</bind>
</comp>

<comp id="134" class="1004" name="write_ln0_write_fu_134">
<pin_list>
<pin id="135" dir="0" index="0" bw="0" slack="0"/>
<pin id="136" dir="0" index="1" bw="11" slack="0"/>
<pin id="137" dir="0" index="2" bw="11" slack="0"/>
<pin id="138" dir="1" index="3" bw="0" slack="2147483647"/>
</pin_list>
<bind>
<opcode="write(1151) " fcode="write"/>
<opset="write_ln0/1 "/>
</bind>
</comp>

<comp id="142" class="1004" name="write_ln0_write_fu_142">
<pin_list>
<pin id="143" dir="0" index="0" bw="0" slack="0"/>
<pin id="144" dir="0" index="1" bw="11" slack="0"/>
<pin id="145" dir="0" index="2" bw="11" slack="0"/>
<pin id="146" dir="1" index="3" bw="0" slack="2147483647"/>
</pin_list>
<bind>
<opcode="write(1151) " fcode="write"/>
<opset="write_ln0/1 "/>
</bind>
</comp>

<comp id="150" class="1005" name="sof_reg_150">
<pin_list>
<pin id="151" dir="0" index="0" bw="1" slack="1"/>
<pin id="152" dir="1" index="1" bw="1" slack="1"/>
</pin_list>
<bind>
<opset="sof (phireg) "/>
</bind>
</comp>

<comp id="155" class="1004" name="sof_phi_fu_155">
<pin_list>
<pin id="156" dir="0" index="0" bw="1" slack="1"/>
<pin id="157" dir="0" index="1" bw="0" slack="2147483647"/>
<pin id="158" dir="0" index="2" bw="1" slack="1"/>
<pin id="159" dir="0" index="3" bw="0" slack="2147483647"/>
<pin id="160" dir="1" index="4" bw="1" slack="1"/>
</pin_list>
<bind>
<opcode="phi(47) " fcode="phi"/>
<opset="sof/5 "/>
</bind>
</comp>

<comp id="164" class="1005" name="axi_last_2_reg_164">
<pin_list>
<pin id="165" dir="0" index="0" bw="1" slack="1"/>
<pin id="166" dir="1" index="1" bw="1" slack="1"/>
</pin_list>
<bind>
<opset="axi_last_2 (phireg) "/>
</bind>
</comp>

<comp id="168" class="1004" name="axi_last_2_phi_fu_168">
<pin_list>
<pin id="169" dir="0" index="0" bw="1" slack="2147483647"/>
<pin id="170" dir="0" index="1" bw="0" slack="2147483647"/>
<pin id="171" dir="0" index="2" bw="1" slack="1"/>
<pin id="172" dir="0" index="3" bw="0" slack="2147483647"/>
<pin id="173" dir="1" index="4" bw="1" slack="1"/>
</pin_list>
<bind>
<opcode="phi(47) " fcode="phi"/>
<opset="axi_last_2/5 "/>
</bind>
</comp>

<comp id="176" class="1004" name="grp_AXIvideo2MultiPixStream_Pipeline_loop_wait_for_start_fu_176">
<pin_list>
<pin id="177" dir="0" index="0" bw="0" slack="0"/>
<pin id="178" dir="0" index="1" bw="24" slack="0"/>
<pin id="179" dir="0" index="2" bw="3" slack="0"/>
<pin id="180" dir="0" index="3" bw="3" slack="0"/>
<pin id="181" dir="0" index="4" bw="1" slack="0"/>
<pin id="182" dir="0" index="5" bw="1" slack="0"/>
<pin id="183" dir="0" index="6" bw="1" slack="0"/>
<pin id="184" dir="0" index="7" bw="1" slack="0"/>
<pin id="185" dir="0" index="8" bw="24" slack="1"/>
<pin id="186" dir="0" index="9" bw="1" slack="1"/>
<pin id="187" dir="1" index="10" bw="0" slack="2147483647"/>
</pin_list>
<bind>
<opcode="call(48) " fcode="call"/>
<opset="call_ln0/2 "/>
</bind>
</comp>

<comp id="196" class="1004" name="grp_AXIvideo2MultiPixStream_Pipeline_loop_width_fu_196">
<pin_list>
<pin id="197" dir="0" index="0" bw="0" slack="0"/>
<pin id="198" dir="0" index="1" bw="1" slack="1"/>
<pin id="199" dir="0" index="2" bw="1" slack="1"/>
<pin id="200" dir="0" index="3" bw="24" slack="0"/>
<pin id="201" dir="0" index="4" bw="11" slack="2"/>
<pin id="202" dir="0" index="5" bw="1" slack="5"/>
<pin id="203" dir="0" index="6" bw="24" slack="0"/>
<pin id="204" dir="0" index="7" bw="24" slack="0"/>
<pin id="205" dir="0" index="8" bw="3" slack="0"/>
<pin id="206" dir="0" index="9" bw="3" slack="0"/>
<pin id="207" dir="0" index="10" bw="1" slack="0"/>
<pin id="208" dir="0" index="11" bw="1" slack="0"/>
<pin id="209" dir="0" index="12" bw="1" slack="0"/>
<pin id="210" dir="0" index="13" bw="1" slack="0"/>
<pin id="211" dir="0" index="14" bw="1" slack="5"/>
<pin id="212" dir="0" index="15" bw="24" slack="5"/>
<pin id="213" dir="1" index="16" bw="0" slack="2147483647"/>
</pin_list>
<bind>
<opcode="call(48) " fcode="call"/>
<opset="call_ln521/6 "/>
</bind>
</comp>

<comp id="225" class="1004" name="grp_AXIvideo2MultiPixStream_Pipeline_loop_wait_for_eol_fu_225">
<pin_list>
<pin id="226" dir="0" index="0" bw="0" slack="0"/>
<pin id="227" dir="0" index="1" bw="24" slack="0"/>
<pin id="228" dir="0" index="2" bw="1" slack="0"/>
<pin id="229" dir="0" index="3" bw="24" slack="0"/>
<pin id="230" dir="0" index="4" bw="3" slack="0"/>
<pin id="231" dir="0" index="5" bw="3" slack="0"/>
<pin id="232" dir="0" index="6" bw="1" slack="0"/>
<pin id="233" dir="0" index="7" bw="1" slack="0"/>
<pin id="234" dir="0" index="8" bw="1" slack="0"/>
<pin id="235" dir="0" index="9" bw="1" slack="0"/>
<pin id="236" dir="0" index="10" bw="24" slack="8"/>
<pin id="237" dir="1" index="11" bw="0" slack="2147483647"/>
</pin_list>
<bind>
<opcode="call(48) " fcode="call"/>
<opset="call_ln0/9 "/>
</bind>
</comp>

<comp id="246" class="1004" name="cond_fu_246">
<pin_list>
<pin id="247" dir="0" index="0" bw="8" slack="0"/>
<pin id="248" dir="0" index="1" bw="8" slack="0"/>
<pin id="249" dir="1" index="2" bw="1" slack="5"/>
</pin_list>
<bind>
<opcode="icmp(45) " fcode="icmp"/>
<opset="cond/1 "/>
</bind>
</comp>

<comp id="252" class="1004" name="store_ln541_store_fu_252">
<pin_list>
<pin id="253" dir="0" index="0" bw="1" slack="0"/>
<pin id="254" dir="0" index="1" bw="11" slack="0"/>
<pin id="255" dir="1" index="2" bw="0" slack="2147483647"/>
</pin_list>
<bind>
<opcode="store(28) " fcode="store"/>
<opset="store_ln541/1 "/>
</bind>
</comp>

<comp id="257" class="1004" name="grp_reg_unsigned_short_s_fu_257">
<pin_list>
<pin id="258" dir="0" index="0" bw="11" slack="0"/>
<pin id="259" dir="0" index="1" bw="11" slack="2"/>
<pin id="260" dir="1" index="2" bw="11" slack="1"/>
</pin_list>
<bind>
<opcode="call(48) " fcode="call"/>
<opset="rows/3 "/>
</bind>
</comp>

<comp id="262" class="1004" name="grp_reg_unsigned_short_s_fu_262">
<pin_list>
<pin id="263" dir="0" index="0" bw="11" slack="0"/>
<pin id="264" dir="0" index="1" bw="11" slack="2"/>
<pin id="265" dir="1" index="2" bw="11" slack="2"/>
</pin_list>
<bind>
<opcode="call(48) " fcode="call"/>
<opset="cols/3 "/>
</bind>
</comp>

<comp id="267" class="1004" name="axi_last_loc_load_load_fu_267">
<pin_list>
<pin id="268" dir="0" index="0" bw="1" slack="3"/>
<pin id="269" dir="1" index="1" bw="1" slack="2147483647"/>
</pin_list>
<bind>
<opcode="load(27) " fcode="load"/>
<opset="axi_last_loc_load/4 "/>
</bind>
</comp>

<comp id="270" class="1004" name="i_3_load_fu_270">
<pin_list>
<pin id="271" dir="0" index="0" bw="11" slack="4"/>
<pin id="272" dir="1" index="1" bw="11" slack="0"/>
</pin_list>
<bind>
<opcode="load(27) " fcode="load"/>
<opset="i_3/5 "/>
</bind>
</comp>

<comp id="273" class="1004" name="icmp_ln541_fu_273">
<pin_list>
<pin id="274" dir="0" index="0" bw="11" slack="0"/>
<pin id="275" dir="0" index="1" bw="11" slack="1"/>
<pin id="276" dir="1" index="2" bw="1" slack="2147483647"/>
</pin_list>
<bind>
<opcode="icmp(45) " fcode="icmp"/>
<opset="icmp_ln541/5 "/>
</bind>
</comp>

<comp id="278" class="1004" name="i_4_fu_278">
<pin_list>
<pin id="279" dir="0" index="0" bw="11" slack="0"/>
<pin id="280" dir="0" index="1" bw="1" slack="0"/>
<pin id="281" dir="1" index="2" bw="11" slack="3"/>
</pin_list>
<bind>
<opcode="add(8) " fcode="add"/>
<opset="i_4/5 "/>
</bind>
</comp>

<comp id="284" class="1004" name="axi_data_13_load_load_fu_284">
<pin_list>
<pin id="285" dir="0" index="0" bw="24" slack="5"/>
<pin id="286" dir="1" index="1" bw="24" slack="0"/>
</pin_list>
<bind>
<opcode="load(27) " fcode="load"/>
<opset="axi_data_13_load/6 "/>
</bind>
</comp>

<comp id="288" class="1004" name="store_ln541_store_fu_288">
<pin_list>
<pin id="289" dir="0" index="0" bw="11" slack="3"/>
<pin id="290" dir="0" index="1" bw="11" slack="7"/>
<pin id="291" dir="1" index="2" bw="0" slack="2147483647"/>
</pin_list>
<bind>
<opcode="store(28) " fcode="store"/>
<opset="store_ln541/8 "/>
</bind>
</comp>

<comp id="292" class="1004" name="eol_loc_load_load_fu_292">
<pin_list>
<pin id="293" dir="0" index="0" bw="1" slack="8"/>
<pin id="294" dir="1" index="1" bw="1" slack="0"/>
</pin_list>
<bind>
<opcode="load(27) " fcode="load"/>
<opset="eol_loc_load/9 "/>
</bind>
</comp>

<comp id="296" class="1004" name="axi_data_14_loc_load_load_fu_296">
<pin_list>
<pin id="297" dir="0" index="0" bw="24" slack="8"/>
<pin id="298" dir="1" index="1" bw="24" slack="0"/>
</pin_list>
<bind>
<opcode="load(27) " fcode="load"/>
<opset="axi_data_14_loc_load/9 "/>
</bind>
</comp>

<comp id="300" class="1005" name="axi_data_13_reg_300">
<pin_list>
<pin id="301" dir="0" index="0" bw="24" slack="1"/>
<pin id="302" dir="1" index="1" bw="24" slack="1"/>
</pin_list>
<bind>
<opset="axi_data_13 "/>
</bind>
</comp>

<comp id="307" class="1005" name="i_reg_307">
<pin_list>
<pin id="308" dir="0" index="0" bw="11" slack="0"/>
<pin id="309" dir="1" index="1" bw="11" slack="0"/>
</pin_list>
<bind>
<opset="i "/>
</bind>
</comp>

<comp id="314" class="1005" name="p_read_5_reg_314">
<pin_list>
<pin id="315" dir="0" index="0" bw="11" slack="2"/>
<pin id="316" dir="1" index="1" bw="11" slack="2"/>
</pin_list>
<bind>
<opset="p_read_5 "/>
</bind>
</comp>

<comp id="319" class="1005" name="p_read_6_reg_319">
<pin_list>
<pin id="320" dir="0" index="0" bw="11" slack="2"/>
<pin id="321" dir="1" index="1" bw="11" slack="2"/>
</pin_list>
<bind>
<opset="p_read_6 "/>
</bind>
</comp>

<comp id="324" class="1005" name="axi_data_14_loc_reg_324">
<pin_list>
<pin id="325" dir="0" index="0" bw="24" slack="5"/>
<pin id="326" dir="1" index="1" bw="24" slack="5"/>
</pin_list>
<bind>
<opset="axi_data_14_loc "/>
</bind>
</comp>

<comp id="330" class="1005" name="eol_loc_reg_330">
<pin_list>
<pin id="331" dir="0" index="0" bw="1" slack="5"/>
<pin id="332" dir="1" index="1" bw="1" slack="5"/>
</pin_list>
<bind>
<opset="eol_loc "/>
</bind>
</comp>

<comp id="336" class="1005" name="axi_last_loc_reg_336">
<pin_list>
<pin id="337" dir="0" index="0" bw="1" slack="1"/>
<pin id="338" dir="1" index="1" bw="1" slack="1"/>
</pin_list>
<bind>
<opset="axi_last_loc "/>
</bind>
</comp>

<comp id="342" class="1005" name="cond_reg_342">
<pin_list>
<pin id="343" dir="0" index="0" bw="1" slack="5"/>
<pin id="344" dir="1" index="1" bw="1" slack="5"/>
</pin_list>
<bind>
<opset="cond "/>
</bind>
</comp>

<comp id="347" class="1005" name="rows_reg_347">
<pin_list>
<pin id="348" dir="0" index="0" bw="11" slack="1"/>
<pin id="349" dir="1" index="1" bw="11" slack="1"/>
</pin_list>
<bind>
<opset="rows "/>
</bind>
</comp>

<comp id="352" class="1005" name="cols_reg_352">
<pin_list>
<pin id="353" dir="0" index="0" bw="11" slack="2"/>
<pin id="354" dir="1" index="1" bw="11" slack="2"/>
</pin_list>
<bind>
<opset="cols "/>
</bind>
</comp>

<comp id="363" class="1005" name="i_4_reg_363">
<pin_list>
<pin id="364" dir="0" index="0" bw="11" slack="3"/>
<pin id="365" dir="1" index="1" bw="11" slack="3"/>
</pin_list>
<bind>
<opset="i_4 "/>
</bind>
</comp>

</comp_list>

<net_list>
<net id="99"><net_src comp="26" pin="0"/><net_sink comp="96" pin=0"/></net>

<net id="103"><net_src comp="26" pin="0"/><net_sink comp="100" pin=0"/></net>

<net id="107"><net_src comp="32" pin="0"/><net_sink comp="104" pin=0"/></net>

<net id="111"><net_src comp="32" pin="0"/><net_sink comp="108" pin=0"/></net>

<net id="115"><net_src comp="32" pin="0"/><net_sink comp="112" pin=0"/></net>

<net id="120"><net_src comp="28" pin="0"/><net_sink comp="116" pin=0"/></net>

<net id="121"><net_src comp="20" pin="0"/><net_sink comp="116" pin=1"/></net>

<net id="126"><net_src comp="30" pin="0"/><net_sink comp="122" pin=0"/></net>

<net id="127"><net_src comp="18" pin="0"/><net_sink comp="122" pin=1"/></net>

<net id="132"><net_src comp="30" pin="0"/><net_sink comp="128" pin=0"/></net>

<net id="133"><net_src comp="16" pin="0"/><net_sink comp="128" pin=1"/></net>

<net id="139"><net_src comp="34" pin="0"/><net_sink comp="134" pin=0"/></net>

<net id="140"><net_src comp="24" pin="0"/><net_sink comp="134" pin=1"/></net>

<net id="141"><net_src comp="128" pin="2"/><net_sink comp="134" pin=2"/></net>

<net id="147"><net_src comp="34" pin="0"/><net_sink comp="142" pin=0"/></net>

<net id="148"><net_src comp="22" pin="0"/><net_sink comp="142" pin=1"/></net>

<net id="149"><net_src comp="122" pin="2"/><net_sink comp="142" pin=2"/></net>

<net id="153"><net_src comp="74" pin="0"/><net_sink comp="150" pin=0"/></net>

<net id="154"><net_src comp="76" pin="0"/><net_sink comp="150" pin=0"/></net>

<net id="161"><net_src comp="150" pin="1"/><net_sink comp="155" pin=0"/></net>

<net id="162"><net_src comp="150" pin="1"/><net_sink comp="155" pin=2"/></net>

<net id="163"><net_src comp="155" pin="4"/><net_sink comp="150" pin=0"/></net>

<net id="167"><net_src comp="74" pin="0"/><net_sink comp="164" pin=0"/></net>

<net id="174"><net_src comp="164" pin="1"/><net_sink comp="168" pin=2"/></net>

<net id="175"><net_src comp="168" pin="4"/><net_sink comp="164" pin=0"/></net>

<net id="188"><net_src comp="42" pin="0"/><net_sink comp="176" pin=0"/></net>

<net id="189"><net_src comp="0" pin="0"/><net_sink comp="176" pin=1"/></net>

<net id="190"><net_src comp="2" pin="0"/><net_sink comp="176" pin=2"/></net>

<net id="191"><net_src comp="4" pin="0"/><net_sink comp="176" pin=3"/></net>

<net id="192"><net_src comp="6" pin="0"/><net_sink comp="176" pin=4"/></net>

<net id="193"><net_src comp="8" pin="0"/><net_sink comp="176" pin=5"/></net>

<net id="194"><net_src comp="10" pin="0"/><net_sink comp="176" pin=6"/></net>

<net id="195"><net_src comp="12" pin="0"/><net_sink comp="176" pin=7"/></net>

<net id="214"><net_src comp="88" pin="0"/><net_sink comp="196" pin=0"/></net>

<net id="215"><net_src comp="150" pin="1"/><net_sink comp="196" pin=1"/></net>

<net id="216"><net_src comp="164" pin="1"/><net_sink comp="196" pin=2"/></net>

<net id="217"><net_src comp="14" pin="0"/><net_sink comp="196" pin=6"/></net>

<net id="218"><net_src comp="0" pin="0"/><net_sink comp="196" pin=7"/></net>

<net id="219"><net_src comp="2" pin="0"/><net_sink comp="196" pin=8"/></net>

<net id="220"><net_src comp="4" pin="0"/><net_sink comp="196" pin=9"/></net>

<net id="221"><net_src comp="6" pin="0"/><net_sink comp="196" pin=10"/></net>

<net id="222"><net_src comp="8" pin="0"/><net_sink comp="196" pin=11"/></net>

<net id="223"><net_src comp="10" pin="0"/><net_sink comp="196" pin=12"/></net>

<net id="224"><net_src comp="12" pin="0"/><net_sink comp="196" pin=13"/></net>

<net id="238"><net_src comp="90" pin="0"/><net_sink comp="225" pin=0"/></net>

<net id="239"><net_src comp="0" pin="0"/><net_sink comp="225" pin=3"/></net>

<net id="240"><net_src comp="2" pin="0"/><net_sink comp="225" pin=4"/></net>

<net id="241"><net_src comp="4" pin="0"/><net_sink comp="225" pin=5"/></net>

<net id="242"><net_src comp="6" pin="0"/><net_sink comp="225" pin=6"/></net>

<net id="243"><net_src comp="8" pin="0"/><net_sink comp="225" pin=7"/></net>

<net id="244"><net_src comp="10" pin="0"/><net_sink comp="225" pin=8"/></net>

<net id="245"><net_src comp="12" pin="0"/><net_sink comp="225" pin=9"/></net>

<net id="250"><net_src comp="116" pin="2"/><net_sink comp="246" pin=0"/></net>

<net id="251"><net_src comp="36" pin="0"/><net_sink comp="246" pin=1"/></net>

<net id="256"><net_src comp="38" pin="0"/><net_sink comp="252" pin=0"/></net>

<net id="261"><net_src comp="44" pin="0"/><net_sink comp="257" pin=0"/></net>

<net id="266"><net_src comp="44" pin="0"/><net_sink comp="262" pin=0"/></net>

<net id="277"><net_src comp="270" pin="1"/><net_sink comp="273" pin=0"/></net>

<net id="282"><net_src comp="270" pin="1"/><net_sink comp="278" pin=0"/></net>

<net id="283"><net_src comp="86" pin="0"/><net_sink comp="278" pin=1"/></net>

<net id="287"><net_src comp="284" pin="1"/><net_sink comp="196" pin=3"/></net>

<net id="295"><net_src comp="292" pin="1"/><net_sink comp="225" pin=2"/></net>

<net id="299"><net_src comp="296" pin="1"/><net_sink comp="225" pin=1"/></net>

<net id="303"><net_src comp="96" pin="1"/><net_sink comp="300" pin=0"/></net>

<net id="304"><net_src comp="300" pin="1"/><net_sink comp="176" pin=8"/></net>

<net id="305"><net_src comp="300" pin="1"/><net_sink comp="284" pin=0"/></net>

<net id="306"><net_src comp="300" pin="1"/><net_sink comp="225" pin=10"/></net>

<net id="310"><net_src comp="100" pin="1"/><net_sink comp="307" pin=0"/></net>

<net id="311"><net_src comp="307" pin="1"/><net_sink comp="252" pin=1"/></net>

<net id="312"><net_src comp="307" pin="1"/><net_sink comp="270" pin=0"/></net>

<net id="313"><net_src comp="307" pin="1"/><net_sink comp="288" pin=1"/></net>

<net id="317"><net_src comp="122" pin="2"/><net_sink comp="314" pin=0"/></net>

<net id="318"><net_src comp="314" pin="1"/><net_sink comp="262" pin=1"/></net>

<net id="322"><net_src comp="128" pin="2"/><net_sink comp="319" pin=0"/></net>

<net id="323"><net_src comp="319" pin="1"/><net_sink comp="257" pin=1"/></net>

<net id="327"><net_src comp="104" pin="1"/><net_sink comp="324" pin=0"/></net>

<net id="328"><net_src comp="324" pin="1"/><net_sink comp="196" pin=15"/></net>

<net id="329"><net_src comp="324" pin="1"/><net_sink comp="296" pin=0"/></net>

<net id="333"><net_src comp="108" pin="1"/><net_sink comp="330" pin=0"/></net>

<net id="334"><net_src comp="330" pin="1"/><net_sink comp="196" pin=14"/></net>

<net id="335"><net_src comp="330" pin="1"/><net_sink comp="292" pin=0"/></net>

<net id="339"><net_src comp="112" pin="1"/><net_sink comp="336" pin=0"/></net>

<net id="340"><net_src comp="336" pin="1"/><net_sink comp="176" pin=9"/></net>

<net id="341"><net_src comp="336" pin="1"/><net_sink comp="267" pin=0"/></net>

<net id="345"><net_src comp="246" pin="2"/><net_sink comp="342" pin=0"/></net>

<net id="346"><net_src comp="342" pin="1"/><net_sink comp="196" pin=5"/></net>

<net id="350"><net_src comp="257" pin="2"/><net_sink comp="347" pin=0"/></net>

<net id="351"><net_src comp="347" pin="1"/><net_sink comp="273" pin=1"/></net>

<net id="355"><net_src comp="262" pin="2"/><net_sink comp="352" pin=0"/></net>

<net id="356"><net_src comp="352" pin="1"/><net_sink comp="196" pin=4"/></net>

<net id="366"><net_src comp="278" pin="2"/><net_sink comp="363" pin=0"/></net>

<net id="367"><net_src comp="363" pin="1"/><net_sink comp="288" pin=0"/></net>

</net_list>

</model> 
---------------- Datapath Model END ------------------

* FSMD analyzer results:
  - Output states:
	Port: s_axis_video_V_data_V | {}
	Port: s_axis_video_V_keep_V | {}
	Port: s_axis_video_V_strb_V | {}
	Port: s_axis_video_V_user_V | {}
	Port: s_axis_video_V_last_V | {}
	Port: s_axis_video_V_id_V | {}
	Port: s_axis_video_V_dest_V | {}
	Port: stream_in | {6 7 }
	Port: HwReg_width_c3 | {1 }
	Port: HwReg_height_c5 | {1 }
 - Input state : 
	Port: AXIvideo2MultiPixStream : s_axis_video_V_data_V | {2 3 6 7 9 10 }
	Port: AXIvideo2MultiPixStream : s_axis_video_V_keep_V | {2 3 6 7 9 10 }
	Port: AXIvideo2MultiPixStream : s_axis_video_V_strb_V | {2 3 6 7 9 10 }
	Port: AXIvideo2MultiPixStream : s_axis_video_V_user_V | {2 3 6 7 9 10 }
	Port: AXIvideo2MultiPixStream : s_axis_video_V_last_V | {2 3 6 7 9 10 }
	Port: AXIvideo2MultiPixStream : s_axis_video_V_id_V | {2 3 6 7 9 10 }
	Port: AXIvideo2MultiPixStream : s_axis_video_V_dest_V | {2 3 6 7 9 10 }
	Port: AXIvideo2MultiPixStream : p_read | {1 }
	Port: AXIvideo2MultiPixStream : p_read1 | {1 }
	Port: AXIvideo2MultiPixStream : p_read2 | {1 }
  - Chain level:
	State 1
		store_ln541 : 1
	State 2
	State 3
	State 4
	State 5
		icmp_ln541 : 1
		i_4 : 1
		br_ln541 : 2
	State 6
		call_ln521 : 1
	State 7
	State 8
	State 9
		call_ln0 : 1
	State 10


============================================================
+ Verbose Summary: Datapath Resource usage 
============================================================

* Functional unit list:
|----------|-----------------------------------------------------------------|---------|---------|
| Operation|                         Functional Unit                         |    FF   |   LUT   |
|----------|-----------------------------------------------------------------|---------|---------|
|          | grp_AXIvideo2MultiPixStream_Pipeline_loop_wait_for_start_fu_176 |    3    |    0    |
|          |      grp_AXIvideo2MultiPixStream_Pipeline_loop_width_fu_196     |    41   |    50   |
|   call   |  grp_AXIvideo2MultiPixStream_Pipeline_loop_wait_for_eol_fu_225  |    2    |    0    |
|          |                 grp_reg_unsigned_short_s_fu_257                 |    11   |    0    |
|          |                 grp_reg_unsigned_short_s_fu_262                 |    11   |    0    |
|----------|-----------------------------------------------------------------|---------|---------|
|   icmp   |                           cond_fu_246                           |    0    |    15   |
|          |                        icmp_ln541_fu_273                        |    0    |    12   |
|----------|-----------------------------------------------------------------|---------|---------|
|    add   |                            i_4_fu_278                           |    0    |    12   |
|----------|-----------------------------------------------------------------|---------|---------|
|          |                       p_read_4_read_fu_116                      |    0    |    0    |
|   read   |                       p_read_5_read_fu_122                      |    0    |    0    |
|          |                       p_read_6_read_fu_128                      |    0    |    0    |
|----------|-----------------------------------------------------------------|---------|---------|
|   write  |                      write_ln0_write_fu_134                     |    0    |    0    |
|          |                      write_ln0_write_fu_142                     |    0    |    0    |
|----------|-----------------------------------------------------------------|---------|---------|
|   Total  |                                                                 |    68   |    89   |
|----------|-----------------------------------------------------------------|---------|---------|

Memories:
N/A

* Register list:
+-----------------------+--------+
|                       |   FF   |
+-----------------------+--------+
|  axi_data_13_reg_300  |   24   |
|axi_data_14_loc_reg_324|   24   |
|   axi_last_2_reg_164  |    1   |
|  axi_last_loc_reg_336 |    1   |
|      cols_reg_352     |   11   |
|      cond_reg_342     |    1   |
|    eol_loc_reg_330    |    1   |
|      i_4_reg_363      |   11   |
|       i_reg_307       |   11   |
|    p_read_5_reg_314   |   11   |
|    p_read_6_reg_319   |   11   |
|      rows_reg_347     |   11   |
|      sof_reg_150      |    1   |
+-----------------------+--------+
|         Total         |   119  |
+-----------------------+--------+

* Multiplexer (MUX) list: 
|--------------------|------|------|------|--------||---------||---------||---------|
|        Comp        |  Pin | Size |  BW  | S x BW ||  Delay  ||    FF   ||   LUT   |
|--------------------|------|------|------|--------||---------||---------||---------|
|     sof_reg_150    |  p0  |   3  |   1  |    3   ||    0    ||    9    |
| axi_last_2_reg_164 |  p0  |   2  |   1  |    2   ||    0    ||    9    |
|--------------------|------|------|------|--------||---------||---------||---------|
|        Total       |      |      |      |    5   ||  3.2953 ||    0    ||    18   |
|--------------------|------|------|------|--------||---------||---------||---------|



* Summary:
+-----------+--------+--------+--------+
|           |  Delay |   FF   |   LUT  |
+-----------+--------+--------+--------+
|  Function |    -   |   68   |   89   |
|   Memory  |    -   |    -   |    -   |
|Multiplexer|    3   |    0   |   18   |
|  Register |    -   |   119  |    -   |
+-----------+--------+--------+--------+
|   Total   |    3   |   187  |   107  |
+-----------+--------+--------+--------+
