

================================================================
== Vitis HLS Report for 'Block_entry_split_proc'
================================================================
* Date:           Wed Sep 10 15:21:44 2025

* Version:        2024.1 (Build 5069499 on May 21 2024)
* Project:        prj
* Solution:       sol (Vivado IP Flow Target)
* Product family: zynq
* Target device:  xc7z020-clg484-1


================================================================
== Performance Estimates
================================================================
+ Timing: 
    * Summary: 
    +--------+---------+----------+------------+
    |  Clock |  Target | Estimated| Uncertainty|
    +--------+---------+----------+------------+
    |ap_clk  |  6.73 ns|      0 ns|     1.82 ns|
    +--------+---------+----------+------------+

+ Latency: 
    * Summary: 
    +---------+---------+----------+----------+-----+-----+---------+
    |  Latency (cycles) |  Latency (absolute) |  Interval | Pipeline|
    |   min   |   max   |    min   |    max   | min | max |   Type  |
    +---------+---------+----------+----------+-----+-----+---------+
    |        0|        0|      0 ns|      0 ns|    0|    0|       no|
    +---------+---------+----------+----------+-----+-----+---------+

    + Detail: 
        * Instance: 
        N/A

        * Loop: 
        N/A



================================================================
== Utilization Estimates
================================================================
* Summary: 
+-----------------+---------+-----+--------+-------+-----+
|       Name      | BRAM_18K| DSP |   FF   |  LUT  | URAM|
+-----------------+---------+-----+--------+-------+-----+
|DSP              |        -|    -|       -|      -|    -|
|Expression       |        -|    -|       0|      2|    -|
|FIFO             |        -|    -|       -|      -|    -|
|Instance         |        -|    -|       -|      -|    -|
|Memory           |        -|    -|       -|      -|    -|
|Multiplexer      |        -|    -|       0|    171|    -|
|Register         |        -|    -|     230|      -|    -|
+-----------------+---------+-----+--------+-------+-----+
|Total            |        0|    0|     230|    173|    0|
+-----------------+---------+-----+--------+-------+-----+
|Available        |      280|  220|  106400|  53200|    0|
+-----------------+---------+-----+--------+-------+-----+
|Utilization (%)  |        0|    0|      ~0|     ~0|    0|
+-----------------+---------+-----+--------+-------+-----+

+ Detail: 
    * Instance: 
    N/A

    * DSP: 
    N/A

    * Memory: 
    N/A

    * FIFO: 
    N/A

    * Expression: 
    +-----------------+----------+----+---+----+------------+------------+
    |  Variable Name  | Operation| DSP| FF| LUT| Bitwidth P0| Bitwidth P1|
    +-----------------+----------+----+---+----+------------+------------+
    |ap_block_state1  |        or|   0|  0|   2|           1|           1|
    +-----------------+----------+----+---+----+------------+------------+
    |Total            |          |   0|  0|   2|           1|           1|
    +-----------------+----------+----+---+----+------------+------------+

    * Multiplexer: 
    +--------------+----+-----------+-----+-----------+
    |     Name     | LUT| Input Size| Bits| Total Bits|
    +--------------+----+-----------+-----+-----------+
    |ap_done       |   9|          2|    1|          2|
    |ap_return_0   |   9|          2|    8|         16|
    |ap_return_1   |   9|          2|    8|         16|
    |ap_return_10  |   9|          2|   16|         32|
    |ap_return_11  |   9|          2|   10|         20|
    |ap_return_12  |   9|          2|   10|         20|
    |ap_return_13  |   9|          2|   10|         20|
    |ap_return_14  |   9|          2|    8|         16|
    |ap_return_15  |   9|          2|    8|         16|
    |ap_return_16  |   9|          2|   11|         22|
    |ap_return_17  |   9|          2|   11|         22|
    |ap_return_2   |   9|          2|   16|         32|
    |ap_return_3   |   9|          2|   16|         32|
    |ap_return_4   |   9|          2|   16|         32|
    |ap_return_5   |   9|          2|   16|         32|
    |ap_return_6   |   9|          2|   16|         32|
    |ap_return_7   |   9|          2|   16|         32|
    |ap_return_8   |   9|          2|   16|         32|
    |ap_return_9   |   9|          2|   16|         32|
    +--------------+----+-----------+-----+-----------+
    |Total         | 171|         38|  229|        458|
    +--------------+----+-----------+-----+-----------+

    * Register: 
    +-------------------+----+----+-----+-----------+
    |        Name       | FF | LUT| Bits| Const Bits|
    +-------------------+----+----+-----+-----------+
    |ap_CS_fsm          |   1|   0|    1|          0|
    |ap_done_reg        |   1|   0|    1|          0|
    |ap_return_0_preg   |   8|   0|    8|          0|
    |ap_return_10_preg  |  16|   0|   16|          0|
    |ap_return_11_preg  |  10|   0|   10|          0|
    |ap_return_12_preg  |  10|   0|   10|          0|
    |ap_return_13_preg  |  10|   0|   10|          0|
    |ap_return_14_preg  |   8|   0|    8|          0|
    |ap_return_15_preg  |   8|   0|    8|          0|
    |ap_return_16_preg  |  11|   0|   11|          0|
    |ap_return_17_preg  |  11|   0|   11|          0|
    |ap_return_1_preg   |   8|   0|    8|          0|
    |ap_return_2_preg   |  16|   0|   16|          0|
    |ap_return_3_preg   |  16|   0|   16|          0|
    |ap_return_4_preg   |  16|   0|   16|          0|
    |ap_return_5_preg   |  16|   0|   16|          0|
    |ap_return_6_preg   |  16|   0|   16|          0|
    |ap_return_7_preg   |  16|   0|   16|          0|
    |ap_return_8_preg   |  16|   0|   16|          0|
    |ap_return_9_preg   |  16|   0|   16|          0|
    +-------------------+----+----+-----+-----------+
    |Total              | 230|   0|  230|          0|
    +-------------------+----+----+-----+-----------+



================================================================
== Interface
================================================================
* Summary: 
+----------------+-----+-----+------------+------------------------+--------------+
|    RTL Ports   | Dir | Bits|  Protocol  |      Source Object     |    C Type    |
+----------------+-----+-----+------------+------------------------+--------------+
|ap_clk          |   in|    1|  ap_ctrl_hs|  Block_entry.split_proc|  return value|
|ap_rst          |   in|    1|  ap_ctrl_hs|  Block_entry.split_proc|  return value|
|ap_start        |   in|    1|  ap_ctrl_hs|  Block_entry.split_proc|  return value|
|ap_done         |  out|    1|  ap_ctrl_hs|  Block_entry.split_proc|  return value|
|ap_continue     |   in|    1|  ap_ctrl_hs|  Block_entry.split_proc|  return value|
|ap_idle         |  out|    1|  ap_ctrl_hs|  Block_entry.split_proc|  return value|
|ap_ready        |  out|    1|  ap_ctrl_hs|  Block_entry.split_proc|  return value|
|ap_return_0     |  out|    8|  ap_ctrl_hs|  Block_entry.split_proc|  return value|
|ap_return_1     |  out|    8|  ap_ctrl_hs|  Block_entry.split_proc|  return value|
|ap_return_2     |  out|   16|  ap_ctrl_hs|  Block_entry.split_proc|  return value|
|ap_return_3     |  out|   16|  ap_ctrl_hs|  Block_entry.split_proc|  return value|
|ap_return_4     |  out|   16|  ap_ctrl_hs|  Block_entry.split_proc|  return value|
|ap_return_5     |  out|   16|  ap_ctrl_hs|  Block_entry.split_proc|  return value|
|ap_return_6     |  out|   16|  ap_ctrl_hs|  Block_entry.split_proc|  return value|
|ap_return_7     |  out|   16|  ap_ctrl_hs|  Block_entry.split_proc|  return value|
|ap_return_8     |  out|   16|  ap_ctrl_hs|  Block_entry.split_proc|  return value|
|ap_return_9     |  out|   16|  ap_ctrl_hs|  Block_entry.split_proc|  return value|
|ap_return_10    |  out|   16|  ap_ctrl_hs|  Block_entry.split_proc|  return value|
|ap_return_11    |  out|   10|  ap_ctrl_hs|  Block_entry.split_proc|  return value|
|ap_return_12    |  out|   10|  ap_ctrl_hs|  Block_entry.split_proc|  return value|
|ap_return_13    |  out|   10|  ap_ctrl_hs|  Block_entry.split_proc|  return value|
|ap_return_14    |  out|    8|  ap_ctrl_hs|  Block_entry.split_proc|  return value|
|ap_return_15    |  out|    8|  ap_ctrl_hs|  Block_entry.split_proc|  return value|
|ap_return_16    |  out|   11|  ap_ctrl_hs|  Block_entry.split_proc|  return value|
|ap_return_17    |  out|   11|  ap_ctrl_hs|  Block_entry.split_proc|  return value|
|InVideoFormat   |   in|    8|     ap_none|           InVideoFormat|       pointer|
|OutVideoFormat  |   in|    8|     ap_none|          OutVideoFormat|       pointer|
|width           |   in|   16|     ap_none|                   width|       pointer|
|height          |   in|   16|     ap_none|                  height|       pointer|
|K11             |   in|   16|     ap_none|                     K11|       pointer|
|K12             |   in|   16|     ap_none|                     K12|       pointer|
|K13             |   in|   16|     ap_none|                     K13|       pointer|
|K21             |   in|   16|     ap_none|                     K21|       pointer|
|K22             |   in|   16|     ap_none|                     K22|       pointer|
|K23             |   in|   16|     ap_none|                     K23|       pointer|
|K31             |   in|   16|     ap_none|                     K31|       pointer|
|K32             |   in|   16|     ap_none|                     K32|       pointer|
|K33             |   in|   16|     ap_none|                     K33|       pointer|
|ROffset         |   in|   10|     ap_none|                 ROffset|       pointer|
|GOffset         |   in|   10|     ap_none|                 GOffset|       pointer|
|BOffset         |   in|   10|     ap_none|                 BOffset|       pointer|
|ClampMin        |   in|    8|     ap_none|                ClampMin|       pointer|
|ClipMax         |   in|    8|     ap_none|                 ClipMax|       pointer|
+----------------+-----+-----+------------+------------------------+--------------+

============================================================
+ Verbose Summary: Synthesis Manager
============================================================
InlineROM: 1
ExposeGlobal: 0
============================================================
+ Verbose Summary: CDFG Model
============================================================
IsTopModel: 0
ResetActiveHigh: 1
IsCombinational: 2
IsDatapathOnly: 0
HasWiredReturn: 1
HasMFsm: 0
HasVarLatency: 0
IsPipeline: 0
IsRtlPipelined: 0
IsInstanceOverlapped: 0
IsDontTouch: 0
HasImplIP: 0
IsGatedGlobalClock: 0


============================================================
+ Verbose Summary: Schedule
============================================================
* Number of FSM states : 1
* Pipeline : 0
* Dataflow Pipeline: 0

* FSM state transitions: 
1 --> 

* FSM state operations: 

State 1 <SV = 0> <Delay = 0.00>
ST_1 : Operation 2 [1/1] (0.00ns)   --->   "%specstablecontent_ln0 = specstablecontent void @_ssdm_op_SpecStableContent, i8 %ClipMax, void "   --->   Operation 2 'specstablecontent' 'specstablecontent_ln0' <Predicate = true> <Delay = 0.00>
ST_1 : Operation 3 [1/1] (0.00ns)   --->   "%specstablecontent_ln0 = specstablecontent void @_ssdm_op_SpecStableContent, i8 %ClampMin, void "   --->   Operation 3 'specstablecontent' 'specstablecontent_ln0' <Predicate = true> <Delay = 0.00>
ST_1 : Operation 4 [1/1] (0.00ns)   --->   "%specstablecontent_ln0 = specstablecontent void @_ssdm_op_SpecStableContent, i10 %BOffset, void "   --->   Operation 4 'specstablecontent' 'specstablecontent_ln0' <Predicate = true> <Delay = 0.00>
ST_1 : Operation 5 [1/1] (0.00ns)   --->   "%specstablecontent_ln0 = specstablecontent void @_ssdm_op_SpecStableContent, i10 %GOffset, void "   --->   Operation 5 'specstablecontent' 'specstablecontent_ln0' <Predicate = true> <Delay = 0.00>
ST_1 : Operation 6 [1/1] (0.00ns)   --->   "%specstablecontent_ln0 = specstablecontent void @_ssdm_op_SpecStableContent, i10 %ROffset, void "   --->   Operation 6 'specstablecontent' 'specstablecontent_ln0' <Predicate = true> <Delay = 0.00>
ST_1 : Operation 7 [1/1] (0.00ns)   --->   "%specstablecontent_ln0 = specstablecontent void @_ssdm_op_SpecStableContent, i16 %K33, void "   --->   Operation 7 'specstablecontent' 'specstablecontent_ln0' <Predicate = true> <Delay = 0.00>
ST_1 : Operation 8 [1/1] (0.00ns)   --->   "%specstablecontent_ln0 = specstablecontent void @_ssdm_op_SpecStableContent, i16 %K32, void "   --->   Operation 8 'specstablecontent' 'specstablecontent_ln0' <Predicate = true> <Delay = 0.00>
ST_1 : Operation 9 [1/1] (0.00ns)   --->   "%specstablecontent_ln0 = specstablecontent void @_ssdm_op_SpecStableContent, i16 %K31, void "   --->   Operation 9 'specstablecontent' 'specstablecontent_ln0' <Predicate = true> <Delay = 0.00>
ST_1 : Operation 10 [1/1] (0.00ns)   --->   "%specstablecontent_ln0 = specstablecontent void @_ssdm_op_SpecStableContent, i16 %K23, void "   --->   Operation 10 'specstablecontent' 'specstablecontent_ln0' <Predicate = true> <Delay = 0.00>
ST_1 : Operation 11 [1/1] (0.00ns)   --->   "%specstablecontent_ln0 = specstablecontent void @_ssdm_op_SpecStableContent, i16 %K22, void "   --->   Operation 11 'specstablecontent' 'specstablecontent_ln0' <Predicate = true> <Delay = 0.00>
ST_1 : Operation 12 [1/1] (0.00ns)   --->   "%specstablecontent_ln0 = specstablecontent void @_ssdm_op_SpecStableContent, i16 %K21, void "   --->   Operation 12 'specstablecontent' 'specstablecontent_ln0' <Predicate = true> <Delay = 0.00>
ST_1 : Operation 13 [1/1] (0.00ns)   --->   "%specstablecontent_ln0 = specstablecontent void @_ssdm_op_SpecStableContent, i16 %K13, void "   --->   Operation 13 'specstablecontent' 'specstablecontent_ln0' <Predicate = true> <Delay = 0.00>
ST_1 : Operation 14 [1/1] (0.00ns)   --->   "%specstablecontent_ln0 = specstablecontent void @_ssdm_op_SpecStableContent, i16 %K12, void "   --->   Operation 14 'specstablecontent' 'specstablecontent_ln0' <Predicate = true> <Delay = 0.00>
ST_1 : Operation 15 [1/1] (0.00ns)   --->   "%specstablecontent_ln0 = specstablecontent void @_ssdm_op_SpecStableContent, i16 %K11, void "   --->   Operation 15 'specstablecontent' 'specstablecontent_ln0' <Predicate = true> <Delay = 0.00>
ST_1 : Operation 16 [1/1] (0.00ns)   --->   "%specstablecontent_ln0 = specstablecontent void @_ssdm_op_SpecStableContent, i16 %height, void "   --->   Operation 16 'specstablecontent' 'specstablecontent_ln0' <Predicate = true> <Delay = 0.00>
ST_1 : Operation 17 [1/1] (0.00ns)   --->   "%specstablecontent_ln0 = specstablecontent void @_ssdm_op_SpecStableContent, i16 %width, void "   --->   Operation 17 'specstablecontent' 'specstablecontent_ln0' <Predicate = true> <Delay = 0.00>
ST_1 : Operation 18 [1/1] (0.00ns)   --->   "%specstablecontent_ln0 = specstablecontent void @_ssdm_op_SpecStableContent, i8 %OutVideoFormat, void "   --->   Operation 18 'specstablecontent' 'specstablecontent_ln0' <Predicate = true> <Delay = 0.00>
ST_1 : Operation 19 [1/1] (0.00ns)   --->   "%specstablecontent_ln0 = specstablecontent void @_ssdm_op_SpecStableContent, i8 %InVideoFormat, void "   --->   Operation 19 'specstablecontent' 'specstablecontent_ln0' <Predicate = true> <Delay = 0.00>
ST_1 : Operation 20 [1/1] (0.00ns)   --->   "%HwReg_InVideoFormat = read i8 @_ssdm_op_Read.ap_auto.i8P0A, i8 %InVideoFormat" [C:/Vivado_Projects/zed_hdmi/zed_hdmi.runs/synth_1/prj/sol/.autopilot/db/v_csc.cpp:369]   --->   Operation 20 'read' 'HwReg_InVideoFormat' <Predicate = true> <Delay = 0.00>
ST_1 : Operation 21 [1/1] (0.00ns)   --->   "%HwReg_OutVideoFormat = read i8 @_ssdm_op_Read.ap_auto.i8P0A, i8 %OutVideoFormat" [C:/Vivado_Projects/zed_hdmi/zed_hdmi.runs/synth_1/prj/sol/.autopilot/db/v_csc.cpp:370]   --->   Operation 21 'read' 'HwReg_OutVideoFormat' <Predicate = true> <Delay = 0.00>
ST_1 : Operation 22 [1/1] (0.00ns)   --->   "%HwReg_width = read i16 @_ssdm_op_Read.ap_auto.i16P0A, i16 %width" [C:/Vivado_Projects/zed_hdmi/zed_hdmi.runs/synth_1/prj/sol/.autopilot/db/v_csc.cpp:371]   --->   Operation 22 'read' 'HwReg_width' <Predicate = true> <Delay = 0.00>
ST_1 : Operation 23 [1/1] (0.00ns)   --->   "%HwReg_width_1 = trunc i16 %HwReg_width" [C:/Vivado_Projects/zed_hdmi/zed_hdmi.runs/synth_1/prj/sol/.autopilot/db/v_csc.cpp:371]   --->   Operation 23 'trunc' 'HwReg_width_1' <Predicate = true> <Delay = 0.00>
ST_1 : Operation 24 [1/1] (0.00ns)   --->   "%HwReg_height = read i16 @_ssdm_op_Read.ap_auto.i16P0A, i16 %height" [C:/Vivado_Projects/zed_hdmi/zed_hdmi.runs/synth_1/prj/sol/.autopilot/db/v_csc.cpp:372]   --->   Operation 24 'read' 'HwReg_height' <Predicate = true> <Delay = 0.00>
ST_1 : Operation 25 [1/1] (0.00ns)   --->   "%HwReg_height_1 = trunc i16 %HwReg_height" [C:/Vivado_Projects/zed_hdmi/zed_hdmi.runs/synth_1/prj/sol/.autopilot/db/v_csc.cpp:372]   --->   Operation 25 'trunc' 'HwReg_height_1' <Predicate = true> <Delay = 0.00>
ST_1 : Operation 26 [1/1] (0.00ns)   --->   "%HwReg_K11 = read i16 @_ssdm_op_Read.ap_auto.i16P0A, i16 %K11" [C:/Vivado_Projects/zed_hdmi/zed_hdmi.runs/synth_1/prj/sol/.autopilot/db/v_csc.cpp:381]   --->   Operation 26 'read' 'HwReg_K11' <Predicate = true> <Delay = 0.00>
ST_1 : Operation 27 [1/1] (0.00ns)   --->   "%HwReg_K12 = read i16 @_ssdm_op_Read.ap_auto.i16P0A, i16 %K12" [C:/Vivado_Projects/zed_hdmi/zed_hdmi.runs/synth_1/prj/sol/.autopilot/db/v_csc.cpp:382]   --->   Operation 27 'read' 'HwReg_K12' <Predicate = true> <Delay = 0.00>
ST_1 : Operation 28 [1/1] (0.00ns)   --->   "%HwReg_K13 = read i16 @_ssdm_op_Read.ap_auto.i16P0A, i16 %K13" [C:/Vivado_Projects/zed_hdmi/zed_hdmi.runs/synth_1/prj/sol/.autopilot/db/v_csc.cpp:383]   --->   Operation 28 'read' 'HwReg_K13' <Predicate = true> <Delay = 0.00>
ST_1 : Operation 29 [1/1] (0.00ns)   --->   "%HwReg_K21 = read i16 @_ssdm_op_Read.ap_auto.i16P0A, i16 %K21" [C:/Vivado_Projects/zed_hdmi/zed_hdmi.runs/synth_1/prj/sol/.autopilot/db/v_csc.cpp:384]   --->   Operation 29 'read' 'HwReg_K21' <Predicate = true> <Delay = 0.00>
ST_1 : Operation 30 [1/1] (0.00ns)   --->   "%HwReg_K22 = read i16 @_ssdm_op_Read.ap_auto.i16P0A, i16 %K22" [C:/Vivado_Projects/zed_hdmi/zed_hdmi.runs/synth_1/prj/sol/.autopilot/db/v_csc.cpp:385]   --->   Operation 30 'read' 'HwReg_K22' <Predicate = true> <Delay = 0.00>
ST_1 : Operation 31 [1/1] (0.00ns)   --->   "%HwReg_K23 = read i16 @_ssdm_op_Read.ap_auto.i16P0A, i16 %K23" [C:/Vivado_Projects/zed_hdmi/zed_hdmi.runs/synth_1/prj/sol/.autopilot/db/v_csc.cpp:386]   --->   Operation 31 'read' 'HwReg_K23' <Predicate = true> <Delay = 0.00>
ST_1 : Operation 32 [1/1] (0.00ns)   --->   "%HwReg_K31 = read i16 @_ssdm_op_Read.ap_auto.i16P0A, i16 %K31" [C:/Vivado_Projects/zed_hdmi/zed_hdmi.runs/synth_1/prj/sol/.autopilot/db/v_csc.cpp:387]   --->   Operation 32 'read' 'HwReg_K31' <Predicate = true> <Delay = 0.00>
ST_1 : Operation 33 [1/1] (0.00ns)   --->   "%HwReg_K32 = read i16 @_ssdm_op_Read.ap_auto.i16P0A, i16 %K32" [C:/Vivado_Projects/zed_hdmi/zed_hdmi.runs/synth_1/prj/sol/.autopilot/db/v_csc.cpp:388]   --->   Operation 33 'read' 'HwReg_K32' <Predicate = true> <Delay = 0.00>
ST_1 : Operation 34 [1/1] (0.00ns)   --->   "%HwReg_K33 = read i16 @_ssdm_op_Read.ap_auto.i16P0A, i16 %K33" [C:/Vivado_Projects/zed_hdmi/zed_hdmi.runs/synth_1/prj/sol/.autopilot/db/v_csc.cpp:389]   --->   Operation 34 'read' 'HwReg_K33' <Predicate = true> <Delay = 0.00>
ST_1 : Operation 35 [1/1] (0.00ns)   --->   "%HwReg_ROffset = read i10 @_ssdm_op_Read.ap_auto.i10P0A, i10 %ROffset" [C:/Vivado_Projects/zed_hdmi/zed_hdmi.runs/synth_1/prj/sol/.autopilot/db/v_csc.cpp:390]   --->   Operation 35 'read' 'HwReg_ROffset' <Predicate = true> <Delay = 0.00>
ST_1 : Operation 36 [1/1] (0.00ns)   --->   "%HwReg_GOffset = read i10 @_ssdm_op_Read.ap_auto.i10P0A, i10 %GOffset" [C:/Vivado_Projects/zed_hdmi/zed_hdmi.runs/synth_1/prj/sol/.autopilot/db/v_csc.cpp:391]   --->   Operation 36 'read' 'HwReg_GOffset' <Predicate = true> <Delay = 0.00>
ST_1 : Operation 37 [1/1] (0.00ns)   --->   "%HwReg_BOffset = read i10 @_ssdm_op_Read.ap_auto.i10P0A, i10 %BOffset" [C:/Vivado_Projects/zed_hdmi/zed_hdmi.runs/synth_1/prj/sol/.autopilot/db/v_csc.cpp:392]   --->   Operation 37 'read' 'HwReg_BOffset' <Predicate = true> <Delay = 0.00>
ST_1 : Operation 38 [1/1] (0.00ns)   --->   "%HwReg_ClampMin = read i8 @_ssdm_op_Read.ap_auto.i8P0A, i8 %ClampMin" [C:/Vivado_Projects/zed_hdmi/zed_hdmi.runs/synth_1/prj/sol/.autopilot/db/v_csc.cpp:393]   --->   Operation 38 'read' 'HwReg_ClampMin' <Predicate = true> <Delay = 0.00>
ST_1 : Operation 39 [1/1] (0.00ns)   --->   "%HwReg_ClipMax = read i8 @_ssdm_op_Read.ap_auto.i8P0A, i8 %ClipMax" [C:/Vivado_Projects/zed_hdmi/zed_hdmi.runs/synth_1/prj/sol/.autopilot/db/v_csc.cpp:394]   --->   Operation 39 'read' 'HwReg_ClipMax' <Predicate = true> <Delay = 0.00>
ST_1 : Operation 40 [1/1] (0.00ns)   --->   "%mrv = insertvalue i228 <undef>, i8 %HwReg_InVideoFormat" [C:/Vivado_Projects/zed_hdmi/zed_hdmi.runs/synth_1/prj/sol/.autopilot/db/v_csc.cpp:369]   --->   Operation 40 'insertvalue' 'mrv' <Predicate = true> <Delay = 0.00>
ST_1 : Operation 41 [1/1] (0.00ns)   --->   "%mrv_1 = insertvalue i228 %mrv, i8 %HwReg_OutVideoFormat" [C:/Vivado_Projects/zed_hdmi/zed_hdmi.runs/synth_1/prj/sol/.autopilot/db/v_csc.cpp:369]   --->   Operation 41 'insertvalue' 'mrv_1' <Predicate = true> <Delay = 0.00>
ST_1 : Operation 42 [1/1] (0.00ns)   --->   "%mrv_2 = insertvalue i228 %mrv_1, i16 %HwReg_K11" [C:/Vivado_Projects/zed_hdmi/zed_hdmi.runs/synth_1/prj/sol/.autopilot/db/v_csc.cpp:369]   --->   Operation 42 'insertvalue' 'mrv_2' <Predicate = true> <Delay = 0.00>
ST_1 : Operation 43 [1/1] (0.00ns)   --->   "%mrv_3 = insertvalue i228 %mrv_2, i16 %HwReg_K12" [C:/Vivado_Projects/zed_hdmi/zed_hdmi.runs/synth_1/prj/sol/.autopilot/db/v_csc.cpp:369]   --->   Operation 43 'insertvalue' 'mrv_3' <Predicate = true> <Delay = 0.00>
ST_1 : Operation 44 [1/1] (0.00ns)   --->   "%mrv_4 = insertvalue i228 %mrv_3, i16 %HwReg_K13" [C:/Vivado_Projects/zed_hdmi/zed_hdmi.runs/synth_1/prj/sol/.autopilot/db/v_csc.cpp:369]   --->   Operation 44 'insertvalue' 'mrv_4' <Predicate = true> <Delay = 0.00>
ST_1 : Operation 45 [1/1] (0.00ns)   --->   "%mrv_5 = insertvalue i228 %mrv_4, i16 %HwReg_K21" [C:/Vivado_Projects/zed_hdmi/zed_hdmi.runs/synth_1/prj/sol/.autopilot/db/v_csc.cpp:369]   --->   Operation 45 'insertvalue' 'mrv_5' <Predicate = true> <Delay = 0.00>
ST_1 : Operation 46 [1/1] (0.00ns)   --->   "%mrv_6 = insertvalue i228 %mrv_5, i16 %HwReg_K22" [C:/Vivado_Projects/zed_hdmi/zed_hdmi.runs/synth_1/prj/sol/.autopilot/db/v_csc.cpp:369]   --->   Operation 46 'insertvalue' 'mrv_6' <Predicate = true> <Delay = 0.00>
ST_1 : Operation 47 [1/1] (0.00ns)   --->   "%mrv_7 = insertvalue i228 %mrv_6, i16 %HwReg_K23" [C:/Vivado_Projects/zed_hdmi/zed_hdmi.runs/synth_1/prj/sol/.autopilot/db/v_csc.cpp:369]   --->   Operation 47 'insertvalue' 'mrv_7' <Predicate = true> <Delay = 0.00>
ST_1 : Operation 48 [1/1] (0.00ns)   --->   "%mrv_8 = insertvalue i228 %mrv_7, i16 %HwReg_K31" [C:/Vivado_Projects/zed_hdmi/zed_hdmi.runs/synth_1/prj/sol/.autopilot/db/v_csc.cpp:369]   --->   Operation 48 'insertvalue' 'mrv_8' <Predicate = true> <Delay = 0.00>
ST_1 : Operation 49 [1/1] (0.00ns)   --->   "%mrv_9 = insertvalue i228 %mrv_8, i16 %HwReg_K32" [C:/Vivado_Projects/zed_hdmi/zed_hdmi.runs/synth_1/prj/sol/.autopilot/db/v_csc.cpp:369]   --->   Operation 49 'insertvalue' 'mrv_9' <Predicate = true> <Delay = 0.00>
ST_1 : Operation 50 [1/1] (0.00ns)   --->   "%mrv_s = insertvalue i228 %mrv_9, i16 %HwReg_K33" [C:/Vivado_Projects/zed_hdmi/zed_hdmi.runs/synth_1/prj/sol/.autopilot/db/v_csc.cpp:369]   --->   Operation 50 'insertvalue' 'mrv_s' <Predicate = true> <Delay = 0.00>
ST_1 : Operation 51 [1/1] (0.00ns)   --->   "%mrv_10 = insertvalue i228 %mrv_s, i10 %HwReg_ROffset" [C:/Vivado_Projects/zed_hdmi/zed_hdmi.runs/synth_1/prj/sol/.autopilot/db/v_csc.cpp:369]   --->   Operation 51 'insertvalue' 'mrv_10' <Predicate = true> <Delay = 0.00>
ST_1 : Operation 52 [1/1] (0.00ns)   --->   "%mrv_11 = insertvalue i228 %mrv_10, i10 %HwReg_GOffset" [C:/Vivado_Projects/zed_hdmi/zed_hdmi.runs/synth_1/prj/sol/.autopilot/db/v_csc.cpp:369]   --->   Operation 52 'insertvalue' 'mrv_11' <Predicate = true> <Delay = 0.00>
ST_1 : Operation 53 [1/1] (0.00ns)   --->   "%mrv_12 = insertvalue i228 %mrv_11, i10 %HwReg_BOffset" [C:/Vivado_Projects/zed_hdmi/zed_hdmi.runs/synth_1/prj/sol/.autopilot/db/v_csc.cpp:369]   --->   Operation 53 'insertvalue' 'mrv_12' <Predicate = true> <Delay = 0.00>
ST_1 : Operation 54 [1/1] (0.00ns)   --->   "%mrv_13 = insertvalue i228 %mrv_12, i8 %HwReg_ClampMin" [C:/Vivado_Projects/zed_hdmi/zed_hdmi.runs/synth_1/prj/sol/.autopilot/db/v_csc.cpp:369]   --->   Operation 54 'insertvalue' 'mrv_13' <Predicate = true> <Delay = 0.00>
ST_1 : Operation 55 [1/1] (0.00ns)   --->   "%mrv_14 = insertvalue i228 %mrv_13, i8 %HwReg_ClipMax" [C:/Vivado_Projects/zed_hdmi/zed_hdmi.runs/synth_1/prj/sol/.autopilot/db/v_csc.cpp:369]   --->   Operation 55 'insertvalue' 'mrv_14' <Predicate = true> <Delay = 0.00>
ST_1 : Operation 56 [1/1] (0.00ns)   --->   "%mrv_15 = insertvalue i228 %mrv_14, i11 %HwReg_width_1" [C:/Vivado_Projects/zed_hdmi/zed_hdmi.runs/synth_1/prj/sol/.autopilot/db/v_csc.cpp:369]   --->   Operation 56 'insertvalue' 'mrv_15' <Predicate = true> <Delay = 0.00>
ST_1 : Operation 57 [1/1] (0.00ns)   --->   "%mrv_16 = insertvalue i228 %mrv_15, i11 %HwReg_height_1" [C:/Vivado_Projects/zed_hdmi/zed_hdmi.runs/synth_1/prj/sol/.autopilot/db/v_csc.cpp:369]   --->   Operation 57 'insertvalue' 'mrv_16' <Predicate = true> <Delay = 0.00>
ST_1 : Operation 58 [1/1] (0.00ns)   --->   "%ret_ln369 = ret i228 %mrv_16" [C:/Vivado_Projects/zed_hdmi/zed_hdmi.runs/synth_1/prj/sol/.autopilot/db/v_csc.cpp:369]   --->   Operation 58 'ret' 'ret_ln369' <Predicate = true> <Delay = 0.00>


============================================================
+ Verbose Summary: Binding
============================================================
STG Binding: 
---------------- STG Properties BEGIN ----------------
- Is combinational: 0
- Is one-state seq: 1
- Is datapath-only: 0
- Is pipelined: 0
- Is top level: 0
Port [ Return ] is wired: 1; IO mode=ap_ctrl_hs:ce=0
Port [ InVideoFormat]:  wired=1; compound=0; hidden=0; nouse=0; global=0; static=0; extern=0; dir=0; type=0; pingpong=0; private_global=0; IO mode=ap_none:ce=0
Port [ OutVideoFormat]:  wired=1; compound=0; hidden=0; nouse=0; global=0; static=0; extern=0; dir=0; type=0; pingpong=0; private_global=0; IO mode=ap_none:ce=0
Port [ width]:  wired=1; compound=0; hidden=0; nouse=0; global=0; static=0; extern=0; dir=0; type=0; pingpong=0; private_global=0; IO mode=ap_none:ce=0
Port [ height]:  wired=1; compound=0; hidden=0; nouse=0; global=0; static=0; extern=0; dir=0; type=0; pingpong=0; private_global=0; IO mode=ap_none:ce=0
Port [ K11]:  wired=1; compound=0; hidden=0; nouse=0; global=0; static=0; extern=0; dir=0; type=0; pingpong=0; private_global=0; IO mode=ap_none:ce=0
Port [ K12]:  wired=1; compound=0; hidden=0; nouse=0; global=0; static=0; extern=0; dir=0; type=0; pingpong=0; private_global=0; IO mode=ap_none:ce=0
Port [ K13]:  wired=1; compound=0; hidden=0; nouse=0; global=0; static=0; extern=0; dir=0; type=0; pingpong=0; private_global=0; IO mode=ap_none:ce=0
Port [ K21]:  wired=1; compound=0; hidden=0; nouse=0; global=0; static=0; extern=0; dir=0; type=0; pingpong=0; private_global=0; IO mode=ap_none:ce=0
Port [ K22]:  wired=1; compound=0; hidden=0; nouse=0; global=0; static=0; extern=0; dir=0; type=0; pingpong=0; private_global=0; IO mode=ap_none:ce=0
Port [ K23]:  wired=1; compound=0; hidden=0; nouse=0; global=0; static=0; extern=0; dir=0; type=0; pingpong=0; private_global=0; IO mode=ap_none:ce=0
Port [ K31]:  wired=1; compound=0; hidden=0; nouse=0; global=0; static=0; extern=0; dir=0; type=0; pingpong=0; private_global=0; IO mode=ap_none:ce=0
Port [ K32]:  wired=1; compound=0; hidden=0; nouse=0; global=0; static=0; extern=0; dir=0; type=0; pingpong=0; private_global=0; IO mode=ap_none:ce=0
Port [ K33]:  wired=1; compound=0; hidden=0; nouse=0; global=0; static=0; extern=0; dir=0; type=0; pingpong=0; private_global=0; IO mode=ap_none:ce=0
Port [ ROffset]:  wired=1; compound=0; hidden=0; nouse=0; global=0; static=0; extern=0; dir=0; type=0; pingpong=0; private_global=0; IO mode=ap_none:ce=0
Port [ GOffset]:  wired=1; compound=0; hidden=0; nouse=0; global=0; static=0; extern=0; dir=0; type=0; pingpong=0; private_global=0; IO mode=ap_none:ce=0
Port [ BOffset]:  wired=1; compound=0; hidden=0; nouse=0; global=0; static=0; extern=0; dir=0; type=0; pingpong=0; private_global=0; IO mode=ap_none:ce=0
Port [ ClampMin]:  wired=1; compound=0; hidden=0; nouse=0; global=0; static=0; extern=0; dir=0; type=0; pingpong=0; private_global=0; IO mode=ap_none:ce=0
Port [ ClipMax]:  wired=1; compound=0; hidden=0; nouse=0; global=0; static=0; extern=0; dir=0; type=0; pingpong=0; private_global=0; IO mode=ap_none:ce=0
---------------- STG Properties END ------------------

---------------- Datapath Model BEGIN ----------------

<LifeTime>
<method=bitvector/>
specstablecontent_ln0 (specstablecontent) [ 00]
specstablecontent_ln0 (specstablecontent) [ 00]
specstablecontent_ln0 (specstablecontent) [ 00]
specstablecontent_ln0 (specstablecontent) [ 00]
specstablecontent_ln0 (specstablecontent) [ 00]
specstablecontent_ln0 (specstablecontent) [ 00]
specstablecontent_ln0 (specstablecontent) [ 00]
specstablecontent_ln0 (specstablecontent) [ 00]
specstablecontent_ln0 (specstablecontent) [ 00]
specstablecontent_ln0 (specstablecontent) [ 00]
specstablecontent_ln0 (specstablecontent) [ 00]
specstablecontent_ln0 (specstablecontent) [ 00]
specstablecontent_ln0 (specstablecontent) [ 00]
specstablecontent_ln0 (specstablecontent) [ 00]
specstablecontent_ln0 (specstablecontent) [ 00]
specstablecontent_ln0 (specstablecontent) [ 00]
specstablecontent_ln0 (specstablecontent) [ 00]
specstablecontent_ln0 (specstablecontent) [ 00]
HwReg_InVideoFormat   (read             ) [ 00]
HwReg_OutVideoFormat  (read             ) [ 00]
HwReg_width           (read             ) [ 00]
HwReg_width_1         (trunc            ) [ 00]
HwReg_height          (read             ) [ 00]
HwReg_height_1        (trunc            ) [ 00]
HwReg_K11             (read             ) [ 00]
HwReg_K12             (read             ) [ 00]
HwReg_K13             (read             ) [ 00]
HwReg_K21             (read             ) [ 00]
HwReg_K22             (read             ) [ 00]
HwReg_K23             (read             ) [ 00]
HwReg_K31             (read             ) [ 00]
HwReg_K32             (read             ) [ 00]
HwReg_K33             (read             ) [ 00]
HwReg_ROffset         (read             ) [ 00]
HwReg_GOffset         (read             ) [ 00]
HwReg_BOffset         (read             ) [ 00]
HwReg_ClampMin        (read             ) [ 00]
HwReg_ClipMax         (read             ) [ 00]
mrv                   (insertvalue      ) [ 00]
mrv_1                 (insertvalue      ) [ 00]
mrv_2                 (insertvalue      ) [ 00]
mrv_3                 (insertvalue      ) [ 00]
mrv_4                 (insertvalue      ) [ 00]
mrv_5                 (insertvalue      ) [ 00]
mrv_6                 (insertvalue      ) [ 00]
mrv_7                 (insertvalue      ) [ 00]
mrv_8                 (insertvalue      ) [ 00]
mrv_9                 (insertvalue      ) [ 00]
mrv_s                 (insertvalue      ) [ 00]
mrv_10                (insertvalue      ) [ 00]
mrv_11                (insertvalue      ) [ 00]
mrv_12                (insertvalue      ) [ 00]
mrv_13                (insertvalue      ) [ 00]
mrv_14                (insertvalue      ) [ 00]
mrv_15                (insertvalue      ) [ 00]
mrv_16                (insertvalue      ) [ 00]
ret_ln369             (ret              ) [ 00]
</LifeTime>

<model>

<comp_list>
<comp id="0" class="1000" name="InVideoFormat">
<pin_list>
<pin id="1" dir="1" index="0" bw="1" slack="0"/>
</pin_list>
<bind>
<StgValue><ssdm name="InVideoFormat"/></StgValue>
</bind>
</comp>

<comp id="2" class="1000" name="OutVideoFormat">
<pin_list>
<pin id="3" dir="1" index="0" bw="1" slack="0"/>
</pin_list>
<bind>
<StgValue><ssdm name="OutVideoFormat"/></StgValue>
</bind>
</comp>

<comp id="4" class="1000" name="width">
<pin_list>
<pin id="5" dir="1" index="0" bw="1" slack="0"/>
</pin_list>
<bind>
<StgValue><ssdm name="width"/></StgValue>
</bind>
</comp>

<comp id="6" class="1000" name="height">
<pin_list>
<pin id="7" dir="1" index="0" bw="1" slack="0"/>
</pin_list>
<bind>
<StgValue><ssdm name="height"/></StgValue>
</bind>
</comp>

<comp id="8" class="1000" name="K11">
<pin_list>
<pin id="9" dir="1" index="0" bw="1" slack="0"/>
</pin_list>
<bind>
<StgValue><ssdm name="K11"/></StgValue>
</bind>
</comp>

<comp id="10" class="1000" name="K12">
<pin_list>
<pin id="11" dir="1" index="0" bw="1" slack="0"/>
</pin_list>
<bind>
<StgValue><ssdm name="K12"/></StgValue>
</bind>
</comp>

<comp id="12" class="1000" name="K13">
<pin_list>
<pin id="13" dir="1" index="0" bw="1" slack="0"/>
</pin_list>
<bind>
<StgValue><ssdm name="K13"/></StgValue>
</bind>
</comp>

<comp id="14" class="1000" name="K21">
<pin_list>
<pin id="15" dir="1" index="0" bw="1" slack="0"/>
</pin_list>
<bind>
<StgValue><ssdm name="K21"/></StgValue>
</bind>
</comp>

<comp id="16" class="1000" name="K22">
<pin_list>
<pin id="17" dir="1" index="0" bw="1" slack="0"/>
</pin_list>
<bind>
<StgValue><ssdm name="K22"/></StgValue>
</bind>
</comp>

<comp id="18" class="1000" name="K23">
<pin_list>
<pin id="19" dir="1" index="0" bw="1" slack="0"/>
</pin_list>
<bind>
<StgValue><ssdm name="K23"/></StgValue>
</bind>
</comp>

<comp id="20" class="1000" name="K31">
<pin_list>
<pin id="21" dir="1" index="0" bw="1" slack="0"/>
</pin_list>
<bind>
<StgValue><ssdm name="K31"/></StgValue>
</bind>
</comp>

<comp id="22" class="1000" name="K32">
<pin_list>
<pin id="23" dir="1" index="0" bw="1" slack="0"/>
</pin_list>
<bind>
<StgValue><ssdm name="K32"/></StgValue>
</bind>
</comp>

<comp id="24" class="1000" name="K33">
<pin_list>
<pin id="25" dir="1" index="0" bw="1" slack="0"/>
</pin_list>
<bind>
<StgValue><ssdm name="K33"/></StgValue>
</bind>
</comp>

<comp id="26" class="1000" name="ROffset">
<pin_list>
<pin id="27" dir="1" index="0" bw="1" slack="0"/>
</pin_list>
<bind>
<StgValue><ssdm name="ROffset"/></StgValue>
</bind>
</comp>

<comp id="28" class="1000" name="GOffset">
<pin_list>
<pin id="29" dir="1" index="0" bw="1" slack="0"/>
</pin_list>
<bind>
<StgValue><ssdm name="GOffset"/></StgValue>
</bind>
</comp>

<comp id="30" class="1000" name="BOffset">
<pin_list>
<pin id="31" dir="1" index="0" bw="1" slack="0"/>
</pin_list>
<bind>
<StgValue><ssdm name="BOffset"/></StgValue>
</bind>
</comp>

<comp id="32" class="1000" name="ClampMin">
<pin_list>
<pin id="33" dir="1" index="0" bw="1" slack="0"/>
</pin_list>
<bind>
<StgValue><ssdm name="ClampMin"/></StgValue>
</bind>
</comp>

<comp id="34" class="1000" name="ClipMax">
<pin_list>
<pin id="35" dir="1" index="0" bw="1" slack="0"/>
</pin_list>
<bind>
<StgValue><ssdm name="ClipMax"/></StgValue>
</bind>
</comp>

<comp id="36" class="1001" name="const_36">
<pin_list>
<pin id="37" dir="1" index="0" bw="1" slack="2147483647"/>
</pin_list>
<bind>
<StgValue><ssdm name="_ssdm_op_SpecStableContent"/></StgValue>
</bind>
</comp>

<comp id="38" class="1001" name="const_38">
<pin_list>
<pin id="39" dir="1" index="0" bw="1" slack="2147483647"/>
</pin_list>
<bind>
<StgValue><ssdm name=""/></StgValue>
</bind>
</comp>

<comp id="40" class="1001" name="const_40">
<pin_list>
<pin id="41" dir="1" index="0" bw="1" slack="0"/>
</pin_list>
<bind>
<StgValue><ssdm name="_ssdm_op_Read.ap_auto.i8P0A"/></StgValue>
</bind>
</comp>

<comp id="42" class="1001" name="const_42">
<pin_list>
<pin id="43" dir="1" index="0" bw="1" slack="0"/>
</pin_list>
<bind>
<StgValue><ssdm name="_ssdm_op_Read.ap_auto.i16P0A"/></StgValue>
</bind>
</comp>

<comp id="44" class="1001" name="const_44">
<pin_list>
<pin id="45" dir="1" index="0" bw="1" slack="0"/>
</pin_list>
<bind>
<StgValue><ssdm name="_ssdm_op_Read.ap_auto.i10P0A"/></StgValue>
</bind>
</comp>

<comp id="46" class="1001" name="const_46">
<pin_list>
<pin id="47" dir="1" index="0" bw="1" slack="0"/>
</pin_list>
<bind>
<StgValue><ssdm name=""/></StgValue>
</bind>
</comp>

<comp id="48" class="1004" name="HwReg_InVideoFormat_read_fu_48">
<pin_list>
<pin id="49" dir="0" index="0" bw="8" slack="0"/>
<pin id="50" dir="0" index="1" bw="8" slack="0"/>
<pin id="51" dir="1" index="2" bw="8" slack="0"/>
</pin_list>
<bind>
<opcode="read(1150) " fcode="read"/>
<opset="HwReg_InVideoFormat/1 "/>
</bind>
</comp>

<comp id="54" class="1004" name="HwReg_OutVideoFormat_read_fu_54">
<pin_list>
<pin id="55" dir="0" index="0" bw="8" slack="0"/>
<pin id="56" dir="0" index="1" bw="8" slack="0"/>
<pin id="57" dir="1" index="2" bw="8" slack="0"/>
</pin_list>
<bind>
<opcode="read(1150) " fcode="read"/>
<opset="HwReg_OutVideoFormat/1 "/>
</bind>
</comp>

<comp id="60" class="1004" name="HwReg_width_read_fu_60">
<pin_list>
<pin id="61" dir="0" index="0" bw="16" slack="0"/>
<pin id="62" dir="0" index="1" bw="16" slack="0"/>
<pin id="63" dir="1" index="2" bw="16" slack="0"/>
</pin_list>
<bind>
<opcode="read(1150) " fcode="read"/>
<opset="HwReg_width/1 "/>
</bind>
</comp>

<comp id="66" class="1004" name="HwReg_height_read_fu_66">
<pin_list>
<pin id="67" dir="0" index="0" bw="16" slack="0"/>
<pin id="68" dir="0" index="1" bw="16" slack="0"/>
<pin id="69" dir="1" index="2" bw="16" slack="0"/>
</pin_list>
<bind>
<opcode="read(1150) " fcode="read"/>
<opset="HwReg_height/1 "/>
</bind>
</comp>

<comp id="72" class="1004" name="HwReg_K11_read_fu_72">
<pin_list>
<pin id="73" dir="0" index="0" bw="16" slack="0"/>
<pin id="74" dir="0" index="1" bw="16" slack="0"/>
<pin id="75" dir="1" index="2" bw="16" slack="0"/>
</pin_list>
<bind>
<opcode="read(1150) " fcode="read"/>
<opset="HwReg_K11/1 "/>
</bind>
</comp>

<comp id="78" class="1004" name="HwReg_K12_read_fu_78">
<pin_list>
<pin id="79" dir="0" index="0" bw="16" slack="0"/>
<pin id="80" dir="0" index="1" bw="16" slack="0"/>
<pin id="81" dir="1" index="2" bw="16" slack="0"/>
</pin_list>
<bind>
<opcode="read(1150) " fcode="read"/>
<opset="HwReg_K12/1 "/>
</bind>
</comp>

<comp id="84" class="1004" name="HwReg_K13_read_fu_84">
<pin_list>
<pin id="85" dir="0" index="0" bw="16" slack="0"/>
<pin id="86" dir="0" index="1" bw="16" slack="0"/>
<pin id="87" dir="1" index="2" bw="16" slack="0"/>
</pin_list>
<bind>
<opcode="read(1150) " fcode="read"/>
<opset="HwReg_K13/1 "/>
</bind>
</comp>

<comp id="90" class="1004" name="HwReg_K21_read_fu_90">
<pin_list>
<pin id="91" dir="0" index="0" bw="16" slack="0"/>
<pin id="92" dir="0" index="1" bw="16" slack="0"/>
<pin id="93" dir="1" index="2" bw="16" slack="0"/>
</pin_list>
<bind>
<opcode="read(1150) " fcode="read"/>
<opset="HwReg_K21/1 "/>
</bind>
</comp>

<comp id="96" class="1004" name="HwReg_K22_read_fu_96">
<pin_list>
<pin id="97" dir="0" index="0" bw="16" slack="0"/>
<pin id="98" dir="0" index="1" bw="16" slack="0"/>
<pin id="99" dir="1" index="2" bw="16" slack="0"/>
</pin_list>
<bind>
<opcode="read(1150) " fcode="read"/>
<opset="HwReg_K22/1 "/>
</bind>
</comp>

<comp id="102" class="1004" name="HwReg_K23_read_fu_102">
<pin_list>
<pin id="103" dir="0" index="0" bw="16" slack="0"/>
<pin id="104" dir="0" index="1" bw="16" slack="0"/>
<pin id="105" dir="1" index="2" bw="16" slack="0"/>
</pin_list>
<bind>
<opcode="read(1150) " fcode="read"/>
<opset="HwReg_K23/1 "/>
</bind>
</comp>

<comp id="108" class="1004" name="HwReg_K31_read_fu_108">
<pin_list>
<pin id="109" dir="0" index="0" bw="16" slack="0"/>
<pin id="110" dir="0" index="1" bw="16" slack="0"/>
<pin id="111" dir="1" index="2" bw="16" slack="0"/>
</pin_list>
<bind>
<opcode="read(1150) " fcode="read"/>
<opset="HwReg_K31/1 "/>
</bind>
</comp>

<comp id="114" class="1004" name="HwReg_K32_read_fu_114">
<pin_list>
<pin id="115" dir="0" index="0" bw="16" slack="0"/>
<pin id="116" dir="0" index="1" bw="16" slack="0"/>
<pin id="117" dir="1" index="2" bw="16" slack="0"/>
</pin_list>
<bind>
<opcode="read(1150) " fcode="read"/>
<opset="HwReg_K32/1 "/>
</bind>
</comp>

<comp id="120" class="1004" name="HwReg_K33_read_fu_120">
<pin_list>
<pin id="121" dir="0" index="0" bw="16" slack="0"/>
<pin id="122" dir="0" index="1" bw="16" slack="0"/>
<pin id="123" dir="1" index="2" bw="16" slack="0"/>
</pin_list>
<bind>
<opcode="read(1150) " fcode="read"/>
<opset="HwReg_K33/1 "/>
</bind>
</comp>

<comp id="126" class="1004" name="HwReg_ROffset_read_fu_126">
<pin_list>
<pin id="127" dir="0" index="0" bw="10" slack="0"/>
<pin id="128" dir="0" index="1" bw="10" slack="0"/>
<pin id="129" dir="1" index="2" bw="10" slack="0"/>
</pin_list>
<bind>
<opcode="read(1150) " fcode="read"/>
<opset="HwReg_ROffset/1 "/>
</bind>
</comp>

<comp id="132" class="1004" name="HwReg_GOffset_read_fu_132">
<pin_list>
<pin id="133" dir="0" index="0" bw="10" slack="0"/>
<pin id="134" dir="0" index="1" bw="10" slack="0"/>
<pin id="135" dir="1" index="2" bw="10" slack="0"/>
</pin_list>
<bind>
<opcode="read(1150) " fcode="read"/>
<opset="HwReg_GOffset/1 "/>
</bind>
</comp>

<comp id="138" class="1004" name="HwReg_BOffset_read_fu_138">
<pin_list>
<pin id="139" dir="0" index="0" bw="10" slack="0"/>
<pin id="140" dir="0" index="1" bw="10" slack="0"/>
<pin id="141" dir="1" index="2" bw="10" slack="0"/>
</pin_list>
<bind>
<opcode="read(1150) " fcode="read"/>
<opset="HwReg_BOffset/1 "/>
</bind>
</comp>

<comp id="144" class="1004" name="HwReg_ClampMin_read_fu_144">
<pin_list>
<pin id="145" dir="0" index="0" bw="8" slack="0"/>
<pin id="146" dir="0" index="1" bw="8" slack="0"/>
<pin id="147" dir="1" index="2" bw="8" slack="0"/>
</pin_list>
<bind>
<opcode="read(1150) " fcode="read"/>
<opset="HwReg_ClampMin/1 "/>
</bind>
</comp>

<comp id="150" class="1004" name="HwReg_ClipMax_read_fu_150">
<pin_list>
<pin id="151" dir="0" index="0" bw="8" slack="0"/>
<pin id="152" dir="0" index="1" bw="8" slack="0"/>
<pin id="153" dir="1" index="2" bw="8" slack="0"/>
</pin_list>
<bind>
<opcode="read(1150) " fcode="read"/>
<opset="HwReg_ClipMax/1 "/>
</bind>
</comp>

<comp id="156" class="1004" name="HwReg_width_1_fu_156">
<pin_list>
<pin id="157" dir="0" index="0" bw="16" slack="0"/>
<pin id="158" dir="1" index="1" bw="11" slack="0"/>
</pin_list>
<bind>
<opcode="trunc(33) " fcode="trunc"/>
<opset="HwReg_width_1/1 "/>
</bind>
</comp>

<comp id="160" class="1004" name="HwReg_height_1_fu_160">
<pin_list>
<pin id="161" dir="0" index="0" bw="16" slack="0"/>
<pin id="162" dir="1" index="1" bw="11" slack="0"/>
</pin_list>
<bind>
<opcode="trunc(33) " fcode="trunc"/>
<opset="HwReg_height_1/1 "/>
</bind>
</comp>

<comp id="164" class="1004" name="mrv_fu_164">
<pin_list>
<pin id="165" dir="0" index="0" bw="228" slack="0"/>
<pin id="166" dir="0" index="1" bw="8" slack="0"/>
<pin id="167" dir="1" index="2" bw="228" slack="0"/>
</pin_list>
<bind>
<opcode="insertvalue(57) " fcode="insertvalue"/>
<opset="mrv/1 "/>
</bind>
</comp>

<comp id="170" class="1004" name="mrv_1_fu_170">
<pin_list>
<pin id="171" dir="0" index="0" bw="228" slack="0"/>
<pin id="172" dir="0" index="1" bw="8" slack="0"/>
<pin id="173" dir="1" index="2" bw="228" slack="0"/>
</pin_list>
<bind>
<opcode="insertvalue(57) " fcode="insertvalue"/>
<opset="mrv_1/1 "/>
</bind>
</comp>

<comp id="176" class="1004" name="mrv_2_fu_176">
<pin_list>
<pin id="177" dir="0" index="0" bw="228" slack="0"/>
<pin id="178" dir="0" index="1" bw="16" slack="0"/>
<pin id="179" dir="1" index="2" bw="228" slack="0"/>
</pin_list>
<bind>
<opcode="insertvalue(57) " fcode="insertvalue"/>
<opset="mrv_2/1 "/>
</bind>
</comp>

<comp id="182" class="1004" name="mrv_3_fu_182">
<pin_list>
<pin id="183" dir="0" index="0" bw="228" slack="0"/>
<pin id="184" dir="0" index="1" bw="16" slack="0"/>
<pin id="185" dir="1" index="2" bw="228" slack="0"/>
</pin_list>
<bind>
<opcode="insertvalue(57) " fcode="insertvalue"/>
<opset="mrv_3/1 "/>
</bind>
</comp>

<comp id="188" class="1004" name="mrv_4_fu_188">
<pin_list>
<pin id="189" dir="0" index="0" bw="228" slack="0"/>
<pin id="190" dir="0" index="1" bw="16" slack="0"/>
<pin id="191" dir="1" index="2" bw="228" slack="0"/>
</pin_list>
<bind>
<opcode="insertvalue(57) " fcode="insertvalue"/>
<opset="mrv_4/1 "/>
</bind>
</comp>

<comp id="194" class="1004" name="mrv_5_fu_194">
<pin_list>
<pin id="195" dir="0" index="0" bw="228" slack="0"/>
<pin id="196" dir="0" index="1" bw="16" slack="0"/>
<pin id="197" dir="1" index="2" bw="228" slack="0"/>
</pin_list>
<bind>
<opcode="insertvalue(57) " fcode="insertvalue"/>
<opset="mrv_5/1 "/>
</bind>
</comp>

<comp id="200" class="1004" name="mrv_6_fu_200">
<pin_list>
<pin id="201" dir="0" index="0" bw="228" slack="0"/>
<pin id="202" dir="0" index="1" bw="16" slack="0"/>
<pin id="203" dir="1" index="2" bw="228" slack="0"/>
</pin_list>
<bind>
<opcode="insertvalue(57) " fcode="insertvalue"/>
<opset="mrv_6/1 "/>
</bind>
</comp>

<comp id="206" class="1004" name="mrv_7_fu_206">
<pin_list>
<pin id="207" dir="0" index="0" bw="228" slack="0"/>
<pin id="208" dir="0" index="1" bw="16" slack="0"/>
<pin id="209" dir="1" index="2" bw="228" slack="0"/>
</pin_list>
<bind>
<opcode="insertvalue(57) " fcode="insertvalue"/>
<opset="mrv_7/1 "/>
</bind>
</comp>

<comp id="212" class="1004" name="mrv_8_fu_212">
<pin_list>
<pin id="213" dir="0" index="0" bw="228" slack="0"/>
<pin id="214" dir="0" index="1" bw="16" slack="0"/>
<pin id="215" dir="1" index="2" bw="228" slack="0"/>
</pin_list>
<bind>
<opcode="insertvalue(57) " fcode="insertvalue"/>
<opset="mrv_8/1 "/>
</bind>
</comp>

<comp id="218" class="1004" name="mrv_9_fu_218">
<pin_list>
<pin id="219" dir="0" index="0" bw="228" slack="0"/>
<pin id="220" dir="0" index="1" bw="16" slack="0"/>
<pin id="221" dir="1" index="2" bw="228" slack="0"/>
</pin_list>
<bind>
<opcode="insertvalue(57) " fcode="insertvalue"/>
<opset="mrv_9/1 "/>
</bind>
</comp>

<comp id="224" class="1004" name="mrv_s_fu_224">
<pin_list>
<pin id="225" dir="0" index="0" bw="228" slack="0"/>
<pin id="226" dir="0" index="1" bw="16" slack="0"/>
<pin id="227" dir="1" index="2" bw="228" slack="0"/>
</pin_list>
<bind>
<opcode="insertvalue(57) " fcode="insertvalue"/>
<opset="mrv_s/1 "/>
</bind>
</comp>

<comp id="230" class="1004" name="mrv_10_fu_230">
<pin_list>
<pin id="231" dir="0" index="0" bw="228" slack="0"/>
<pin id="232" dir="0" index="1" bw="10" slack="0"/>
<pin id="233" dir="1" index="2" bw="228" slack="0"/>
</pin_list>
<bind>
<opcode="insertvalue(57) " fcode="insertvalue"/>
<opset="mrv_10/1 "/>
</bind>
</comp>

<comp id="236" class="1004" name="mrv_11_fu_236">
<pin_list>
<pin id="237" dir="0" index="0" bw="228" slack="0"/>
<pin id="238" dir="0" index="1" bw="10" slack="0"/>
<pin id="239" dir="1" index="2" bw="228" slack="0"/>
</pin_list>
<bind>
<opcode="insertvalue(57) " fcode="insertvalue"/>
<opset="mrv_11/1 "/>
</bind>
</comp>

<comp id="242" class="1004" name="mrv_12_fu_242">
<pin_list>
<pin id="243" dir="0" index="0" bw="228" slack="0"/>
<pin id="244" dir="0" index="1" bw="10" slack="0"/>
<pin id="245" dir="1" index="2" bw="228" slack="0"/>
</pin_list>
<bind>
<opcode="insertvalue(57) " fcode="insertvalue"/>
<opset="mrv_12/1 "/>
</bind>
</comp>

<comp id="248" class="1004" name="mrv_13_fu_248">
<pin_list>
<pin id="249" dir="0" index="0" bw="228" slack="0"/>
<pin id="250" dir="0" index="1" bw="8" slack="0"/>
<pin id="251" dir="1" index="2" bw="228" slack="0"/>
</pin_list>
<bind>
<opcode="insertvalue(57) " fcode="insertvalue"/>
<opset="mrv_13/1 "/>
</bind>
</comp>

<comp id="254" class="1004" name="mrv_14_fu_254">
<pin_list>
<pin id="255" dir="0" index="0" bw="228" slack="0"/>
<pin id="256" dir="0" index="1" bw="8" slack="0"/>
<pin id="257" dir="1" index="2" bw="228" slack="0"/>
</pin_list>
<bind>
<opcode="insertvalue(57) " fcode="insertvalue"/>
<opset="mrv_14/1 "/>
</bind>
</comp>

<comp id="260" class="1004" name="mrv_15_fu_260">
<pin_list>
<pin id="261" dir="0" index="0" bw="228" slack="0"/>
<pin id="262" dir="0" index="1" bw="11" slack="0"/>
<pin id="263" dir="1" index="2" bw="228" slack="0"/>
</pin_list>
<bind>
<opcode="insertvalue(57) " fcode="insertvalue"/>
<opset="mrv_15/1 "/>
</bind>
</comp>

<comp id="266" class="1004" name="mrv_16_fu_266">
<pin_list>
<pin id="267" dir="0" index="0" bw="228" slack="0"/>
<pin id="268" dir="0" index="1" bw="11" slack="0"/>
<pin id="269" dir="1" index="2" bw="228" slack="2147483647"/>
</pin_list>
<bind>
<opcode="insertvalue(57) " fcode="insertvalue"/>
<opset="mrv_16/1 "/>
</bind>
</comp>

</comp_list>

<net_list>
<net id="52"><net_src comp="40" pin="0"/><net_sink comp="48" pin=0"/></net>

<net id="53"><net_src comp="0" pin="0"/><net_sink comp="48" pin=1"/></net>

<net id="58"><net_src comp="40" pin="0"/><net_sink comp="54" pin=0"/></net>

<net id="59"><net_src comp="2" pin="0"/><net_sink comp="54" pin=1"/></net>

<net id="64"><net_src comp="42" pin="0"/><net_sink comp="60" pin=0"/></net>

<net id="65"><net_src comp="4" pin="0"/><net_sink comp="60" pin=1"/></net>

<net id="70"><net_src comp="42" pin="0"/><net_sink comp="66" pin=0"/></net>

<net id="71"><net_src comp="6" pin="0"/><net_sink comp="66" pin=1"/></net>

<net id="76"><net_src comp="42" pin="0"/><net_sink comp="72" pin=0"/></net>

<net id="77"><net_src comp="8" pin="0"/><net_sink comp="72" pin=1"/></net>

<net id="82"><net_src comp="42" pin="0"/><net_sink comp="78" pin=0"/></net>

<net id="83"><net_src comp="10" pin="0"/><net_sink comp="78" pin=1"/></net>

<net id="88"><net_src comp="42" pin="0"/><net_sink comp="84" pin=0"/></net>

<net id="89"><net_src comp="12" pin="0"/><net_sink comp="84" pin=1"/></net>

<net id="94"><net_src comp="42" pin="0"/><net_sink comp="90" pin=0"/></net>

<net id="95"><net_src comp="14" pin="0"/><net_sink comp="90" pin=1"/></net>

<net id="100"><net_src comp="42" pin="0"/><net_sink comp="96" pin=0"/></net>

<net id="101"><net_src comp="16" pin="0"/><net_sink comp="96" pin=1"/></net>

<net id="106"><net_src comp="42" pin="0"/><net_sink comp="102" pin=0"/></net>

<net id="107"><net_src comp="18" pin="0"/><net_sink comp="102" pin=1"/></net>

<net id="112"><net_src comp="42" pin="0"/><net_sink comp="108" pin=0"/></net>

<net id="113"><net_src comp="20" pin="0"/><net_sink comp="108" pin=1"/></net>

<net id="118"><net_src comp="42" pin="0"/><net_sink comp="114" pin=0"/></net>

<net id="119"><net_src comp="22" pin="0"/><net_sink comp="114" pin=1"/></net>

<net id="124"><net_src comp="42" pin="0"/><net_sink comp="120" pin=0"/></net>

<net id="125"><net_src comp="24" pin="0"/><net_sink comp="120" pin=1"/></net>

<net id="130"><net_src comp="44" pin="0"/><net_sink comp="126" pin=0"/></net>

<net id="131"><net_src comp="26" pin="0"/><net_sink comp="126" pin=1"/></net>

<net id="136"><net_src comp="44" pin="0"/><net_sink comp="132" pin=0"/></net>

<net id="137"><net_src comp="28" pin="0"/><net_sink comp="132" pin=1"/></net>

<net id="142"><net_src comp="44" pin="0"/><net_sink comp="138" pin=0"/></net>

<net id="143"><net_src comp="30" pin="0"/><net_sink comp="138" pin=1"/></net>

<net id="148"><net_src comp="40" pin="0"/><net_sink comp="144" pin=0"/></net>

<net id="149"><net_src comp="32" pin="0"/><net_sink comp="144" pin=1"/></net>

<net id="154"><net_src comp="40" pin="0"/><net_sink comp="150" pin=0"/></net>

<net id="155"><net_src comp="34" pin="0"/><net_sink comp="150" pin=1"/></net>

<net id="159"><net_src comp="60" pin="2"/><net_sink comp="156" pin=0"/></net>

<net id="163"><net_src comp="66" pin="2"/><net_sink comp="160" pin=0"/></net>

<net id="168"><net_src comp="46" pin="0"/><net_sink comp="164" pin=0"/></net>

<net id="169"><net_src comp="48" pin="2"/><net_sink comp="164" pin=1"/></net>

<net id="174"><net_src comp="164" pin="2"/><net_sink comp="170" pin=0"/></net>

<net id="175"><net_src comp="54" pin="2"/><net_sink comp="170" pin=1"/></net>

<net id="180"><net_src comp="170" pin="2"/><net_sink comp="176" pin=0"/></net>

<net id="181"><net_src comp="72" pin="2"/><net_sink comp="176" pin=1"/></net>

<net id="186"><net_src comp="176" pin="2"/><net_sink comp="182" pin=0"/></net>

<net id="187"><net_src comp="78" pin="2"/><net_sink comp="182" pin=1"/></net>

<net id="192"><net_src comp="182" pin="2"/><net_sink comp="188" pin=0"/></net>

<net id="193"><net_src comp="84" pin="2"/><net_sink comp="188" pin=1"/></net>

<net id="198"><net_src comp="188" pin="2"/><net_sink comp="194" pin=0"/></net>

<net id="199"><net_src comp="90" pin="2"/><net_sink comp="194" pin=1"/></net>

<net id="204"><net_src comp="194" pin="2"/><net_sink comp="200" pin=0"/></net>

<net id="205"><net_src comp="96" pin="2"/><net_sink comp="200" pin=1"/></net>

<net id="210"><net_src comp="200" pin="2"/><net_sink comp="206" pin=0"/></net>

<net id="211"><net_src comp="102" pin="2"/><net_sink comp="206" pin=1"/></net>

<net id="216"><net_src comp="206" pin="2"/><net_sink comp="212" pin=0"/></net>

<net id="217"><net_src comp="108" pin="2"/><net_sink comp="212" pin=1"/></net>

<net id="222"><net_src comp="212" pin="2"/><net_sink comp="218" pin=0"/></net>

<net id="223"><net_src comp="114" pin="2"/><net_sink comp="218" pin=1"/></net>

<net id="228"><net_src comp="218" pin="2"/><net_sink comp="224" pin=0"/></net>

<net id="229"><net_src comp="120" pin="2"/><net_sink comp="224" pin=1"/></net>

<net id="234"><net_src comp="224" pin="2"/><net_sink comp="230" pin=0"/></net>

<net id="235"><net_src comp="126" pin="2"/><net_sink comp="230" pin=1"/></net>

<net id="240"><net_src comp="230" pin="2"/><net_sink comp="236" pin=0"/></net>

<net id="241"><net_src comp="132" pin="2"/><net_sink comp="236" pin=1"/></net>

<net id="246"><net_src comp="236" pin="2"/><net_sink comp="242" pin=0"/></net>

<net id="247"><net_src comp="138" pin="2"/><net_sink comp="242" pin=1"/></net>

<net id="252"><net_src comp="242" pin="2"/><net_sink comp="248" pin=0"/></net>

<net id="253"><net_src comp="144" pin="2"/><net_sink comp="248" pin=1"/></net>

<net id="258"><net_src comp="248" pin="2"/><net_sink comp="254" pin=0"/></net>

<net id="259"><net_src comp="150" pin="2"/><net_sink comp="254" pin=1"/></net>

<net id="264"><net_src comp="254" pin="2"/><net_sink comp="260" pin=0"/></net>

<net id="265"><net_src comp="156" pin="1"/><net_sink comp="260" pin=1"/></net>

<net id="270"><net_src comp="260" pin="2"/><net_sink comp="266" pin=0"/></net>

<net id="271"><net_src comp="160" pin="1"/><net_sink comp="266" pin=1"/></net>

</net_list>

</model> 
---------------- Datapath Model END ------------------

* FSMD analyzer results:
  - Output states:
	Port: InVideoFormat | {}
	Port: OutVideoFormat | {}
	Port: width | {}
	Port: height | {}
	Port: K11 | {}
	Port: K12 | {}
	Port: K13 | {}
	Port: K21 | {}
	Port: K22 | {}
	Port: K23 | {}
	Port: K31 | {}
	Port: K32 | {}
	Port: K33 | {}
	Port: ROffset | {}
	Port: GOffset | {}
	Port: BOffset | {}
	Port: ClampMin | {}
	Port: ClipMax | {}
 - Input state : 
	Port: Block_entry.split_proc : InVideoFormat | {1 }
	Port: Block_entry.split_proc : OutVideoFormat | {1 }
	Port: Block_entry.split_proc : width | {1 }
	Port: Block_entry.split_proc : height | {1 }
	Port: Block_entry.split_proc : K11 | {1 }
	Port: Block_entry.split_proc : K12 | {1 }
	Port: Block_entry.split_proc : K13 | {1 }
	Port: Block_entry.split_proc : K21 | {1 }
	Port: Block_entry.split_proc : K22 | {1 }
	Port: Block_entry.split_proc : K23 | {1 }
	Port: Block_entry.split_proc : K31 | {1 }
	Port: Block_entry.split_proc : K32 | {1 }
	Port: Block_entry.split_proc : K33 | {1 }
	Port: Block_entry.split_proc : ROffset | {1 }
	Port: Block_entry.split_proc : GOffset | {1 }
	Port: Block_entry.split_proc : BOffset | {1 }
	Port: Block_entry.split_proc : ClampMin | {1 }
	Port: Block_entry.split_proc : ClipMax | {1 }
  - Chain level:
	State 1
		mrv_1 : 1
		mrv_2 : 2
		mrv_3 : 3
		mrv_4 : 4
		mrv_5 : 5
		mrv_6 : 6
		mrv_7 : 7
		mrv_8 : 8
		mrv_9 : 9
		mrv_s : 10
		mrv_10 : 11
		mrv_11 : 12
		mrv_12 : 13
		mrv_13 : 14
		mrv_14 : 15
		mrv_15 : 16
		mrv_16 : 17
		ret_ln369 : 18


============================================================
+ Verbose Summary: Datapath Resource usage 
============================================================

* Functional unit list:
|----------|---------------------------------|
| Operation|         Functional Unit         |
|----------|---------------------------------|
|          |  HwReg_InVideoFormat_read_fu_48 |
|          | HwReg_OutVideoFormat_read_fu_54 |
|          |      HwReg_width_read_fu_60     |
|          |     HwReg_height_read_fu_66     |
|          |       HwReg_K11_read_fu_72      |
|          |       HwReg_K12_read_fu_78      |
|          |       HwReg_K13_read_fu_84      |
|          |       HwReg_K21_read_fu_90      |
|   read   |       HwReg_K22_read_fu_96      |
|          |      HwReg_K23_read_fu_102      |
|          |      HwReg_K31_read_fu_108      |
|          |      HwReg_K32_read_fu_114      |
|          |      HwReg_K33_read_fu_120      |
|          |    HwReg_ROffset_read_fu_126    |
|          |    HwReg_GOffset_read_fu_132    |
|          |    HwReg_BOffset_read_fu_138    |
|          |    HwReg_ClampMin_read_fu_144   |
|          |    HwReg_ClipMax_read_fu_150    |
|----------|---------------------------------|
|   trunc  |       HwReg_width_1_fu_156      |
|          |      HwReg_height_1_fu_160      |
|----------|---------------------------------|
|          |            mrv_fu_164           |
|          |           mrv_1_fu_170          |
|          |           mrv_2_fu_176          |
|          |           mrv_3_fu_182          |
|          |           mrv_4_fu_188          |
|          |           mrv_5_fu_194          |
|          |           mrv_6_fu_200          |
|          |           mrv_7_fu_206          |
|insertvalue|           mrv_8_fu_212          |
|          |           mrv_9_fu_218          |
|          |           mrv_s_fu_224          |
|          |          mrv_10_fu_230          |
|          |          mrv_11_fu_236          |
|          |          mrv_12_fu_242          |
|          |          mrv_13_fu_248          |
|          |          mrv_14_fu_254          |
|          |          mrv_15_fu_260          |
|          |          mrv_16_fu_266          |
|----------|---------------------------------|
|   Total  |                                 |
|----------|---------------------------------|

Memories:
N/A

* Register list:
N/A

* Multiplexer (MUX) list: 
|--------|------|------|------|--------|
|  Comp  |  Pin | Size |  BW  | S x BW |
|--------|------|------|------|--------|
|  Total |      |      |      |    0   |
|--------|------|------|------|--------|



* Summary:
+-----------+
|           |
+-----------+
|  Function |
|   Memory  |
|Multiplexer|
|  Register |
+-----------+
|   Total   |
+-----------+
