

================================================================
== Vitis HLS Report for 'MultiPixStream2AXIvideo'
================================================================
* Date:           Wed Sep 10 15:21:47 2025

* Version:        2024.1 (Build 5069499 on May 21 2024)
* Project:        prj
* Solution:       sol (Vivado IP Flow Target)
* Product family: zynq
* Target device:  xc7z020-clg484-1


================================================================
== Performance Estimates
================================================================
+ Timing: 
    * Summary: 
    +--------+---------+----------+------------+
    |  Clock |  Target | Estimated| Uncertainty|
    +--------+---------+----------+------------+
    |ap_clk  |  6.73 ns|  4.866 ns|     1.82 ns|
    +--------+---------+----------+------------+

+ Latency: 
    * Summary: 
    +---------+---------+-----------+-----------+------+---------+---------+
    |  Latency (cycles) |   Latency (absolute)  |    Interval    | Pipeline|
    |   min   |   max   |    min    |    max    |  min |   max   |   Type  |
    +---------+---------+-----------+-----------+------+---------+---------+
    |     4547|  2081163|  30.619 us|  14.015 ms|  4547|  2081163|       no|
    +---------+---------+-----------+-----------+------+---------+---------+

    + Detail: 
        * Instance: 
        +--------------------------------------------------------------+---------------------------------------------------+---------+---------+----------+-----------+-----+------+-----------------------------------------------+
        |                                                              |                                                   |  Latency (cycles) |  Latency (absolute)  |  Interval  |                    Pipeline                   |
        |                           Instance                           |                       Module                      |   min   |   max   |    min   |    max    | min |  max |                      Type                     |
        +--------------------------------------------------------------+---------------------------------------------------+---------+---------+----------+-----------+-----+------+-----------------------------------------------+
        |grp_MultiPixStream2AXIvideo_Pipeline_VITIS_LOOP_664_2_fu_120  |MultiPixStream2AXIvideo_Pipeline_VITIS_LOOP_664_2  |       68|     1924|  0.458 us|  12.956 us|   65|  1921|  loop auto-rewind stp(delay=0 clock cycles(s))|
        |grp_reg_unsigned_short_s_fu_145                               |reg_unsigned_short_s                               |        1|        1|  6.734 ns|   6.734 ns|    1|     1|                                            yes|
        |grp_reg_unsigned_short_s_fu_151                               |reg_unsigned_short_s                               |        1|        1|  6.734 ns|   6.734 ns|    1|     1|                                            yes|
        +--------------------------------------------------------------+---------------------------------------------------+---------+---------+----------+-----------+-----+------+-----------------------------------------------+

        * Loop: 
        +--------------------+---------+---------+-----------+-----------+-----------+-----------+----------+
        |                    |  Latency (cycles) | Iteration |  Initiation Interval  |    Trip   |          |
        |      Loop Name     |   min   |   max   |  Latency  |  achieved |   target  |   Count   | Pipelined|
        +--------------------+---------+---------+-----------+-----------+-----------+-----------+----------+
        |- VITIS_LOOP_662_1  |     4544|  2081160|  71 ~ 1927|          -|          -|  64 ~ 1080|        no|
        +--------------------+---------+---------+-----------+-----------+-----------+-----------+----------+



================================================================
== Utilization Estimates
================================================================
* Summary: 
+-----------------+---------+-----+--------+-------+-----+
|       Name      | BRAM_18K| DSP |   FF   |  LUT  | URAM|
+-----------------+---------+-----+--------+-------+-----+
|DSP              |        -|    -|       -|      -|    -|
|Expression       |        -|    -|       0|     40|    -|
|FIFO             |        -|    -|       -|      -|    -|
|Instance         |        -|    -|      90|    177|    -|
|Memory           |        -|    -|       -|      -|    -|
|Multiplexer      |        -|    -|       0|     82|    -|
|Register         |        -|    -|      64|      -|    -|
+-----------------+---------+-----+--------+-------+-----+
|Total            |        0|    0|     154|    299|    0|
+-----------------+---------+-----+--------+-------+-----+
|Available        |      280|  220|  106400|  53200|    0|
+-----------------+---------+-----+--------+-------+-----+
|Utilization (%)  |        0|    0|      ~0|     ~0|    0|
+-----------------+---------+-----+--------+-------+-----+

+ Detail: 
    * Instance: 
    +--------------------------------------------------------------+---------------------------------------------------+---------+----+----+-----+-----+
    |                           Instance                           |                       Module                      | BRAM_18K| DSP| FF | LUT | URAM|
    +--------------------------------------------------------------+---------------------------------------------------+---------+----+----+-----+-----+
    |grp_MultiPixStream2AXIvideo_Pipeline_VITIS_LOOP_664_2_fu_120  |MultiPixStream2AXIvideo_Pipeline_VITIS_LOOP_664_2  |        0|   0|  64|  173|    0|
    |grp_reg_unsigned_short_s_fu_145                               |reg_unsigned_short_s                               |        0|   0|  13|    2|    0|
    |grp_reg_unsigned_short_s_fu_151                               |reg_unsigned_short_s                               |        0|   0|  13|    2|    0|
    +--------------------------------------------------------------+---------------------------------------------------+---------+----+----+-----+-----+
    |Total                                                         |                                                   |        0|   0|  90|  177|    0|
    +--------------------------------------------------------------+---------------------------------------------------+---------+----+----+-----+-----+

    * DSP: 
    N/A

    * Memory: 
    N/A

    * FIFO: 
    N/A

    * Expression: 
    +----------------------------------------------------------------------------------+----------+----+---+----+------------+------------+
    |                                   Variable Name                                  | Operation| DSP| FF| LUT| Bitwidth P0| Bitwidth P1|
    +----------------------------------------------------------------------------------+----------+----+---+----+------------+------------+
    |i_2_fu_176_p2                                                                     |         +|   0|  0|  12|          11|           1|
    |sub_fu_162_p2                                                                     |         +|   0|  0|  12|          11|           2|
    |grp_MultiPixStream2AXIvideo_Pipeline_VITIS_LOOP_664_2_fu_120_m_axis_video_TREADY  |       and|   0|  0|   2|           1|           1|
    |icmp_ln662_fu_171_p2                                                              |      icmp|   0|  0|  12|          11|          11|
    |ap_block_state1                                                                   |        or|   0|  0|   2|           1|           1|
    +----------------------------------------------------------------------------------+----------+----+---+----+------------+------------+
    |Total                                                                             |          |   0|  0|  40|          35|          16|
    +----------------------------------------------------------------------------------+----------+----+---+----+------------+------------+

    * Multiplexer: 
    +-----------------+----+-----------+-----+-----------+
    |       Name      | LUT| Input Size| Bits| Total Bits|
    +-----------------+----+-----------+-----+-----------+
    |Height_blk_n     |   9|          2|    1|          2|
    |WidthOut_blk_n   |   9|          2|    1|          2|
    |ap_NS_fsm        |  37|          7|    1|          7|
    |ap_done          |   9|          2|    1|          2|
    |i_fu_84          |   9|          2|   11|         22|
    |stream_csc_read  |   9|          2|    1|          2|
    +-----------------+----+-----------+-----+-----------+
    |Total            |  82|         17|   16|         37|
    +-----------------+----+-----------+-----+-----------+

    * Register: 
    +---------------------------------------------------------------------------+----+----+-----+-----------+
    |                                    Name                                   | FF | LUT| Bits| Const Bits|
    +---------------------------------------------------------------------------+----+----+-----+-----------+
    |ap_CS_fsm                                                                  |   6|   0|    6|          0|
    |ap_done_reg                                                                |   1|   0|    1|          0|
    |cols_reg_203                                                               |  11|   0|   11|          0|
    |grp_MultiPixStream2AXIvideo_Pipeline_VITIS_LOOP_664_2_fu_120_ap_start_reg  |   1|   0|    1|          0|
    |i_2_reg_216                                                                |  11|   0|   11|          0|
    |i_fu_84                                                                    |  11|   0|   11|          0|
    |rows_reg_198                                                               |  11|   0|   11|          0|
    |sof_reg_106                                                                |   1|   0|    1|          0|
    |sub_reg_208                                                                |  11|   0|   11|          0|
    +---------------------------------------------------------------------------+----+----+-----+-----------+
    |Total                                                                      |  64|   0|   64|          0|
    +---------------------------------------------------------------------------+----+----+-----+-----------+



================================================================
== Interface
================================================================
* Summary: 
+---------------------------+-----+-----+------------+-------------------------+--------------+
|         RTL Ports         | Dir | Bits|  Protocol  |      Source Object      |    C Type    |
+---------------------------+-----+-----+------------+-------------------------+--------------+
|ap_clk                     |   in|    1|  ap_ctrl_hs|  MultiPixStream2AXIvideo|  return value|
|ap_rst                     |   in|    1|  ap_ctrl_hs|  MultiPixStream2AXIvideo|  return value|
|ap_start                   |   in|    1|  ap_ctrl_hs|  MultiPixStream2AXIvideo|  return value|
|ap_done                    |  out|    1|  ap_ctrl_hs|  MultiPixStream2AXIvideo|  return value|
|ap_continue                |   in|    1|  ap_ctrl_hs|  MultiPixStream2AXIvideo|  return value|
|ap_idle                    |  out|    1|  ap_ctrl_hs|  MultiPixStream2AXIvideo|  return value|
|ap_ready                   |  out|    1|  ap_ctrl_hs|  MultiPixStream2AXIvideo|  return value|
|stream_csc_dout            |   in|   24|     ap_fifo|               stream_csc|       pointer|
|stream_csc_num_data_valid  |   in|    5|     ap_fifo|               stream_csc|       pointer|
|stream_csc_fifo_cap        |   in|    5|     ap_fifo|               stream_csc|       pointer|
|stream_csc_empty_n         |   in|    1|     ap_fifo|               stream_csc|       pointer|
|stream_csc_read            |  out|    1|     ap_fifo|               stream_csc|       pointer|
|m_axis_video_TDATA         |  out|   24|        axis|    m_axis_video_V_data_V|       pointer|
|m_axis_video_TVALID        |  out|    1|        axis|    m_axis_video_V_dest_V|       pointer|
|m_axis_video_TREADY        |   in|    1|        axis|    m_axis_video_V_dest_V|       pointer|
|m_axis_video_TDEST         |  out|    1|        axis|    m_axis_video_V_dest_V|       pointer|
|m_axis_video_TKEEP         |  out|    3|        axis|    m_axis_video_V_keep_V|       pointer|
|m_axis_video_TSTRB         |  out|    3|        axis|    m_axis_video_V_strb_V|       pointer|
|m_axis_video_TUSER         |  out|    1|        axis|    m_axis_video_V_user_V|       pointer|
|m_axis_video_TLAST         |  out|    1|        axis|    m_axis_video_V_last_V|       pointer|
|m_axis_video_TID           |  out|    1|        axis|      m_axis_video_V_id_V|       pointer|
|Height_dout                |   in|   11|     ap_fifo|                   Height|       pointer|
|Height_num_data_valid      |   in|    3|     ap_fifo|                   Height|       pointer|
|Height_fifo_cap            |   in|    3|     ap_fifo|                   Height|       pointer|
|Height_empty_n             |   in|    1|     ap_fifo|                   Height|       pointer|
|Height_read                |  out|    1|     ap_fifo|                   Height|       pointer|
|WidthOut_dout              |   in|   11|     ap_fifo|                 WidthOut|       pointer|
|WidthOut_num_data_valid    |   in|    3|     ap_fifo|                 WidthOut|       pointer|
|WidthOut_fifo_cap          |   in|    3|     ap_fifo|                 WidthOut|       pointer|
|WidthOut_empty_n           |   in|    1|     ap_fifo|                 WidthOut|       pointer|
|WidthOut_read              |  out|    1|     ap_fifo|                 WidthOut|       pointer|
|p_read                     |   in|    8|     ap_none|                   p_read|        scalar|
+---------------------------+-----+-----+------------+-------------------------+--------------+

============================================================
+ Verbose Summary: Synthesis Manager
============================================================
InlineROM: 1
ExposeGlobal: 0
============================================================
+ Verbose Summary: CDFG Model
============================================================
IsTopModel: 0
ResetActiveHigh: 1
IsCombinational: 2
IsDatapathOnly: 0
HasWiredReturn: 1
HasMFsm: 0
HasVarLatency: 1
IsPipeline: 0
IsRtlPipelined: 0
IsInstanceOverlapped: 0
IsDontTouch: 0
HasImplIP: 0
IsGatedGlobalClock: 0


============================================================
+ Verbose Summary: Schedule
============================================================
* Number of FSM states : 6
* Pipeline : 0
* Dataflow Pipeline: 0

* FSM state transitions: 
1 --> 2 
2 --> 3 
3 --> 4 6 
4 --> 5 
5 --> 3 
6 --> 

* FSM state operations: 

State 1 <SV = 0> <Delay = 2.45>
ST_1 : Operation 7 [1/1] (0.00ns)   --->   "%i = alloca i32 1" [C:/Vivado_Projects/zed_hdmi/zed_hdmi.runs/synth_1/prj/sol/.autopilot/db/v_csc.cpp:662]   --->   Operation 7 'alloca' 'i' <Predicate = true> <Delay = 0.00>
ST_1 : Operation 8 [1/1] (2.45ns)   --->   "%Height_read = read i11 @_ssdm_op_Read.ap_fifo.i11P0A, i11 %Height"   --->   Operation 8 'read' 'Height_read' <Predicate = true> <Delay = 2.45> <CoreInst = "FIFO_SRL">   --->   Core 80 'FIFO_SRL' <Latency = 0> <II = 1> <Delay = 3.63> <Storage> <Opcode : 'read' 'write' 'nbread' 'nbwrite'> <Ports = 0> <Width = 11> <Depth = 2> <FIFO>
ST_1 : Operation 9 [1/1] (2.45ns)   --->   "%WidthOut_read = read i11 @_ssdm_op_Read.ap_fifo.i11P0A, i11 %WidthOut"   --->   Operation 9 'read' 'WidthOut_read' <Predicate = true> <Delay = 2.45> <CoreInst = "FIFO_SRL">   --->   Core 80 'FIFO_SRL' <Latency = 0> <II = 1> <Delay = 3.63> <Storage> <Opcode : 'read' 'write' 'nbread' 'nbwrite'> <Ports = 0> <Width = 11> <Depth = 2> <FIFO>
ST_1 : Operation 10 [2/2] (0.00ns)   --->   "%rows = call i11 @reg<unsigned short>, i11 %Height_read" [C:/Vivado_Projects/zed_hdmi/zed_hdmi.runs/synth_1/prj/sol/.autopilot/db/v_csc.cpp:622]   --->   Operation 10 'call' 'rows' <Predicate = true> <Delay = 0.00> <CoreType = "Generic">   --->   Core 0 '' <Latency = 0> <II = 1> <Delay = 1.00> <Generic> <Opcode : >
ST_1 : Operation 11 [2/2] (0.00ns)   --->   "%cols = call i11 @reg<unsigned short>, i11 %WidthOut_read" [C:/Vivado_Projects/zed_hdmi/zed_hdmi.runs/synth_1/prj/sol/.autopilot/db/v_csc.cpp:623]   --->   Operation 11 'call' 'cols' <Predicate = true> <Delay = 0.00> <CoreType = "Generic">   --->   Core 0 '' <Latency = 0> <II = 1> <Delay = 1.00> <Generic> <Opcode : >
ST_1 : Operation 12 [1/1] (1.58ns)   --->   "%store_ln662 = store i11 0, i11 %i" [C:/Vivado_Projects/zed_hdmi/zed_hdmi.runs/synth_1/prj/sol/.autopilot/db/v_csc.cpp:662]   --->   Operation 12 'store' 'store_ln662' <Predicate = true> <Delay = 1.58>

State 2 <SV = 1> <Delay = 2.45>
ST_2 : Operation 13 [1/1] (0.00ns)   --->   "%specinterface_ln0 = specinterface void @_ssdm_op_SpecInterface, i11 %Height, void @ap_fifo_str, i32 0, i32 0, void @p_str, i32 0, i32 0, void @p_str, void @p_str, void @p_str, i32 2, i32 2, i32 16, i32 16, void @p_str, void @ScalarProp_str, i32 4294967295, i32 0, i32 0"   --->   Operation 13 'specinterface' 'specinterface_ln0' <Predicate = true> <Delay = 0.00>
ST_2 : Operation 14 [1/1] (2.45ns)   --->   "%p_read_3 = read i8 @_ssdm_op_Read.ap_auto.i8, i8 %p_read"   --->   Operation 14 'read' 'p_read_3' <Predicate = true> <Delay = 2.45> <CoreInst = "FIFO_SRL">   --->   Core 80 'FIFO_SRL' <Latency = 0> <II = 1> <Delay = 3.63> <Storage> <Opcode : 'read' 'write' 'nbread' 'nbwrite'> <Ports = 0> <Width = -1> <Depth = -1> <FIFO>
ST_2 : Operation 15 [1/1] (0.00ns)   --->   "%specinterface_ln0 = specinterface void @_ssdm_op_SpecInterface, i11 %WidthOut, void @ap_fifo_str, i32 0, i32 0, void @p_str, i32 0, i32 0, void @p_str, void @p_str, void @p_str, i32 2, i32 2, i32 16, i32 16, void @p_str, void @ScalarProp_str, i32 4294967295, i32 0, i32 0"   --->   Operation 15 'specinterface' 'specinterface_ln0' <Predicate = true> <Delay = 0.00>
ST_2 : Operation 16 [1/1] (0.00ns)   --->   "%specaxissidechannel_ln0 = specaxissidechannel void @_ssdm_op_SpecAXISSideChannel, i24 %m_axis_video_V_data_V, i3 %m_axis_video_V_keep_V, i3 %m_axis_video_V_strb_V, i1 %m_axis_video_V_user_V, i1 %m_axis_video_V_last_V, i1 %m_axis_video_V_id_V, i1 %m_axis_video_V_dest_V, void @empty_13"   --->   Operation 16 'specaxissidechannel' 'specaxissidechannel_ln0' <Predicate = true> <Delay = 0.00>
ST_2 : Operation 17 [1/1] (0.00ns)   --->   "%specinterface_ln0 = specinterface void @_ssdm_op_SpecInterface, i24 %stream_csc, void @empty_12, i32 0, i32 0, void @empty_26, i32 0, i32 0, void @empty_26, void @empty_26, void @empty_26, i32 0, i32 0, i32 0, i32 0, void @empty_26, void @empty_26, i32 4294967295, i32 0, i32 0"   --->   Operation 17 'specinterface' 'specinterface_ln0' <Predicate = true> <Delay = 0.00>
ST_2 : Operation 18 [1/1] (0.00ns)   --->   "%specinterface_ln0 = specinterface void @_ssdm_op_SpecInterface, i1 %m_axis_video_V_dest_V, i1 %m_axis_video_V_id_V, i1 %m_axis_video_V_last_V, i1 %m_axis_video_V_user_V, i3 %m_axis_video_V_strb_V, i3 %m_axis_video_V_keep_V, i24 %m_axis_video_V_data_V, void @empty_24, i32 1, i32 1, void @empty_25, i32 0, i32 0, void @empty_26, void @empty_26, void @empty_26, i32 0, i32 0, i32 0, i32 0, void @empty_26, void @empty_26, i32 4294967295, i32 0, i32 0"   --->   Operation 18 'specinterface' 'specinterface_ln0' <Predicate = true> <Delay = 0.00>
ST_2 : Operation 19 [1/2] (0.00ns)   --->   "%rows = call i11 @reg<unsigned short>, i11 %Height_read" [C:/Vivado_Projects/zed_hdmi/zed_hdmi.runs/synth_1/prj/sol/.autopilot/db/v_csc.cpp:622]   --->   Operation 19 'call' 'rows' <Predicate = true> <Delay = 0.00> <CoreType = "Generic">   --->   Core 0 '' <Latency = 0> <II = 1> <Delay = 1.00> <Generic> <Opcode : >
ST_2 : Operation 20 [1/2] (0.00ns)   --->   "%cols = call i11 @reg<unsigned short>, i11 %WidthOut_read" [C:/Vivado_Projects/zed_hdmi/zed_hdmi.runs/synth_1/prj/sol/.autopilot/db/v_csc.cpp:623]   --->   Operation 20 'call' 'cols' <Predicate = true> <Delay = 0.00> <CoreType = "Generic">   --->   Core 0 '' <Latency = 0> <II = 1> <Delay = 1.00> <Generic> <Opcode : >
ST_2 : Operation 21 [1/1] (1.63ns)   --->   "%sub = add i11 %cols, i11 2047" [C:/Vivado_Projects/zed_hdmi/zed_hdmi.runs/synth_1/prj/sol/.autopilot/db/v_csc.cpp:623]   --->   Operation 21 'add' 'sub' <Predicate = true> <Delay = 1.63> <CoreInst = "Adder">   --->   Core 1 'Adder' <Latency = 0> <II = 1> <Delay = 1.63> <FuncUnit> <Opcode : 'add' 'sub'> <InPorts = 2> <OutPorts = 1>
ST_2 : Operation 22 [1/1] (1.58ns)   --->   "%br_ln662 = br void %VITIS_LOOP_664_2" [C:/Vivado_Projects/zed_hdmi/zed_hdmi.runs/synth_1/prj/sol/.autopilot/db/v_csc.cpp:662]   --->   Operation 22 'br' 'br_ln662' <Predicate = true> <Delay = 1.58>

State 3 <SV = 2> <Delay = 4.86>
ST_3 : Operation 23 [1/1] (0.00ns)   --->   "%sof = phi i1 1, void %VITIS_LOOP_664_2.lr.ph, i1 0, void %VITIS_LOOP_664_2.split"   --->   Operation 23 'phi' 'sof' <Predicate = true> <Delay = 0.00>
ST_3 : Operation 24 [1/1] (0.00ns)   --->   "%i_1 = load i11 %i" [C:/Vivado_Projects/zed_hdmi/zed_hdmi.runs/synth_1/prj/sol/.autopilot/db/v_csc.cpp:662]   --->   Operation 24 'load' 'i_1' <Predicate = true> <Delay = 0.00>
ST_3 : Operation 25 [1/1] (1.63ns)   --->   "%icmp_ln662 = icmp_eq  i11 %i_1, i11 %rows" [C:/Vivado_Projects/zed_hdmi/zed_hdmi.runs/synth_1/prj/sol/.autopilot/db/v_csc.cpp:662]   --->   Operation 25 'icmp' 'icmp_ln662' <Predicate = true> <Delay = 1.63> <CoreInst = "Cmp">   --->   Core 9 'Cmp' <Latency = 0> <II = 1> <Delay = 1.63> <FuncUnit> <Opcode : 'seteq' 'setne' 'setle' 'setge' 'setlt' 'setgt'> <InPorts = 2> <OutPorts = 1>
ST_3 : Operation 26 [1/1] (0.00ns)   --->   "%speclooptripcount_ln0 = speclooptripcount void @_ssdm_op_SpecLoopTripCount, i64 64, i64 1080, i64 0"   --->   Operation 26 'speclooptripcount' 'speclooptripcount_ln0' <Predicate = true> <Delay = 0.00>
ST_3 : Operation 27 [1/1] (1.63ns)   --->   "%i_2 = add i11 %i_1, i11 1" [C:/Vivado_Projects/zed_hdmi/zed_hdmi.runs/synth_1/prj/sol/.autopilot/db/v_csc.cpp:662]   --->   Operation 27 'add' 'i_2' <Predicate = true> <Delay = 1.63> <CoreInst = "Adder">   --->   Core 1 'Adder' <Latency = 0> <II = 1> <Delay = 1.63> <FuncUnit> <Opcode : 'add' 'sub'> <InPorts = 2> <OutPorts = 1>
ST_3 : Operation 28 [1/1] (0.00ns)   --->   "%br_ln662 = br i1 %icmp_ln662, void %VITIS_LOOP_664_2.split, void %for.end92" [C:/Vivado_Projects/zed_hdmi/zed_hdmi.runs/synth_1/prj/sol/.autopilot/db/v_csc.cpp:662]   --->   Operation 28 'br' 'br_ln662' <Predicate = true> <Delay = 0.00>
ST_3 : Operation 29 [1/1] (0.00ns)   --->   "%empty = wait i32 @_ssdm_op_Wait"   --->   Operation 29 'wait' 'empty' <Predicate = (!icmp_ln662)> <Delay = 0.00>
ST_3 : Operation 30 [2/2] (3.22ns)   --->   "%call_ln623 = call void @MultiPixStream2AXIvideo_Pipeline_VITIS_LOOP_664_2, i1 %sof, i11 %cols, i24 %m_axis_video_V_data_V, i3 %m_axis_video_V_keep_V, i3 %m_axis_video_V_strb_V, i1 %m_axis_video_V_user_V, i1 %m_axis_video_V_last_V, i1 %m_axis_video_V_id_V, i1 %m_axis_video_V_dest_V, i8 %p_read_3, i11 %sub, i24 %stream_csc" [C:/Vivado_Projects/zed_hdmi/zed_hdmi.runs/synth_1/prj/sol/.autopilot/db/v_csc.cpp:623]   --->   Operation 30 'call' 'call_ln623' <Predicate = (!icmp_ln662)> <Delay = 3.22> <CoreType = "Generic">   --->   Core 0 '' <Latency = 0> <II = 1> <Delay = 1.00> <Generic> <Opcode : >

State 4 <SV = 3> <Delay = 4.67>
ST_4 : Operation 31 [1/2] (4.67ns)   --->   "%call_ln623 = call void @MultiPixStream2AXIvideo_Pipeline_VITIS_LOOP_664_2, i1 %sof, i11 %cols, i24 %m_axis_video_V_data_V, i3 %m_axis_video_V_keep_V, i3 %m_axis_video_V_strb_V, i1 %m_axis_video_V_user_V, i1 %m_axis_video_V_last_V, i1 %m_axis_video_V_id_V, i1 %m_axis_video_V_dest_V, i8 %p_read_3, i11 %sub, i24 %stream_csc" [C:/Vivado_Projects/zed_hdmi/zed_hdmi.runs/synth_1/prj/sol/.autopilot/db/v_csc.cpp:623]   --->   Operation 31 'call' 'call_ln623' <Predicate = true> <Delay = 4.67> <CoreType = "Generic">   --->   Core 0 '' <Latency = 0> <II = 1> <Delay = 1.00> <Generic> <Opcode : >

State 5 <SV = 4> <Delay = 1.58>
ST_5 : Operation 32 [1/1] (0.00ns)   --->   "%specloopname_ln662 = specloopname void @_ssdm_op_SpecLoopName, void @empty_23" [C:/Vivado_Projects/zed_hdmi/zed_hdmi.runs/synth_1/prj/sol/.autopilot/db/v_csc.cpp:662]   --->   Operation 32 'specloopname' 'specloopname_ln662' <Predicate = true> <Delay = 0.00>
ST_5 : Operation 33 [1/1] (1.58ns)   --->   "%store_ln662 = store i11 %i_2, i11 %i" [C:/Vivado_Projects/zed_hdmi/zed_hdmi.runs/synth_1/prj/sol/.autopilot/db/v_csc.cpp:662]   --->   Operation 33 'store' 'store_ln662' <Predicate = true> <Delay = 1.58>
ST_5 : Operation 34 [1/1] (0.00ns)   --->   "%br_ln662 = br void %VITIS_LOOP_664_2" [C:/Vivado_Projects/zed_hdmi/zed_hdmi.runs/synth_1/prj/sol/.autopilot/db/v_csc.cpp:662]   --->   Operation 34 'br' 'br_ln662' <Predicate = true> <Delay = 0.00>

State 6 <SV = 4> <Delay = 0.00>
ST_6 : Operation 35 [1/1] (0.00ns)   --->   "%ret_ln0 = ret"   --->   Operation 35 'ret' 'ret_ln0' <Predicate = true> <Delay = 0.00>


============================================================
+ Verbose Summary: Binding
============================================================
STG Binding: 
---------------- STG Properties BEGIN ----------------
- Is combinational: 0
- Is one-state seq: 0
- Is datapath-only: 0
- Is pipelined: 0
- Is top level: 0
Port [ Return ] is wired: 1; IO mode=ap_ctrl_hs:ce=0
Port [ stream_csc]:  wired=1; compound=1; hidden=0; nouse=0; global=0; static=0; extern=0; dir=0; type=3; pingpong=0; private_global=0; IO mode=ap_fifo:ce=0
Port [ m_axis_video_V_data_V]:  wired=1; compound=1; hidden=0; nouse=0; global=0; static=0; extern=0; dir=1; type=0; pingpong=0; private_global=0; IO mode=axis:ce=0
Port [ m_axis_video_V_keep_V]:  wired=1; compound=1; hidden=0; nouse=0; global=0; static=0; extern=0; dir=1; type=0; pingpong=0; private_global=0; IO mode=axis:ce=0
Port [ m_axis_video_V_strb_V]:  wired=1; compound=1; hidden=0; nouse=0; global=0; static=0; extern=0; dir=1; type=0; pingpong=0; private_global=0; IO mode=axis:ce=0
Port [ m_axis_video_V_user_V]:  wired=1; compound=1; hidden=0; nouse=0; global=0; static=0; extern=0; dir=1; type=0; pingpong=0; private_global=0; IO mode=axis:ce=0
Port [ m_axis_video_V_last_V]:  wired=1; compound=1; hidden=0; nouse=0; global=0; static=0; extern=0; dir=1; type=0; pingpong=0; private_global=0; IO mode=axis:ce=0
Port [ m_axis_video_V_id_V]:  wired=1; compound=1; hidden=0; nouse=0; global=0; static=0; extern=0; dir=1; type=0; pingpong=0; private_global=0; IO mode=axis:ce=0
Port [ m_axis_video_V_dest_V]:  wired=1; compound=1; hidden=0; nouse=0; global=0; static=0; extern=0; dir=1; type=0; pingpong=0; private_global=0; IO mode=axis:ce=0
Port [ Height]:  wired=1; compound=1; hidden=0; nouse=0; global=0; static=0; extern=0; dir=0; type=3; pingpong=0; private_global=0; IO mode=ap_fifo:ce=0
Port [ WidthOut]:  wired=1; compound=1; hidden=0; nouse=0; global=0; static=0; extern=0; dir=0; type=3; pingpong=0; private_global=0; IO mode=ap_fifo:ce=0
Port [ p_read]:  wired=1; compound=0; hidden=0; nouse=0; global=0; static=0; extern=0; dir=0; type=0; pingpong=0; private_global=0; IO mode=ap_none:ce=0
---------------- STG Properties END ------------------

---------------- Datapath Model BEGIN ----------------

<LifeTime>
<method=bitvector/>
i                       (alloca             ) [ 0111110]
Height_read             (read               ) [ 0000000]
WidthOut_read           (read               ) [ 0000000]
store_ln662             (store              ) [ 0000000]
specinterface_ln0       (specinterface      ) [ 0000000]
p_read_3                (read               ) [ 0001110]
specinterface_ln0       (specinterface      ) [ 0000000]
specaxissidechannel_ln0 (specaxissidechannel) [ 0000000]
specinterface_ln0       (specinterface      ) [ 0000000]
specinterface_ln0       (specinterface      ) [ 0000000]
rows                    (call               ) [ 0001110]
cols                    (call               ) [ 0001110]
sub                     (add                ) [ 0001110]
br_ln662                (br                 ) [ 0011110]
sof                     (phi                ) [ 0001100]
i_1                     (load               ) [ 0000000]
icmp_ln662              (icmp               ) [ 0001110]
speclooptripcount_ln0   (speclooptripcount  ) [ 0000000]
i_2                     (add                ) [ 0000110]
br_ln662                (br                 ) [ 0000000]
empty                   (wait               ) [ 0000000]
call_ln623              (call               ) [ 0000000]
specloopname_ln662      (specloopname       ) [ 0000000]
store_ln662             (store              ) [ 0000000]
br_ln662                (br                 ) [ 0011110]
ret_ln0                 (ret                ) [ 0000000]
</LifeTime>

<model>

<comp_list>
<comp id="0" class="1000" name="stream_csc">
<pin_list>
<pin id="1" dir="1" index="0" bw="1" slack="0"/>
</pin_list>
<bind>
<StgValue><ssdm name="stream_csc"/></StgValue>
</bind>
</comp>

<comp id="2" class="1000" name="m_axis_video_V_data_V">
<pin_list>
<pin id="3" dir="1" index="0" bw="1" slack="0"/>
</pin_list>
<bind>
<StgValue><ssdm name="m_axis_video_V_data_V"/></StgValue>
</bind>
</comp>

<comp id="4" class="1000" name="m_axis_video_V_keep_V">
<pin_list>
<pin id="5" dir="1" index="0" bw="1" slack="0"/>
</pin_list>
<bind>
<StgValue><ssdm name="m_axis_video_V_keep_V"/></StgValue>
</bind>
</comp>

<comp id="6" class="1000" name="m_axis_video_V_strb_V">
<pin_list>
<pin id="7" dir="1" index="0" bw="1" slack="0"/>
</pin_list>
<bind>
<StgValue><ssdm name="m_axis_video_V_strb_V"/></StgValue>
</bind>
</comp>

<comp id="8" class="1000" name="m_axis_video_V_user_V">
<pin_list>
<pin id="9" dir="1" index="0" bw="1" slack="0"/>
</pin_list>
<bind>
<StgValue><ssdm name="m_axis_video_V_user_V"/></StgValue>
</bind>
</comp>

<comp id="10" class="1000" name="m_axis_video_V_last_V">
<pin_list>
<pin id="11" dir="1" index="0" bw="1" slack="0"/>
</pin_list>
<bind>
<StgValue><ssdm name="m_axis_video_V_last_V"/></StgValue>
</bind>
</comp>

<comp id="12" class="1000" name="m_axis_video_V_id_V">
<pin_list>
<pin id="13" dir="1" index="0" bw="1" slack="0"/>
</pin_list>
<bind>
<StgValue><ssdm name="m_axis_video_V_id_V"/></StgValue>
</bind>
</comp>

<comp id="14" class="1000" name="m_axis_video_V_dest_V">
<pin_list>
<pin id="15" dir="1" index="0" bw="1" slack="0"/>
</pin_list>
<bind>
<StgValue><ssdm name="m_axis_video_V_dest_V"/></StgValue>
</bind>
</comp>

<comp id="16" class="1000" name="Height">
<pin_list>
<pin id="17" dir="1" index="0" bw="1" slack="0"/>
</pin_list>
<bind>
<StgValue><ssdm name="Height"/></StgValue>
</bind>
</comp>

<comp id="18" class="1000" name="WidthOut">
<pin_list>
<pin id="19" dir="1" index="0" bw="1" slack="0"/>
</pin_list>
<bind>
<StgValue><ssdm name="WidthOut"/></StgValue>
</bind>
</comp>

<comp id="20" class="1000" name="p_read">
<pin_list>
<pin id="21" dir="1" index="0" bw="1" slack="0"/>
</pin_list>
<bind>
<StgValue><ssdm name="p_read"/></StgValue>
</bind>
</comp>

<comp id="22" class="1001" name="const_22">
<pin_list>
<pin id="23" dir="1" index="0" bw="1" slack="0"/>
</pin_list>
<bind>
<StgValue><ssdm name=""/></StgValue>
</bind>
</comp>

<comp id="24" class="1001" name="const_24">
<pin_list>
<pin id="25" dir="1" index="0" bw="1" slack="0"/>
</pin_list>
<bind>
<StgValue><ssdm name="_ssdm_op_Read.ap_fifo.i11P0A"/></StgValue>
</bind>
</comp>

<comp id="26" class="1001" name="const_26">
<pin_list>
<pin id="27" dir="1" index="0" bw="1" slack="0"/>
</pin_list>
<bind>
<StgValue><ssdm name="reg<unsigned short>"/></StgValue>
</bind>
</comp>

<comp id="28" class="1001" name="const_28">
<pin_list>
<pin id="29" dir="1" index="0" bw="1" slack="0"/>
</pin_list>
<bind>
<StgValue><ssdm name=""/></StgValue>
</bind>
</comp>

<comp id="30" class="1001" name="const_30">
<pin_list>
<pin id="31" dir="1" index="0" bw="1" slack="2147483647"/>
</pin_list>
<bind>
<StgValue><ssdm name="_ssdm_op_SpecInterface"/></StgValue>
</bind>
</comp>

<comp id="32" class="1001" name="const_32">
<pin_list>
<pin id="33" dir="1" index="0" bw="1" slack="2147483647"/>
</pin_list>
<bind>
<StgValue><ssdm name="ap_fifo_str"/></StgValue>
</bind>
</comp>

<comp id="34" class="1001" name="const_34">
<pin_list>
<pin id="35" dir="1" index="0" bw="1" slack="2147483647"/>
</pin_list>
<bind>
<StgValue><ssdm name=""/></StgValue>
</bind>
</comp>

<comp id="36" class="1001" name="const_36">
<pin_list>
<pin id="37" dir="1" index="0" bw="1" slack="2147483647"/>
</pin_list>
<bind>
<StgValue><ssdm name="p_str"/></StgValue>
</bind>
</comp>

<comp id="38" class="1001" name="const_38">
<pin_list>
<pin id="39" dir="1" index="0" bw="1" slack="2147483647"/>
</pin_list>
<bind>
<StgValue><ssdm name=""/></StgValue>
</bind>
</comp>

<comp id="40" class="1001" name="const_40">
<pin_list>
<pin id="41" dir="1" index="0" bw="1" slack="2147483647"/>
</pin_list>
<bind>
<StgValue><ssdm name=""/></StgValue>
</bind>
</comp>

<comp id="42" class="1001" name="const_42">
<pin_list>
<pin id="43" dir="1" index="0" bw="1" slack="2147483647"/>
</pin_list>
<bind>
<StgValue><ssdm name="ScalarProp_str"/></StgValue>
</bind>
</comp>

<comp id="44" class="1001" name="const_44">
<pin_list>
<pin id="45" dir="1" index="0" bw="1" slack="2147483647"/>
</pin_list>
<bind>
<StgValue><ssdm name=""/></StgValue>
</bind>
</comp>

<comp id="46" class="1001" name="const_46">
<pin_list>
<pin id="47" dir="1" index="0" bw="1" slack="0"/>
</pin_list>
<bind>
<StgValue><ssdm name="_ssdm_op_Read.ap_auto.i8"/></StgValue>
</bind>
</comp>

<comp id="48" class="1001" name="const_48">
<pin_list>
<pin id="49" dir="1" index="0" bw="1" slack="2147483647"/>
</pin_list>
<bind>
<StgValue><ssdm name="_ssdm_op_SpecAXISSideChannel"/></StgValue>
</bind>
</comp>

<comp id="50" class="1001" name="const_50">
<pin_list>
<pin id="51" dir="1" index="0" bw="1" slack="2147483647"/>
</pin_list>
<bind>
<StgValue><ssdm name="empty_13"/></StgValue>
</bind>
</comp>

<comp id="52" class="1001" name="const_52">
<pin_list>
<pin id="53" dir="1" index="0" bw="1" slack="2147483647"/>
</pin_list>
<bind>
<StgValue><ssdm name="empty_12"/></StgValue>
</bind>
</comp>

<comp id="54" class="1001" name="const_54">
<pin_list>
<pin id="55" dir="1" index="0" bw="1" slack="2147483647"/>
</pin_list>
<bind>
<StgValue><ssdm name="empty_26"/></StgValue>
</bind>
</comp>

<comp id="56" class="1001" name="const_56">
<pin_list>
<pin id="57" dir="1" index="0" bw="1" slack="2147483647"/>
</pin_list>
<bind>
<StgValue><ssdm name="empty_24"/></StgValue>
</bind>
</comp>

<comp id="58" class="1001" name="const_58">
<pin_list>
<pin id="59" dir="1" index="0" bw="1" slack="2147483647"/>
</pin_list>
<bind>
<StgValue><ssdm name="empty_25"/></StgValue>
</bind>
</comp>

<comp id="60" class="1001" name="const_60">
<pin_list>
<pin id="61" dir="1" index="0" bw="1" slack="0"/>
</pin_list>
<bind>
<StgValue><ssdm name=""/></StgValue>
</bind>
</comp>

<comp id="62" class="1001" name="const_62">
<pin_list>
<pin id="63" dir="1" index="0" bw="1" slack="1"/>
</pin_list>
<bind>
<StgValue><ssdm name=""/></StgValue>
</bind>
</comp>

<comp id="64" class="1001" name="const_64">
<pin_list>
<pin id="65" dir="1" index="0" bw="1" slack="1"/>
</pin_list>
<bind>
<StgValue><ssdm name=""/></StgValue>
</bind>
</comp>

<comp id="66" class="1001" name="const_66">
<pin_list>
<pin id="67" dir="1" index="0" bw="1" slack="2147483647"/>
</pin_list>
<bind>
<StgValue><ssdm name="_ssdm_op_SpecLoopTripCount"/></StgValue>
</bind>
</comp>

<comp id="68" class="1001" name="const_68">
<pin_list>
<pin id="69" dir="1" index="0" bw="1" slack="2147483647"/>
</pin_list>
<bind>
<StgValue><ssdm name=""/></StgValue>
</bind>
</comp>

<comp id="70" class="1001" name="const_70">
<pin_list>
<pin id="71" dir="1" index="0" bw="1" slack="2147483647"/>
</pin_list>
<bind>
<StgValue><ssdm name=""/></StgValue>
</bind>
</comp>

<comp id="72" class="1001" name="const_72">
<pin_list>
<pin id="73" dir="1" index="0" bw="1" slack="2147483647"/>
</pin_list>
<bind>
<StgValue><ssdm name=""/></StgValue>
</bind>
</comp>

<comp id="74" class="1001" name="const_74">
<pin_list>
<pin id="75" dir="1" index="0" bw="1" slack="0"/>
</pin_list>
<bind>
<StgValue><ssdm name=""/></StgValue>
</bind>
</comp>

<comp id="76" class="1001" name="const_76">
<pin_list>
<pin id="77" dir="1" index="0" bw="1" slack="2147483647"/>
</pin_list>
<bind>
<StgValue><ssdm name="_ssdm_op_Wait"/></StgValue>
</bind>
</comp>

<comp id="78" class="1001" name="const_78">
<pin_list>
<pin id="79" dir="1" index="0" bw="1" slack="0"/>
</pin_list>
<bind>
<StgValue><ssdm name="MultiPixStream2AXIvideo_Pipeline_VITIS_LOOP_664_2"/></StgValue>
</bind>
</comp>

<comp id="80" class="1001" name="const_80">
<pin_list>
<pin id="81" dir="1" index="0" bw="1" slack="2147483647"/>
</pin_list>
<bind>
<StgValue><ssdm name="_ssdm_op_SpecLoopName"/></StgValue>
</bind>
</comp>

<comp id="82" class="1001" name="const_82">
<pin_list>
<pin id="83" dir="1" index="0" bw="1" slack="2147483647"/>
</pin_list>
<bind>
<StgValue><ssdm name="empty_23"/></StgValue>
</bind>
</comp>

<comp id="84" class="1004" name="i_fu_84">
<pin_list>
<pin id="85" dir="0" index="0" bw="1" slack="0"/>
<pin id="86" dir="1" index="1" bw="11" slack="0"/>
</pin_list>
<bind>
<opcode="alloca(26) " fcode="alloca"/>
<opset="i/1 "/>
</bind>
</comp>

<comp id="88" class="1004" name="Height_read_read_fu_88">
<pin_list>
<pin id="89" dir="0" index="0" bw="11" slack="0"/>
<pin id="90" dir="0" index="1" bw="11" slack="0"/>
<pin id="91" dir="1" index="2" bw="11" slack="0"/>
</pin_list>
<bind>
<opcode="read(1150) " fcode="read"/>
<opset="Height_read/1 "/>
</bind>
</comp>

<comp id="94" class="1004" name="WidthOut_read_read_fu_94">
<pin_list>
<pin id="95" dir="0" index="0" bw="11" slack="0"/>
<pin id="96" dir="0" index="1" bw="11" slack="0"/>
<pin id="97" dir="1" index="2" bw="11" slack="0"/>
</pin_list>
<bind>
<opcode="read(1150) " fcode="read"/>
<opset="WidthOut_read/1 "/>
</bind>
</comp>

<comp id="100" class="1004" name="p_read_3_read_fu_100">
<pin_list>
<pin id="101" dir="0" index="0" bw="8" slack="0"/>
<pin id="102" dir="0" index="1" bw="8" slack="0"/>
<pin id="103" dir="1" index="2" bw="8" slack="1"/>
</pin_list>
<bind>
<opcode="read(1150) " fcode="read"/>
<opset="p_read_3/2 "/>
</bind>
</comp>

<comp id="106" class="1005" name="sof_reg_106">
<pin_list>
<pin id="107" dir="0" index="0" bw="1" slack="1"/>
<pin id="108" dir="1" index="1" bw="1" slack="1"/>
</pin_list>
<bind>
<opset="sof (phireg) "/>
</bind>
</comp>

<comp id="111" class="1004" name="sof_phi_fu_111">
<pin_list>
<pin id="112" dir="0" index="0" bw="1" slack="1"/>
<pin id="113" dir="0" index="1" bw="0" slack="2147483647"/>
<pin id="114" dir="0" index="2" bw="1" slack="1"/>
<pin id="115" dir="0" index="3" bw="0" slack="2147483647"/>
<pin id="116" dir="1" index="4" bw="1" slack="0"/>
</pin_list>
<bind>
<opcode="phi(47) " fcode="phi"/>
<opset="sof/3 "/>
</bind>
</comp>

<comp id="120" class="1004" name="grp_MultiPixStream2AXIvideo_Pipeline_VITIS_LOOP_664_2_fu_120">
<pin_list>
<pin id="121" dir="0" index="0" bw="0" slack="0"/>
<pin id="122" dir="0" index="1" bw="1" slack="0"/>
<pin id="123" dir="0" index="2" bw="11" slack="1"/>
<pin id="124" dir="0" index="3" bw="24" slack="0"/>
<pin id="125" dir="0" index="4" bw="3" slack="0"/>
<pin id="126" dir="0" index="5" bw="3" slack="0"/>
<pin id="127" dir="0" index="6" bw="1" slack="0"/>
<pin id="128" dir="0" index="7" bw="1" slack="0"/>
<pin id="129" dir="0" index="8" bw="1" slack="0"/>
<pin id="130" dir="0" index="9" bw="1" slack="0"/>
<pin id="131" dir="0" index="10" bw="8" slack="1"/>
<pin id="132" dir="0" index="11" bw="11" slack="1"/>
<pin id="133" dir="0" index="12" bw="24" slack="0"/>
<pin id="134" dir="1" index="13" bw="0" slack="2147483647"/>
</pin_list>
<bind>
<opcode="call(48) " fcode="call"/>
<opset="call_ln623/3 "/>
</bind>
</comp>

<comp id="145" class="1004" name="grp_reg_unsigned_short_s_fu_145">
<pin_list>
<pin id="146" dir="0" index="0" bw="11" slack="0"/>
<pin id="147" dir="0" index="1" bw="11" slack="0"/>
<pin id="148" dir="1" index="2" bw="11" slack="1"/>
</pin_list>
<bind>
<opcode="call(48) " fcode="call"/>
<opset="rows/1 "/>
</bind>
</comp>

<comp id="151" class="1004" name="grp_reg_unsigned_short_s_fu_151">
<pin_list>
<pin id="152" dir="0" index="0" bw="11" slack="0"/>
<pin id="153" dir="0" index="1" bw="11" slack="0"/>
<pin id="154" dir="1" index="2" bw="11" slack="0"/>
</pin_list>
<bind>
<opcode="call(48) " fcode="call"/>
<opset="cols/1 "/>
</bind>
</comp>

<comp id="157" class="1004" name="store_ln662_store_fu_157">
<pin_list>
<pin id="158" dir="0" index="0" bw="1" slack="0"/>
<pin id="159" dir="0" index="1" bw="11" slack="0"/>
<pin id="160" dir="1" index="2" bw="0" slack="2147483647"/>
</pin_list>
<bind>
<opcode="store(28) " fcode="store"/>
<opset="store_ln662/1 "/>
</bind>
</comp>

<comp id="162" class="1004" name="sub_fu_162">
<pin_list>
<pin id="163" dir="0" index="0" bw="11" slack="0"/>
<pin id="164" dir="0" index="1" bw="1" slack="0"/>
<pin id="165" dir="1" index="2" bw="11" slack="1"/>
</pin_list>
<bind>
<opcode="add(8) " fcode="add"/>
<opset="sub/2 "/>
</bind>
</comp>

<comp id="168" class="1004" name="i_1_load_fu_168">
<pin_list>
<pin id="169" dir="0" index="0" bw="11" slack="2"/>
<pin id="170" dir="1" index="1" bw="11" slack="0"/>
</pin_list>
<bind>
<opcode="load(27) " fcode="load"/>
<opset="i_1/3 "/>
</bind>
</comp>

<comp id="171" class="1004" name="icmp_ln662_fu_171">
<pin_list>
<pin id="172" dir="0" index="0" bw="11" slack="0"/>
<pin id="173" dir="0" index="1" bw="11" slack="1"/>
<pin id="174" dir="1" index="2" bw="1" slack="2147483647"/>
</pin_list>
<bind>
<opcode="icmp(45) " fcode="icmp"/>
<opset="icmp_ln662/3 "/>
</bind>
</comp>

<comp id="176" class="1004" name="i_2_fu_176">
<pin_list>
<pin id="177" dir="0" index="0" bw="11" slack="0"/>
<pin id="178" dir="0" index="1" bw="1" slack="0"/>
<pin id="179" dir="1" index="2" bw="11" slack="2"/>
</pin_list>
<bind>
<opcode="add(8) " fcode="add"/>
<opset="i_2/3 "/>
</bind>
</comp>

<comp id="182" class="1004" name="store_ln662_store_fu_182">
<pin_list>
<pin id="183" dir="0" index="0" bw="11" slack="2"/>
<pin id="184" dir="0" index="1" bw="11" slack="4"/>
<pin id="185" dir="1" index="2" bw="0" slack="2147483647"/>
</pin_list>
<bind>
<opcode="store(28) " fcode="store"/>
<opset="store_ln662/5 "/>
</bind>
</comp>

<comp id="186" class="1005" name="i_reg_186">
<pin_list>
<pin id="187" dir="0" index="0" bw="11" slack="0"/>
<pin id="188" dir="1" index="1" bw="11" slack="0"/>
</pin_list>
<bind>
<opset="i "/>
</bind>
</comp>

<comp id="193" class="1005" name="p_read_3_reg_193">
<pin_list>
<pin id="194" dir="0" index="0" bw="8" slack="1"/>
<pin id="195" dir="1" index="1" bw="8" slack="1"/>
</pin_list>
<bind>
<opset="p_read_3 "/>
</bind>
</comp>

<comp id="198" class="1005" name="rows_reg_198">
<pin_list>
<pin id="199" dir="0" index="0" bw="11" slack="1"/>
<pin id="200" dir="1" index="1" bw="11" slack="1"/>
</pin_list>
<bind>
<opset="rows "/>
</bind>
</comp>

<comp id="203" class="1005" name="cols_reg_203">
<pin_list>
<pin id="204" dir="0" index="0" bw="11" slack="1"/>
<pin id="205" dir="1" index="1" bw="11" slack="1"/>
</pin_list>
<bind>
<opset="cols "/>
</bind>
</comp>

<comp id="208" class="1005" name="sub_reg_208">
<pin_list>
<pin id="209" dir="0" index="0" bw="11" slack="1"/>
<pin id="210" dir="1" index="1" bw="11" slack="1"/>
</pin_list>
<bind>
<opset="sub "/>
</bind>
</comp>

<comp id="216" class="1005" name="i_2_reg_216">
<pin_list>
<pin id="217" dir="0" index="0" bw="11" slack="2"/>
<pin id="218" dir="1" index="1" bw="11" slack="2"/>
</pin_list>
<bind>
<opset="i_2 "/>
</bind>
</comp>

</comp_list>

<net_list>
<net id="87"><net_src comp="22" pin="0"/><net_sink comp="84" pin=0"/></net>

<net id="92"><net_src comp="24" pin="0"/><net_sink comp="88" pin=0"/></net>

<net id="93"><net_src comp="16" pin="0"/><net_sink comp="88" pin=1"/></net>

<net id="98"><net_src comp="24" pin="0"/><net_sink comp="94" pin=0"/></net>

<net id="99"><net_src comp="18" pin="0"/><net_sink comp="94" pin=1"/></net>

<net id="104"><net_src comp="46" pin="0"/><net_sink comp="100" pin=0"/></net>

<net id="105"><net_src comp="20" pin="0"/><net_sink comp="100" pin=1"/></net>

<net id="109"><net_src comp="62" pin="0"/><net_sink comp="106" pin=0"/></net>

<net id="110"><net_src comp="64" pin="0"/><net_sink comp="106" pin=0"/></net>

<net id="117"><net_src comp="106" pin="1"/><net_sink comp="111" pin=0"/></net>

<net id="118"><net_src comp="106" pin="1"/><net_sink comp="111" pin=2"/></net>

<net id="119"><net_src comp="111" pin="4"/><net_sink comp="106" pin=0"/></net>

<net id="135"><net_src comp="78" pin="0"/><net_sink comp="120" pin=0"/></net>

<net id="136"><net_src comp="111" pin="4"/><net_sink comp="120" pin=1"/></net>

<net id="137"><net_src comp="2" pin="0"/><net_sink comp="120" pin=3"/></net>

<net id="138"><net_src comp="4" pin="0"/><net_sink comp="120" pin=4"/></net>

<net id="139"><net_src comp="6" pin="0"/><net_sink comp="120" pin=5"/></net>

<net id="140"><net_src comp="8" pin="0"/><net_sink comp="120" pin=6"/></net>

<net id="141"><net_src comp="10" pin="0"/><net_sink comp="120" pin=7"/></net>

<net id="142"><net_src comp="12" pin="0"/><net_sink comp="120" pin=8"/></net>

<net id="143"><net_src comp="14" pin="0"/><net_sink comp="120" pin=9"/></net>

<net id="144"><net_src comp="0" pin="0"/><net_sink comp="120" pin=12"/></net>

<net id="149"><net_src comp="26" pin="0"/><net_sink comp="145" pin=0"/></net>

<net id="150"><net_src comp="88" pin="2"/><net_sink comp="145" pin=1"/></net>

<net id="155"><net_src comp="26" pin="0"/><net_sink comp="151" pin=0"/></net>

<net id="156"><net_src comp="94" pin="2"/><net_sink comp="151" pin=1"/></net>

<net id="161"><net_src comp="28" pin="0"/><net_sink comp="157" pin=0"/></net>

<net id="166"><net_src comp="151" pin="2"/><net_sink comp="162" pin=0"/></net>

<net id="167"><net_src comp="60" pin="0"/><net_sink comp="162" pin=1"/></net>

<net id="175"><net_src comp="168" pin="1"/><net_sink comp="171" pin=0"/></net>

<net id="180"><net_src comp="168" pin="1"/><net_sink comp="176" pin=0"/></net>

<net id="181"><net_src comp="74" pin="0"/><net_sink comp="176" pin=1"/></net>

<net id="189"><net_src comp="84" pin="1"/><net_sink comp="186" pin=0"/></net>

<net id="190"><net_src comp="186" pin="1"/><net_sink comp="157" pin=1"/></net>

<net id="191"><net_src comp="186" pin="1"/><net_sink comp="168" pin=0"/></net>

<net id="192"><net_src comp="186" pin="1"/><net_sink comp="182" pin=1"/></net>

<net id="196"><net_src comp="100" pin="2"/><net_sink comp="193" pin=0"/></net>

<net id="197"><net_src comp="193" pin="1"/><net_sink comp="120" pin=10"/></net>

<net id="201"><net_src comp="145" pin="2"/><net_sink comp="198" pin=0"/></net>

<net id="202"><net_src comp="198" pin="1"/><net_sink comp="171" pin=1"/></net>

<net id="206"><net_src comp="151" pin="2"/><net_sink comp="203" pin=0"/></net>

<net id="207"><net_src comp="203" pin="1"/><net_sink comp="120" pin=2"/></net>

<net id="211"><net_src comp="162" pin="2"/><net_sink comp="208" pin=0"/></net>

<net id="212"><net_src comp="208" pin="1"/><net_sink comp="120" pin=11"/></net>

<net id="219"><net_src comp="176" pin="2"/><net_sink comp="216" pin=0"/></net>

<net id="220"><net_src comp="216" pin="1"/><net_sink comp="182" pin=0"/></net>

</net_list>

</model> 
---------------- Datapath Model END ------------------

* FSMD analyzer results:
  - Output states:
	Port: m_axis_video_V_data_V | {3 4 }
	Port: m_axis_video_V_keep_V | {3 4 }
	Port: m_axis_video_V_strb_V | {3 4 }
	Port: m_axis_video_V_user_V | {3 4 }
	Port: m_axis_video_V_last_V | {3 4 }
	Port: m_axis_video_V_id_V | {3 4 }
	Port: m_axis_video_V_dest_V | {3 4 }
 - Input state : 
	Port: MultiPixStream2AXIvideo : stream_csc | {3 4 }
	Port: MultiPixStream2AXIvideo : m_axis_video_V_data_V | {}
	Port: MultiPixStream2AXIvideo : m_axis_video_V_keep_V | {}
	Port: MultiPixStream2AXIvideo : m_axis_video_V_strb_V | {}
	Port: MultiPixStream2AXIvideo : m_axis_video_V_user_V | {}
	Port: MultiPixStream2AXIvideo : m_axis_video_V_last_V | {}
	Port: MultiPixStream2AXIvideo : m_axis_video_V_id_V | {}
	Port: MultiPixStream2AXIvideo : m_axis_video_V_dest_V | {}
	Port: MultiPixStream2AXIvideo : Height | {1 }
	Port: MultiPixStream2AXIvideo : WidthOut | {1 }
	Port: MultiPixStream2AXIvideo : p_read | {2 }
  - Chain level:
	State 1
		store_ln662 : 1
	State 2
		sub : 1
	State 3
		icmp_ln662 : 1
		i_2 : 1
		br_ln662 : 2
		call_ln623 : 1
	State 4
	State 5
	State 6


============================================================
+ Verbose Summary: Datapath Resource usage 
============================================================

* Functional unit list:
|----------|--------------------------------------------------------------|---------|---------|
| Operation|                        Functional Unit                       |    FF   |   LUT   |
|----------|--------------------------------------------------------------|---------|---------|
|          | grp_MultiPixStream2AXIvideo_Pipeline_VITIS_LOOP_664_2_fu_120 |   131   |    36   |
|   call   |                grp_reg_unsigned_short_s_fu_145               |    11   |    0    |
|          |                grp_reg_unsigned_short_s_fu_151               |    11   |    0    |
|----------|--------------------------------------------------------------|---------|---------|
|    add   |                          sub_fu_162                          |    0    |    12   |
|          |                          i_2_fu_176                          |    0    |    12   |
|----------|--------------------------------------------------------------|---------|---------|
|   icmp   |                       icmp_ln662_fu_171                      |    0    |    12   |
|----------|--------------------------------------------------------------|---------|---------|
|          |                    Height_read_read_fu_88                    |    0    |    0    |
|   read   |                   WidthOut_read_read_fu_94                   |    0    |    0    |
|          |                     p_read_3_read_fu_100                     |    0    |    0    |
|----------|--------------------------------------------------------------|---------|---------|
|   Total  |                                                              |   153   |    72   |
|----------|--------------------------------------------------------------|---------|---------|

Memories:
N/A

* Register list:
+----------------+--------+
|                |   FF   |
+----------------+--------+
|  cols_reg_203  |   11   |
|   i_2_reg_216  |   11   |
|    i_reg_186   |   11   |
|p_read_3_reg_193|    8   |
|  rows_reg_198  |   11   |
|   sof_reg_106  |    1   |
|   sub_reg_208  |   11   |
+----------------+--------+
|      Total     |   64   |
+----------------+--------+

* Multiplexer (MUX) list: 
|-------------|------|------|------|--------||---------||---------||---------|
|     Comp    |  Pin | Size |  BW  | S x BW ||  Delay  ||    FF   ||   LUT   |
|-------------|------|------|------|--------||---------||---------||---------|
| sof_reg_106 |  p0  |   3  |   1  |    3   ||    0    ||    9    |
|-------------|------|------|------|--------||---------||---------||---------|
|    Total    |      |      |      |    3   ||  1.7073 ||    0    ||    9    |
|-------------|------|------|------|--------||---------||---------||---------|



* Summary:
+-----------+--------+--------+--------+
|           |  Delay |   FF   |   LUT  |
+-----------+--------+--------+--------+
|  Function |    -   |   153  |   72   |
|   Memory  |    -   |    -   |    -   |
|Multiplexer|    1   |    0   |    9   |
|  Register |    -   |   64   |    -   |
+-----------+--------+--------+--------+
|   Total   |    1   |   217  |   81   |
+-----------+--------+--------+--------+
