

================================================================
== Vitis HLS Report for 'MultiPixStream2AXIvideo_Pipeline_VITIS_LOOP_664_2'
================================================================
* Date:           Wed Sep 10 15:21:47 2025

* Version:        2024.1 (Build 5069499 on May 21 2024)
* Project:        prj
* Solution:       sol (Vivado IP Flow Target)
* Product family: zynq
* Target device:  xc7z020-clg484-1


================================================================
== Performance Estimates
================================================================
+ Timing: 
    * Summary: 
    +--------+---------+----------+------------+
    |  Clock |  Target | Estimated| Uncertainty|
    +--------+---------+----------+------------+
    |ap_clk  |  6.73 ns|  4.815 ns|     1.82 ns|
    +--------+---------+----------+------------+

+ Latency: 
    * Summary: 
    +---------+---------+----------+-----------+-----+------+-----------------------------------------------+
    |  Latency (cycles) |  Latency (absolute)  |  Interval  |                    Pipeline                   |
    |   min   |   max   |    min   |    max    | min |  max |                      Type                     |
    +---------+---------+----------+-----------+-----+------+-----------------------------------------------+
    |       68|     1924|  0.458 us|  12.956 us|   65|  1921|  loop auto-rewind stp(delay=0 clock cycles(s))|
    +---------+---------+----------+-----------+-----+------+-----------------------------------------------+

    + Detail: 
        * Instance: 
        N/A

        * Loop: 
        +--------------------+---------+---------+----------+-----------+-----------+-----------+----------+
        |                    |  Latency (cycles) | Iteration|  Initiation Interval  |    Trip   |          |
        |      Loop Name     |   min   |   max   |  Latency |  achieved |   target  |   Count   | Pipelined|
        +--------------------+---------+---------+----------+-----------+-----------+-----------+----------+
        |- VITIS_LOOP_664_2  |       66|     1922|         3|          1|          1|  64 ~ 1920|       yes|
        +--------------------+---------+---------+----------+-----------+-----------+-----------+----------+



================================================================
== Utilization Estimates
================================================================
* Summary: 
+-----------------+---------+-----+--------+-------+-----+
|       Name      | BRAM_18K| DSP |   FF   |  LUT  | URAM|
+-----------------+---------+-----+--------+-------+-----+
|DSP              |        -|    -|       -|      -|    -|
|Expression       |        -|    -|       0|     50|    -|
|FIFO             |        -|    -|       -|      -|    -|
|Instance         |        -|    -|       -|      -|    -|
|Memory           |        -|    -|       -|      -|    -|
|Multiplexer      |        -|    -|       0|    123|    -|
|Register         |        -|    -|      64|      -|    -|
+-----------------+---------+-----+--------+-------+-----+
|Total            |        0|    0|      64|    173|    0|
+-----------------+---------+-----+--------+-------+-----+
|Available        |      280|  220|  106400|  53200|    0|
+-----------------+---------+-----+--------+-------+-----+
|Utilization (%)  |        0|    0|      ~0|     ~0|    0|
+-----------------+---------+-----+--------+-------+-----+

+ Detail: 
    * Instance: 
    N/A

    * DSP: 
    N/A

    * Memory: 
    N/A

    * FIFO: 
    N/A

    * Expression: 
    +----------------------------------+----------+----+---+----+------------+------------+
    |           Variable Name          | Operation| DSP| FF| LUT| Bitwidth P0| Bitwidth P1|
    +----------------------------------+----------+----+---+----+------------+------------+
    |j_2_fu_223_p2                     |         +|   0|  0|  12|          11|           1|
    |ap_block_state2_pp0_stage0_iter1  |       and|   0|  0|   2|           1|           1|
    |ap_block_state3_io                |       and|   0|  0|   2|           1|           1|
    |ap_condition_148                  |       and|   0|  0|   2|           1|           1|
    |ap_condition_156                  |       and|   0|  0|   2|           1|           1|
    |axi_last_fu_229_p2                |      icmp|   0|  0|  12|          11|          11|
    |icmp_ln664_fu_217_p2              |      icmp|   0|  0|  12|          11|          11|
    |ap_block_pp0_stage0_01001         |        or|   0|  0|   2|           1|           1|
    |ap_block_pp0_stage0_11001         |        or|   0|  0|   2|           1|           1|
    |ap_enable_pp0                     |       xor|   0|  0|   2|           1|           2|
    +----------------------------------+----------+----+---+----+------------+------------+
    |Total                             |          |   0|  0|  50|          40|          31|
    +----------------------------------+----------+----+---+----+------------+------------+

    * Multiplexer: 
    +-----------------------------------------+----+-----------+-----+-----------+
    |                   Name                  | LUT| Input Size| Bits| Total Bits|
    +-----------------------------------------+----+-----------+-----+-----------+
    |ap_done_int                              |   9|          2|    1|          2|
    |ap_loop_exit_ready_pp0_iter2_reg         |   9|          2|    1|          2|
    |ap_phi_mux_axi_data_11_phi_fu_200_p6     |  20|          4|   24|         96|
    |ap_phi_mux_axi_data_7_phi_fu_189_p6      |  20|          4|   24|         96|
    |ap_phi_reg_pp0_iter2_axi_data_2_reg_175  |  20|          4|    9|         36|
    |ap_sig_allocacmp_j_1                     |   9|          2|   11|         22|
    |j_fu_100                                 |   9|          2|   11|         22|
    |m_axis_video_TDATA_blk_n                 |   9|          2|    1|          2|
    |sof_2_reg_163                            |   9|          2|    1|          2|
    |stream_csc_blk_n                         |   9|          2|    1|          2|
    +-----------------------------------------+----+-----------+-----+-----------+
    |Total                                    | 123|         26|   84|        282|
    +-----------------------------------------+----+-----------+-----+-----------+

    * Register: 
    +-----------------------------------------+----+----+-----+-----------+
    |                   Name                  | FF | LUT| Bits| Const Bits|
    +-----------------------------------------+----+----+-----+-----------+
    |ap_CS_fsm                                |   1|   0|    1|          0|
    |ap_done_reg                              |   1|   0|    1|          0|
    |ap_enable_reg_pp0_iter1                  |   1|   0|    1|          0|
    |ap_enable_reg_pp0_iter2                  |   1|   0|    1|          0|
    |ap_loop_exit_ready_pp0_iter1_reg         |   1|   0|    1|          0|
    |ap_loop_exit_ready_pp0_iter2_reg         |   1|   0|    1|          0|
    |ap_phi_reg_pp0_iter1_axi_data_2_reg_175  |   9|   0|    9|          0|
    |ap_phi_reg_pp0_iter2_axi_data_2_reg_175  |   9|   0|    9|          0|
    |axi_last_reg_384                         |   1|   0|    1|          0|
    |axi_last_reg_384_pp0_iter1_reg           |   1|   0|    1|          0|
    |icmp_ln664_reg_380                       |   1|   0|    1|          0|
    |icmp_ln664_reg_380_pp0_iter1_reg         |   1|   0|    1|          0|
    |j_fu_100                                 |  11|   0|   11|          0|
    |pix_444_1_reg_394                        |   8|   0|    8|          0|
    |pix_444_reg_400                          |   8|   0|    8|          0|
    |pix_rgb_reg_389                          |   8|   0|    8|          0|
    |sof_2_reg_163                            |   1|   0|    1|          0|
    +-----------------------------------------+----+----+-----+-----------+
    |Total                                    |  64|   0|   64|          0|
    +-----------------------------------------+----+----+-----+-----------+



================================================================
== Interface
================================================================
* Summary: 
+---------------------------+-----+-----+------------+---------------------------------------------------+--------------+
|         RTL Ports         | Dir | Bits|  Protocol  |                   Source Object                   |    C Type    |
+---------------------------+-----+-----+------------+---------------------------------------------------+--------------+
|ap_clk                     |   in|    1|  ap_ctrl_hs|  MultiPixStream2AXIvideo_Pipeline_VITIS_LOOP_664_2|  return value|
|ap_rst                     |   in|    1|  ap_ctrl_hs|  MultiPixStream2AXIvideo_Pipeline_VITIS_LOOP_664_2|  return value|
|ap_start                   |   in|    1|  ap_ctrl_hs|  MultiPixStream2AXIvideo_Pipeline_VITIS_LOOP_664_2|  return value|
|ap_done                    |  out|    1|  ap_ctrl_hs|  MultiPixStream2AXIvideo_Pipeline_VITIS_LOOP_664_2|  return value|
|ap_idle                    |  out|    1|  ap_ctrl_hs|  MultiPixStream2AXIvideo_Pipeline_VITIS_LOOP_664_2|  return value|
|ap_ready                   |  out|    1|  ap_ctrl_hs|  MultiPixStream2AXIvideo_Pipeline_VITIS_LOOP_664_2|  return value|
|stream_csc_dout            |   in|   24|     ap_fifo|                                         stream_csc|       pointer|
|stream_csc_num_data_valid  |   in|    5|     ap_fifo|                                         stream_csc|       pointer|
|stream_csc_fifo_cap        |   in|    5|     ap_fifo|                                         stream_csc|       pointer|
|stream_csc_empty_n         |   in|    1|     ap_fifo|                                         stream_csc|       pointer|
|stream_csc_read            |  out|    1|     ap_fifo|                                         stream_csc|       pointer|
|m_axis_video_TREADY        |   in|    1|        axis|                              m_axis_video_V_data_V|       pointer|
|m_axis_video_TDATA         |  out|   24|        axis|                              m_axis_video_V_data_V|       pointer|
|sof                        |   in|    1|     ap_none|                                                sof|        scalar|
|cols                       |   in|   11|     ap_none|                                               cols|        scalar|
|m_axis_video_TVALID        |  out|    1|        axis|                              m_axis_video_V_dest_V|       pointer|
|m_axis_video_TDEST         |  out|    1|        axis|                              m_axis_video_V_dest_V|       pointer|
|m_axis_video_TKEEP         |  out|    3|        axis|                              m_axis_video_V_keep_V|       pointer|
|m_axis_video_TSTRB         |  out|    3|        axis|                              m_axis_video_V_strb_V|       pointer|
|m_axis_video_TUSER         |  out|    1|        axis|                              m_axis_video_V_user_V|       pointer|
|m_axis_video_TLAST         |  out|    1|        axis|                              m_axis_video_V_last_V|       pointer|
|m_axis_video_TID           |  out|    1|        axis|                                m_axis_video_V_id_V|       pointer|
|p_read                     |   in|    8|     ap_none|                                             p_read|        scalar|
|sub                        |   in|   11|     ap_none|                                                sub|        scalar|
+---------------------------+-----+-----+------------+---------------------------------------------------+--------------+

============================================================
+ Verbose Summary: Synthesis Manager
============================================================
InlineROM: 1
ExposeGlobal: 0
============================================================
+ Verbose Summary: CDFG Model
============================================================
IsTopModel: 0
ResetActiveHigh: 1
IsCombinational: 2
IsDatapathOnly: 2
HasWiredReturn: 1
HasMFsm: 2
HasVarLatency: 1
IsPipeline: 0
IsRtlPipelined: 0
IsInstanceOverlapped: 0
IsDontTouch: 0
HasImplIP: 0
IsGatedGlobalClock: 0

+ Individual pipeline summary: 
  * Pipeline-0: initiation interval (II) = 1, depth = 3


============================================================
+ Verbose Summary: Schedule
============================================================
* Number of FSM states : 3
* Pipeline : 1
  Pipeline-0 : II = 1, D = 3, States = { 1 2 3 }
* Dataflow Pipeline: 0

* FSM state transitions: 
1 --> 2 
2 --> 3 
3 --> 

* FSM state operations: 

State 1 <SV = 0> <Delay = 4.81>
ST_1 : Operation 6 [1/1] (0.00ns)   --->   "%j = alloca i32 1" [C:/Vivado_Projects/zed_hdmi/zed_hdmi.runs/synth_1/prj/sol/.autopilot/db/v_csc.cpp:664]   --->   Operation 6 'alloca' 'j' <Predicate = true> <Delay = 0.00>
ST_1 : Operation 7 [1/1] (0.00ns)   --->   "%specaxissidechannel_ln0 = specaxissidechannel void @_ssdm_op_SpecAXISSideChannel, i24 %m_axis_video_V_data_V, i3 %m_axis_video_V_keep_V, i3 %m_axis_video_V_strb_V, i1 %m_axis_video_V_user_V, i1 %m_axis_video_V_last_V, i1 %m_axis_video_V_id_V, i1 %m_axis_video_V_dest_V, void @empty_13"   --->   Operation 7 'specaxissidechannel' 'specaxissidechannel_ln0' <Predicate = true> <Delay = 0.00>
ST_1 : Operation 8 [1/1] (0.00ns)   --->   "%specinterface_ln0 = specinterface void @_ssdm_op_SpecInterface, i24 %m_axis_video_V_data_V, i3 %m_axis_video_V_keep_V, i3 %m_axis_video_V_strb_V, i1 %m_axis_video_V_user_V, i1 %m_axis_video_V_last_V, i1 %m_axis_video_V_id_V, i1 %m_axis_video_V_dest_V, void @empty_24, i32 0, i32 0, void @empty_25, i32 0, i32 0, void @empty_26, void @empty_26, void @empty_26, i32 0, i32 0, i32 0, i32 0, void @empty_26, void @empty_26, i32 4294967295, i32 0, i32 0"   --->   Operation 8 'specinterface' 'specinterface_ln0' <Predicate = true> <Delay = 0.00>
ST_1 : Operation 9 [1/1] (0.00ns)   --->   "%specinterface_ln0 = specinterface void @_ssdm_op_SpecInterface, i24 %stream_csc, void @empty_12, i32 0, i32 0, void @empty_26, i32 0, i32 0, void @empty_26, void @empty_26, void @empty_26, i32 0, i32 0, i32 0, i32 0, void @empty_26, void @empty_26, i32 4294967295, i32 0, i32 0"   --->   Operation 9 'specinterface' 'specinterface_ln0' <Predicate = true> <Delay = 0.00>
ST_1 : Operation 10 [1/1] (0.00ns)   --->   "%sub_read = read i11 @_ssdm_op_Read.ap_auto.i11, i11 %sub"   --->   Operation 10 'read' 'sub_read' <Predicate = true> <Delay = 0.00>
ST_1 : Operation 11 [1/1] (0.00ns)   --->   "%p_read_2 = read i8 @_ssdm_op_Read.ap_auto.i8, i8 %p_read"   --->   Operation 11 'read' 'p_read_2' <Predicate = true> <Delay = 0.00>
ST_1 : Operation 12 [1/1] (0.00ns)   --->   "%cols_read = read i11 @_ssdm_op_Read.ap_auto.i11, i11 %cols"   --->   Operation 12 'read' 'cols_read' <Predicate = true> <Delay = 0.00>
ST_1 : Operation 13 [1/1] (0.00ns)   --->   "%sof_read = read i1 @_ssdm_op_Read.ap_auto.i1, i1 %sof"   --->   Operation 13 'read' 'sof_read' <Predicate = true> <Delay = 0.00>
ST_1 : Operation 14 [1/1] (1.58ns)   --->   "%store_ln664 = store i11 0, i11 %j" [C:/Vivado_Projects/zed_hdmi/zed_hdmi.runs/synth_1/prj/sol/.autopilot/db/v_csc.cpp:664]   --->   Operation 14 'store' 'store_ln664' <Predicate = true> <Delay = 1.58>
ST_1 : Operation 15 [1/1] (1.58ns)   --->   "%br_ln664 = br void %for.body25" [C:/Vivado_Projects/zed_hdmi/zed_hdmi.runs/synth_1/prj/sol/.autopilot/db/v_csc.cpp:664]   --->   Operation 15 'br' 'br_ln664' <Predicate = true> <Delay = 1.58>
ST_1 : Operation 16 [1/1] (0.00ns)   --->   "%j_1 = load i11 %j" [C:/Vivado_Projects/zed_hdmi/zed_hdmi.runs/synth_1/prj/sol/.autopilot/db/v_csc.cpp:664]   --->   Operation 16 'load' 'j_1' <Predicate = true> <Delay = 0.00>
ST_1 : Operation 17 [1/1] (1.63ns)   --->   "%icmp_ln664 = icmp_eq  i11 %j_1, i11 %cols_read" [C:/Vivado_Projects/zed_hdmi/zed_hdmi.runs/synth_1/prj/sol/.autopilot/db/v_csc.cpp:664]   --->   Operation 17 'icmp' 'icmp_ln664' <Predicate = true> <Delay = 1.63> <CoreInst = "Cmp">   --->   Core 9 'Cmp' <Latency = 0> <II = 1> <Delay = 1.63> <FuncUnit> <Opcode : 'seteq' 'setne' 'setle' 'setge' 'setlt' 'setgt'> <InPorts = 2> <OutPorts = 1>
ST_1 : Operation 18 [1/1] (1.63ns)   --->   "%j_2 = add i11 %j_1, i11 1" [C:/Vivado_Projects/zed_hdmi/zed_hdmi.runs/synth_1/prj/sol/.autopilot/db/v_csc.cpp:664]   --->   Operation 18 'add' 'j_2' <Predicate = true> <Delay = 1.63> <CoreInst = "Adder">   --->   Core 1 'Adder' <Latency = 0> <II = 1> <Delay = 1.63> <FuncUnit> <Opcode : 'add' 'sub'> <InPorts = 2> <OutPorts = 1>
ST_1 : Operation 19 [1/1] (0.00ns)   --->   "%br_ln664 = br i1 %icmp_ln664, void %for.body25.split, void %for.inc90.exitStub" [C:/Vivado_Projects/zed_hdmi/zed_hdmi.runs/synth_1/prj/sol/.autopilot/db/v_csc.cpp:664]   --->   Operation 19 'br' 'br_ln664' <Predicate = true> <Delay = 0.00>
ST_1 : Operation 20 [1/1] (1.63ns)   --->   "%axi_last = icmp_eq  i11 %j_1, i11 %sub_read" [C:/Vivado_Projects/zed_hdmi/zed_hdmi.runs/synth_1/prj/sol/.autopilot/db/v_csc.cpp:677]   --->   Operation 20 'icmp' 'axi_last' <Predicate = (!icmp_ln664)> <Delay = 1.63> <CoreInst = "Cmp">   --->   Core 9 'Cmp' <Latency = 0> <II = 1> <Delay = 1.63> <FuncUnit> <Opcode : 'seteq' 'setne' 'setle' 'setge' 'setlt' 'setgt'> <InPorts = 2> <OutPorts = 1>
ST_1 : Operation 21 [1/1] (1.93ns)   --->   "%switch_ln697 = switch i8 %p_read_2, void %sw.default, i8 0, void %sw.bb, i8 1, void %sw.bb72" [C:/Vivado_Projects/zed_hdmi/zed_hdmi.runs/synth_1/prj/sol/.autopilot/db/v_csc.cpp:697]   --->   Operation 21 'switch' 'switch_ln697' <Predicate = (!icmp_ln664)> <Delay = 1.93>
ST_1 : Operation 22 [1/1] (1.93ns)   --->   "%switch_ln697 = switch i8 %p_read_2, void %sw.default.1, i8 0, void %sw.bb.1, i8 1, void %sw.bb72.1" [C:/Vivado_Projects/zed_hdmi/zed_hdmi.runs/synth_1/prj/sol/.autopilot/db/v_csc.cpp:697]   --->   Operation 22 'switch' 'switch_ln697' <Predicate = (!icmp_ln664)> <Delay = 1.93>
ST_1 : Operation 23 [1/1] (1.93ns)   --->   "%switch_ln697 = switch i8 %p_read_2, void %sw.default.2, i8 0, void %sw.bb.2, i8 1, void %sw.bb72.2" [C:/Vivado_Projects/zed_hdmi/zed_hdmi.runs/synth_1/prj/sol/.autopilot/db/v_csc.cpp:697]   --->   Operation 23 'switch' 'switch_ln697' <Predicate = (!icmp_ln664)> <Delay = 1.93>
ST_1 : Operation 24 [1/1] (1.58ns)   --->   "%store_ln664 = store i11 %j_2, i11 %j" [C:/Vivado_Projects/zed_hdmi/zed_hdmi.runs/synth_1/prj/sol/.autopilot/db/v_csc.cpp:664]   --->   Operation 24 'store' 'store_ln664' <Predicate = (!icmp_ln664)> <Delay = 1.58>
ST_1 : Operation 25 [1/1] (0.00ns)   --->   "%br_ln664 = br void %for.body25" [C:/Vivado_Projects/zed_hdmi/zed_hdmi.runs/synth_1/prj/sol/.autopilot/db/v_csc.cpp:664]   --->   Operation 25 'br' 'br_ln664' <Predicate = (!icmp_ln664)> <Delay = 0.00>

State 2 <SV = 1> <Delay = 2.45>
ST_2 : Operation 26 [1/1] (0.00ns)   --->   "%specpipeline_ln667 = specpipeline void @_ssdm_op_SpecPipeline, i32 1, i32 0, i32 0, i32 0, void @empty_26" [C:/Vivado_Projects/zed_hdmi/zed_hdmi.runs/synth_1/prj/sol/.autopilot/db/v_csc.cpp:667]   --->   Operation 26 'specpipeline' 'specpipeline_ln667' <Predicate = (!icmp_ln664)> <Delay = 0.00>
ST_2 : Operation 27 [1/1] (0.00ns)   --->   "%specloopname_ln664 = specloopname void @_ssdm_op_SpecLoopName, void @empty_22" [C:/Vivado_Projects/zed_hdmi/zed_hdmi.runs/synth_1/prj/sol/.autopilot/db/v_csc.cpp:664]   --->   Operation 27 'specloopname' 'specloopname_ln664' <Predicate = (!icmp_ln664)> <Delay = 0.00>
ST_2 : Operation 28 [1/1] (2.45ns)   --->   "%stream_csc_read = read i24 @_ssdm_op_Read.ap_fifo.volatile.i24P0A, i24 %stream_csc" [C:/Vivado_Projects/zed_hdmi/zed_hdmi.runs/synth_1/prj/sol/.autopilot/db/v_csc.cpp:685]   --->   Operation 28 'read' 'stream_csc_read' <Predicate = (!icmp_ln664)> <Delay = 2.45> <CoreInst = "FIFO_SRL">   --->   Core 80 'FIFO_SRL' <Latency = 0> <II = 1> <Delay = 3.80> <Storage> <Opcode : 'read' 'write' 'nbread' 'nbwrite'> <Ports = 0> <Width = 24> <Depth = 16> <FIFO>
ST_2 : Operation 29 [1/1] (0.00ns)   --->   "%pix_rgb = trunc i24 %stream_csc_read" [C:/Vivado_Projects/zed_hdmi/zed_hdmi.runs/synth_1/prj/sol/.autopilot/db/v_csc.cpp:685]   --->   Operation 29 'trunc' 'pix_rgb' <Predicate = (!icmp_ln664)> <Delay = 0.00>
ST_2 : Operation 30 [1/1] (0.00ns)   --->   "%pix_444_1 = partselect i8 @_ssdm_op_PartSelect.i8.i24.i32.i32, i24 %stream_csc_read, i32 8, i32 15" [C:/Vivado_Projects/zed_hdmi/zed_hdmi.runs/synth_1/prj/sol/.autopilot/db/v_csc.cpp:685]   --->   Operation 30 'partselect' 'pix_444_1' <Predicate = (!icmp_ln664)> <Delay = 0.00>
ST_2 : Operation 31 [1/1] (0.00ns)   --->   "%pix_444 = partselect i8 @_ssdm_op_PartSelect.i8.i24.i32.i32, i24 %stream_csc_read, i32 16, i32 23" [C:/Vivado_Projects/zed_hdmi/zed_hdmi.runs/synth_1/prj/sol/.autopilot/db/v_csc.cpp:685]   --->   Operation 31 'partselect' 'pix_444' <Predicate = (!icmp_ln664)> <Delay = 0.00>
ST_2 : Operation 32 [1/1] (0.00ns)   --->   "%axi_data_3 = bitconcatenate i9 @_ssdm_op_BitConcatenate.i9.i1.i8, i1 1, i8 %pix_rgb" [C:/Vivado_Projects/zed_hdmi/zed_hdmi.runs/synth_1/prj/sol/.autopilot/db/v_csc.cpp:703]   --->   Operation 32 'bitconcatenate' 'axi_data_3' <Predicate = (!icmp_ln664 & p_read_2 == 1)> <Delay = 0.00>
ST_2 : Operation 33 [1/1] (1.70ns)   --->   "%br_ln704 = br void %for.inc" [C:/Vivado_Projects/zed_hdmi/zed_hdmi.runs/synth_1/prj/sol/.autopilot/db/v_csc.cpp:704]   --->   Operation 33 'br' 'br_ln704' <Predicate = (!icmp_ln664 & p_read_2 == 1)> <Delay = 1.70>
ST_2 : Operation 34 [1/1] (0.00ns)   --->   "%axi_data_1 = bitconcatenate i9 @_ssdm_op_BitConcatenate.i9.i1.i8, i1 1, i8 %pix_444_1" [C:/Vivado_Projects/zed_hdmi/zed_hdmi.runs/synth_1/prj/sol/.autopilot/db/v_csc.cpp:700]   --->   Operation 34 'bitconcatenate' 'axi_data_1' <Predicate = (!icmp_ln664 & p_read_2 == 0)> <Delay = 0.00>
ST_2 : Operation 35 [1/1] (1.70ns)   --->   "%br_ln701 = br void %for.inc" [C:/Vivado_Projects/zed_hdmi/zed_hdmi.runs/synth_1/prj/sol/.autopilot/db/v_csc.cpp:701]   --->   Operation 35 'br' 'br_ln701' <Predicate = (!icmp_ln664 & p_read_2 == 0)> <Delay = 1.70>
ST_2 : Operation 36 [1/1] (0.00ns)   --->   "%axi_data = bitconcatenate i9 @_ssdm_op_BitConcatenate.i9.i1.i8, i1 1, i8 %pix_rgb" [C:/Vivado_Projects/zed_hdmi/zed_hdmi.runs/synth_1/prj/sol/.autopilot/db/v_csc.cpp:706]   --->   Operation 36 'bitconcatenate' 'axi_data' <Predicate = (!icmp_ln664 & p_read_2 != 0 & p_read_2 != 1)> <Delay = 0.00>
ST_2 : Operation 37 [1/1] (1.70ns)   --->   "%br_ln707 = br void %for.inc" [C:/Vivado_Projects/zed_hdmi/zed_hdmi.runs/synth_1/prj/sol/.autopilot/db/v_csc.cpp:707]   --->   Operation 37 'br' 'br_ln707' <Predicate = (!icmp_ln664 & p_read_2 != 0 & p_read_2 != 1)> <Delay = 1.70>

State 3 <SV = 2> <Delay = 4.67>
ST_3 : Operation 38 [1/1] (0.00ns)   --->   "%sof_2 = phi i1 %sof_read, void %newFuncRoot, i1 0, void %for.inc.2"   --->   Operation 38 'phi' 'sof_2' <Predicate = true> <Delay = 0.00>
ST_3 : Operation 39 [1/1] (0.00ns)   --->   "%speclooptripcount_ln0 = speclooptripcount void @_ssdm_op_SpecLoopTripCount, i64 64, i64 1920, i64 0"   --->   Operation 39 'speclooptripcount' 'speclooptripcount_ln0' <Predicate = true> <Delay = 0.00>
ST_3 : Operation 40 [1/1] (0.00ns)   --->   "%axi_data_2 = phi i9 %axi_data, void %sw.default, i9 %axi_data_3, void %sw.bb72, i9 %axi_data_1, void %sw.bb"   --->   Operation 40 'phi' 'axi_data_2' <Predicate = (!icmp_ln664)> <Delay = 0.00>
ST_3 : Operation 41 [1/1] (0.00ns)   --->   "%sext_ln618 = sext i9 %axi_data_2" [C:/Vivado_Projects/zed_hdmi/zed_hdmi.runs/synth_1/prj/sol/.autopilot/db/v_csc.cpp:618]   --->   Operation 41 'sext' 'sext_ln618' <Predicate = (!icmp_ln664)> <Delay = 0.00>
ST_3 : Operation 42 [1/1] (0.00ns)   --->   "%axi_data_6 = partset i24 @_ssdm_op_PartSet.i24.i24.i8.i32.i32, i24 %sext_ln618, i8 %pix_444_1, i32 8, i32 15" [C:/Vivado_Projects/zed_hdmi/zed_hdmi.runs/synth_1/prj/sol/.autopilot/db/v_csc.cpp:703]   --->   Operation 42 'partset' 'axi_data_6' <Predicate = (!icmp_ln664 & p_read_2 == 1)> <Delay = 0.00>
ST_3 : Operation 43 [1/1] (1.70ns)   --->   "%br_ln704 = br void %for.inc.1" [C:/Vivado_Projects/zed_hdmi/zed_hdmi.runs/synth_1/prj/sol/.autopilot/db/v_csc.cpp:704]   --->   Operation 43 'br' 'br_ln704' <Predicate = (!icmp_ln664 & p_read_2 == 1)> <Delay = 1.70>
ST_3 : Operation 44 [1/1] (0.00ns)   --->   "%axi_data_5 = partset i24 @_ssdm_op_PartSet.i24.i24.i8.i32.i32, i24 %sext_ln618, i8 %pix_444, i32 8, i32 15" [C:/Vivado_Projects/zed_hdmi/zed_hdmi.runs/synth_1/prj/sol/.autopilot/db/v_csc.cpp:700]   --->   Operation 44 'partset' 'axi_data_5' <Predicate = (!icmp_ln664 & p_read_2 == 0)> <Delay = 0.00>
ST_3 : Operation 45 [1/1] (1.70ns)   --->   "%br_ln701 = br void %for.inc.1" [C:/Vivado_Projects/zed_hdmi/zed_hdmi.runs/synth_1/prj/sol/.autopilot/db/v_csc.cpp:701]   --->   Operation 45 'br' 'br_ln701' <Predicate = (!icmp_ln664 & p_read_2 == 0)> <Delay = 1.70>
ST_3 : Operation 46 [1/1] (0.00ns)   --->   "%axi_data_4 = partset i24 @_ssdm_op_PartSet.i24.i24.i8.i32.i32, i24 %sext_ln618, i8 %pix_444_1, i32 8, i32 15" [C:/Vivado_Projects/zed_hdmi/zed_hdmi.runs/synth_1/prj/sol/.autopilot/db/v_csc.cpp:706]   --->   Operation 46 'partset' 'axi_data_4' <Predicate = (!icmp_ln664 & p_read_2 != 0 & p_read_2 != 1)> <Delay = 0.00>
ST_3 : Operation 47 [1/1] (1.70ns)   --->   "%br_ln707 = br void %for.inc.1" [C:/Vivado_Projects/zed_hdmi/zed_hdmi.runs/synth_1/prj/sol/.autopilot/db/v_csc.cpp:707]   --->   Operation 47 'br' 'br_ln707' <Predicate = (!icmp_ln664 & p_read_2 != 0 & p_read_2 != 1)> <Delay = 1.70>
ST_3 : Operation 48 [1/1] (0.00ns)   --->   "%axi_data_7 = phi i24 %axi_data_4, void %sw.default.1, i24 %axi_data_6, void %sw.bb72.1, i24 %axi_data_5, void %sw.bb.1"   --->   Operation 48 'phi' 'axi_data_7' <Predicate = (!icmp_ln664)> <Delay = 0.00>
ST_3 : Operation 49 [1/1] (0.00ns)   --->   "%axi_data_10 = partset i24 @_ssdm_op_PartSet.i24.i24.i8.i32.i32, i24 %axi_data_7, i8 %pix_444, i32 16, i32 23" [C:/Vivado_Projects/zed_hdmi/zed_hdmi.runs/synth_1/prj/sol/.autopilot/db/v_csc.cpp:703]   --->   Operation 49 'partset' 'axi_data_10' <Predicate = (!icmp_ln664 & p_read_2 == 1)> <Delay = 0.00>
ST_3 : Operation 50 [1/1] (1.70ns)   --->   "%br_ln704 = br void %for.inc.2" [C:/Vivado_Projects/zed_hdmi/zed_hdmi.runs/synth_1/prj/sol/.autopilot/db/v_csc.cpp:704]   --->   Operation 50 'br' 'br_ln704' <Predicate = (!icmp_ln664 & p_read_2 == 1)> <Delay = 1.70>
ST_3 : Operation 51 [1/1] (0.00ns)   --->   "%axi_data_9 = partset i24 @_ssdm_op_PartSet.i24.i24.i8.i32.i32, i24 %axi_data_7, i8 %pix_rgb, i32 16, i32 23" [C:/Vivado_Projects/zed_hdmi/zed_hdmi.runs/synth_1/prj/sol/.autopilot/db/v_csc.cpp:700]   --->   Operation 51 'partset' 'axi_data_9' <Predicate = (!icmp_ln664 & p_read_2 == 0)> <Delay = 0.00>
ST_3 : Operation 52 [1/1] (1.70ns)   --->   "%br_ln701 = br void %for.inc.2" [C:/Vivado_Projects/zed_hdmi/zed_hdmi.runs/synth_1/prj/sol/.autopilot/db/v_csc.cpp:701]   --->   Operation 52 'br' 'br_ln701' <Predicate = (!icmp_ln664 & p_read_2 == 0)> <Delay = 1.70>
ST_3 : Operation 53 [1/1] (0.00ns)   --->   "%axi_data_8 = partset i24 @_ssdm_op_PartSet.i24.i24.i8.i32.i32, i24 %axi_data_7, i8 %pix_444, i32 16, i32 23" [C:/Vivado_Projects/zed_hdmi/zed_hdmi.runs/synth_1/prj/sol/.autopilot/db/v_csc.cpp:706]   --->   Operation 53 'partset' 'axi_data_8' <Predicate = (!icmp_ln664 & p_read_2 != 0 & p_read_2 != 1)> <Delay = 0.00>
ST_3 : Operation 54 [1/1] (1.70ns)   --->   "%br_ln707 = br void %for.inc.2" [C:/Vivado_Projects/zed_hdmi/zed_hdmi.runs/synth_1/prj/sol/.autopilot/db/v_csc.cpp:707]   --->   Operation 54 'br' 'br_ln707' <Predicate = (!icmp_ln664 & p_read_2 != 0 & p_read_2 != 1)> <Delay = 1.70>
ST_3 : Operation 55 [1/1] (0.00ns)   --->   "%axi_data_11 = phi i24 %axi_data_8, void %sw.default.2, i24 %axi_data_10, void %sw.bb72.2, i24 %axi_data_9, void %sw.bb.2"   --->   Operation 55 'phi' 'axi_data_11' <Predicate = (!icmp_ln664)> <Delay = 0.00>
ST_3 : Operation 56 [1/1] (1.26ns)   --->   "%write_ln712 = write void @_ssdm_op_Write.axis.volatile.i24P0A.i3P0A.i3P0A.i1P0A.i1P0A.i1P0A.i1P0A, i24 %m_axis_video_V_data_V, i3 %m_axis_video_V_keep_V, i3 %m_axis_video_V_strb_V, i1 %m_axis_video_V_user_V, i1 %m_axis_video_V_last_V, i1 %m_axis_video_V_id_V, i1 %m_axis_video_V_dest_V, i24 %axi_data_11, i3 7, i3 0, i1 %sof_2, i1 %axi_last, i1 0, i1 0" [C:/Vivado_Projects/zed_hdmi/zed_hdmi.runs/synth_1/prj/sol/.autopilot/db/v_csc.cpp:712]   --->   Operation 56 'write' 'write_ln712' <Predicate = (!icmp_ln664)> <Delay = 1.26> <CoreInst = "regslice">   --->   Core 136 'regslice' <Latency = 0> <II = 1> <Delay = 1.86> <Adapter> <Opcode : 'read' 'write'>
ST_3 : Operation 57 [1/1] (1.58ns)   --->   "%ret_ln0 = ret"   --->   Operation 57 'ret' 'ret_ln0' <Predicate = (icmp_ln664)> <Delay = 1.58>


============================================================
+ Verbose Summary: Binding
============================================================
STG Binding: 
---------------- STG Properties BEGIN ----------------
- Is combinational: 0
- Is one-state seq: 0
- Is datapath-only: 0
- Is pipelined: 0
- Is top level: 0
Port [ Return ] is wired: 1; IO mode=ap_ctrl_hs:ce=0
Port [ sof]:  wired=1; compound=0; hidden=0; nouse=0; global=0; static=0; extern=0; dir=0; type=0; pingpong=0; private_global=0; IO mode=ap_none:ce=0
Port [ cols]:  wired=1; compound=0; hidden=0; nouse=0; global=0; static=0; extern=0; dir=0; type=0; pingpong=0; private_global=0; IO mode=ap_none:ce=0
Port [ m_axis_video_V_data_V]:  wired=1; compound=1; hidden=0; nouse=0; global=0; static=0; extern=0; dir=1; type=0; pingpong=0; private_global=0; IO mode=axis:ce=0
Port [ m_axis_video_V_keep_V]:  wired=1; compound=1; hidden=0; nouse=0; global=0; static=0; extern=0; dir=1; type=0; pingpong=0; private_global=0; IO mode=axis:ce=0
Port [ m_axis_video_V_strb_V]:  wired=1; compound=1; hidden=0; nouse=0; global=0; static=0; extern=0; dir=1; type=0; pingpong=0; private_global=0; IO mode=axis:ce=0
Port [ m_axis_video_V_user_V]:  wired=1; compound=1; hidden=0; nouse=0; global=0; static=0; extern=0; dir=1; type=0; pingpong=0; private_global=0; IO mode=axis:ce=0
Port [ m_axis_video_V_last_V]:  wired=1; compound=1; hidden=0; nouse=0; global=0; static=0; extern=0; dir=1; type=0; pingpong=0; private_global=0; IO mode=axis:ce=0
Port [ m_axis_video_V_id_V]:  wired=1; compound=1; hidden=0; nouse=0; global=0; static=0; extern=0; dir=1; type=0; pingpong=0; private_global=0; IO mode=axis:ce=0
Port [ m_axis_video_V_dest_V]:  wired=1; compound=1; hidden=0; nouse=0; global=0; static=0; extern=0; dir=1; type=0; pingpong=0; private_global=0; IO mode=axis:ce=0
Port [ p_read]:  wired=1; compound=0; hidden=0; nouse=0; global=0; static=0; extern=0; dir=0; type=0; pingpong=0; private_global=0; IO mode=ap_none:ce=0
Port [ sub]:  wired=1; compound=0; hidden=0; nouse=0; global=0; static=0; extern=0; dir=0; type=0; pingpong=0; private_global=0; IO mode=ap_none:ce=0
Port [ stream_csc]:  wired=1; compound=1; hidden=0; nouse=0; global=0; static=0; extern=0; dir=0; type=3; pingpong=0; private_global=0; IO mode=ap_fifo:ce=0
---------------- STG Properties END ------------------

---------------- Datapath Model BEGIN ----------------

<LifeTime>
<method=bitvector/>
j                       (alloca             ) [ 0100]
specaxissidechannel_ln0 (specaxissidechannel) [ 0000]
specinterface_ln0       (specinterface      ) [ 0000]
specinterface_ln0       (specinterface      ) [ 0000]
sub_read                (read               ) [ 0000]
p_read_2                (read               ) [ 0111]
cols_read               (read               ) [ 0000]
sof_read                (read               ) [ 0111]
store_ln664             (store              ) [ 0000]
br_ln664                (br                 ) [ 0111]
j_1                     (load               ) [ 0000]
icmp_ln664              (icmp               ) [ 0111]
j_2                     (add                ) [ 0000]
br_ln664                (br                 ) [ 0000]
axi_last                (icmp               ) [ 0111]
switch_ln697            (switch             ) [ 0000]
switch_ln697            (switch             ) [ 0000]
switch_ln697            (switch             ) [ 0000]
store_ln664             (store              ) [ 0000]
br_ln664                (br                 ) [ 0111]
specpipeline_ln667      (specpipeline       ) [ 0000]
specloopname_ln664      (specloopname       ) [ 0000]
stream_csc_read         (read               ) [ 0000]
pix_rgb                 (trunc              ) [ 0101]
pix_444_1               (partselect         ) [ 0101]
pix_444                 (partselect         ) [ 0101]
axi_data_3              (bitconcatenate     ) [ 0111]
br_ln704                (br                 ) [ 0111]
axi_data_1              (bitconcatenate     ) [ 0111]
br_ln701                (br                 ) [ 0111]
axi_data                (bitconcatenate     ) [ 0111]
br_ln707                (br                 ) [ 0111]
sof_2                   (phi                ) [ 0111]
speclooptripcount_ln0   (speclooptripcount  ) [ 0000]
axi_data_2              (phi                ) [ 0101]
sext_ln618              (sext               ) [ 0000]
axi_data_6              (partset            ) [ 0000]
br_ln704                (br                 ) [ 0000]
axi_data_5              (partset            ) [ 0000]
br_ln701                (br                 ) [ 0000]
axi_data_4              (partset            ) [ 0000]
br_ln707                (br                 ) [ 0000]
axi_data_7              (phi                ) [ 0000]
axi_data_10             (partset            ) [ 0000]
br_ln704                (br                 ) [ 0000]
axi_data_9              (partset            ) [ 0000]
br_ln701                (br                 ) [ 0000]
axi_data_8              (partset            ) [ 0000]
br_ln707                (br                 ) [ 0000]
axi_data_11             (phi                ) [ 0000]
write_ln712             (write              ) [ 0000]
ret_ln0                 (ret                ) [ 0000]
</LifeTime>

<model>

<comp_list>
<comp id="0" class="1000" name="sof">
<pin_list>
<pin id="1" dir="1" index="0" bw="1" slack="0"/>
</pin_list>
<bind>
<StgValue><ssdm name="sof"/></StgValue>
</bind>
</comp>

<comp id="2" class="1000" name="cols">
<pin_list>
<pin id="3" dir="1" index="0" bw="1" slack="0"/>
</pin_list>
<bind>
<StgValue><ssdm name="cols"/></StgValue>
</bind>
</comp>

<comp id="4" class="1000" name="m_axis_video_V_data_V">
<pin_list>
<pin id="5" dir="1" index="0" bw="1" slack="0"/>
</pin_list>
<bind>
<StgValue><ssdm name="m_axis_video_V_data_V"/></StgValue>
</bind>
</comp>

<comp id="6" class="1000" name="m_axis_video_V_keep_V">
<pin_list>
<pin id="7" dir="1" index="0" bw="1" slack="0"/>
</pin_list>
<bind>
<StgValue><ssdm name="m_axis_video_V_keep_V"/></StgValue>
</bind>
</comp>

<comp id="8" class="1000" name="m_axis_video_V_strb_V">
<pin_list>
<pin id="9" dir="1" index="0" bw="1" slack="0"/>
</pin_list>
<bind>
<StgValue><ssdm name="m_axis_video_V_strb_V"/></StgValue>
</bind>
</comp>

<comp id="10" class="1000" name="m_axis_video_V_user_V">
<pin_list>
<pin id="11" dir="1" index="0" bw="1" slack="0"/>
</pin_list>
<bind>
<StgValue><ssdm name="m_axis_video_V_user_V"/></StgValue>
</bind>
</comp>

<comp id="12" class="1000" name="m_axis_video_V_last_V">
<pin_list>
<pin id="13" dir="1" index="0" bw="1" slack="0"/>
</pin_list>
<bind>
<StgValue><ssdm name="m_axis_video_V_last_V"/></StgValue>
</bind>
</comp>

<comp id="14" class="1000" name="m_axis_video_V_id_V">
<pin_list>
<pin id="15" dir="1" index="0" bw="1" slack="0"/>
</pin_list>
<bind>
<StgValue><ssdm name="m_axis_video_V_id_V"/></StgValue>
</bind>
</comp>

<comp id="16" class="1000" name="m_axis_video_V_dest_V">
<pin_list>
<pin id="17" dir="1" index="0" bw="1" slack="0"/>
</pin_list>
<bind>
<StgValue><ssdm name="m_axis_video_V_dest_V"/></StgValue>
</bind>
</comp>

<comp id="18" class="1000" name="p_read">
<pin_list>
<pin id="19" dir="1" index="0" bw="1" slack="0"/>
</pin_list>
<bind>
<StgValue><ssdm name="p_read"/></StgValue>
</bind>
</comp>

<comp id="20" class="1000" name="sub">
<pin_list>
<pin id="21" dir="1" index="0" bw="1" slack="0"/>
</pin_list>
<bind>
<StgValue><ssdm name="sub"/></StgValue>
</bind>
</comp>

<comp id="22" class="1000" name="stream_csc">
<pin_list>
<pin id="23" dir="1" index="0" bw="1" slack="0"/>
</pin_list>
<bind>
<StgValue><ssdm name="stream_csc"/></StgValue>
</bind>
</comp>

<comp id="24" class="1001" name="const_24">
<pin_list>
<pin id="25" dir="1" index="0" bw="1" slack="0"/>
</pin_list>
<bind>
<StgValue><ssdm name=""/></StgValue>
</bind>
</comp>

<comp id="26" class="1001" name="const_26">
<pin_list>
<pin id="27" dir="1" index="0" bw="1" slack="2147483647"/>
</pin_list>
<bind>
<StgValue><ssdm name="_ssdm_op_SpecAXISSideChannel"/></StgValue>
</bind>
</comp>

<comp id="28" class="1001" name="const_28">
<pin_list>
<pin id="29" dir="1" index="0" bw="1" slack="2147483647"/>
</pin_list>
<bind>
<StgValue><ssdm name="empty_13"/></StgValue>
</bind>
</comp>

<comp id="30" class="1001" name="const_30">
<pin_list>
<pin id="31" dir="1" index="0" bw="1" slack="2147483647"/>
</pin_list>
<bind>
<StgValue><ssdm name="_ssdm_op_SpecInterface"/></StgValue>
</bind>
</comp>

<comp id="32" class="1001" name="const_32">
<pin_list>
<pin id="33" dir="1" index="0" bw="1" slack="2147483647"/>
</pin_list>
<bind>
<StgValue><ssdm name="empty_24"/></StgValue>
</bind>
</comp>

<comp id="34" class="1001" name="const_34">
<pin_list>
<pin id="35" dir="1" index="0" bw="1" slack="2147483647"/>
</pin_list>
<bind>
<StgValue><ssdm name=""/></StgValue>
</bind>
</comp>

<comp id="36" class="1001" name="const_36">
<pin_list>
<pin id="37" dir="1" index="0" bw="1" slack="2147483647"/>
</pin_list>
<bind>
<StgValue><ssdm name="empty_25"/></StgValue>
</bind>
</comp>

<comp id="38" class="1001" name="const_38">
<pin_list>
<pin id="39" dir="1" index="0" bw="1" slack="2147483647"/>
</pin_list>
<bind>
<StgValue><ssdm name="empty_26"/></StgValue>
</bind>
</comp>

<comp id="40" class="1001" name="const_40">
<pin_list>
<pin id="41" dir="1" index="0" bw="1" slack="2147483647"/>
</pin_list>
<bind>
<StgValue><ssdm name=""/></StgValue>
</bind>
</comp>

<comp id="42" class="1001" name="const_42">
<pin_list>
<pin id="43" dir="1" index="0" bw="1" slack="2147483647"/>
</pin_list>
<bind>
<StgValue><ssdm name="empty_12"/></StgValue>
</bind>
</comp>

<comp id="44" class="1001" name="const_44">
<pin_list>
<pin id="45" dir="1" index="0" bw="1" slack="0"/>
</pin_list>
<bind>
<StgValue><ssdm name="_ssdm_op_Read.ap_auto.i11"/></StgValue>
</bind>
</comp>

<comp id="46" class="1001" name="const_46">
<pin_list>
<pin id="47" dir="1" index="0" bw="1" slack="0"/>
</pin_list>
<bind>
<StgValue><ssdm name="_ssdm_op_Read.ap_auto.i8"/></StgValue>
</bind>
</comp>

<comp id="48" class="1001" name="const_48">
<pin_list>
<pin id="49" dir="1" index="0" bw="1" slack="0"/>
</pin_list>
<bind>
<StgValue><ssdm name="_ssdm_op_Read.ap_auto.i1"/></StgValue>
</bind>
</comp>

<comp id="50" class="1001" name="const_50">
<pin_list>
<pin id="51" dir="1" index="0" bw="1" slack="0"/>
</pin_list>
<bind>
<StgValue><ssdm name=""/></StgValue>
</bind>
</comp>

<comp id="52" class="1001" name="const_52">
<pin_list>
<pin id="53" dir="1" index="0" bw="1" slack="0"/>
</pin_list>
<bind>
<StgValue><ssdm name=""/></StgValue>
</bind>
</comp>

<comp id="54" class="1001" name="const_54">
<pin_list>
<pin id="55" dir="1" index="0" bw="1" slack="2147483647"/>
</pin_list>
<bind>
<StgValue><ssdm name=""/></StgValue>
</bind>
</comp>

<comp id="56" class="1001" name="const_56">
<pin_list>
<pin id="57" dir="1" index="0" bw="1" slack="2147483647"/>
</pin_list>
<bind>
<StgValue><ssdm name=""/></StgValue>
</bind>
</comp>

<comp id="58" class="1001" name="const_58">
<pin_list>
<pin id="59" dir="1" index="0" bw="1" slack="2147483647"/>
</pin_list>
<bind>
<StgValue><ssdm name="_ssdm_op_SpecPipeline"/></StgValue>
</bind>
</comp>

<comp id="60" class="1001" name="const_60">
<pin_list>
<pin id="61" dir="1" index="0" bw="1" slack="2147483647"/>
</pin_list>
<bind>
<StgValue><ssdm name="_ssdm_op_SpecLoopName"/></StgValue>
</bind>
</comp>

<comp id="62" class="1001" name="const_62">
<pin_list>
<pin id="63" dir="1" index="0" bw="1" slack="2147483647"/>
</pin_list>
<bind>
<StgValue><ssdm name="empty_22"/></StgValue>
</bind>
</comp>

<comp id="64" class="1001" name="const_64">
<pin_list>
<pin id="65" dir="1" index="0" bw="1" slack="0"/>
</pin_list>
<bind>
<StgValue><ssdm name="_ssdm_op_Read.ap_fifo.volatile.i24P0A"/></StgValue>
</bind>
</comp>

<comp id="66" class="1001" name="const_66">
<pin_list>
<pin id="67" dir="1" index="0" bw="1" slack="0"/>
</pin_list>
<bind>
<StgValue><ssdm name="_ssdm_op_PartSelect.i8.i24.i32.i32"/></StgValue>
</bind>
</comp>

<comp id="68" class="1001" name="const_68">
<pin_list>
<pin id="69" dir="1" index="0" bw="1" slack="0"/>
</pin_list>
<bind>
<StgValue><ssdm name=""/></StgValue>
</bind>
</comp>

<comp id="70" class="1001" name="const_70">
<pin_list>
<pin id="71" dir="1" index="0" bw="1" slack="0"/>
</pin_list>
<bind>
<StgValue><ssdm name=""/></StgValue>
</bind>
</comp>

<comp id="72" class="1001" name="const_72">
<pin_list>
<pin id="73" dir="1" index="0" bw="1" slack="0"/>
</pin_list>
<bind>
<StgValue><ssdm name=""/></StgValue>
</bind>
</comp>

<comp id="74" class="1001" name="const_74">
<pin_list>
<pin id="75" dir="1" index="0" bw="1" slack="0"/>
</pin_list>
<bind>
<StgValue><ssdm name=""/></StgValue>
</bind>
</comp>

<comp id="76" class="1001" name="const_76">
<pin_list>
<pin id="77" dir="1" index="0" bw="1" slack="0"/>
</pin_list>
<bind>
<StgValue><ssdm name="_ssdm_op_BitConcatenate.i9.i1.i8"/></StgValue>
</bind>
</comp>

<comp id="78" class="1001" name="const_78">
<pin_list>
<pin id="79" dir="1" index="0" bw="1" slack="0"/>
</pin_list>
<bind>
<StgValue><ssdm name=""/></StgValue>
</bind>
</comp>

<comp id="80" class="1001" name="const_80">
<pin_list>
<pin id="81" dir="1" index="0" bw="1" slack="2"/>
</pin_list>
<bind>
<StgValue><ssdm name=""/></StgValue>
</bind>
</comp>

<comp id="82" class="1001" name="const_82">
<pin_list>
<pin id="83" dir="1" index="0" bw="1" slack="2147483647"/>
</pin_list>
<bind>
<StgValue><ssdm name="_ssdm_op_SpecLoopTripCount"/></StgValue>
</bind>
</comp>

<comp id="84" class="1001" name="const_84">
<pin_list>
<pin id="85" dir="1" index="0" bw="1" slack="2147483647"/>
</pin_list>
<bind>
<StgValue><ssdm name=""/></StgValue>
</bind>
</comp>

<comp id="86" class="1001" name="const_86">
<pin_list>
<pin id="87" dir="1" index="0" bw="1" slack="2147483647"/>
</pin_list>
<bind>
<StgValue><ssdm name=""/></StgValue>
</bind>
</comp>

<comp id="88" class="1001" name="const_88">
<pin_list>
<pin id="89" dir="1" index="0" bw="1" slack="2147483647"/>
</pin_list>
<bind>
<StgValue><ssdm name=""/></StgValue>
</bind>
</comp>

<comp id="90" class="1001" name="const_90">
<pin_list>
<pin id="91" dir="1" index="0" bw="1" slack="0"/>
</pin_list>
<bind>
<StgValue><ssdm name="_ssdm_op_PartSet.i24.i24.i8.i32.i32"/></StgValue>
</bind>
</comp>

<comp id="92" class="1001" name="const_92">
<pin_list>
<pin id="93" dir="1" index="0" bw="1" slack="0"/>
</pin_list>
<bind>
<StgValue><ssdm name="_ssdm_op_Write.axis.volatile.i24P0A.i3P0A.i3P0A.i1P0A.i1P0A.i1P0A.i1P0A"/></StgValue>
</bind>
</comp>

<comp id="94" class="1001" name="const_94">
<pin_list>
<pin id="95" dir="1" index="0" bw="1" slack="0"/>
</pin_list>
<bind>
<StgValue><ssdm name=""/></StgValue>
</bind>
</comp>

<comp id="96" class="1001" name="const_96">
<pin_list>
<pin id="97" dir="1" index="0" bw="1" slack="0"/>
</pin_list>
<bind>
<StgValue><ssdm name=""/></StgValue>
</bind>
</comp>

<comp id="98" class="1001" name="const_98">
<pin_list>
<pin id="99" dir="1" index="0" bw="1" slack="0"/>
</pin_list>
<bind>
<StgValue><ssdm name=""/></StgValue>
</bind>
</comp>

<comp id="100" class="1004" name="j_fu_100">
<pin_list>
<pin id="101" dir="0" index="0" bw="1" slack="0"/>
<pin id="102" dir="1" index="1" bw="11" slack="0"/>
</pin_list>
<bind>
<opcode="alloca(26) " fcode="alloca"/>
<opset="j/1 "/>
</bind>
</comp>

<comp id="104" class="1004" name="sub_read_read_fu_104">
<pin_list>
<pin id="105" dir="0" index="0" bw="11" slack="0"/>
<pin id="106" dir="0" index="1" bw="11" slack="0"/>
<pin id="107" dir="1" index="2" bw="11" slack="0"/>
</pin_list>
<bind>
<opcode="read(1150) " fcode="read"/>
<opset="sub_read/1 "/>
</bind>
</comp>

<comp id="110" class="1004" name="p_read_2_read_fu_110">
<pin_list>
<pin id="111" dir="0" index="0" bw="8" slack="0"/>
<pin id="112" dir="0" index="1" bw="8" slack="0"/>
<pin id="113" dir="1" index="2" bw="8" slack="1"/>
</pin_list>
<bind>
<opcode="read(1150) " fcode="read"/>
<opset="p_read_2/1 "/>
</bind>
</comp>

<comp id="116" class="1004" name="cols_read_read_fu_116">
<pin_list>
<pin id="117" dir="0" index="0" bw="11" slack="0"/>
<pin id="118" dir="0" index="1" bw="11" slack="0"/>
<pin id="119" dir="1" index="2" bw="11" slack="0"/>
</pin_list>
<bind>
<opcode="read(1150) " fcode="read"/>
<opset="cols_read/1 "/>
</bind>
</comp>

<comp id="122" class="1004" name="sof_read_read_fu_122">
<pin_list>
<pin id="123" dir="0" index="0" bw="1" slack="0"/>
<pin id="124" dir="0" index="1" bw="1" slack="0"/>
<pin id="125" dir="1" index="2" bw="1" slack="2"/>
</pin_list>
<bind>
<opcode="read(1150) " fcode="read"/>
<opset="sof_read/1 "/>
</bind>
</comp>

<comp id="128" class="1004" name="stream_csc_read_read_fu_128">
<pin_list>
<pin id="129" dir="0" index="0" bw="24" slack="0"/>
<pin id="130" dir="0" index="1" bw="24" slack="0"/>
<pin id="131" dir="1" index="2" bw="24" slack="0"/>
</pin_list>
<bind>
<opcode="read(1150) " fcode="read"/>
<opset="stream_csc_read/2 "/>
</bind>
</comp>

<comp id="134" class="1004" name="write_ln712_write_fu_134">
<pin_list>
<pin id="135" dir="0" index="0" bw="0" slack="0"/>
<pin id="136" dir="0" index="1" bw="24" slack="0"/>
<pin id="137" dir="0" index="2" bw="3" slack="0"/>
<pin id="138" dir="0" index="3" bw="3" slack="0"/>
<pin id="139" dir="0" index="4" bw="1" slack="0"/>
<pin id="140" dir="0" index="5" bw="1" slack="0"/>
<pin id="141" dir="0" index="6" bw="1" slack="0"/>
<pin id="142" dir="0" index="7" bw="1" slack="0"/>
<pin id="143" dir="0" index="8" bw="24" slack="0"/>
<pin id="144" dir="0" index="9" bw="1" slack="0"/>
<pin id="145" dir="0" index="10" bw="1" slack="0"/>
<pin id="146" dir="0" index="11" bw="1" slack="0"/>
<pin id="147" dir="0" index="12" bw="1" slack="2"/>
<pin id="148" dir="0" index="13" bw="1" slack="0"/>
<pin id="149" dir="0" index="14" bw="1" slack="0"/>
<pin id="150" dir="1" index="15" bw="0" slack="2147483647"/>
</pin_list>
<bind>
<opcode="write(1151) " fcode="write"/>
<opset="write_ln712/3 "/>
</bind>
</comp>

<comp id="163" class="1005" name="sof_2_reg_163">
<pin_list>
<pin id="164" dir="0" index="0" bw="1" slack="2"/>
<pin id="165" dir="1" index="1" bw="1" slack="2"/>
</pin_list>
<bind>
<opset="sof_2 (phireg) "/>
</bind>
</comp>

<comp id="167" class="1004" name="sof_2_phi_fu_167">
<pin_list>
<pin id="168" dir="0" index="0" bw="1" slack="2"/>
<pin id="169" dir="0" index="1" bw="0" slack="2147483647"/>
<pin id="170" dir="0" index="2" bw="1" slack="2"/>
<pin id="171" dir="0" index="3" bw="0" slack="2147483647"/>
<pin id="172" dir="1" index="4" bw="1" slack="0"/>
</pin_list>
<bind>
<opcode="phi(47) " fcode="phi"/>
<opset="sof_2/3 "/>
</bind>
</comp>

<comp id="175" class="1005" name="axi_data_2_reg_175">
<pin_list>
<pin id="176" dir="0" index="0" bw="9" slack="2147483647"/>
<pin id="177" dir="1" index="1" bw="9" slack="2147483647"/>
</pin_list>
<bind>
<opset="axi_data_2 (phireg) "/>
</bind>
</comp>

<comp id="178" class="1004" name="axi_data_2_phi_fu_178">
<pin_list>
<pin id="179" dir="0" index="0" bw="9" slack="1"/>
<pin id="180" dir="0" index="1" bw="0" slack="2147483647"/>
<pin id="181" dir="0" index="2" bw="9" slack="1"/>
<pin id="182" dir="0" index="3" bw="0" slack="2147483647"/>
<pin id="183" dir="0" index="4" bw="9" slack="1"/>
<pin id="184" dir="0" index="5" bw="0" slack="2147483647"/>
<pin id="185" dir="1" index="6" bw="9" slack="0"/>
</pin_list>
<bind>
<opcode="phi(47) " fcode="phi"/>
<opset="axi_data_2/3 "/>
</bind>
</comp>

<comp id="186" class="1005" name="axi_data_7_reg_186">
<pin_list>
<pin id="187" dir="0" index="0" bw="24" slack="2147483647"/>
<pin id="188" dir="1" index="1" bw="24" slack="2147483647"/>
</pin_list>
<bind>
<opset="axi_data_7 (phireg) "/>
</bind>
</comp>

<comp id="189" class="1004" name="axi_data_7_phi_fu_189">
<pin_list>
<pin id="190" dir="0" index="0" bw="24" slack="0"/>
<pin id="191" dir="0" index="1" bw="0" slack="2147483647"/>
<pin id="192" dir="0" index="2" bw="24" slack="0"/>
<pin id="193" dir="0" index="3" bw="0" slack="2147483647"/>
<pin id="194" dir="0" index="4" bw="24" slack="0"/>
<pin id="195" dir="0" index="5" bw="0" slack="2147483647"/>
<pin id="196" dir="1" index="6" bw="24" slack="0"/>
</pin_list>
<bind>
<opcode="phi(47) " fcode="phi"/>
<opset="axi_data_7/3 "/>
</bind>
</comp>

<comp id="197" class="1005" name="axi_data_11_reg_197">
<pin_list>
<pin id="198" dir="0" index="0" bw="24" slack="2147483647"/>
<pin id="199" dir="1" index="1" bw="24" slack="2147483647"/>
</pin_list>
<bind>
<opset="axi_data_11 (phireg) "/>
</bind>
</comp>

<comp id="200" class="1004" name="axi_data_11_phi_fu_200">
<pin_list>
<pin id="201" dir="0" index="0" bw="24" slack="0"/>
<pin id="202" dir="0" index="1" bw="0" slack="2147483647"/>
<pin id="203" dir="0" index="2" bw="24" slack="0"/>
<pin id="204" dir="0" index="3" bw="0" slack="2147483647"/>
<pin id="205" dir="0" index="4" bw="24" slack="0"/>
<pin id="206" dir="0" index="5" bw="0" slack="2147483647"/>
<pin id="207" dir="1" index="6" bw="24" slack="0"/>
</pin_list>
<bind>
<opcode="phi(47) " fcode="phi"/>
<opset="axi_data_11/3 "/>
</bind>
</comp>

<comp id="209" class="1004" name="store_ln664_store_fu_209">
<pin_list>
<pin id="210" dir="0" index="0" bw="1" slack="0"/>
<pin id="211" dir="0" index="1" bw="11" slack="0"/>
<pin id="212" dir="1" index="2" bw="0" slack="2147483647"/>
</pin_list>
<bind>
<opcode="store(28) " fcode="store"/>
<opset="store_ln664/1 "/>
</bind>
</comp>

<comp id="214" class="1004" name="j_1_load_fu_214">
<pin_list>
<pin id="215" dir="0" index="0" bw="11" slack="0"/>
<pin id="216" dir="1" index="1" bw="11" slack="0"/>
</pin_list>
<bind>
<opcode="load(27) " fcode="load"/>
<opset="j_1/1 "/>
</bind>
</comp>

<comp id="217" class="1004" name="icmp_ln664_fu_217">
<pin_list>
<pin id="218" dir="0" index="0" bw="11" slack="0"/>
<pin id="219" dir="0" index="1" bw="11" slack="0"/>
<pin id="220" dir="1" index="2" bw="1" slack="1"/>
</pin_list>
<bind>
<opcode="icmp(45) " fcode="icmp"/>
<opset="icmp_ln664/1 "/>
</bind>
</comp>

<comp id="223" class="1004" name="j_2_fu_223">
<pin_list>
<pin id="224" dir="0" index="0" bw="11" slack="0"/>
<pin id="225" dir="0" index="1" bw="1" slack="0"/>
<pin id="226" dir="1" index="2" bw="11" slack="0"/>
</pin_list>
<bind>
<opcode="add(8) " fcode="add"/>
<opset="j_2/1 "/>
</bind>
</comp>

<comp id="229" class="1004" name="axi_last_fu_229">
<pin_list>
<pin id="230" dir="0" index="0" bw="11" slack="0"/>
<pin id="231" dir="0" index="1" bw="11" slack="0"/>
<pin id="232" dir="1" index="2" bw="1" slack="2"/>
</pin_list>
<bind>
<opcode="icmp(45) " fcode="icmp"/>
<opset="axi_last/1 "/>
</bind>
</comp>

<comp id="235" class="1004" name="store_ln664_store_fu_235">
<pin_list>
<pin id="236" dir="0" index="0" bw="11" slack="0"/>
<pin id="237" dir="0" index="1" bw="11" slack="0"/>
<pin id="238" dir="1" index="2" bw="0" slack="2147483647"/>
</pin_list>
<bind>
<opcode="store(28) " fcode="store"/>
<opset="store_ln664/1 "/>
</bind>
</comp>

<comp id="240" class="1004" name="pix_rgb_fu_240">
<pin_list>
<pin id="241" dir="0" index="0" bw="24" slack="0"/>
<pin id="242" dir="1" index="1" bw="8" slack="0"/>
</pin_list>
<bind>
<opcode="trunc(33) " fcode="trunc"/>
<opset="pix_rgb/2 "/>
</bind>
</comp>

<comp id="244" class="1004" name="pix_444_1_fu_244">
<pin_list>
<pin id="245" dir="0" index="0" bw="8" slack="0"/>
<pin id="246" dir="0" index="1" bw="24" slack="0"/>
<pin id="247" dir="0" index="2" bw="5" slack="0"/>
<pin id="248" dir="0" index="3" bw="5" slack="0"/>
<pin id="249" dir="1" index="4" bw="8" slack="0"/>
</pin_list>
<bind>
<opcode="partselect(1002) " fcode="partselect"/>
<opset="pix_444_1/2 "/>
</bind>
</comp>

<comp id="254" class="1004" name="pix_444_fu_254">
<pin_list>
<pin id="255" dir="0" index="0" bw="8" slack="0"/>
<pin id="256" dir="0" index="1" bw="24" slack="0"/>
<pin id="257" dir="0" index="2" bw="6" slack="0"/>
<pin id="258" dir="0" index="3" bw="6" slack="0"/>
<pin id="259" dir="1" index="4" bw="8" slack="1"/>
</pin_list>
<bind>
<opcode="partselect(1002) " fcode="partselect"/>
<opset="pix_444/2 "/>
</bind>
</comp>

<comp id="264" class="1004" name="axi_data_3_fu_264">
<pin_list>
<pin id="265" dir="0" index="0" bw="9" slack="0"/>
<pin id="266" dir="0" index="1" bw="1" slack="0"/>
<pin id="267" dir="0" index="2" bw="8" slack="0"/>
<pin id="268" dir="1" index="3" bw="9" slack="1"/>
</pin_list>
<bind>
<opcode="bitconcatenate(1004) " fcode="bitconcatenate"/>
<opset="axi_data_3/2 "/>
</bind>
</comp>

<comp id="272" class="1004" name="axi_data_1_fu_272">
<pin_list>
<pin id="273" dir="0" index="0" bw="9" slack="0"/>
<pin id="274" dir="0" index="1" bw="1" slack="0"/>
<pin id="275" dir="0" index="2" bw="8" slack="0"/>
<pin id="276" dir="1" index="3" bw="9" slack="1"/>
</pin_list>
<bind>
<opcode="bitconcatenate(1004) " fcode="bitconcatenate"/>
<opset="axi_data_1/2 "/>
</bind>
</comp>

<comp id="280" class="1004" name="axi_data_fu_280">
<pin_list>
<pin id="281" dir="0" index="0" bw="9" slack="0"/>
<pin id="282" dir="0" index="1" bw="1" slack="0"/>
<pin id="283" dir="0" index="2" bw="8" slack="0"/>
<pin id="284" dir="1" index="3" bw="9" slack="1"/>
</pin_list>
<bind>
<opcode="bitconcatenate(1004) " fcode="bitconcatenate"/>
<opset="axi_data/2 "/>
</bind>
</comp>

<comp id="288" class="1004" name="sext_ln618_fu_288">
<pin_list>
<pin id="289" dir="0" index="0" bw="9" slack="0"/>
<pin id="290" dir="1" index="1" bw="24" slack="0"/>
</pin_list>
<bind>
<opcode="sext(35) " fcode="sext"/>
<opset="sext_ln618/3 "/>
</bind>
</comp>

<comp id="292" class="1004" name="axi_data_6_fu_292">
<pin_list>
<pin id="293" dir="0" index="0" bw="24" slack="0"/>
<pin id="294" dir="0" index="1" bw="9" slack="0"/>
<pin id="295" dir="0" index="2" bw="8" slack="1"/>
<pin id="296" dir="0" index="3" bw="5" slack="0"/>
<pin id="297" dir="0" index="4" bw="5" slack="0"/>
<pin id="298" dir="1" index="5" bw="24" slack="0"/>
</pin_list>
<bind>
<opcode="partset(1003) " fcode="partset"/>
<opset="axi_data_6/3 "/>
</bind>
</comp>

<comp id="304" class="1004" name="axi_data_5_fu_304">
<pin_list>
<pin id="305" dir="0" index="0" bw="24" slack="0"/>
<pin id="306" dir="0" index="1" bw="9" slack="0"/>
<pin id="307" dir="0" index="2" bw="8" slack="1"/>
<pin id="308" dir="0" index="3" bw="5" slack="0"/>
<pin id="309" dir="0" index="4" bw="5" slack="0"/>
<pin id="310" dir="1" index="5" bw="24" slack="0"/>
</pin_list>
<bind>
<opcode="partset(1003) " fcode="partset"/>
<opset="axi_data_5/3 "/>
</bind>
</comp>

<comp id="316" class="1004" name="axi_data_4_fu_316">
<pin_list>
<pin id="317" dir="0" index="0" bw="24" slack="0"/>
<pin id="318" dir="0" index="1" bw="9" slack="0"/>
<pin id="319" dir="0" index="2" bw="8" slack="1"/>
<pin id="320" dir="0" index="3" bw="5" slack="0"/>
<pin id="321" dir="0" index="4" bw="5" slack="0"/>
<pin id="322" dir="1" index="5" bw="24" slack="0"/>
</pin_list>
<bind>
<opcode="partset(1003) " fcode="partset"/>
<opset="axi_data_4/3 "/>
</bind>
</comp>

<comp id="328" class="1004" name="axi_data_10_fu_328">
<pin_list>
<pin id="329" dir="0" index="0" bw="24" slack="0"/>
<pin id="330" dir="0" index="1" bw="24" slack="0"/>
<pin id="331" dir="0" index="2" bw="8" slack="1"/>
<pin id="332" dir="0" index="3" bw="6" slack="0"/>
<pin id="333" dir="0" index="4" bw="6" slack="0"/>
<pin id="334" dir="1" index="5" bw="24" slack="0"/>
</pin_list>
<bind>
<opcode="partset(1003) " fcode="partset"/>
<opset="axi_data_10/3 "/>
</bind>
</comp>

<comp id="340" class="1004" name="axi_data_9_fu_340">
<pin_list>
<pin id="341" dir="0" index="0" bw="24" slack="0"/>
<pin id="342" dir="0" index="1" bw="24" slack="0"/>
<pin id="343" dir="0" index="2" bw="8" slack="1"/>
<pin id="344" dir="0" index="3" bw="6" slack="0"/>
<pin id="345" dir="0" index="4" bw="6" slack="0"/>
<pin id="346" dir="1" index="5" bw="24" slack="0"/>
</pin_list>
<bind>
<opcode="partset(1003) " fcode="partset"/>
<opset="axi_data_9/3 "/>
</bind>
</comp>

<comp id="352" class="1004" name="axi_data_8_fu_352">
<pin_list>
<pin id="353" dir="0" index="0" bw="24" slack="0"/>
<pin id="354" dir="0" index="1" bw="24" slack="0"/>
<pin id="355" dir="0" index="2" bw="8" slack="1"/>
<pin id="356" dir="0" index="3" bw="6" slack="0"/>
<pin id="357" dir="0" index="4" bw="6" slack="0"/>
<pin id="358" dir="1" index="5" bw="24" slack="0"/>
</pin_list>
<bind>
<opcode="partset(1003) " fcode="partset"/>
<opset="axi_data_8/3 "/>
</bind>
</comp>

<comp id="364" class="1005" name="j_reg_364">
<pin_list>
<pin id="365" dir="0" index="0" bw="11" slack="0"/>
<pin id="366" dir="1" index="1" bw="11" slack="0"/>
</pin_list>
<bind>
<opset="j "/>
</bind>
</comp>

<comp id="371" class="1005" name="p_read_2_reg_371">
<pin_list>
<pin id="372" dir="0" index="0" bw="8" slack="1"/>
<pin id="373" dir="1" index="1" bw="8" slack="2147483647"/>
</pin_list>
<bind>
<opset="p_read_2 "/>
</bind>
</comp>

<comp id="375" class="1005" name="sof_read_reg_375">
<pin_list>
<pin id="376" dir="0" index="0" bw="1" slack="2"/>
<pin id="377" dir="1" index="1" bw="1" slack="2"/>
</pin_list>
<bind>
<opset="sof_read "/>
</bind>
</comp>

<comp id="380" class="1005" name="icmp_ln664_reg_380">
<pin_list>
<pin id="381" dir="0" index="0" bw="1" slack="1"/>
<pin id="382" dir="1" index="1" bw="1" slack="2147483647"/>
</pin_list>
<bind>
<opset="icmp_ln664 "/>
</bind>
</comp>

<comp id="384" class="1005" name="axi_last_reg_384">
<pin_list>
<pin id="385" dir="0" index="0" bw="1" slack="2"/>
<pin id="386" dir="1" index="1" bw="1" slack="2"/>
</pin_list>
<bind>
<opset="axi_last "/>
</bind>
</comp>

<comp id="389" class="1005" name="pix_rgb_reg_389">
<pin_list>
<pin id="390" dir="0" index="0" bw="8" slack="1"/>
<pin id="391" dir="1" index="1" bw="8" slack="1"/>
</pin_list>
<bind>
<opset="pix_rgb "/>
</bind>
</comp>

<comp id="394" class="1005" name="pix_444_1_reg_394">
<pin_list>
<pin id="395" dir="0" index="0" bw="8" slack="1"/>
<pin id="396" dir="1" index="1" bw="8" slack="1"/>
</pin_list>
<bind>
<opset="pix_444_1 "/>
</bind>
</comp>

<comp id="400" class="1005" name="pix_444_reg_400">
<pin_list>
<pin id="401" dir="0" index="0" bw="8" slack="1"/>
<pin id="402" dir="1" index="1" bw="8" slack="1"/>
</pin_list>
<bind>
<opset="pix_444 "/>
</bind>
</comp>

<comp id="407" class="1005" name="axi_data_3_reg_407">
<pin_list>
<pin id="408" dir="0" index="0" bw="9" slack="1"/>
<pin id="409" dir="1" index="1" bw="9" slack="1"/>
</pin_list>
<bind>
<opset="axi_data_3 "/>
</bind>
</comp>

<comp id="412" class="1005" name="axi_data_1_reg_412">
<pin_list>
<pin id="413" dir="0" index="0" bw="9" slack="1"/>
<pin id="414" dir="1" index="1" bw="9" slack="1"/>
</pin_list>
<bind>
<opset="axi_data_1 "/>
</bind>
</comp>

<comp id="417" class="1005" name="axi_data_reg_417">
<pin_list>
<pin id="418" dir="0" index="0" bw="9" slack="1"/>
<pin id="419" dir="1" index="1" bw="9" slack="1"/>
</pin_list>
<bind>
<opset="axi_data "/>
</bind>
</comp>

</comp_list>

<net_list>
<net id="103"><net_src comp="24" pin="0"/><net_sink comp="100" pin=0"/></net>

<net id="108"><net_src comp="44" pin="0"/><net_sink comp="104" pin=0"/></net>

<net id="109"><net_src comp="20" pin="0"/><net_sink comp="104" pin=1"/></net>

<net id="114"><net_src comp="46" pin="0"/><net_sink comp="110" pin=0"/></net>

<net id="115"><net_src comp="18" pin="0"/><net_sink comp="110" pin=1"/></net>

<net id="120"><net_src comp="44" pin="0"/><net_sink comp="116" pin=0"/></net>

<net id="121"><net_src comp="2" pin="0"/><net_sink comp="116" pin=1"/></net>

<net id="126"><net_src comp="48" pin="0"/><net_sink comp="122" pin=0"/></net>

<net id="127"><net_src comp="0" pin="0"/><net_sink comp="122" pin=1"/></net>

<net id="132"><net_src comp="64" pin="0"/><net_sink comp="128" pin=0"/></net>

<net id="133"><net_src comp="22" pin="0"/><net_sink comp="128" pin=1"/></net>

<net id="151"><net_src comp="92" pin="0"/><net_sink comp="134" pin=0"/></net>

<net id="152"><net_src comp="4" pin="0"/><net_sink comp="134" pin=1"/></net>

<net id="153"><net_src comp="6" pin="0"/><net_sink comp="134" pin=2"/></net>

<net id="154"><net_src comp="8" pin="0"/><net_sink comp="134" pin=3"/></net>

<net id="155"><net_src comp="10" pin="0"/><net_sink comp="134" pin=4"/></net>

<net id="156"><net_src comp="12" pin="0"/><net_sink comp="134" pin=5"/></net>

<net id="157"><net_src comp="14" pin="0"/><net_sink comp="134" pin=6"/></net>

<net id="158"><net_src comp="16" pin="0"/><net_sink comp="134" pin=7"/></net>

<net id="159"><net_src comp="94" pin="0"/><net_sink comp="134" pin=9"/></net>

<net id="160"><net_src comp="96" pin="0"/><net_sink comp="134" pin=10"/></net>

<net id="161"><net_src comp="98" pin="0"/><net_sink comp="134" pin=13"/></net>

<net id="162"><net_src comp="98" pin="0"/><net_sink comp="134" pin=14"/></net>

<net id="166"><net_src comp="80" pin="0"/><net_sink comp="163" pin=0"/></net>

<net id="173"><net_src comp="163" pin="1"/><net_sink comp="167" pin=2"/></net>

<net id="174"><net_src comp="167" pin="4"/><net_sink comp="134" pin=11"/></net>

<net id="208"><net_src comp="200" pin="6"/><net_sink comp="134" pin=8"/></net>

<net id="213"><net_src comp="50" pin="0"/><net_sink comp="209" pin=0"/></net>

<net id="221"><net_src comp="214" pin="1"/><net_sink comp="217" pin=0"/></net>

<net id="222"><net_src comp="116" pin="2"/><net_sink comp="217" pin=1"/></net>

<net id="227"><net_src comp="214" pin="1"/><net_sink comp="223" pin=0"/></net>

<net id="228"><net_src comp="52" pin="0"/><net_sink comp="223" pin=1"/></net>

<net id="233"><net_src comp="214" pin="1"/><net_sink comp="229" pin=0"/></net>

<net id="234"><net_src comp="104" pin="2"/><net_sink comp="229" pin=1"/></net>

<net id="239"><net_src comp="223" pin="2"/><net_sink comp="235" pin=0"/></net>

<net id="243"><net_src comp="128" pin="2"/><net_sink comp="240" pin=0"/></net>

<net id="250"><net_src comp="66" pin="0"/><net_sink comp="244" pin=0"/></net>

<net id="251"><net_src comp="128" pin="2"/><net_sink comp="244" pin=1"/></net>

<net id="252"><net_src comp="68" pin="0"/><net_sink comp="244" pin=2"/></net>

<net id="253"><net_src comp="70" pin="0"/><net_sink comp="244" pin=3"/></net>

<net id="260"><net_src comp="66" pin="0"/><net_sink comp="254" pin=0"/></net>

<net id="261"><net_src comp="128" pin="2"/><net_sink comp="254" pin=1"/></net>

<net id="262"><net_src comp="72" pin="0"/><net_sink comp="254" pin=2"/></net>

<net id="263"><net_src comp="74" pin="0"/><net_sink comp="254" pin=3"/></net>

<net id="269"><net_src comp="76" pin="0"/><net_sink comp="264" pin=0"/></net>

<net id="270"><net_src comp="78" pin="0"/><net_sink comp="264" pin=1"/></net>

<net id="271"><net_src comp="240" pin="1"/><net_sink comp="264" pin=2"/></net>

<net id="277"><net_src comp="76" pin="0"/><net_sink comp="272" pin=0"/></net>

<net id="278"><net_src comp="78" pin="0"/><net_sink comp="272" pin=1"/></net>

<net id="279"><net_src comp="244" pin="4"/><net_sink comp="272" pin=2"/></net>

<net id="285"><net_src comp="76" pin="0"/><net_sink comp="280" pin=0"/></net>

<net id="286"><net_src comp="78" pin="0"/><net_sink comp="280" pin=1"/></net>

<net id="287"><net_src comp="240" pin="1"/><net_sink comp="280" pin=2"/></net>

<net id="291"><net_src comp="178" pin="6"/><net_sink comp="288" pin=0"/></net>

<net id="299"><net_src comp="90" pin="0"/><net_sink comp="292" pin=0"/></net>

<net id="300"><net_src comp="288" pin="1"/><net_sink comp="292" pin=1"/></net>

<net id="301"><net_src comp="68" pin="0"/><net_sink comp="292" pin=3"/></net>

<net id="302"><net_src comp="70" pin="0"/><net_sink comp="292" pin=4"/></net>

<net id="303"><net_src comp="292" pin="5"/><net_sink comp="189" pin=2"/></net>

<net id="311"><net_src comp="90" pin="0"/><net_sink comp="304" pin=0"/></net>

<net id="312"><net_src comp="288" pin="1"/><net_sink comp="304" pin=1"/></net>

<net id="313"><net_src comp="68" pin="0"/><net_sink comp="304" pin=3"/></net>

<net id="314"><net_src comp="70" pin="0"/><net_sink comp="304" pin=4"/></net>

<net id="315"><net_src comp="304" pin="5"/><net_sink comp="189" pin=4"/></net>

<net id="323"><net_src comp="90" pin="0"/><net_sink comp="316" pin=0"/></net>

<net id="324"><net_src comp="288" pin="1"/><net_sink comp="316" pin=1"/></net>

<net id="325"><net_src comp="68" pin="0"/><net_sink comp="316" pin=3"/></net>

<net id="326"><net_src comp="70" pin="0"/><net_sink comp="316" pin=4"/></net>

<net id="327"><net_src comp="316" pin="5"/><net_sink comp="189" pin=0"/></net>

<net id="335"><net_src comp="90" pin="0"/><net_sink comp="328" pin=0"/></net>

<net id="336"><net_src comp="189" pin="6"/><net_sink comp="328" pin=1"/></net>

<net id="337"><net_src comp="72" pin="0"/><net_sink comp="328" pin=3"/></net>

<net id="338"><net_src comp="74" pin="0"/><net_sink comp="328" pin=4"/></net>

<net id="339"><net_src comp="328" pin="5"/><net_sink comp="200" pin=2"/></net>

<net id="347"><net_src comp="90" pin="0"/><net_sink comp="340" pin=0"/></net>

<net id="348"><net_src comp="189" pin="6"/><net_sink comp="340" pin=1"/></net>

<net id="349"><net_src comp="72" pin="0"/><net_sink comp="340" pin=3"/></net>

<net id="350"><net_src comp="74" pin="0"/><net_sink comp="340" pin=4"/></net>

<net id="351"><net_src comp="340" pin="5"/><net_sink comp="200" pin=4"/></net>

<net id="359"><net_src comp="90" pin="0"/><net_sink comp="352" pin=0"/></net>

<net id="360"><net_src comp="189" pin="6"/><net_sink comp="352" pin=1"/></net>

<net id="361"><net_src comp="72" pin="0"/><net_sink comp="352" pin=3"/></net>

<net id="362"><net_src comp="74" pin="0"/><net_sink comp="352" pin=4"/></net>

<net id="363"><net_src comp="352" pin="5"/><net_sink comp="200" pin=0"/></net>

<net id="367"><net_src comp="100" pin="1"/><net_sink comp="364" pin=0"/></net>

<net id="368"><net_src comp="364" pin="1"/><net_sink comp="209" pin=1"/></net>

<net id="369"><net_src comp="364" pin="1"/><net_sink comp="214" pin=0"/></net>

<net id="370"><net_src comp="364" pin="1"/><net_sink comp="235" pin=1"/></net>

<net id="374"><net_src comp="110" pin="2"/><net_sink comp="371" pin=0"/></net>

<net id="378"><net_src comp="122" pin="2"/><net_sink comp="375" pin=0"/></net>

<net id="379"><net_src comp="375" pin="1"/><net_sink comp="167" pin=0"/></net>

<net id="383"><net_src comp="217" pin="2"/><net_sink comp="380" pin=0"/></net>

<net id="387"><net_src comp="229" pin="2"/><net_sink comp="384" pin=0"/></net>

<net id="388"><net_src comp="384" pin="1"/><net_sink comp="134" pin=12"/></net>

<net id="392"><net_src comp="240" pin="1"/><net_sink comp="389" pin=0"/></net>

<net id="393"><net_src comp="389" pin="1"/><net_sink comp="340" pin=2"/></net>

<net id="397"><net_src comp="244" pin="4"/><net_sink comp="394" pin=0"/></net>

<net id="398"><net_src comp="394" pin="1"/><net_sink comp="292" pin=2"/></net>

<net id="399"><net_src comp="394" pin="1"/><net_sink comp="316" pin=2"/></net>

<net id="403"><net_src comp="254" pin="4"/><net_sink comp="400" pin=0"/></net>

<net id="404"><net_src comp="400" pin="1"/><net_sink comp="304" pin=2"/></net>

<net id="405"><net_src comp="400" pin="1"/><net_sink comp="328" pin=2"/></net>

<net id="406"><net_src comp="400" pin="1"/><net_sink comp="352" pin=2"/></net>

<net id="410"><net_src comp="264" pin="3"/><net_sink comp="407" pin=0"/></net>

<net id="411"><net_src comp="407" pin="1"/><net_sink comp="178" pin=2"/></net>

<net id="415"><net_src comp="272" pin="3"/><net_sink comp="412" pin=0"/></net>

<net id="416"><net_src comp="412" pin="1"/><net_sink comp="178" pin=4"/></net>

<net id="420"><net_src comp="280" pin="3"/><net_sink comp="417" pin=0"/></net>

<net id="421"><net_src comp="417" pin="1"/><net_sink comp="178" pin=0"/></net>

</net_list>

</model> 
---------------- Datapath Model END ------------------

* FSMD analyzer results:
  - Output states:
	Port: m_axis_video_V_data_V | {3 }
	Port: m_axis_video_V_keep_V | {3 }
	Port: m_axis_video_V_strb_V | {3 }
	Port: m_axis_video_V_user_V | {3 }
	Port: m_axis_video_V_last_V | {3 }
	Port: m_axis_video_V_id_V | {3 }
	Port: m_axis_video_V_dest_V | {3 }
	Port: stream_csc | {}
 - Input state : 
	Port: MultiPixStream2AXIvideo_Pipeline_VITIS_LOOP_664_2 : sof | {1 }
	Port: MultiPixStream2AXIvideo_Pipeline_VITIS_LOOP_664_2 : cols | {1 }
	Port: MultiPixStream2AXIvideo_Pipeline_VITIS_LOOP_664_2 : m_axis_video_V_data_V | {}
	Port: MultiPixStream2AXIvideo_Pipeline_VITIS_LOOP_664_2 : m_axis_video_V_keep_V | {}
	Port: MultiPixStream2AXIvideo_Pipeline_VITIS_LOOP_664_2 : m_axis_video_V_strb_V | {}
	Port: MultiPixStream2AXIvideo_Pipeline_VITIS_LOOP_664_2 : m_axis_video_V_user_V | {}
	Port: MultiPixStream2AXIvideo_Pipeline_VITIS_LOOP_664_2 : m_axis_video_V_last_V | {}
	Port: MultiPixStream2AXIvideo_Pipeline_VITIS_LOOP_664_2 : m_axis_video_V_id_V | {}
	Port: MultiPixStream2AXIvideo_Pipeline_VITIS_LOOP_664_2 : m_axis_video_V_dest_V | {}
	Port: MultiPixStream2AXIvideo_Pipeline_VITIS_LOOP_664_2 : p_read | {1 }
	Port: MultiPixStream2AXIvideo_Pipeline_VITIS_LOOP_664_2 : sub | {1 }
	Port: MultiPixStream2AXIvideo_Pipeline_VITIS_LOOP_664_2 : stream_csc | {2 }
  - Chain level:
	State 1
		store_ln664 : 1
		j_1 : 1
		icmp_ln664 : 2
		j_2 : 2
		br_ln664 : 3
		axi_last : 2
		store_ln664 : 3
	State 2
		axi_data_3 : 1
		axi_data_1 : 1
		axi_data : 1
	State 3
		sext_ln618 : 1
		axi_data_6 : 2
		axi_data_5 : 2
		axi_data_4 : 2
		axi_data_7 : 3
		axi_data_10 : 4
		axi_data_9 : 4
		axi_data_8 : 4
		axi_data_11 : 5
		write_ln712 : 6


============================================================
+ Verbose Summary: Datapath Resource usage 
============================================================

* Functional unit list:
|----------|-----------------------------|---------|---------|
| Operation|       Functional Unit       |    FF   |   LUT   |
|----------|-----------------------------|---------|---------|
|   icmp   |      icmp_ln664_fu_217      |    0    |    12   |
|          |       axi_last_fu_229       |    0    |    12   |
|----------|-----------------------------|---------|---------|
|    add   |          j_2_fu_223         |    0    |    12   |
|----------|-----------------------------|---------|---------|
|          |     sub_read_read_fu_104    |    0    |    0    |
|          |     p_read_2_read_fu_110    |    0    |    0    |
|   read   |    cols_read_read_fu_116    |    0    |    0    |
|          |     sof_read_read_fu_122    |    0    |    0    |
|          | stream_csc_read_read_fu_128 |    0    |    0    |
|----------|-----------------------------|---------|---------|
|   write  |   write_ln712_write_fu_134  |    0    |    0    |
|----------|-----------------------------|---------|---------|
|   trunc  |        pix_rgb_fu_240       |    0    |    0    |
|----------|-----------------------------|---------|---------|
|partselect|       pix_444_1_fu_244      |    0    |    0    |
|          |        pix_444_fu_254       |    0    |    0    |
|----------|-----------------------------|---------|---------|
|          |      axi_data_3_fu_264      |    0    |    0    |
|bitconcatenate|      axi_data_1_fu_272      |    0    |    0    |
|          |       axi_data_fu_280       |    0    |    0    |
|----------|-----------------------------|---------|---------|
|   sext   |      sext_ln618_fu_288      |    0    |    0    |
|----------|-----------------------------|---------|---------|
|          |      axi_data_6_fu_292      |    0    |    0    |
|          |      axi_data_5_fu_304      |    0    |    0    |
|  partset |      axi_data_4_fu_316      |    0    |    0    |
|          |      axi_data_10_fu_328     |    0    |    0    |
|          |      axi_data_9_fu_340      |    0    |    0    |
|          |      axi_data_8_fu_352      |    0    |    0    |
|----------|-----------------------------|---------|---------|
|   Total  |                             |    0    |    36   |
|----------|-----------------------------|---------|---------|

Memories:
N/A

* Register list:
+-------------------+--------+
|                   |   FF   |
+-------------------+--------+
|axi_data_11_reg_197|   24   |
| axi_data_1_reg_412|    9   |
| axi_data_2_reg_175|    9   |
| axi_data_3_reg_407|    9   |
| axi_data_7_reg_186|   24   |
|  axi_data_reg_417 |    9   |
|  axi_last_reg_384 |    1   |
| icmp_ln664_reg_380|    1   |
|     j_reg_364     |   11   |
|  p_read_2_reg_371 |    8   |
| pix_444_1_reg_394 |    8   |
|  pix_444_reg_400  |    8   |
|  pix_rgb_reg_389  |    8   |
|   sof_2_reg_163   |    1   |
|  sof_read_reg_375 |    1   |
+-------------------+--------+
|       Total       |   131  |
+-------------------+--------+

* Multiplexer (MUX) list: 
|--------|------|------|------|--------|
|  Comp  |  Pin | Size |  BW  | S x BW |
|--------|------|------|------|--------|
|  Total |      |      |      |    0   |
|--------|------|------|------|--------|



* Summary:
+-----------+--------+--------+
|           |   FF   |   LUT  |
+-----------+--------+--------+
|  Function |    0   |   36   |
|   Memory  |    -   |    -   |
|Multiplexer|    -   |    -   |
|  Register |   131  |    -   |
+-----------+--------+--------+
|   Total   |   131  |   36   |
+-----------+--------+--------+
