

================================================================
== Vitis HLS Report for 'v_csc_core_Pipeline_VITIS_LOOP_136_2'
================================================================
* Date:           Wed Sep 10 15:21:42 2025

* Version:        2024.1 (Build 5069499 on May 21 2024)
* Project:        prj
* Solution:       sol (Vivado IP Flow Target)
* Product family: zynq
* Target device:  xc7z020-clg484-1


================================================================
== Performance Estimates
================================================================
+ Timing: 
    * Summary: 
    +--------+---------+----------+------------+
    |  Clock |  Target | Estimated| Uncertainty|
    +--------+---------+----------+------------+
    |ap_clk  |  6.73 ns|  4.723 ns|     1.82 ns|
    +--------+---------+----------+------------+

+ Latency: 
    * Summary: 
    +---------+---------+-----------+-----------+-----+------+-----------------------------------------------+
    |  Latency (cycles) |   Latency (absolute)  |  Interval  |                    Pipeline                   |
    |   min   |   max   |    min    |    max    | min |  max |                      Type                     |
    +---------+---------+-----------+-----------+-----+------+-----------------------------------------------+
    |        2|     2054|  13.468 ns|  13.832 us|    1|  2048|  loop auto-rewind stp(delay=0 clock cycles(s))|
    +---------+---------+-----------+-----------+-----+------+-----------------------------------------------+

    + Detail: 
        * Instance: 
        N/A

        * Loop: 
        +--------------------+---------+---------+----------+-----------+-----------+----------+----------+
        |                    |  Latency (cycles) | Iteration|  Initiation Interval  |   Trip   |          |
        |      Loop Name     |   min   |   max   |  Latency |  achieved |   target  |   Count  | Pipelined|
        +--------------------+---------+---------+----------+-----------+-----------+----------+----------+
        |- VITIS_LOOP_136_2  |        0|     2052|         7|          1|          1|  0 ~ 2047|       yes|
        +--------------------+---------+---------+----------+-----------+-----------+----------+----------+

============================================================
+ Verbose Summary: Synthesis Manager
============================================================
InlineROM: 1
ExposeGlobal: 0
============================================================
+ Verbose Summary: CDFG Model
============================================================
IsTopModel: 0
ResetActiveHigh: 1
IsCombinational: 0
IsDatapathOnly: 0
HasWiredReturn: 1
HasMFsm: 2
HasVarLatency: 1
IsPipeline: 0
IsRtlPipelined: 0
IsInstanceOverlapped: 0
IsDontTouch: 0
HasImplIP: 0
IsGatedGlobalClock: 0

+ Individual pipeline summary: 
  * Pipeline-0: initiation interval (II) = 1, depth = 7


============================================================
+ Verbose Summary: Schedule
============================================================
* Number of FSM states : 7
* Pipeline : 1
  Pipeline-0 : II = 1, D = 7, States = { 1 2 3 4 5 6 7 }
* Dataflow Pipeline: 0

* FSM state transitions: 
1 --> 2 
2 --> 3 
3 --> 4 
4 --> 5 
5 --> 6 
6 --> 7 
7 --> 

* FSM state operations: 

State 1 <SV = 0> <Delay = 4.72>
ST_1 : Operation 10 [1/1] (0.00ns)   --->   "%x = alloca i32 1" [C:/Vivado_Projects/zed_hdmi/zed_hdmi.runs/synth_1/prj/sol/.autopilot/db/v_csc.cpp:105]   --->   Operation 10 'alloca' 'x' <Predicate = true> <Delay = 0.00>
ST_1 : Operation 11 [1/1] (0.00ns)   --->   "%ClampMin_read_1 = read i8 @_ssdm_op_Read.ap_auto.i8, i8 %ClampMin_read"   --->   Operation 11 'read' 'ClampMin_read_1' <Predicate = true> <Delay = 0.00>
ST_1 : Operation 12 [1/1] (0.00ns)   --->   "%ClipMax_read_1 = read i8 @_ssdm_op_Read.ap_auto.i8, i8 %ClipMax_read"   --->   Operation 12 'read' 'ClipMax_read_1' <Predicate = true> <Delay = 0.00>
ST_1 : Operation 13 [1/1] (0.00ns)   --->   "%p_read = read i8 @_ssdm_op_Read.ap_auto.i8, i8 %p_read13_cast"   --->   Operation 13 'read' 'p_read' <Predicate = true> <Delay = 0.00>
ST_1 : Operation 14 [1/1] (0.00ns)   --->   "%p_read_1 = read i8 @_ssdm_op_Read.ap_auto.i8, i8 %p_read12_cast"   --->   Operation 14 'read' 'p_read_1' <Predicate = true> <Delay = 0.00>
ST_1 : Operation 15 [1/1] (0.00ns)   --->   "%sext_ln134_read = read i22 @_ssdm_op_Read.ap_auto.i22, i22 %sext_ln134"   --->   Operation 15 'read' 'sext_ln134_read' <Predicate = true> <Delay = 0.00>
ST_1 : Operation 16 [1/1] (0.00ns)   --->   "%K31_load_cast_read = read i16 @_ssdm_op_Read.ap_auto.i16, i16 %K31_load_cast"   --->   Operation 16 'read' 'K31_load_cast_read' <Predicate = true> <Delay = 0.00>
ST_1 : Operation 17 [1/1] (0.00ns)   --->   "%K33_load_cast_read = read i16 @_ssdm_op_Read.ap_auto.i16, i16 %K33_load_cast"   --->   Operation 17 'read' 'K33_load_cast_read' <Predicate = true> <Delay = 0.00>
ST_1 : Operation 18 [1/1] (0.00ns)   --->   "%K32_load_cast_read = read i16 @_ssdm_op_Read.ap_auto.i16, i16 %K32_load_cast"   --->   Operation 18 'read' 'K32_load_cast_read' <Predicate = true> <Delay = 0.00>
ST_1 : Operation 19 [1/1] (0.00ns)   --->   "%thr_add62_cast_read = read i22 @_ssdm_op_Read.ap_auto.i22, i22 %thr_add62_cast"   --->   Operation 19 'read' 'thr_add62_cast_read' <Predicate = true> <Delay = 0.00>
ST_1 : Operation 20 [1/1] (0.00ns)   --->   "%K21_load_cast_read = read i16 @_ssdm_op_Read.ap_auto.i16, i16 %K21_load_cast"   --->   Operation 20 'read' 'K21_load_cast_read' <Predicate = true> <Delay = 0.00>
ST_1 : Operation 21 [1/1] (0.00ns)   --->   "%K23_load_cast_read = read i16 @_ssdm_op_Read.ap_auto.i16, i16 %K23_load_cast"   --->   Operation 21 'read' 'K23_load_cast_read' <Predicate = true> <Delay = 0.00>
ST_1 : Operation 22 [1/1] (0.00ns)   --->   "%K22_load_cast_read = read i16 @_ssdm_op_Read.ap_auto.i16, i16 %K22_load_cast"   --->   Operation 22 'read' 'K22_load_cast_read' <Predicate = true> <Delay = 0.00>
ST_1 : Operation 23 [1/1] (0.00ns)   --->   "%thr_add131_cast_read = read i22 @_ssdm_op_Read.ap_auto.i22, i22 %thr_add131_cast"   --->   Operation 23 'read' 'thr_add131_cast_read' <Predicate = true> <Delay = 0.00>
ST_1 : Operation 24 [1/1] (0.00ns)   --->   "%K11_load_cast_read = read i16 @_ssdm_op_Read.ap_auto.i16, i16 %K11_load_cast"   --->   Operation 24 'read' 'K11_load_cast_read' <Predicate = true> <Delay = 0.00>
ST_1 : Operation 25 [1/1] (0.00ns)   --->   "%K13_load_cast_read = read i16 @_ssdm_op_Read.ap_auto.i16, i16 %K13_load_cast"   --->   Operation 25 'read' 'K13_load_cast_read' <Predicate = true> <Delay = 0.00>
ST_1 : Operation 26 [1/1] (0.00ns)   --->   "%K12_load_cast_read = read i16 @_ssdm_op_Read.ap_auto.i16, i16 %K12_load_cast"   --->   Operation 26 'read' 'K12_load_cast_read' <Predicate = true> <Delay = 0.00>
ST_1 : Operation 27 [1/1] (0.00ns)   --->   "%add_ln134_read = read i12 @_ssdm_op_Read.ap_auto.i12, i12 %add_ln134"   --->   Operation 27 'read' 'add_ln134_read' <Predicate = true> <Delay = 0.00>
ST_1 : Operation 28 [1/1] (0.00ns)   --->   "%p_read13_cast_cast = zext i8 %p_read"   --->   Operation 28 'zext' 'p_read13_cast_cast' <Predicate = true> <Delay = 0.00>
ST_1 : Operation 29 [1/1] (0.00ns)   --->   "%p_read12_cast_cast = zext i8 %p_read_1"   --->   Operation 29 'zext' 'p_read12_cast_cast' <Predicate = true> <Delay = 0.00>
ST_1 : Operation 30 [1/1] (0.00ns)   --->   "%sext_ln134_cast = sext i22 %sext_ln134_read"   --->   Operation 30 'sext' 'sext_ln134_cast' <Predicate = true> <Delay = 0.00>
ST_1 : Operation 31 [1/1] (0.00ns)   --->   "%K31_load_cast_cast = sext i16 %K31_load_cast_read"   --->   Operation 31 'sext' 'K31_load_cast_cast' <Predicate = true> <Delay = 0.00>
ST_1 : Operation 32 [1/1] (0.00ns)   --->   "%K33_load_cast_cast = sext i16 %K33_load_cast_read"   --->   Operation 32 'sext' 'K33_load_cast_cast' <Predicate = true> <Delay = 0.00>
ST_1 : Operation 33 [1/1] (0.00ns)   --->   "%K32_load_cast_cast = sext i16 %K32_load_cast_read"   --->   Operation 33 'sext' 'K32_load_cast_cast' <Predicate = true> <Delay = 0.00>
ST_1 : Operation 34 [1/1] (0.00ns)   --->   "%thr_add62_cast_cast = sext i22 %thr_add62_cast_read"   --->   Operation 34 'sext' 'thr_add62_cast_cast' <Predicate = true> <Delay = 0.00>
ST_1 : Operation 35 [1/1] (0.00ns)   --->   "%K21_load_cast_cast = sext i16 %K21_load_cast_read"   --->   Operation 35 'sext' 'K21_load_cast_cast' <Predicate = true> <Delay = 0.00>
ST_1 : Operation 36 [1/1] (0.00ns)   --->   "%K23_load_cast_cast = sext i16 %K23_load_cast_read"   --->   Operation 36 'sext' 'K23_load_cast_cast' <Predicate = true> <Delay = 0.00>
ST_1 : Operation 37 [1/1] (0.00ns)   --->   "%K22_load_cast_cast = sext i16 %K22_load_cast_read"   --->   Operation 37 'sext' 'K22_load_cast_cast' <Predicate = true> <Delay = 0.00>
ST_1 : Operation 38 [1/1] (0.00ns)   --->   "%thr_add131_cast_cast = sext i22 %thr_add131_cast_read"   --->   Operation 38 'sext' 'thr_add131_cast_cast' <Predicate = true> <Delay = 0.00>
ST_1 : Operation 39 [1/1] (0.00ns)   --->   "%K11_load_cast_cast = sext i16 %K11_load_cast_read"   --->   Operation 39 'sext' 'K11_load_cast_cast' <Predicate = true> <Delay = 0.00>
ST_1 : Operation 40 [1/1] (0.00ns)   --->   "%K13_load_cast_cast = sext i16 %K13_load_cast_read"   --->   Operation 40 'sext' 'K13_load_cast_cast' <Predicate = true> <Delay = 0.00>
ST_1 : Operation 41 [1/1] (0.00ns)   --->   "%K12_load_cast_cast = sext i16 %K12_load_cast_read"   --->   Operation 41 'sext' 'K12_load_cast_cast' <Predicate = true> <Delay = 0.00>
ST_1 : Operation 42 [1/1] (0.00ns)   --->   "%specinterface_ln0 = specinterface void @_ssdm_op_SpecInterface, i24 %stream_in, void @empty_12, i32 0, i32 0, void @empty_26, i32 0, i32 0, void @empty_26, void @empty_26, void @empty_26, i32 0, i32 0, i32 0, i32 0, void @empty_26, void @empty_26, i32 4294967295, i32 0, i32 0"   --->   Operation 42 'specinterface' 'specinterface_ln0' <Predicate = true> <Delay = 0.00>
ST_1 : Operation 43 [1/1] (0.00ns)   --->   "%specinterface_ln0 = specinterface void @_ssdm_op_SpecInterface, i24 %stream_csc, void @empty_12, i32 0, i32 0, void @empty_26, i32 0, i32 0, void @empty_26, void @empty_26, void @empty_26, i32 0, i32 0, i32 0, i32 0, void @empty_26, void @empty_26, i32 4294967295, i32 0, i32 0"   --->   Operation 43 'specinterface' 'specinterface_ln0' <Predicate = true> <Delay = 0.00>
ST_1 : Operation 44 [1/1] (1.58ns)   --->   "%store_ln105 = store i12 1, i12 %x" [C:/Vivado_Projects/zed_hdmi/zed_hdmi.runs/synth_1/prj/sol/.autopilot/db/v_csc.cpp:105]   --->   Operation 44 'store' 'store_ln105' <Predicate = true> <Delay = 1.58>
ST_1 : Operation 45 [1/1] (0.00ns)   --->   "%br_ln136 = br void %VITIS_LOOP_142_3" [C:/Vivado_Projects/zed_hdmi/zed_hdmi.runs/synth_1/prj/sol/.autopilot/db/v_csc.cpp:136]   --->   Operation 45 'br' 'br_ln136' <Predicate = true> <Delay = 0.00>
ST_1 : Operation 46 [1/1] (0.00ns)   --->   "%x_2 = load i12 %x" [C:/Vivado_Projects/zed_hdmi/zed_hdmi.runs/synth_1/prj/sol/.autopilot/db/v_csc.cpp:136]   --->   Operation 46 'load' 'x_2' <Predicate = true> <Delay = 0.00>
ST_1 : Operation 47 [1/1] (0.00ns)   --->   "%speclooptripcount_ln0 = speclooptripcount void @_ssdm_op_SpecLoopTripCount, i64 0, i64 2047, i64 0"   --->   Operation 47 'speclooptripcount' 'speclooptripcount_ln0' <Predicate = true> <Delay = 0.00>
ST_1 : Operation 48 [1/1] (1.54ns)   --->   "%icmp_ln136 = icmp_eq  i12 %x_2, i12 %add_ln134_read" [C:/Vivado_Projects/zed_hdmi/zed_hdmi.runs/synth_1/prj/sol/.autopilot/db/v_csc.cpp:136]   --->   Operation 48 'icmp' 'icmp_ln136' <Predicate = true> <Delay = 1.54> <CoreInst = "Cmp">   --->   Core 9 'Cmp' <Latency = 0> <II = 1> <Delay = 1.54> <FuncUnit> <Opcode : 'seteq' 'setne' 'setle' 'setge' 'setlt' 'setgt'> <InPorts = 2> <OutPorts = 1>
ST_1 : Operation 49 [1/1] (0.00ns)   --->   "%br_ln136 = br i1 %icmp_ln136, void %VITIS_LOOP_142_3.split, void %for.inc126.loopexit.exitStub" [C:/Vivado_Projects/zed_hdmi/zed_hdmi.runs/synth_1/prj/sol/.autopilot/db/v_csc.cpp:136]   --->   Operation 49 'br' 'br_ln136' <Predicate = true> <Delay = 0.00>
ST_1 : Operation 50 [1/1] (1.54ns)   --->   "%x_3 = add i12 %x_2, i12 1" [C:/Vivado_Projects/zed_hdmi/zed_hdmi.runs/synth_1/prj/sol/.autopilot/db/v_csc.cpp:136]   --->   Operation 50 'add' 'x_3' <Predicate = (!icmp_ln136)> <Delay = 1.54> <CoreInst = "Adder">   --->   Core 1 'Adder' <Latency = 0> <II = 1> <Delay = 1.54> <FuncUnit> <Opcode : 'add' 'sub'> <InPorts = 2> <OutPorts = 1>
ST_1 : Operation 51 [1/1] (1.58ns)   --->   "%store_ln105 = store i12 %x_3, i12 %x" [C:/Vivado_Projects/zed_hdmi/zed_hdmi.runs/synth_1/prj/sol/.autopilot/db/v_csc.cpp:105]   --->   Operation 51 'store' 'store_ln105' <Predicate = (!icmp_ln136)> <Delay = 1.58>

State 2 <SV = 1> <Delay = 3.50>
ST_2 : Operation 52 [1/1] (2.45ns)   --->   "%stream_in_read = read i24 @_ssdm_op_Read.ap_fifo.volatile.i24P0A, i24 %stream_in" [C:/Vivado_Projects/zed_hdmi/zed_hdmi.runs/synth_1/prj/sol/.autopilot/db/v_csc.cpp:140]   --->   Operation 52 'read' 'stream_in_read' <Predicate = true> <Delay = 2.45> <CoreInst = "FIFO_SRL">   --->   Core 80 'FIFO_SRL' <Latency = 0> <II = 1> <Delay = 3.80> <Storage> <Opcode : 'read' 'write' 'nbread' 'nbwrite'> <Ports = 0> <Width = 24> <Depth = 16> <FIFO>
ST_2 : Operation 53 [1/1] (0.00ns)   --->   "%Rpix = trunc i24 %stream_in_read" [C:/Vivado_Projects/zed_hdmi/zed_hdmi.runs/synth_1/prj/sol/.autopilot/db/v_csc.cpp:140]   --->   Operation 53 'trunc' 'Rpix' <Predicate = true> <Delay = 0.00>
ST_2 : Operation 54 [1/1] (0.00ns)   --->   "%Gpix = partselect i8 @_ssdm_op_PartSelect.i8.i24.i32.i32, i24 %stream_in_read, i32 8, i32 15" [C:/Vivado_Projects/zed_hdmi/zed_hdmi.runs/synth_1/prj/sol/.autopilot/db/v_csc.cpp:140]   --->   Operation 54 'partselect' 'Gpix' <Predicate = true> <Delay = 0.00>
ST_2 : Operation 55 [1/1] (0.00ns)   --->   "%Bpix = partselect i8 @_ssdm_op_PartSelect.i8.i24.i32.i32, i24 %stream_in_read, i32 16, i32 23" [C:/Vivado_Projects/zed_hdmi/zed_hdmi.runs/synth_1/prj/sol/.autopilot/db/v_csc.cpp:140]   --->   Operation 55 'partselect' 'Bpix' <Predicate = true> <Delay = 0.00>
ST_2 : Operation 56 [1/1] (0.00ns)   --->   "%zext_ln106_1 = zext i8 %Gpix" [C:/Vivado_Projects/zed_hdmi/zed_hdmi.runs/synth_1/prj/sol/.autopilot/db/v_csc.cpp:106]   --->   Operation 56 'zext' 'zext_ln106_1' <Predicate = true> <Delay = 0.00>
ST_2 : Operation 57 [3/3] (1.05ns) (grouped into DSP with root node add_ln192)   --->   "%mul_ln192 = mul i24 %zext_ln106_1, i24 %K12_load_cast_cast" [C:/Vivado_Projects/zed_hdmi/zed_hdmi.runs/synth_1/prj/sol/.autopilot/db/v_csc.cpp:192]   --->   Operation 57 'mul' 'mul_ln192' <Predicate = true> <Delay = 1.05> <CoreInst = "DSP48">   --->   Core 116 'DSP48' <Latency = 3> <II = 1> <Delay = 2.15> <IPBlock> <Opcode : '' 'add' 'sub' 'mul' 'select'> <InPorts = 0> <OutPorts = 1> <Sync> <CReg>
ST_2 : Operation 58 [3/3] (1.05ns) (grouped into DSP with root node add_ln194)   --->   "%mul_ln194 = mul i24 %zext_ln106_1, i24 %K22_load_cast_cast" [C:/Vivado_Projects/zed_hdmi/zed_hdmi.runs/synth_1/prj/sol/.autopilot/db/v_csc.cpp:194]   --->   Operation 58 'mul' 'mul_ln194' <Predicate = true> <Delay = 1.05> <CoreInst = "DSP48">   --->   Core 116 'DSP48' <Latency = 3> <II = 1> <Delay = 2.15> <IPBlock> <Opcode : '' 'add' 'sub' 'mul' 'select'> <InPorts = 0> <OutPorts = 1> <Sync> <CReg>
ST_2 : Operation 59 [3/3] (1.05ns) (grouped into DSP with root node add_ln196)   --->   "%mul_ln196 = mul i24 %zext_ln106_1, i24 %K32_load_cast_cast" [C:/Vivado_Projects/zed_hdmi/zed_hdmi.runs/synth_1/prj/sol/.autopilot/db/v_csc.cpp:196]   --->   Operation 59 'mul' 'mul_ln196' <Predicate = true> <Delay = 1.05> <CoreInst = "DSP48">   --->   Core 116 'DSP48' <Latency = 3> <II = 1> <Delay = 2.15> <IPBlock> <Opcode : '' 'add' 'sub' 'mul' 'select'> <InPorts = 0> <OutPorts = 1> <Sync> <CReg>

State 3 <SV = 2> <Delay = 3.34>
ST_3 : Operation 60 [1/1] (0.00ns)   --->   "%zext_ln140 = zext i8 %Bpix" [C:/Vivado_Projects/zed_hdmi/zed_hdmi.runs/synth_1/prj/sol/.autopilot/db/v_csc.cpp:140]   --->   Operation 60 'zext' 'zext_ln140' <Predicate = true> <Delay = 0.00>
ST_3 : Operation 61 [1/1] (0.00ns)   --->   "%zext_ln106 = zext i8 %Rpix" [C:/Vivado_Projects/zed_hdmi/zed_hdmi.runs/synth_1/prj/sol/.autopilot/db/v_csc.cpp:106]   --->   Operation 61 'zext' 'zext_ln106' <Predicate = true> <Delay = 0.00>
ST_3 : Operation 62 [2/3] (1.05ns) (grouped into DSP with root node add_ln192)   --->   "%mul_ln192 = mul i24 %zext_ln106_1, i24 %K12_load_cast_cast" [C:/Vivado_Projects/zed_hdmi/zed_hdmi.runs/synth_1/prj/sol/.autopilot/db/v_csc.cpp:192]   --->   Operation 62 'mul' 'mul_ln192' <Predicate = true> <Delay = 1.05> <CoreInst = "DSP48">   --->   Core 116 'DSP48' <Latency = 3> <II = 1> <Delay = 2.15> <IPBlock> <Opcode : '' 'add' 'sub' 'mul' 'select'> <InPorts = 0> <OutPorts = 1> <Sync> <CReg>
ST_3 : Operation 63 [2/2] (3.34ns)   --->   "%mul_ln192_1 = mul i24 %zext_ln140, i24 %K13_load_cast_cast" [C:/Vivado_Projects/zed_hdmi/zed_hdmi.runs/synth_1/prj/sol/.autopilot/db/v_csc.cpp:192]   --->   Operation 63 'mul' 'mul_ln192_1' <Predicate = true> <Delay = 3.34> <CoreInst = "Multiplier">   --->   Core 3 'Multiplier' <Latency = 1> <II = 1> <Delay = 3.34> <FuncUnit> <Opcode : 'mul'> <InPorts = 2> <OutPorts = 1>
ST_3 : Operation 64 [2/2] (3.34ns)   --->   "%mul_ln192_2 = mul i24 %K11_load_cast_cast, i24 %zext_ln106" [C:/Vivado_Projects/zed_hdmi/zed_hdmi.runs/synth_1/prj/sol/.autopilot/db/v_csc.cpp:192]   --->   Operation 64 'mul' 'mul_ln192_2' <Predicate = true> <Delay = 3.34> <CoreInst = "Multiplier">   --->   Core 3 'Multiplier' <Latency = 1> <II = 1> <Delay = 3.34> <FuncUnit> <Opcode : 'mul'> <InPorts = 2> <OutPorts = 1>
ST_3 : Operation 65 [2/3] (1.05ns) (grouped into DSP with root node add_ln194)   --->   "%mul_ln194 = mul i24 %zext_ln106_1, i24 %K22_load_cast_cast" [C:/Vivado_Projects/zed_hdmi/zed_hdmi.runs/synth_1/prj/sol/.autopilot/db/v_csc.cpp:194]   --->   Operation 65 'mul' 'mul_ln194' <Predicate = true> <Delay = 1.05> <CoreInst = "DSP48">   --->   Core 116 'DSP48' <Latency = 3> <II = 1> <Delay = 2.15> <IPBlock> <Opcode : '' 'add' 'sub' 'mul' 'select'> <InPorts = 0> <OutPorts = 1> <Sync> <CReg>
ST_3 : Operation 66 [2/2] (3.34ns)   --->   "%mul_ln194_1 = mul i24 %zext_ln140, i24 %K23_load_cast_cast" [C:/Vivado_Projects/zed_hdmi/zed_hdmi.runs/synth_1/prj/sol/.autopilot/db/v_csc.cpp:194]   --->   Operation 66 'mul' 'mul_ln194_1' <Predicate = true> <Delay = 3.34> <CoreInst = "Multiplier">   --->   Core 3 'Multiplier' <Latency = 1> <II = 1> <Delay = 3.34> <FuncUnit> <Opcode : 'mul'> <InPorts = 2> <OutPorts = 1>
ST_3 : Operation 67 [2/2] (3.34ns)   --->   "%mul_ln194_2 = mul i24 %K21_load_cast_cast, i24 %zext_ln106" [C:/Vivado_Projects/zed_hdmi/zed_hdmi.runs/synth_1/prj/sol/.autopilot/db/v_csc.cpp:194]   --->   Operation 67 'mul' 'mul_ln194_2' <Predicate = true> <Delay = 3.34> <CoreInst = "Multiplier">   --->   Core 3 'Multiplier' <Latency = 1> <II = 1> <Delay = 3.34> <FuncUnit> <Opcode : 'mul'> <InPorts = 2> <OutPorts = 1>
ST_3 : Operation 68 [2/3] (1.05ns) (grouped into DSP with root node add_ln196)   --->   "%mul_ln196 = mul i24 %zext_ln106_1, i24 %K32_load_cast_cast" [C:/Vivado_Projects/zed_hdmi/zed_hdmi.runs/synth_1/prj/sol/.autopilot/db/v_csc.cpp:196]   --->   Operation 68 'mul' 'mul_ln196' <Predicate = true> <Delay = 1.05> <CoreInst = "DSP48">   --->   Core 116 'DSP48' <Latency = 3> <II = 1> <Delay = 2.15> <IPBlock> <Opcode : '' 'add' 'sub' 'mul' 'select'> <InPorts = 0> <OutPorts = 1> <Sync> <CReg>
ST_3 : Operation 69 [2/2] (3.34ns)   --->   "%mul_ln196_1 = mul i24 %zext_ln140, i24 %K33_load_cast_cast" [C:/Vivado_Projects/zed_hdmi/zed_hdmi.runs/synth_1/prj/sol/.autopilot/db/v_csc.cpp:196]   --->   Operation 69 'mul' 'mul_ln196_1' <Predicate = true> <Delay = 3.34> <CoreInst = "Multiplier">   --->   Core 3 'Multiplier' <Latency = 1> <II = 1> <Delay = 3.34> <FuncUnit> <Opcode : 'mul'> <InPorts = 2> <OutPorts = 1>
ST_3 : Operation 70 [2/2] (3.34ns)   --->   "%mul_ln196_2 = mul i24 %K31_load_cast_cast, i24 %zext_ln106" [C:/Vivado_Projects/zed_hdmi/zed_hdmi.runs/synth_1/prj/sol/.autopilot/db/v_csc.cpp:196]   --->   Operation 70 'mul' 'mul_ln196_2' <Predicate = true> <Delay = 3.34> <CoreInst = "Multiplier">   --->   Core 3 'Multiplier' <Latency = 1> <II = 1> <Delay = 3.34> <FuncUnit> <Opcode : 'mul'> <InPorts = 2> <OutPorts = 1>

State 4 <SV = 3> <Delay = 3.34>
ST_4 : Operation 71 [1/3] (0.00ns) (grouped into DSP with root node add_ln192)   --->   "%mul_ln192 = mul i24 %zext_ln106_1, i24 %K12_load_cast_cast" [C:/Vivado_Projects/zed_hdmi/zed_hdmi.runs/synth_1/prj/sol/.autopilot/db/v_csc.cpp:192]   --->   Operation 71 'mul' 'mul_ln192' <Predicate = true> <Delay = 0.00> <CoreInst = "DSP48">   --->   Core 116 'DSP48' <Latency = 3> <II = 1> <Delay = 2.15> <IPBlock> <Opcode : '' 'add' 'sub' 'mul' 'select'> <InPorts = 0> <OutPorts = 1> <Sync> <CReg>
ST_4 : Operation 72 [1/1] (0.00ns) (grouped into DSP with root node add_ln192)   --->   "%sext_ln192 = sext i24 %mul_ln192" [C:/Vivado_Projects/zed_hdmi/zed_hdmi.runs/synth_1/prj/sol/.autopilot/db/v_csc.cpp:192]   --->   Operation 72 'sext' 'sext_ln192' <Predicate = true> <Delay = 0.00>
ST_4 : Operation 73 [1/2] (3.34ns)   --->   "%mul_ln192_1 = mul i24 %zext_ln140, i24 %K13_load_cast_cast" [C:/Vivado_Projects/zed_hdmi/zed_hdmi.runs/synth_1/prj/sol/.autopilot/db/v_csc.cpp:192]   --->   Operation 73 'mul' 'mul_ln192_1' <Predicate = true> <Delay = 3.34> <CoreInst = "Multiplier">   --->   Core 3 'Multiplier' <Latency = 1> <II = 1> <Delay = 3.34> <FuncUnit> <Opcode : 'mul'> <InPorts = 2> <OutPorts = 1>
ST_4 : Operation 74 [1/2] (3.34ns)   --->   "%mul_ln192_2 = mul i24 %K11_load_cast_cast, i24 %zext_ln106" [C:/Vivado_Projects/zed_hdmi/zed_hdmi.runs/synth_1/prj/sol/.autopilot/db/v_csc.cpp:192]   --->   Operation 74 'mul' 'mul_ln192_2' <Predicate = true> <Delay = 3.34> <CoreInst = "Multiplier">   --->   Core 3 'Multiplier' <Latency = 1> <II = 1> <Delay = 3.34> <FuncUnit> <Opcode : 'mul'> <InPorts = 2> <OutPorts = 1>
ST_4 : Operation 75 [2/2] (2.10ns) (root node of the DSP)   --->   "%add_ln192 = add i25 %sext_ln192, i25 %thr_add131_cast_cast" [C:/Vivado_Projects/zed_hdmi/zed_hdmi.runs/synth_1/prj/sol/.autopilot/db/v_csc.cpp:192]   --->   Operation 75 'add' 'add_ln192' <Predicate = true> <Delay = 2.10> <CoreInst = "DSP48">   --->   Core 116 'DSP48' <Latency = 3> <II = 1> <Delay = 2.15> <IPBlock> <Opcode : '' 'add' 'sub' 'mul' 'select'> <InPorts = 0> <OutPorts = 1> <Sync> <CReg>
ST_4 : Operation 76 [1/3] (0.00ns) (grouped into DSP with root node add_ln194)   --->   "%mul_ln194 = mul i24 %zext_ln106_1, i24 %K22_load_cast_cast" [C:/Vivado_Projects/zed_hdmi/zed_hdmi.runs/synth_1/prj/sol/.autopilot/db/v_csc.cpp:194]   --->   Operation 76 'mul' 'mul_ln194' <Predicate = true> <Delay = 0.00> <CoreInst = "DSP48">   --->   Core 116 'DSP48' <Latency = 3> <II = 1> <Delay = 2.15> <IPBlock> <Opcode : '' 'add' 'sub' 'mul' 'select'> <InPorts = 0> <OutPorts = 1> <Sync> <CReg>
ST_4 : Operation 77 [1/1] (0.00ns) (grouped into DSP with root node add_ln194)   --->   "%sext_ln194 = sext i24 %mul_ln194" [C:/Vivado_Projects/zed_hdmi/zed_hdmi.runs/synth_1/prj/sol/.autopilot/db/v_csc.cpp:194]   --->   Operation 77 'sext' 'sext_ln194' <Predicate = true> <Delay = 0.00>
ST_4 : Operation 78 [1/2] (3.34ns)   --->   "%mul_ln194_1 = mul i24 %zext_ln140, i24 %K23_load_cast_cast" [C:/Vivado_Projects/zed_hdmi/zed_hdmi.runs/synth_1/prj/sol/.autopilot/db/v_csc.cpp:194]   --->   Operation 78 'mul' 'mul_ln194_1' <Predicate = true> <Delay = 3.34> <CoreInst = "Multiplier">   --->   Core 3 'Multiplier' <Latency = 1> <II = 1> <Delay = 3.34> <FuncUnit> <Opcode : 'mul'> <InPorts = 2> <OutPorts = 1>
ST_4 : Operation 79 [1/2] (3.34ns)   --->   "%mul_ln194_2 = mul i24 %K21_load_cast_cast, i24 %zext_ln106" [C:/Vivado_Projects/zed_hdmi/zed_hdmi.runs/synth_1/prj/sol/.autopilot/db/v_csc.cpp:194]   --->   Operation 79 'mul' 'mul_ln194_2' <Predicate = true> <Delay = 3.34> <CoreInst = "Multiplier">   --->   Core 3 'Multiplier' <Latency = 1> <II = 1> <Delay = 3.34> <FuncUnit> <Opcode : 'mul'> <InPorts = 2> <OutPorts = 1>
ST_4 : Operation 80 [2/2] (2.10ns) (root node of the DSP)   --->   "%add_ln194 = add i25 %sext_ln194, i25 %thr_add62_cast_cast" [C:/Vivado_Projects/zed_hdmi/zed_hdmi.runs/synth_1/prj/sol/.autopilot/db/v_csc.cpp:194]   --->   Operation 80 'add' 'add_ln194' <Predicate = true> <Delay = 2.10> <CoreInst = "DSP48">   --->   Core 116 'DSP48' <Latency = 3> <II = 1> <Delay = 2.15> <IPBlock> <Opcode : '' 'add' 'sub' 'mul' 'select'> <InPorts = 0> <OutPorts = 1> <Sync> <CReg>
ST_4 : Operation 81 [1/3] (0.00ns) (grouped into DSP with root node add_ln196)   --->   "%mul_ln196 = mul i24 %zext_ln106_1, i24 %K32_load_cast_cast" [C:/Vivado_Projects/zed_hdmi/zed_hdmi.runs/synth_1/prj/sol/.autopilot/db/v_csc.cpp:196]   --->   Operation 81 'mul' 'mul_ln196' <Predicate = true> <Delay = 0.00> <CoreInst = "DSP48">   --->   Core 116 'DSP48' <Latency = 3> <II = 1> <Delay = 2.15> <IPBlock> <Opcode : '' 'add' 'sub' 'mul' 'select'> <InPorts = 0> <OutPorts = 1> <Sync> <CReg>
ST_4 : Operation 82 [1/1] (0.00ns) (grouped into DSP with root node add_ln196)   --->   "%sext_ln196 = sext i24 %mul_ln196" [C:/Vivado_Projects/zed_hdmi/zed_hdmi.runs/synth_1/prj/sol/.autopilot/db/v_csc.cpp:196]   --->   Operation 82 'sext' 'sext_ln196' <Predicate = true> <Delay = 0.00>
ST_4 : Operation 83 [1/2] (3.34ns)   --->   "%mul_ln196_1 = mul i24 %zext_ln140, i24 %K33_load_cast_cast" [C:/Vivado_Projects/zed_hdmi/zed_hdmi.runs/synth_1/prj/sol/.autopilot/db/v_csc.cpp:196]   --->   Operation 83 'mul' 'mul_ln196_1' <Predicate = true> <Delay = 3.34> <CoreInst = "Multiplier">   --->   Core 3 'Multiplier' <Latency = 1> <II = 1> <Delay = 3.34> <FuncUnit> <Opcode : 'mul'> <InPorts = 2> <OutPorts = 1>
ST_4 : Operation 84 [1/2] (3.34ns)   --->   "%mul_ln196_2 = mul i24 %K31_load_cast_cast, i24 %zext_ln106" [C:/Vivado_Projects/zed_hdmi/zed_hdmi.runs/synth_1/prj/sol/.autopilot/db/v_csc.cpp:196]   --->   Operation 84 'mul' 'mul_ln196_2' <Predicate = true> <Delay = 3.34> <CoreInst = "Multiplier">   --->   Core 3 'Multiplier' <Latency = 1> <II = 1> <Delay = 3.34> <FuncUnit> <Opcode : 'mul'> <InPorts = 2> <OutPorts = 1>
ST_4 : Operation 85 [2/2] (2.10ns) (root node of the DSP)   --->   "%add_ln196 = add i25 %sext_ln196, i25 %sext_ln134_cast" [C:/Vivado_Projects/zed_hdmi/zed_hdmi.runs/synth_1/prj/sol/.autopilot/db/v_csc.cpp:196]   --->   Operation 85 'add' 'add_ln196' <Predicate = true> <Delay = 2.10> <CoreInst = "DSP48">   --->   Core 116 'DSP48' <Latency = 3> <II = 1> <Delay = 2.15> <IPBlock> <Opcode : '' 'add' 'sub' 'mul' 'select'> <InPorts = 0> <OutPorts = 1> <Sync> <CReg>

State 5 <SV = 4> <Delay = 4.65>
ST_5 : Operation 86 [1/1] (0.00ns)   --->   "%sext_ln192_1 = sext i24 %mul_ln192_1" [C:/Vivado_Projects/zed_hdmi/zed_hdmi.runs/synth_1/prj/sol/.autopilot/db/v_csc.cpp:192]   --->   Operation 86 'sext' 'sext_ln192_1' <Predicate = true> <Delay = 0.00>
ST_5 : Operation 87 [1/1] (0.00ns)   --->   "%sext_ln192_2 = sext i24 %mul_ln192_2" [C:/Vivado_Projects/zed_hdmi/zed_hdmi.runs/synth_1/prj/sol/.autopilot/db/v_csc.cpp:192]   --->   Operation 87 'sext' 'sext_ln192_2' <Predicate = true> <Delay = 0.00>
ST_5 : Operation 88 [1/2] (2.10ns) (root node of the DSP)   --->   "%add_ln192 = add i25 %sext_ln192, i25 %thr_add131_cast_cast" [C:/Vivado_Projects/zed_hdmi/zed_hdmi.runs/synth_1/prj/sol/.autopilot/db/v_csc.cpp:192]   --->   Operation 88 'add' 'add_ln192' <Predicate = true> <Delay = 2.10> <CoreInst = "DSP48">   --->   Core 116 'DSP48' <Latency = 3> <II = 1> <Delay = 2.15> <IPBlock> <Opcode : '' 'add' 'sub' 'mul' 'select'> <InPorts = 0> <OutPorts = 1> <Sync> <CReg>
ST_5 : Operation 89 [1/1] (0.00ns)   --->   "%trunc_ln192 = trunc i25 %add_ln192" [C:/Vivado_Projects/zed_hdmi/zed_hdmi.runs/synth_1/prj/sol/.autopilot/db/v_csc.cpp:192]   --->   Operation 89 'trunc' 'trunc_ln192' <Predicate = true> <Delay = 0.00>
ST_5 : Operation 90 [1/1] (0.00ns)   --->   "%sext_ln192_3 = sext i25 %add_ln192" [C:/Vivado_Projects/zed_hdmi/zed_hdmi.runs/synth_1/prj/sol/.autopilot/db/v_csc.cpp:192]   --->   Operation 90 'sext' 'sext_ln192_3' <Predicate = true> <Delay = 0.00>
ST_5 : Operation 91 [1/1] (2.31ns)   --->   "%add_ln192_4 = add i24 %mul_ln192_2, i24 %mul_ln192_1" [C:/Vivado_Projects/zed_hdmi/zed_hdmi.runs/synth_1/prj/sol/.autopilot/db/v_csc.cpp:192]   --->   Operation 91 'add' 'add_ln192_4' <Predicate = true> <Delay = 2.31> <CoreInst = "Adder">   --->   Core 1 'Adder' <Latency = 0> <II = 1> <Delay = 2.31> <FuncUnit> <Opcode : 'add' 'sub'> <InPorts = 2> <OutPorts = 1>
ST_5 : Operation 92 [1/1] (2.31ns)   --->   "%add_ln192_1 = add i25 %sext_ln192_2, i25 %sext_ln192_1" [C:/Vivado_Projects/zed_hdmi/zed_hdmi.runs/synth_1/prj/sol/.autopilot/db/v_csc.cpp:192]   --->   Operation 92 'add' 'add_ln192_1' <Predicate = true> <Delay = 2.31> <CoreInst = "Adder">   --->   Core 1 'Adder' <Latency = 0> <II = 1> <Delay = 2.31> <FuncUnit> <Opcode : 'add' 'sub'> <InPorts = 2> <OutPorts = 1>
ST_5 : Operation 93 [1/1] (0.00ns)   --->   "%trunc_ln192_1 = trunc i24 %add_ln192_4" [C:/Vivado_Projects/zed_hdmi/zed_hdmi.runs/synth_1/prj/sol/.autopilot/db/v_csc.cpp:192]   --->   Operation 93 'trunc' 'trunc_ln192_1' <Predicate = true> <Delay = 0.00>
ST_5 : Operation 94 [1/1] (0.00ns)   --->   "%sext_ln192_4 = sext i25 %add_ln192_1" [C:/Vivado_Projects/zed_hdmi/zed_hdmi.runs/synth_1/prj/sol/.autopilot/db/v_csc.cpp:192]   --->   Operation 94 'sext' 'sext_ln192_4' <Predicate = true> <Delay = 0.00>
ST_5 : Operation 95 [1/1] (2.34ns)   --->   "%add_ln192_2 = add i26 %sext_ln192_4, i26 %sext_ln192_3" [C:/Vivado_Projects/zed_hdmi/zed_hdmi.runs/synth_1/prj/sol/.autopilot/db/v_csc.cpp:192]   --->   Operation 95 'add' 'add_ln192_2' <Predicate = true> <Delay = 2.34> <CoreInst = "Adder">   --->   Core 1 'Adder' <Latency = 0> <II = 1> <Delay = 2.34> <FuncUnit> <Opcode : 'add' 'sub'> <InPorts = 2> <OutPorts = 1>
ST_5 : Operation 96 [1/1] (0.00ns)   --->   "%Rres = partselect i14 @_ssdm_op_PartSelect.i14.i26.i32.i32, i26 %add_ln192_2, i32 12, i32 25" [C:/Vivado_Projects/zed_hdmi/zed_hdmi.runs/synth_1/prj/sol/.autopilot/db/v_csc.cpp:193]   --->   Operation 96 'partselect' 'Rres' <Predicate = true> <Delay = 0.00>
ST_5 : Operation 97 [1/1] (0.00ns)   --->   "%sext_ln194_1 = sext i24 %mul_ln194_1" [C:/Vivado_Projects/zed_hdmi/zed_hdmi.runs/synth_1/prj/sol/.autopilot/db/v_csc.cpp:194]   --->   Operation 97 'sext' 'sext_ln194_1' <Predicate = true> <Delay = 0.00>
ST_5 : Operation 98 [1/1] (0.00ns)   --->   "%sext_ln194_2 = sext i24 %mul_ln194_2" [C:/Vivado_Projects/zed_hdmi/zed_hdmi.runs/synth_1/prj/sol/.autopilot/db/v_csc.cpp:194]   --->   Operation 98 'sext' 'sext_ln194_2' <Predicate = true> <Delay = 0.00>
ST_5 : Operation 99 [1/2] (2.10ns) (root node of the DSP)   --->   "%add_ln194 = add i25 %sext_ln194, i25 %thr_add62_cast_cast" [C:/Vivado_Projects/zed_hdmi/zed_hdmi.runs/synth_1/prj/sol/.autopilot/db/v_csc.cpp:194]   --->   Operation 99 'add' 'add_ln194' <Predicate = true> <Delay = 2.10> <CoreInst = "DSP48">   --->   Core 116 'DSP48' <Latency = 3> <II = 1> <Delay = 2.15> <IPBlock> <Opcode : '' 'add' 'sub' 'mul' 'select'> <InPorts = 0> <OutPorts = 1> <Sync> <CReg>
ST_5 : Operation 100 [1/1] (0.00ns)   --->   "%trunc_ln194 = trunc i25 %add_ln194" [C:/Vivado_Projects/zed_hdmi/zed_hdmi.runs/synth_1/prj/sol/.autopilot/db/v_csc.cpp:194]   --->   Operation 100 'trunc' 'trunc_ln194' <Predicate = true> <Delay = 0.00>
ST_5 : Operation 101 [1/1] (0.00ns)   --->   "%sext_ln194_3 = sext i25 %add_ln194" [C:/Vivado_Projects/zed_hdmi/zed_hdmi.runs/synth_1/prj/sol/.autopilot/db/v_csc.cpp:194]   --->   Operation 101 'sext' 'sext_ln194_3' <Predicate = true> <Delay = 0.00>
ST_5 : Operation 102 [1/1] (2.31ns)   --->   "%add_ln194_4 = add i24 %mul_ln194_2, i24 %mul_ln194_1" [C:/Vivado_Projects/zed_hdmi/zed_hdmi.runs/synth_1/prj/sol/.autopilot/db/v_csc.cpp:194]   --->   Operation 102 'add' 'add_ln194_4' <Predicate = true> <Delay = 2.31> <CoreInst = "Adder">   --->   Core 1 'Adder' <Latency = 0> <II = 1> <Delay = 2.31> <FuncUnit> <Opcode : 'add' 'sub'> <InPorts = 2> <OutPorts = 1>
ST_5 : Operation 103 [1/1] (2.31ns)   --->   "%add_ln194_1 = add i25 %sext_ln194_2, i25 %sext_ln194_1" [C:/Vivado_Projects/zed_hdmi/zed_hdmi.runs/synth_1/prj/sol/.autopilot/db/v_csc.cpp:194]   --->   Operation 103 'add' 'add_ln194_1' <Predicate = true> <Delay = 2.31> <CoreInst = "Adder">   --->   Core 1 'Adder' <Latency = 0> <II = 1> <Delay = 2.31> <FuncUnit> <Opcode : 'add' 'sub'> <InPorts = 2> <OutPorts = 1>
ST_5 : Operation 104 [1/1] (0.00ns)   --->   "%trunc_ln194_1 = trunc i24 %add_ln194_4" [C:/Vivado_Projects/zed_hdmi/zed_hdmi.runs/synth_1/prj/sol/.autopilot/db/v_csc.cpp:194]   --->   Operation 104 'trunc' 'trunc_ln194_1' <Predicate = true> <Delay = 0.00>
ST_5 : Operation 105 [1/1] (0.00ns)   --->   "%sext_ln194_4 = sext i25 %add_ln194_1" [C:/Vivado_Projects/zed_hdmi/zed_hdmi.runs/synth_1/prj/sol/.autopilot/db/v_csc.cpp:194]   --->   Operation 105 'sext' 'sext_ln194_4' <Predicate = true> <Delay = 0.00>
ST_5 : Operation 106 [1/1] (2.34ns)   --->   "%add_ln194_2 = add i26 %sext_ln194_4, i26 %sext_ln194_3" [C:/Vivado_Projects/zed_hdmi/zed_hdmi.runs/synth_1/prj/sol/.autopilot/db/v_csc.cpp:194]   --->   Operation 106 'add' 'add_ln194_2' <Predicate = true> <Delay = 2.34> <CoreInst = "Adder">   --->   Core 1 'Adder' <Latency = 0> <II = 1> <Delay = 2.34> <FuncUnit> <Opcode : 'add' 'sub'> <InPorts = 2> <OutPorts = 1>
ST_5 : Operation 107 [1/1] (0.00ns)   --->   "%Gres = partselect i14 @_ssdm_op_PartSelect.i14.i26.i32.i32, i26 %add_ln194_2, i32 12, i32 25" [C:/Vivado_Projects/zed_hdmi/zed_hdmi.runs/synth_1/prj/sol/.autopilot/db/v_csc.cpp:195]   --->   Operation 107 'partselect' 'Gres' <Predicate = true> <Delay = 0.00>
ST_5 : Operation 108 [1/1] (0.00ns)   --->   "%sext_ln196_1 = sext i24 %mul_ln196_1" [C:/Vivado_Projects/zed_hdmi/zed_hdmi.runs/synth_1/prj/sol/.autopilot/db/v_csc.cpp:196]   --->   Operation 108 'sext' 'sext_ln196_1' <Predicate = true> <Delay = 0.00>
ST_5 : Operation 109 [1/1] (0.00ns)   --->   "%sext_ln196_2 = sext i24 %mul_ln196_2" [C:/Vivado_Projects/zed_hdmi/zed_hdmi.runs/synth_1/prj/sol/.autopilot/db/v_csc.cpp:196]   --->   Operation 109 'sext' 'sext_ln196_2' <Predicate = true> <Delay = 0.00>
ST_5 : Operation 110 [1/2] (2.10ns) (root node of the DSP)   --->   "%add_ln196 = add i25 %sext_ln196, i25 %sext_ln134_cast" [C:/Vivado_Projects/zed_hdmi/zed_hdmi.runs/synth_1/prj/sol/.autopilot/db/v_csc.cpp:196]   --->   Operation 110 'add' 'add_ln196' <Predicate = true> <Delay = 2.10> <CoreInst = "DSP48">   --->   Core 116 'DSP48' <Latency = 3> <II = 1> <Delay = 2.15> <IPBlock> <Opcode : '' 'add' 'sub' 'mul' 'select'> <InPorts = 0> <OutPorts = 1> <Sync> <CReg>
ST_5 : Operation 111 [1/1] (0.00ns)   --->   "%trunc_ln196 = trunc i25 %add_ln196" [C:/Vivado_Projects/zed_hdmi/zed_hdmi.runs/synth_1/prj/sol/.autopilot/db/v_csc.cpp:196]   --->   Operation 111 'trunc' 'trunc_ln196' <Predicate = true> <Delay = 0.00>
ST_5 : Operation 112 [1/1] (0.00ns)   --->   "%sext_ln196_3 = sext i25 %add_ln196" [C:/Vivado_Projects/zed_hdmi/zed_hdmi.runs/synth_1/prj/sol/.autopilot/db/v_csc.cpp:196]   --->   Operation 112 'sext' 'sext_ln196_3' <Predicate = true> <Delay = 0.00>
ST_5 : Operation 113 [1/1] (2.31ns)   --->   "%add_ln196_4 = add i24 %mul_ln196_2, i24 %mul_ln196_1" [C:/Vivado_Projects/zed_hdmi/zed_hdmi.runs/synth_1/prj/sol/.autopilot/db/v_csc.cpp:196]   --->   Operation 113 'add' 'add_ln196_4' <Predicate = true> <Delay = 2.31> <CoreInst = "Adder">   --->   Core 1 'Adder' <Latency = 0> <II = 1> <Delay = 2.31> <FuncUnit> <Opcode : 'add' 'sub'> <InPorts = 2> <OutPorts = 1>
ST_5 : Operation 114 [1/1] (2.31ns)   --->   "%add_ln196_1 = add i25 %sext_ln196_2, i25 %sext_ln196_1" [C:/Vivado_Projects/zed_hdmi/zed_hdmi.runs/synth_1/prj/sol/.autopilot/db/v_csc.cpp:196]   --->   Operation 114 'add' 'add_ln196_1' <Predicate = true> <Delay = 2.31> <CoreInst = "Adder">   --->   Core 1 'Adder' <Latency = 0> <II = 1> <Delay = 2.31> <FuncUnit> <Opcode : 'add' 'sub'> <InPorts = 2> <OutPorts = 1>
ST_5 : Operation 115 [1/1] (0.00ns)   --->   "%trunc_ln196_1 = trunc i24 %add_ln196_4" [C:/Vivado_Projects/zed_hdmi/zed_hdmi.runs/synth_1/prj/sol/.autopilot/db/v_csc.cpp:196]   --->   Operation 115 'trunc' 'trunc_ln196_1' <Predicate = true> <Delay = 0.00>
ST_5 : Operation 116 [1/1] (0.00ns)   --->   "%sext_ln196_4 = sext i25 %add_ln196_1" [C:/Vivado_Projects/zed_hdmi/zed_hdmi.runs/synth_1/prj/sol/.autopilot/db/v_csc.cpp:196]   --->   Operation 116 'sext' 'sext_ln196_4' <Predicate = true> <Delay = 0.00>
ST_5 : Operation 117 [1/1] (2.34ns)   --->   "%add_ln196_2 = add i26 %sext_ln196_4, i26 %sext_ln196_3" [C:/Vivado_Projects/zed_hdmi/zed_hdmi.runs/synth_1/prj/sol/.autopilot/db/v_csc.cpp:196]   --->   Operation 117 'add' 'add_ln196_2' <Predicate = true> <Delay = 2.34> <CoreInst = "Adder">   --->   Core 1 'Adder' <Latency = 0> <II = 1> <Delay = 2.34> <FuncUnit> <Opcode : 'add' 'sub'> <InPorts = 2> <OutPorts = 1>
ST_5 : Operation 118 [1/1] (0.00ns)   --->   "%Bres = partselect i14 @_ssdm_op_PartSelect.i14.i26.i32.i32, i26 %add_ln196_2, i32 12, i32 25" [C:/Vivado_Projects/zed_hdmi/zed_hdmi.runs/synth_1/prj/sol/.autopilot/db/v_csc.cpp:197]   --->   Operation 118 'partselect' 'Bres' <Predicate = true> <Delay = 0.00>

State 6 <SV = 5> <Delay = 3.44>
ST_6 : Operation 119 [1/1] (2.19ns)   --->   "%add_ln192_3 = add i20 %trunc_ln192_1, i20 %trunc_ln192" [C:/Vivado_Projects/zed_hdmi/zed_hdmi.runs/synth_1/prj/sol/.autopilot/db/v_csc.cpp:192]   --->   Operation 119 'add' 'add_ln192_3' <Predicate = true> <Delay = 2.19> <CoreInst = "Adder">   --->   Core 1 'Adder' <Latency = 0> <II = 1> <Delay = 2.19> <FuncUnit> <Opcode : 'add' 'sub'> <InPorts = 2> <OutPorts = 1>
ST_6 : Operation 120 [1/1] (2.19ns)   --->   "%add_ln194_3 = add i20 %trunc_ln194_1, i20 %trunc_ln194" [C:/Vivado_Projects/zed_hdmi/zed_hdmi.runs/synth_1/prj/sol/.autopilot/db/v_csc.cpp:194]   --->   Operation 120 'add' 'add_ln194_3' <Predicate = true> <Delay = 2.19> <CoreInst = "Adder">   --->   Core 1 'Adder' <Latency = 0> <II = 1> <Delay = 2.19> <FuncUnit> <Opcode : 'add' 'sub'> <InPorts = 2> <OutPorts = 1>
ST_6 : Operation 121 [1/1] (2.19ns)   --->   "%add_ln196_3 = add i20 %trunc_ln196_1, i20 %trunc_ln196" [C:/Vivado_Projects/zed_hdmi/zed_hdmi.runs/synth_1/prj/sol/.autopilot/db/v_csc.cpp:196]   --->   Operation 121 'add' 'add_ln196_3' <Predicate = true> <Delay = 2.19> <CoreInst = "Adder">   --->   Core 1 'Adder' <Latency = 0> <II = 1> <Delay = 2.19> <FuncUnit> <Opcode : 'add' 'sub'> <InPorts = 2> <OutPorts = 1>
ST_6 : Operation 122 [1/1] (1.81ns)   --->   "%icmp_ln198 = icmp_slt  i14 %Rres, i14 %p_read12_cast_cast" [C:/Vivado_Projects/zed_hdmi/zed_hdmi.runs/synth_1/prj/sol/.autopilot/db/v_csc.cpp:198]   --->   Operation 122 'icmp' 'icmp_ln198' <Predicate = true> <Delay = 1.81> <CoreInst = "Cmp">   --->   Core 9 'Cmp' <Latency = 0> <II = 1> <Delay = 1.81> <FuncUnit> <Opcode : 'seteq' 'setne' 'setle' 'setge' 'setlt' 'setgt'> <InPorts = 2> <OutPorts = 1>
ST_6 : Operation 123 [1/1] (1.81ns)   --->   "%icmp_ln198_1 = icmp_sgt  i14 %Rres, i14 %p_read13_cast_cast" [C:/Vivado_Projects/zed_hdmi/zed_hdmi.runs/synth_1/prj/sol/.autopilot/db/v_csc.cpp:198]   --->   Operation 123 'icmp' 'icmp_ln198_1' <Predicate = true> <Delay = 1.81> <CoreInst = "Cmp">   --->   Core 9 'Cmp' <Latency = 0> <II = 1> <Delay = 1.81> <FuncUnit> <Opcode : 'seteq' 'setne' 'setle' 'setge' 'setlt' 'setgt'> <InPorts = 2> <OutPorts = 1>
ST_6 : Operation 124 [1/1] (0.00ns) (grouped into LUT with out node select_ln198_1)   --->   "%trunc_ln = partselect i8 @_ssdm_op_PartSelect.i8.i20.i32.i32, i20 %add_ln192_3, i32 12, i32 19" [C:/Vivado_Projects/zed_hdmi/zed_hdmi.runs/synth_1/prj/sol/.autopilot/db/v_csc.cpp:198]   --->   Operation 124 'partselect' 'trunc_ln' <Predicate = true> <Delay = 0.00>
ST_6 : Operation 125 [1/1] (0.00ns) (grouped into LUT with out node select_ln198_1)   --->   "%select_ln198 = select i1 %icmp_ln198_1, i8 %ClipMax_read_1, i8 %trunc_ln" [C:/Vivado_Projects/zed_hdmi/zed_hdmi.runs/synth_1/prj/sol/.autopilot/db/v_csc.cpp:198]   --->   Operation 125 'select' 'select_ln198' <Predicate = true> <Delay = 0.00> <CoreInst = "Sel">   --->   Core 73 'Sel' <Latency = 0> <II = 1> <Delay = 1.24> <FuncUnit> <Opcode : 'select'> <InPorts = 3> <OutPorts = 1>
ST_6 : Operation 126 [1/1] (1.24ns) (out node of the LUT)   --->   "%select_ln198_1 = select i1 %icmp_ln198, i8 %ClampMin_read_1, i8 %select_ln198" [C:/Vivado_Projects/zed_hdmi/zed_hdmi.runs/synth_1/prj/sol/.autopilot/db/v_csc.cpp:198]   --->   Operation 126 'select' 'select_ln198_1' <Predicate = true> <Delay = 1.24> <CoreInst = "Sel">   --->   Core 73 'Sel' <Latency = 0> <II = 1> <Delay = 1.24> <FuncUnit> <Opcode : 'select'> <InPorts = 3> <OutPorts = 1>
ST_6 : Operation 127 [1/1] (1.81ns)   --->   "%icmp_ln199 = icmp_slt  i14 %Gres, i14 %p_read12_cast_cast" [C:/Vivado_Projects/zed_hdmi/zed_hdmi.runs/synth_1/prj/sol/.autopilot/db/v_csc.cpp:199]   --->   Operation 127 'icmp' 'icmp_ln199' <Predicate = true> <Delay = 1.81> <CoreInst = "Cmp">   --->   Core 9 'Cmp' <Latency = 0> <II = 1> <Delay = 1.81> <FuncUnit> <Opcode : 'seteq' 'setne' 'setle' 'setge' 'setlt' 'setgt'> <InPorts = 2> <OutPorts = 1>
ST_6 : Operation 128 [1/1] (1.81ns)   --->   "%icmp_ln199_1 = icmp_sgt  i14 %Gres, i14 %p_read13_cast_cast" [C:/Vivado_Projects/zed_hdmi/zed_hdmi.runs/synth_1/prj/sol/.autopilot/db/v_csc.cpp:199]   --->   Operation 128 'icmp' 'icmp_ln199_1' <Predicate = true> <Delay = 1.81> <CoreInst = "Cmp">   --->   Core 9 'Cmp' <Latency = 0> <II = 1> <Delay = 1.81> <FuncUnit> <Opcode : 'seteq' 'setne' 'setle' 'setge' 'setlt' 'setgt'> <InPorts = 2> <OutPorts = 1>
ST_6 : Operation 129 [1/1] (0.00ns) (grouped into LUT with out node select_ln199_1)   --->   "%trunc_ln1 = partselect i8 @_ssdm_op_PartSelect.i8.i20.i32.i32, i20 %add_ln194_3, i32 12, i32 19" [C:/Vivado_Projects/zed_hdmi/zed_hdmi.runs/synth_1/prj/sol/.autopilot/db/v_csc.cpp:199]   --->   Operation 129 'partselect' 'trunc_ln1' <Predicate = true> <Delay = 0.00>
ST_6 : Operation 130 [1/1] (1.81ns)   --->   "%icmp_ln200 = icmp_slt  i14 %Bres, i14 %p_read12_cast_cast" [C:/Vivado_Projects/zed_hdmi/zed_hdmi.runs/synth_1/prj/sol/.autopilot/db/v_csc.cpp:200]   --->   Operation 130 'icmp' 'icmp_ln200' <Predicate = true> <Delay = 1.81> <CoreInst = "Cmp">   --->   Core 9 'Cmp' <Latency = 0> <II = 1> <Delay = 1.81> <FuncUnit> <Opcode : 'seteq' 'setne' 'setle' 'setge' 'setlt' 'setgt'> <InPorts = 2> <OutPorts = 1>
ST_6 : Operation 131 [1/1] (1.81ns)   --->   "%icmp_ln200_1 = icmp_sgt  i14 %Bres, i14 %p_read13_cast_cast" [C:/Vivado_Projects/zed_hdmi/zed_hdmi.runs/synth_1/prj/sol/.autopilot/db/v_csc.cpp:200]   --->   Operation 131 'icmp' 'icmp_ln200_1' <Predicate = true> <Delay = 1.81> <CoreInst = "Cmp">   --->   Core 9 'Cmp' <Latency = 0> <II = 1> <Delay = 1.81> <FuncUnit> <Opcode : 'seteq' 'setne' 'setle' 'setge' 'setlt' 'setgt'> <InPorts = 2> <OutPorts = 1>
ST_6 : Operation 132 [1/1] (0.00ns) (grouped into LUT with out node select_ln200_1)   --->   "%trunc_ln2 = partselect i8 @_ssdm_op_PartSelect.i8.i20.i32.i32, i20 %add_ln196_3, i32 12, i32 19" [C:/Vivado_Projects/zed_hdmi/zed_hdmi.runs/synth_1/prj/sol/.autopilot/db/v_csc.cpp:200]   --->   Operation 132 'partselect' 'trunc_ln2' <Predicate = true> <Delay = 0.00>
ST_6 : Operation 133 [1/1] (0.00ns) (grouped into LUT with out node select_ln200_1)   --->   "%select_ln200 = select i1 %icmp_ln200_1, i8 %ClipMax_read_1, i8 %trunc_ln2" [C:/Vivado_Projects/zed_hdmi/zed_hdmi.runs/synth_1/prj/sol/.autopilot/db/v_csc.cpp:200]   --->   Operation 133 'select' 'select_ln200' <Predicate = true> <Delay = 0.00> <CoreInst = "Sel">   --->   Core 73 'Sel' <Latency = 0> <II = 1> <Delay = 1.24> <FuncUnit> <Opcode : 'select'> <InPorts = 3> <OutPorts = 1>
ST_6 : Operation 134 [1/1] (1.24ns) (out node of the LUT)   --->   "%select_ln200_1 = select i1 %icmp_ln200, i8 %ClampMin_read_1, i8 %select_ln200" [C:/Vivado_Projects/zed_hdmi/zed_hdmi.runs/synth_1/prj/sol/.autopilot/db/v_csc.cpp:200]   --->   Operation 134 'select' 'select_ln200_1' <Predicate = true> <Delay = 1.24> <CoreInst = "Sel">   --->   Core 73 'Sel' <Latency = 0> <II = 1> <Delay = 1.24> <FuncUnit> <Opcode : 'select'> <InPorts = 3> <OutPorts = 1>
ST_6 : Operation 135 [1/1] (0.00ns) (grouped into LUT with out node select_ln199_1)   --->   "%select_ln199 = select i1 %icmp_ln199_1, i8 %ClipMax_read_1, i8 %trunc_ln1" [C:/Vivado_Projects/zed_hdmi/zed_hdmi.runs/synth_1/prj/sol/.autopilot/db/v_csc.cpp:199]   --->   Operation 135 'select' 'select_ln199' <Predicate = true> <Delay = 0.00> <CoreInst = "Sel">   --->   Core 73 'Sel' <Latency = 0> <II = 1> <Delay = 1.24> <FuncUnit> <Opcode : 'select'> <InPorts = 3> <OutPorts = 1>
ST_6 : Operation 136 [1/1] (1.24ns) (out node of the LUT)   --->   "%select_ln199_1 = select i1 %icmp_ln199, i8 %ClampMin_read_1, i8 %select_ln199" [C:/Vivado_Projects/zed_hdmi/zed_hdmi.runs/synth_1/prj/sol/.autopilot/db/v_csc.cpp:199]   --->   Operation 136 'select' 'select_ln199_1' <Predicate = true> <Delay = 1.24> <CoreInst = "Sel">   --->   Core 73 'Sel' <Latency = 0> <II = 1> <Delay = 1.24> <FuncUnit> <Opcode : 'select'> <InPorts = 3> <OutPorts = 1>
ST_6 : Operation 142 [1/1] (1.58ns)   --->   "%ret_ln0 = ret"   --->   Operation 142 'ret' 'ret_ln0' <Predicate = (icmp_ln136)> <Delay = 1.58>

State 7 <SV = 6> <Delay = 2.45>
ST_7 : Operation 137 [1/1] (0.00ns)   --->   "%specpipeline_ln139 = specpipeline void @_ssdm_op_SpecPipeline, i32 1, i32 0, i32 0, i32 0, void @empty_26" [C:/Vivado_Projects/zed_hdmi/zed_hdmi.runs/synth_1/prj/sol/.autopilot/db/v_csc.cpp:139]   --->   Operation 137 'specpipeline' 'specpipeline_ln139' <Predicate = true> <Delay = 0.00>
ST_7 : Operation 138 [1/1] (0.00ns)   --->   "%specloopname_ln136 = specloopname void @_ssdm_op_SpecLoopName, void @empty_20" [C:/Vivado_Projects/zed_hdmi/zed_hdmi.runs/synth_1/prj/sol/.autopilot/db/v_csc.cpp:136]   --->   Operation 138 'specloopname' 'specloopname_ln136' <Predicate = true> <Delay = 0.00>
ST_7 : Operation 139 [1/1] (0.00ns)   --->   "%or_ln205_3 = bitconcatenate i24 @_ssdm_op_BitConcatenate.i24.i8.i8.i8, i8 %select_ln200_1, i8 %select_ln199_1, i8 %select_ln198_1" [C:/Vivado_Projects/zed_hdmi/zed_hdmi.runs/synth_1/prj/sol/.autopilot/db/v_csc.cpp:205]   --->   Operation 139 'bitconcatenate' 'or_ln205_3' <Predicate = true> <Delay = 0.00>
ST_7 : Operation 140 [1/1] (2.45ns)   --->   "%write_ln205 = write void @_ssdm_op_Write.ap_fifo.volatile.i24P0A, i24 %stream_csc, i24 %or_ln205_3" [C:/Vivado_Projects/zed_hdmi/zed_hdmi.runs/synth_1/prj/sol/.autopilot/db/v_csc.cpp:205]   --->   Operation 140 'write' 'write_ln205' <Predicate = true> <Delay = 2.45> <CoreInst = "FIFO_SRL">   --->   Core 80 'FIFO_SRL' <Latency = 0> <II = 1> <Delay = 3.80> <Storage> <Opcode : 'read' 'write' 'nbread' 'nbwrite'> <Ports = 0> <Width = 24> <Depth = 16> <FIFO>
ST_7 : Operation 141 [1/1] (0.00ns)   --->   "%br_ln136 = br void %VITIS_LOOP_142_3" [C:/Vivado_Projects/zed_hdmi/zed_hdmi.runs/synth_1/prj/sol/.autopilot/db/v_csc.cpp:136]   --->   Operation 141 'br' 'br_ln136' <Predicate = true> <Delay = 0.00>


============================================================
+ Verbose Summary: Timing violations
============================================================
Target clock period: 6.734ns, clock uncertainty: 1.818ns.

 <State 1>: 4.723ns
The critical path consists of the following:
	'store' operation 0 bit ('store_ln105', C:/Vivado_Projects/zed_hdmi/zed_hdmi.runs/synth_1/prj/sol/.autopilot/db/v_csc.cpp:105) of constant 1 on local variable 'x', C:/Vivado_Projects/zed_hdmi/zed_hdmi.runs/synth_1/prj/sol/.autopilot/db/v_csc.cpp:105 [54]  (1.588 ns)
	'load' operation 12 bit ('x', C:/Vivado_Projects/zed_hdmi/zed_hdmi.runs/synth_1/prj/sol/.autopilot/db/v_csc.cpp:136) on local variable 'x', C:/Vivado_Projects/zed_hdmi/zed_hdmi.runs/synth_1/prj/sol/.autopilot/db/v_csc.cpp:105 [57]  (0.000 ns)
	'icmp' operation 1 bit ('icmp_ln136', C:/Vivado_Projects/zed_hdmi/zed_hdmi.runs/synth_1/prj/sol/.autopilot/db/v_csc.cpp:136) [59]  (1.547 ns)
	'store' operation 0 bit ('store_ln105', C:/Vivado_Projects/zed_hdmi/zed_hdmi.runs/synth_1/prj/sol/.autopilot/db/v_csc.cpp:105) of variable 'x', C:/Vivado_Projects/zed_hdmi/zed_hdmi.runs/synth_1/prj/sol/.autopilot/db/v_csc.cpp:136 on local variable 'x', C:/Vivado_Projects/zed_hdmi/zed_hdmi.runs/synth_1/prj/sol/.autopilot/db/v_csc.cpp:105 [137]  (1.588 ns)

 <State 2>: 3.508ns
The critical path consists of the following:
	fifo read operation ('stream_in_read', C:/Vivado_Projects/zed_hdmi/zed_hdmi.runs/synth_1/prj/sol/.autopilot/db/v_csc.cpp:140) on port 'stream_in' (C:/Vivado_Projects/zed_hdmi/zed_hdmi.runs/synth_1/prj/sol/.autopilot/db/v_csc.cpp:140) [64]  (2.458 ns)
	'mul' operation 24 bit of DSP[77] ('mul_ln192', C:/Vivado_Projects/zed_hdmi/zed_hdmi.runs/synth_1/prj/sol/.autopilot/db/v_csc.cpp:192) [71]  (1.050 ns)

 <State 3>: 3.349ns
The critical path consists of the following:
	'mul' operation 24 bit ('mul_ln192_1', C:/Vivado_Projects/zed_hdmi/zed_hdmi.runs/synth_1/prj/sol/.autopilot/db/v_csc.cpp:192) [73]  (3.349 ns)

 <State 4>: 3.349ns
The critical path consists of the following:
	'mul' operation 24 bit ('mul_ln192_1', C:/Vivado_Projects/zed_hdmi/zed_hdmi.runs/synth_1/prj/sol/.autopilot/db/v_csc.cpp:192) [73]  (3.349 ns)

 <State 5>: 4.659ns
The critical path consists of the following:
	'add' operation 25 bit ('add_ln192_1', C:/Vivado_Projects/zed_hdmi/zed_hdmi.runs/synth_1/prj/sol/.autopilot/db/v_csc.cpp:192) [81]  (2.314 ns)
	'add' operation 26 bit ('add_ln192_2', C:/Vivado_Projects/zed_hdmi/zed_hdmi.runs/synth_1/prj/sol/.autopilot/db/v_csc.cpp:192) [85]  (2.344 ns)

 <State 6>: 3.444ns
The critical path consists of the following:
	'add' operation 20 bit ('add_ln192_3', C:/Vivado_Projects/zed_hdmi/zed_hdmi.runs/synth_1/prj/sol/.autopilot/db/v_csc.cpp:192) [84]  (2.196 ns)
	'select' operation 8 bit ('select_ln198', C:/Vivado_Projects/zed_hdmi/zed_hdmi.runs/synth_1/prj/sol/.autopilot/db/v_csc.cpp:198) [122]  (0.000 ns)
	'select' operation 8 bit ('select_ln198_1', C:/Vivado_Projects/zed_hdmi/zed_hdmi.runs/synth_1/prj/sol/.autopilot/db/v_csc.cpp:198) [123]  (1.248 ns)

 <State 7>: 2.458ns
The critical path consists of the following:
	fifo write operation ('write_ln205', C:/Vivado_Projects/zed_hdmi/zed_hdmi.runs/synth_1/prj/sol/.autopilot/db/v_csc.cpp:205) on port 'stream_csc' (C:/Vivado_Projects/zed_hdmi/zed_hdmi.runs/synth_1/prj/sol/.autopilot/db/v_csc.cpp:205) [135]  (2.458 ns)


============================================================
+ Verbose Summary: Binding
============================================================
N/A
* FSMD analyzer results:
  - Output states:
 - Input state : 
  - Chain level:
	State 1
	State 2
	State 3
	State 4
	State 5
	State 6
	State 7


============================================================
+ Verbose Summary: Datapath Resource usage 
============================================================
N/A
