Copyright 1986-2022 Xilinx, Inc. All Rights Reserved. Copyright 2022-2024 Advanced Micro Devices, Inc. All Rights Reserved.
---------------------------------------------------------------------------------------------------------------------------------------------
| Tool Version : Vivado v.2024.1 (win64) Build 5076996 Wed May 22 18:37:14 MDT 2024
| Date         : Sun Aug 24 18:09:46 2025
| Host         : Saurav running 64-bit major release  (build 9200)
| Command      : upgrade_project -migrate_output_products
| Project_Path : C:/Vivado_Projects/zed_hdmi/zed_hdmi.xpr
---------------------------------------------------------------------------------------------------------------------------------------------

Project Status Summary

1. Project IP Status
--------------------
This project contains 3 IP and 1 Block Designs.


1.1 Project IP Instances
+---------------------------------+-------------------------+-------------------------------------+-------------------------------------+
| Instance Name                   | Status                  | Reason                              | Recommendation                      |
+---------------------------------+-------------------------+-------------------------------------+-------------------------------------+
| blk_mem_gen_0                   | Will be Migrated.       |                                     |                                     |
+---------------------------------+-------------------------+-------------------------------------+-------------------------------------+
| blk_mem_gen_2                   | Will be Migrated.       |                                     |                                     |
+---------------------------------+-------------------------+-------------------------------------+-------------------------------------+
| design_1_auto_pc_0              | Will be Migrated.       |                                     |                                     |
+---------------------------------+-------------------------+-------------------------------------+-------------------------------------+
| design_1_auto_pc_1              | Will be Migrated.       |                                     |                                     |
+---------------------------------+-------------------------+-------------------------------------+-------------------------------------+
| design_1_auto_pc_2              | Will be Migrated.       |                                     |                                     |
+---------------------------------+-------------------------+-------------------------------------+-------------------------------------+
| design_1_axi_bram_ctrl_0_0      | Will be Migrated.       |                                     |                                     |
+---------------------------------+-------------------------+-------------------------------------+-------------------------------------+
| design_1_axi_iic_0_0            | Will be Migrated.       |                                     |                                     |
+---------------------------------+-------------------------+-------------------------------------+-------------------------------------+
| design_1_axi_smc_0              | Will be Migrated.       |                                     |                                     |
+---------------------------------+-------------------------+-------------------------------------+-------------------------------------+
| design_1_axi_vdma_0_0           | Will be Migrated.       |                                     |                                     |
+---------------------------------+-------------------------+-------------------------------------+-------------------------------------+
| design_1_blk_mem_gen_0_0        | Will be Migrated.       |                                     |                                     |
+---------------------------------+-------------------------+-------------------------------------+-------------------------------------+
| design_1_c_rsample_0_0          | Will be Migrated.       |                                     |                                     |
+---------------------------------+-------------------------+-------------------------------------+-------------------------------------+
| design_1_clk_wiz_0_0            | Will be Migrated.       |                                     |                                     |
+---------------------------------+-------------------------+-------------------------------------+-------------------------------------+
| design_1_processing_system7_0_0 | Will be Migrated.       |                                     |                                     |
+---------------------------------+-------------------------+-------------------------------------+-------------------------------------+
| design_1_ps7_0_axi_periph_0     | Will be Migrated.       |                                     |                                     |
+---------------------------------+-------------------------+-------------------------------------+-------------------------------------+
| design_1_rst_clk_wiz_0_148M_0   | Will be Migrated.       |                                     |                                     |
+---------------------------------+-------------------------+-------------------------------------+-------------------------------------+
| design_1_top_0_1                | Will be Migrated.       |                                     |                                     |
+---------------------------------+-------------------------+-------------------------------------+-------------------------------------+
| design_1_v_axi4s_vid_out_0_0    | Will be Migrated.       |                                     |                                     |
+---------------------------------+-------------------------+-------------------------------------+-------------------------------------+
| design_1_v_rgb2ycrcb_0_0        | Will be Migrated.       |                                     |                                     |
+---------------------------------+-------------------------+-------------------------------------+-------------------------------------+
| design_1_v_tc_0_0               | Will be Migrated.       |                                     |                                     |
+---------------------------------+-------------------------+-------------------------------------+-------------------------------------+
| design_1_xbar_0                 | Will be Migrated.       |                                     |                                     |
+---------------------------------+-------------------------+-------------------------------------+-------------------------------------+
| design_1_xlconstant_0_0         | Will be Migrated.       |                                     |                                     |
+---------------------------------+-------------------------+-------------------------------------+-------------------------------------+
| design_1_xlconstant_1_0         | Will be Migrated.       |                                     |                                     |
+---------------------------------+-------------------------+-------------------------------------+-------------------------------------+
| design_1_zed_hdmi_out_0_0       | Will be Migrated.       |                                     |                                     |
+---------------------------------+-------------------------+-------------------------------------+-------------------------------------+
| xadc_wiz_0                      | Will be Migrated.       |                                     |                                     |
+---------------------------------+-------------------------+-------------------------------------+-------------------------------------+


1.2 Project Block Designs
+----------+-------------------------+-------------------------------------+-------------------------------------+
| Design   | Status                  | Reason                              | Recommendation                      |
| Name     |                         |                                     |                                     |
+----------+-------------------------+-------------------------------------+-------------------------------------+
| design_1 | Will be Migrated.       |                                     |                                     |
+----------+-------------------------+-------------------------------------+-------------------------------------+



