#-----------------------------------------------------------
# Vivado v2024.1 (64-bit)
# SW Build 5076996 on Wed May 22 18:37:14 MDT 2024
# IP Build 5075265 on Wed May 22 21:45:21 MDT 2024
# SharedData Build 5076995 on Wed May 22 18:29:18 MDT 2024
# Start of session at: Wed Sep 10 15:22:06 2025
# Process ID: 10368
# Current directory: C:/Vivado_Projects/zed_hdmi/zed_hdmi.runs/synth_1/prj/sol/impl/ip
# Command line: vivado.exe -notrace -mode batch -source run_ippack.tcl
# Log file: C:/Vivado_Projects/zed_hdmi/zed_hdmi.runs/synth_1/prj/sol/impl/ip/vivado.log
# Journal file: C:/Vivado_Projects/zed_hdmi/zed_hdmi.runs/synth_1/prj/sol/impl/ip\vivado.jou
# Running On        :Saurav
# Platform          :Windows Server 2016 or Windows 10
# Operating System  :26100
# Processor Detail  :13th Gen Intel(R) Core(TM) i5-13450HX
# CPU Frequency     :2611 MHz
# CPU Physical cores:10
# CPU Logical cores :16
# Host memory       :16873 MB
# Swap memory       :13433 MB
# Total Virtual     :30307 MB
# Available Virtual :12928 MB
#-----------------------------------------------------------
source run_ippack.tcl -notrace
INFO: calling package_hls_ip ip_types=vitis sysgen json_file=C:/Vivado_Projects/zed_hdmi/zed_hdmi.runs/synth_1/prj/sol/sol_data.json outdir=C:/Vivado_Projects/zed_hdmi/zed_hdmi.runs/synth_1/prj/sol/impl/ip srcdir=C:/Vivado_Projects/zed_hdmi/zed_hdmi.runs/synth_1/prj/sol sort_interfaces_ports=false
INFO: Copied 1 ipmisc file(s) to C:/Vivado_Projects/zed_hdmi/zed_hdmi.runs/synth_1/prj/sol/impl/ip/misc
INFO: Copied 30 verilog file(s) to C:/Vivado_Projects/zed_hdmi/zed_hdmi.runs/synth_1/prj/sol/impl/ip/hdl/verilog
INFO: Copied 24 vhdl file(s) to C:/Vivado_Projects/zed_hdmi/zed_hdmi.runs/synth_1/prj/sol/impl/ip/hdl/vhdl
INFO: Copied 10 swdriver file(s) to C:/Vivado_Projects/zed_hdmi/zed_hdmi.runs/synth_1/prj/sol/impl/ip/drivers
ipx::create_core: Time (s): cpu = 00:00:12 ; elapsed = 00:00:14 . Memory (MB): peak = 594.801 ; gain = 230.461
INFO: Import ports from HDL: C:/Vivado_Projects/zed_hdmi/zed_hdmi.runs/synth_1/prj/sol/impl/ip/hdl/vhdl/bd_19ea_csc_0_v_csc.vhd (bd_19ea_csc_0_v_csc)
INFO: Add axi4lite interface s_axi_CTRL
INFO: Add clock interface ap_clk
INFO: Add reset interface ap_rst_n
INFO: Add interrupt interface interrupt
INFO: [IP_Flow 19-234] Refreshing IP repositories
INFO: [IP_Flow 19-1704] No user IP repositories specified
INFO: [IP_Flow 19-2313] Loaded Vivado IP repository 'C:/Xilinx/Vivado/2024.1/data/ip'.
INFO: Add axi4stream interface s_axis_video
INFO: Add axi4stream interface m_axis_video
INFO: Calling post_process_vitis to specialize IP
INFO: Calling post_process_sysgen to specialize IP
Generating sysgen info xml from json file
INFO: Created IP C:/Vivado_Projects/zed_hdmi/zed_hdmi.runs/synth_1/prj/sol/impl/ip/component.xml
INFO: Created IP archive C:/Vivado_Projects/zed_hdmi/zed_hdmi.runs/synth_1/prj/sol/impl/ip/xilinx_com_ip_v_csc_1_1.zip
INFO: [Common 17-206] Exiting Vivado at Wed Sep 10 15:22:27 2025...
