INFO: [VRFC 10-2263] Analyzing Verilog file "C:/Vivado_Projects/zed_hdmi/zed_hdmi.srcs/sources_1/imports/sources_1/new/cresample.v" into library xil_defaultlib
INFO: [VRFC 10-311] analyzing module c_rsample
INFO: [VRFC 10-2263] Analyzing Verilog file "C:/Vivado_Projects/zed_hdmi/zed_hdmi.gen/sources_1/ip/xadc_wiz_0/xadc_wiz_0.v" into library xil_defaultlib
INFO: [VRFC 10-311] analyzing module xadc_wiz_0
INFO: [VRFC 10-2263] Analyzing Verilog file "C:/Vivado_Projects/zed_hdmi/zed_hdmi.gen/sources_1/ip/blk_mem_gen_2/sim/blk_mem_gen_2.v" into library xil_defaultlib
INFO: [VRFC 10-311] analyzing module blk_mem_gen_2
INFO: [VRFC 10-2263] Analyzing Verilog file "C:/Vivado_Projects/zed_hdmi/zed_hdmi.gen/sources_1/ip/blk_mem_gen_0/sim/blk_mem_gen_0.v" into library xil_defaultlib
INFO: [VRFC 10-311] analyzing module blk_mem_gen_0
INFO: [VRFC 10-2263] Analyzing Verilog file "C:/Vivado_Projects/zed_hdmi/zed_hdmi.srcs/sources_1/imports/sources_1/imports/new/fft_ver2.v" into library xil_defaultlib
INFO: [VRFC 10-311] analyzing module fft_ver2
INFO: [VRFC 10-2263] Analyzing Verilog file "C:/Vivado_Projects/zed_hdmi/zed_hdmi.srcs/sources_1/imports/sources_1/new/sampler.v" into library xil_defaultlib
INFO: [VRFC 10-311] analyzing module sampler
INFO: [VRFC 10-2263] Analyzing Verilog file "C:/Vivado_Projects/zed_hdmi/zed_hdmi.srcs/sources_1/imports/sources_1/imports/new/unit.v" into library xil_defaultlib
INFO: [VRFC 10-311] analyzing module unit
INFO: [VRFC 10-2263] Analyzing Verilog file "C:/Vivado_Projects/zed_hdmi/zed_hdmi.srcs/sources_1/imports/sources_1/new/top.v" into library xil_defaultlib
INFO: [VRFC 10-311] analyzing module top
INFO: [VRFC 10-2263] Analyzing Verilog file "C:/Vivado_Projects/zed_hdmi/zed_hdmi.ip_user_files/bd/design_1/ip/design_1_clk_wiz_0_0/design_1_clk_wiz_0_0_clk_wiz.v" into library xil_defaultlib
INFO: [VRFC 10-311] analyzing module design_1_clk_wiz_0_0_clk_wiz
INFO: [VRFC 10-2263] Analyzing Verilog file "C:/Vivado_Projects/zed_hdmi/zed_hdmi.ip_user_files/bd/design_1/ip/design_1_clk_wiz_0_0/design_1_clk_wiz_0_0.v" into library xil_defaultlib
INFO: [VRFC 10-311] analyzing module design_1_clk_wiz_0_0
INFO: [VRFC 10-2263] Analyzing Verilog file "C:/Vivado_Projects/zed_hdmi/zed_hdmi.ip_user_files/bd/design_1/ip/design_1_v_axi4s_vid_out_0_0/sim/design_1_v_axi4s_vid_out_0_0.v" into library xil_defaultlib
INFO: [VRFC 10-311] analyzing module design_1_v_axi4s_vid_out_0_0
INFO: [VRFC 10-2263] Analyzing Verilog file "C:/Vivado_Projects/zed_hdmi/zed_hdmi.ip_user_files/bd/design_1/ip/design_1_xlconstant_0_0/sim/design_1_xlconstant_0_0.v" into library xil_defaultlib
INFO: [VRFC 10-311] analyzing module design_1_xlconstant_0_0
INFO: [VRFC 10-2263] Analyzing Verilog file "C:/Vivado_Projects/zed_hdmi/zed_hdmi.ip_user_files/bd/design_1/ip/design_1_processing_system7_0_0/sim/design_1_processing_system7_0_0.v" into library xil_defaultlib
INFO: [VRFC 10-311] analyzing module design_1_processing_system7_0_0
INFO: [VRFC 10-2263] Analyzing Verilog file "C:/Vivado_Projects/zed_hdmi/zed_hdmi.ip_user_files/bd/design_1/ip/design_1_axi_smc_0/bd_0/sim/bd_afc3.v" into library xil_defaultlib
INFO: [VRFC 10-311] analyzing module bd_afc3
INFO: [VRFC 10-311] analyzing module clk_map_imp_5Y9LOC
INFO: [VRFC 10-311] analyzing module m00_exit_pipeline_imp_1TZX5BB
INFO: [VRFC 10-311] analyzing module s00_entry_pipeline_imp_USCCV8
INFO: [VRFC 10-311] analyzing module s00_nodes_imp_Y7M43I
INFO: [VRFC 10-2263] Analyzing Verilog file "C:/Vivado_Projects/zed_hdmi/zed_hdmi.ip_user_files/bd/design_1/ip/design_1_axi_smc_0/bd_0/ip/ip_0/sim/bd_afc3_one_0.v" into library xil_defaultlib
INFO: [VRFC 10-311] analyzing module bd_afc3_one_0
INFO: [VRFC 10-2263] Analyzing SystemVerilog file "C:/Vivado_Projects/zed_hdmi/zed_hdmi.ip_user_files/bd/design_1/ip/design_1_axi_smc_0/bd_0/ip/ip_2/sim/bd_afc3_s00mmu_0.sv" into library xil_defaultlib
INFO: [VRFC 10-311] analyzing module bd_afc3_s00mmu_0
INFO: [VRFC 10-2263] Analyzing SystemVerilog file "C:/Vivado_Projects/zed_hdmi/zed_hdmi.ip_user_files/bd/design_1/ip/design_1_axi_smc_0/bd_0/ip/ip_3/sim/bd_afc3_s00tr_0.sv" into library xil_defaultlib
INFO: [VRFC 10-311] analyzing module bd_afc3_s00tr_0
INFO: [VRFC 10-2263] Analyzing SystemVerilog file "C:/Vivado_Projects/zed_hdmi/zed_hdmi.ip_user_files/bd/design_1/ip/design_1_axi_smc_0/bd_0/ip/ip_4/sim/bd_afc3_s00sic_0.sv" into library xil_defaultlib
INFO: [VRFC 10-311] analyzing module bd_afc3_s00sic_0
INFO: [VRFC 10-2263] Analyzing SystemVerilog file "C:/Vivado_Projects/zed_hdmi/zed_hdmi.ip_user_files/bd/design_1/ip/design_1_axi_smc_0/bd_0/ip/ip_5/sim/bd_afc3_s00a2s_0.sv" into library xil_defaultlib
INFO: [VRFC 10-311] analyzing module bd_afc3_s00a2s_0
INFO: [VRFC 10-2263] Analyzing SystemVerilog file "C:/Vivado_Projects/zed_hdmi/zed_hdmi.ip_user_files/bd/design_1/ip/design_1_axi_smc_0/bd_0/ip/ip_6/sim/bd_afc3_sarn_0.sv" into library xil_defaultlib
INFO: [VRFC 10-311] analyzing module bd_afc3_sarn_0
INFO: [VRFC 10-2263] Analyzing SystemVerilog file "C:/Vivado_Projects/zed_hdmi/zed_hdmi.ip_user_files/bd/design_1/ip/design_1_axi_smc_0/bd_0/ip/ip_7/sim/bd_afc3_srn_0.sv" into library xil_defaultlib
INFO: [VRFC 10-311] analyzing module bd_afc3_srn_0
INFO: [VRFC 10-2263] Analyzing SystemVerilog file "C:/Vivado_Projects/zed_hdmi/zed_hdmi.ip_user_files/bd/design_1/ip/design_1_axi_smc_0/bd_0/ip/ip_8/sim/bd_afc3_m00s2a_0.sv" into library xil_defaultlib
INFO: [VRFC 10-311] analyzing module bd_afc3_m00s2a_0
INFO: [VRFC 10-2263] Analyzing SystemVerilog file "C:/Vivado_Projects/zed_hdmi/zed_hdmi.ip_user_files/bd/design_1/ip/design_1_axi_smc_0/bd_0/ip/ip_9/sim/bd_afc3_m00e_0.sv" into library xil_defaultlib
INFO: [VRFC 10-311] analyzing module bd_afc3_m00e_0
INFO: [VRFC 10-2263] Analyzing Verilog file "C:/Vivado_Projects/zed_hdmi/zed_hdmi.ip_user_files/bd/design_1/ip/design_1_axi_smc_0/sim/design_1_axi_smc_0.v" into library xil_defaultlib
INFO: [VRFC 10-311] analyzing module design_1_axi_smc_0
INFO: [VRFC 10-2263] Analyzing Verilog file "C:/Vivado_Projects/zed_hdmi/zed_hdmi.ip_user_files/bd/design_1/ip/design_1_xlconstant_1_0/sim/design_1_xlconstant_1_0.v" into library xil_defaultlib
INFO: [VRFC 10-311] analyzing module design_1_xlconstant_1_0
INFO: [VRFC 10-2263] Analyzing Verilog file "C:/Vivado_Projects/zed_hdmi/zed_hdmi.ip_user_files/bd/design_1/ip/design_1_c_rsample_0_0/sim/design_1_c_rsample_0_0.v" into library xil_defaultlib
INFO: [VRFC 10-311] analyzing module design_1_c_rsample_0_0
INFO: [VRFC 10-2263] Analyzing Verilog file "C:/Vivado_Projects/zed_hdmi/zed_hdmi.ip_user_files/bd/design_1/ip/design_1_top_0_1/sim/design_1_top_0_1.v" into library xil_defaultlib
INFO: [VRFC 10-311] analyzing module design_1_top_0_1
INFO: [VRFC 10-2263] Analyzing Verilog file "C:/Vivado_Projects/zed_hdmi/zed_hdmi.ip_user_files/bd/design_1/ip/design_1_blk_mem_gen_0_0/sim/design_1_blk_mem_gen_0_0.v" into library xil_defaultlib
INFO: [VRFC 10-311] analyzing module design_1_blk_mem_gen_0_0
INFO: [VRFC 10-2263] Analyzing Verilog file "C:/Vivado_Projects/zed_hdmi/zed_hdmi.ip_user_files/bd/design_1/ip/design_1_xbar_0/sim/design_1_xbar_0.v" into library xil_defaultlib
INFO: [VRFC 10-311] analyzing module design_1_xbar_0
INFO: [VRFC 10-2263] Analyzing Verilog file "C:/Vivado_Projects/zed_hdmi/zed_hdmi.ip_user_files/bd/design_1/sim/design_1.v" into library xil_defaultlib
INFO: [VRFC 10-311] analyzing module design_1
INFO: [VRFC 10-311] analyzing module design_1_ps7_0_axi_periph_0
INFO: [VRFC 10-311] analyzing module m00_couplers_imp_15SPJYW
INFO: [VRFC 10-311] analyzing module m01_couplers_imp_XU9C55
INFO: [VRFC 10-311] analyzing module m02_couplers_imp_14WQB4R
INFO: [VRFC 10-311] analyzing module s00_couplers_imp_UYSKKA
INFO: [VRFC 10-2263] Analyzing Verilog file "C:/Vivado_Projects/zed_hdmi/zed_hdmi.ip_user_files/bd/design_1/ip/design_1_v_proc_ss_0_0/bd_0/ip/ip_0/hdl/verilog/bd_d92b_csc_0_AXIvideo2MultiPixStream.v" into library xil_defaultlib
INFO: [VRFC 10-311] analyzing module bd_d92b_csc_0_AXIvideo2MultiPixStream
INFO: [VRFC 10-2263] Analyzing Verilog file "C:/Vivado_Projects/zed_hdmi/zed_hdmi.ip_user_files/bd/design_1/ip/design_1_v_proc_ss_0_0/bd_0/ip/ip_0/hdl/verilog/bd_d92b_csc_0_AXIvideo2MultiPixStream_Pipeline_loop_wait_for_eol.v" into library xil_defaultlib
INFO: [VRFC 10-311] analyzing module bd_d92b_csc_0_AXIvideo2MultiPixStream_Pipeline_loop_wait_for_eol
INFO: [VRFC 10-2263] Analyzing Verilog file "C:/Vivado_Projects/zed_hdmi/zed_hdmi.ip_user_files/bd/design_1/ip/design_1_v_proc_ss_0_0/bd_0/ip/ip_0/hdl/verilog/bd_d92b_csc_0_AXIvideo2MultiPixStream_Pipeline_loop_wait_for_start.v" into library xil_defaultlib
INFO: [VRFC 10-311] analyzing module bd_d92b_csc_0_AXIvideo2MultiPixStream_Pipeline_loop_wait_for_start
INFO: [VRFC 10-2263] Analyzing Verilog file "C:/Vivado_Projects/zed_hdmi/zed_hdmi.ip_user_files/bd/design_1/ip/design_1_v_proc_ss_0_0/bd_0/ip/ip_0/hdl/verilog/bd_d92b_csc_0_AXIvideo2MultiPixStream_Pipeline_loop_width.v" into library xil_defaultlib
INFO: [VRFC 10-311] analyzing module bd_d92b_csc_0_AXIvideo2MultiPixStream_Pipeline_loop_width
INFO: [VRFC 10-2263] Analyzing Verilog file "C:/Vivado_Projects/zed_hdmi/zed_hdmi.ip_user_files/bd/design_1/ip/design_1_v_proc_ss_0_0/bd_0/ip/ip_0/hdl/verilog/bd_d92b_csc_0_Block_entry_split_proc.v" into library xil_defaultlib
INFO: [VRFC 10-311] analyzing module bd_d92b_csc_0_Block_entry_split_proc
INFO: [VRFC 10-2263] Analyzing Verilog file "C:/Vivado_Projects/zed_hdmi/zed_hdmi.ip_user_files/bd/design_1/ip/design_1_v_proc_ss_0_0/bd_0/ip/ip_0/hdl/verilog/bd_d92b_csc_0_CTRL_s_axi.v" into library xil_defaultlib
INFO: [VRFC 10-311] analyzing module bd_d92b_csc_0_CTRL_s_axi
INFO: [VRFC 10-2263] Analyzing Verilog file "C:/Vivado_Projects/zed_hdmi/zed_hdmi.ip_user_files/bd/design_1/ip/design_1_v_proc_ss_0_0/bd_0/ip/ip_0/hdl/verilog/bd_d92b_csc_0_fifo_w8_d2_S.v" into library xil_defaultlib
INFO: [VRFC 10-311] analyzing module bd_d92b_csc_0_fifo_w8_d2_S
INFO: [VRFC 10-311] analyzing module bd_d92b_csc_0_fifo_w8_d2_S_ShiftReg
INFO: [VRFC 10-2263] Analyzing Verilog file "C:/Vivado_Projects/zed_hdmi/zed_hdmi.ip_user_files/bd/design_1/ip/design_1_v_proc_ss_0_0/bd_0/ip/ip_0/hdl/verilog/bd_d92b_csc_0_fifo_w8_d3_S.v" into library xil_defaultlib
INFO: [VRFC 10-311] analyzing module bd_d92b_csc_0_fifo_w8_d3_S
INFO: [VRFC 10-311] analyzing module bd_d92b_csc_0_fifo_w8_d3_S_ShiftReg
INFO: [VRFC 10-2263] Analyzing Verilog file "C:/Vivado_Projects/zed_hdmi/zed_hdmi.ip_user_files/bd/design_1/ip/design_1_v_proc_ss_0_0/bd_0/ip/ip_0/hdl/verilog/bd_d92b_csc_0_fifo_w8_d4_S.v" into library xil_defaultlib
INFO: [VRFC 10-311] analyzing module bd_d92b_csc_0_fifo_w8_d4_S
INFO: [VRFC 10-311] analyzing module bd_d92b_csc_0_fifo_w8_d4_S_ShiftReg
INFO: [VRFC 10-2263] Analyzing Verilog file "C:/Vivado_Projects/zed_hdmi/zed_hdmi.ip_user_files/bd/design_1/ip/design_1_v_proc_ss_0_0/bd_0/ip/ip_0/hdl/verilog/bd_d92b_csc_0_fifo_w10_d3_S.v" into library xil_defaultlib
INFO: [VRFC 10-311] analyzing module bd_d92b_csc_0_fifo_w10_d3_S
INFO: [VRFC 10-311] analyzing module bd_d92b_csc_0_fifo_w10_d3_S_ShiftReg
INFO: [VRFC 10-2263] Analyzing Verilog file "C:/Vivado_Projects/zed_hdmi/zed_hdmi.ip_user_files/bd/design_1/ip/design_1_v_proc_ss_0_0/bd_0/ip/ip_0/hdl/verilog/bd_d92b_csc_0_fifo_w11_d2_S.v" into library xil_defaultlib
INFO: [VRFC 10-311] analyzing module bd_d92b_csc_0_fifo_w11_d2_S
INFO: [VRFC 10-311] analyzing module bd_d92b_csc_0_fifo_w11_d2_S_ShiftReg
INFO: [VRFC 10-2263] Analyzing Verilog file "C:/Vivado_Projects/zed_hdmi/zed_hdmi.ip_user_files/bd/design_1/ip/design_1_v_proc_ss_0_0/bd_0/ip/ip_0/hdl/verilog/bd_d92b_csc_0_fifo_w16_d3_S.v" into library xil_defaultlib
INFO: [VRFC 10-311] analyzing module bd_d92b_csc_0_fifo_w16_d3_S
INFO: [VRFC 10-311] analyzing module bd_d92b_csc_0_fifo_w16_d3_S_ShiftReg
INFO: [VRFC 10-2263] Analyzing Verilog file "C:/Vivado_Projects/zed_hdmi/zed_hdmi.ip_user_files/bd/design_1/ip/design_1_v_proc_ss_0_0/bd_0/ip/ip_0/hdl/verilog/bd_d92b_csc_0_fifo_w24_d16_S.v" into library xil_defaultlib
INFO: [VRFC 10-311] analyzing module bd_d92b_csc_0_fifo_w24_d16_S
INFO: [VRFC 10-311] analyzing module bd_d92b_csc_0_fifo_w24_d16_S_ShiftReg
INFO: [VRFC 10-2263] Analyzing Verilog file "C:/Vivado_Projects/zed_hdmi/zed_hdmi.ip_user_files/bd/design_1/ip/design_1_v_proc_ss_0_0/bd_0/ip/ip_0/hdl/verilog/bd_d92b_csc_0_flow_control_loop_pipe_sequential_init.v" into library xil_defaultlib
INFO: [VRFC 10-311] analyzing module bd_d92b_csc_0_flow_control_loop_pipe_sequential_init
INFO: [VRFC 10-2263] Analyzing Verilog file "C:/Vivado_Projects/zed_hdmi/zed_hdmi.ip_user_files/bd/design_1/ip/design_1_v_proc_ss_0_0/bd_0/ip/ip_0/hdl/verilog/bd_d92b_csc_0_hls_deadlock_detection_unit.v" into library xil_defaultlib
INFO: [VRFC 10-311] analyzing module bd_d92b_csc_0_hls_deadlock_detect_unit
INFO: [VRFC 10-2263] Analyzing Verilog file "C:/Vivado_Projects/zed_hdmi/zed_hdmi.ip_user_files/bd/design_1/ip/design_1_v_proc_ss_0_0/bd_0/ip/ip_0/hdl/verilog/bd_d92b_csc_0_hls_deadlock_idx0_monitor.v" into library xil_defaultlib
INFO: [VRFC 10-311] analyzing module bd_d92b_csc_0_hls_deadlock_idx0_monitor
INFO: [VRFC 10-2263] Analyzing Verilog file "C:/Vivado_Projects/zed_hdmi/zed_hdmi.ip_user_files/bd/design_1/ip/design_1_v_proc_ss_0_0/bd_0/ip/ip_0/hdl/verilog/bd_d92b_csc_0_hls_deadlock_idx1_monitor.v" into library xil_defaultlib
INFO: [VRFC 10-311] analyzing module bd_d92b_csc_0_hls_deadlock_idx1_monitor
INFO: [VRFC 10-2263] Analyzing Verilog file "C:/Vivado_Projects/zed_hdmi/zed_hdmi.ip_user_files/bd/design_1/ip/design_1_v_proc_ss_0_0/bd_0/ip/ip_0/hdl/verilog/bd_d92b_csc_0_mac_muladd_16s_8ns_22s_25_4_1.v" into library xil_defaultlib
INFO: [VRFC 10-311] analyzing module bd_d92b_csc_0_mac_muladd_16s_8ns_22s_25_4_1_DSP48_0
INFO: [VRFC 10-311] analyzing module bd_d92b_csc_0_mac_muladd_16s_8ns_22s_25_4_1
INFO: [VRFC 10-2263] Analyzing Verilog file "C:/Vivado_Projects/zed_hdmi/zed_hdmi.ip_user_files/bd/design_1/ip/design_1_v_proc_ss_0_0/bd_0/ip/ip_0/hdl/verilog/bd_d92b_csc_0_mul_16s_8ns_24_2_1.v" into library xil_defaultlib
INFO: [VRFC 10-311] analyzing module bd_d92b_csc_0_mul_16s_8ns_24_2_1
INFO: [VRFC 10-2263] Analyzing Verilog file "C:/Vivado_Projects/zed_hdmi/zed_hdmi.ip_user_files/bd/design_1/ip/design_1_v_proc_ss_0_0/bd_0/ip/ip_0/hdl/verilog/bd_d92b_csc_0_MultiPixStream2AXIvideo.v" into library xil_defaultlib
INFO: [VRFC 10-311] analyzing module bd_d92b_csc_0_MultiPixStream2AXIvideo
INFO: [VRFC 10-2263] Analyzing Verilog file "C:/Vivado_Projects/zed_hdmi/zed_hdmi.ip_user_files/bd/design_1/ip/design_1_v_proc_ss_0_0/bd_0/ip/ip_0/hdl/verilog/bd_d92b_csc_0_MultiPixStream2AXIvideo_Pipeline_VITIS_LOOP_664_2.v" into library xil_defaultlib
INFO: [VRFC 10-311] analyzing module bd_d92b_csc_0_MultiPixStream2AXIvideo_Pipeline_VITIS_LOOP_664_2
INFO: [VRFC 10-2263] Analyzing Verilog file "C:/Vivado_Projects/zed_hdmi/zed_hdmi.ip_user_files/bd/design_1/ip/design_1_v_proc_ss_0_0/bd_0/ip/ip_0/hdl/verilog/bd_d92b_csc_0_reg_unsigned_short_s.v" into library xil_defaultlib
INFO: [VRFC 10-311] analyzing module bd_d92b_csc_0_reg_unsigned_short_s
INFO: [VRFC 10-2263] Analyzing Verilog file "C:/Vivado_Projects/zed_hdmi/zed_hdmi.ip_user_files/bd/design_1/ip/design_1_v_proc_ss_0_0/bd_0/ip/ip_0/hdl/verilog/bd_d92b_csc_0_regslice_both.v" into library xil_defaultlib
INFO: [VRFC 10-311] analyzing module bd_d92b_csc_0_regslice_both
INFO: [VRFC 10-2263] Analyzing Verilog file "C:/Vivado_Projects/zed_hdmi/zed_hdmi.ip_user_files/bd/design_1/ip/design_1_v_proc_ss_0_0/bd_0/ip/ip_0/hdl/verilog/bd_d92b_csc_0_v_csc_core.v" into library xil_defaultlib
INFO: [VRFC 10-311] analyzing module bd_d92b_csc_0_v_csc_core
INFO: [VRFC 10-2263] Analyzing Verilog file "C:/Vivado_Projects/zed_hdmi/zed_hdmi.ip_user_files/bd/design_1/ip/design_1_v_proc_ss_0_0/bd_0/ip/ip_0/hdl/verilog/bd_d92b_csc_0_v_csc_core_Pipeline_VITIS_LOOP_136_2.v" into library xil_defaultlib
INFO: [VRFC 10-311] analyzing module bd_d92b_csc_0_v_csc_core_Pipeline_VITIS_LOOP_136_2
INFO: [VRFC 10-2263] Analyzing Verilog file "C:/Vivado_Projects/zed_hdmi/zed_hdmi.ip_user_files/bd/design_1/ip/design_1_v_proc_ss_0_0/bd_0/ip/ip_0/hdl/verilog/bd_d92b_csc_0_v_csc.v" into library xil_defaultlib
INFO: [VRFC 10-311] analyzing module bd_d92b_csc_0_v_csc
INFO: [VRFC 10-2263] Analyzing Verilog file "C:/Vivado_Projects/zed_hdmi/zed_hdmi.ip_user_files/bd/design_1/ip/design_1_v_proc_ss_0_0/bd_0/ip/ip_0/sim/bd_d92b_csc_0.v" into library xil_defaultlib
INFO: [VRFC 10-311] analyzing module bd_d92b_csc_0
INFO: [VRFC 10-2263] Analyzing Verilog file "C:/Vivado_Projects/zed_hdmi/zed_hdmi.ip_user_files/bd/design_1/ip/design_1_v_proc_ss_0_0/bd_0/sim/bd_d92b.v" into library xil_defaultlib
INFO: [VRFC 10-311] analyzing module bd_d92b
INFO: [VRFC 10-2263] Analyzing Verilog file "C:/Vivado_Projects/zed_hdmi/zed_hdmi.ip_user_files/bd/design_1/ip/design_1_v_proc_ss_0_0/sim/design_1_v_proc_ss_0_0.v" into library xil_defaultlib
INFO: [VRFC 10-311] analyzing module design_1_v_proc_ss_0_0
INFO: [VRFC 10-2263] Analyzing Verilog file "C:/Vivado_Projects/zed_hdmi/zed_hdmi.ip_user_files/bd/design_1/ip/design_1_auto_pc_3/sim/design_1_auto_pc_3.v" into library xil_defaultlib
INFO: [VRFC 10-311] analyzing module design_1_auto_pc_3
INFO: [VRFC 10-2263] Analyzing Verilog file "C:/Vivado_Projects/zed_hdmi/zed_hdmi.ip_user_files/bd/design_1/ip/design_1_auto_pc_0/sim/design_1_auto_pc_0.v" into library xil_defaultlib
INFO: [VRFC 10-311] analyzing module design_1_auto_pc_0
INFO: [VRFC 10-2263] Analyzing Verilog file "C:/Vivado_Projects/zed_hdmi/zed_hdmi.ip_user_files/bd/design_1/ip/design_1_auto_pc_1/sim/design_1_auto_pc_1.v" into library xil_defaultlib
INFO: [VRFC 10-311] analyzing module design_1_auto_pc_1
INFO: [VRFC 10-2263] Analyzing Verilog file "C:/Vivado_Projects/zed_hdmi/zed_hdmi.ip_user_files/bd/design_1/ip/design_1_auto_pc_2/sim/design_1_auto_pc_2.v" into library xil_defaultlib
INFO: [VRFC 10-311] analyzing module design_1_auto_pc_2
INFO: [VRFC 10-2263] Analyzing Verilog file "C:/Vivado_Projects/zed_hdmi/zed_hdmi.srcs/sources_1/bd/design_1/hdl/design_1_wrapper.v" into library xil_defaultlib
INFO: [VRFC 10-311] analyzing module design_1_wrapper
INFO: [VRFC 10-2263] Analyzing Verilog file "C:/Vivado_Projects/zed_hdmi/zed_hdmi.sim/sim_1/behav/xsim/glbl.v" into library xil_defaultlib
INFO: [VRFC 10-311] analyzing module glbl
INFO: [VRFC 10-163] Analyzing VHDL file "C:/Vivado_Projects/zed_hdmi/zed_hdmi.ip_user_files/bd/design_1/ip/design_1_v_tc_0_0/sim/design_1_v_tc_0_0.vhd" into library xil_defaultlib
INFO: [VRFC 10-3107] analyzing entity 'design_1_v_tc_0_0'
INFO: [VRFC 10-163] Analyzing VHDL file "C:/Vivado_Projects/zed_hdmi/zed_hdmi.ip_user_files/bd/design_1/ip/design_1_rst_clk_wiz_0_148M_0/sim/design_1_rst_clk_wiz_0_148M_0.vhd" into library xil_defaultlib
INFO: [VRFC 10-3107] analyzing entity 'design_1_rst_clk_wiz_0_148M_0'
INFO: [VRFC 10-163] Analyzing VHDL file "C:/Vivado_Projects/zed_hdmi/zed_hdmi.ip_user_files/bd/design_1/ip/design_1_axi_vdma_0_0/sim/design_1_axi_vdma_0_0.vhd" into library xil_defaultlib
INFO: [VRFC 10-3107] analyzing entity 'design_1_axi_vdma_0_0'
INFO: [VRFC 10-163] Analyzing VHDL file "C:/Vivado_Projects/zed_hdmi/zed_hdmi.ip_user_files/bd/design_1/ip/design_1_axi_smc_0/bd_0/ip/ip_1/sim/bd_afc3_psr_aclk_0.vhd" into library xil_defaultlib
INFO: [VRFC 10-3107] analyzing entity 'bd_afc3_psr_aclk_0'
INFO: [VRFC 10-163] Analyzing VHDL file "C:/Vivado_Projects/zed_hdmi/zed_hdmi.ip_user_files/bd/design_1/ipshared/2d46/hdl/vhdl/zed_hdmi_out.vhd" into library xil_defaultlib
INFO: [VRFC 10-3107] analyzing entity 'zed_hdmi_out'
INFO: [VRFC 10-163] Analyzing VHDL file "C:/Vivado_Projects/zed_hdmi/zed_hdmi.ip_user_files/bd/design_1/ip/design_1_zed_hdmi_out_0_0/sim/design_1_zed_hdmi_out_0_0.vhd" into library xil_defaultlib
INFO: [VRFC 10-3107] analyzing entity 'design_1_zed_hdmi_out_0_0'
INFO: [VRFC 10-163] Analyzing VHDL file "C:/Vivado_Projects/zed_hdmi/zed_hdmi.ip_user_files/bd/design_1/ip/design_1_axi_iic_0_0/sim/design_1_axi_iic_0_0.vhd" into library xil_defaultlib
INFO: [VRFC 10-3107] analyzing entity 'design_1_axi_iic_0_0'
INFO: [VRFC 10-163] Analyzing VHDL file "C:/Vivado_Projects/zed_hdmi/zed_hdmi.ip_user_files/bd/design_1/ip/design_1_axi_bram_ctrl_0_0/sim/design_1_axi_bram_ctrl_0_0.vhd" into library xil_defaultlib
INFO: [VRFC 10-3107] analyzing entity 'design_1_axi_bram_ctrl_0_0'
